training time: 221.0087752342224
(0.9750372216468152, 120499, 3085, 0, 8)
(0.4963378044475821, 11249, 11415, 0, 2)
executation time:0.000146944644087452
training time: 256.2649908065796
(0.9744584048444027, 120369, 3155, 0, 10)
(0.47954245490541136, 10900, 11830, 0, 4)
executation time:0.00015587119732872915
training time: 268.5766234397888
(0.9686721601999232, 118611, 3836, 0, 15)
(0.501717622810031, 11684, 11604, 0, 1)
executation time:0.00013842219013278769
training time: 196.00078296661377
(0.9691538123953644, 119250, 3795, 1, 12)
(0.5068176867784796, 11634, 11321, 0, 2)
executation time:0.0001379817219103797
0.9718303997716263
0.002929535559468626
0.496103892235376
0.01025469753130264
