training time: 0.17704081535339355
(0.6016515082858622, 74295, 49170, 119, 8)
(0.6083436286621956, 13779, 8868, 17, 2)
executation time:0.00019092276944952496
training time: 0.1724553108215332
(0.6016482626857939, 74259, 49147, 118, 10)
(0.5702155741311042, 12948, 9756, 26, 4)
executation time:0.00019147032398288534
training time: 0.16948652267456055
(0.5931545893325275, 72550, 49737, 160, 15)
(0.6208991755410512, 14447, 8816, 25, 1)
executation time:0.00019049139346106577
training time: 0.1686854362487793
(0.610133608569153, 75026, 47923, 97, 12)
(0.5750816815508604, 13190, 9743, 22, 2)
executation time:0.00018970643059682037
0.6016469922183342
0.0060029906269666155
0.5936350149713028
0.021519608259437543
