training time: 265.5370497703552
(0.9131926462972553, 112856, 10728, 0, 8)
(0.48261560183551006, 10938, 11726, 0, 2)
executation time:0.0001615952637235997
training time: 264.47493290901184
(0.9245085975195104, 114199, 9325, 0, 10)
(0.4509458864936208, 10250, 12480, 0, 4)
executation time:0.00016368243653895492
training time: 266.3788375854492
(0.9047179596070136, 110780, 11667, 0, 15)
(0.5349536241841292, 12458, 10830, 0, 1)
executation time:0.00016277422339229262
training time: 265.6464147567749
(0.9266453196365587, 114020, 9026, 0, 12)
(0.5117403615769984, 11747, 11208, 0, 2)
executation time:0.00016383801476430084
0.9172661307650845
0.008866684607248055
0.4950638685225646
0.03150656165448772
