training time: 0.1762256622314453
(0.5999482133609528, 74082, 49378, 124, 8)
(0.6304271090716554, 14275, 8363, 26, 2)
executation time:0.0001858482926578845
training time: 0.165541410446167
(0.6069468281467569, 74924, 48503, 97, 10)
(0.6171359436867576, 14011, 8686, 33, 4)
executation time:0.00018198207273321636
training time: 0.1640927791595459
(0.6023054872720442, 73697, 48643, 107, 15)
(0.6190097904500171, 14403, 8860, 25, 1)
executation time:0.00018320851406808627
training time: 0.16316914558410645
(0.6182890951351527, 76028, 46918, 100, 12)
(0.5787627967763015, 13272, 9656, 27, 2)
executation time:0.00018431069487232272
0.6068724059787267
0.007055981856464597
0.611333909996183
0.019480826490462858
