training time: 0.021341323852539062
(0.6055355062143967, 74793, 48708, 83, 8)
(0.6306036004235792, 14284, 8364, 16, 2)
executation time:4.8022148972850734e-05
training time: 0.022884368896484375
(0.6075823321783621, 75002, 48424, 98, 10)
(0.6194236691597008, 14065, 8636, 29, 4)
executation time:4.761400869337179e-05
training time: 0.017061710357666016
(0.6048494450660286, 74010, 48333, 104, 15)
(0.6181295087598764, 14381, 8879, 28, 1)
executation time:4.750288138955326e-05
training time: 0.017501115798950195
(0.6186060497700047, 76078, 46890, 78, 12)
(0.5911348290132868, 13558, 9374, 23, 2)
executation time:4.727153454796743e-05
0.609143333307198
0.005555034201940248
0.6148229018391108
0.014510823126911569
