training time: 0.08256292343139648
(0.6406409993856236, 6252, 3505, 9, 1)
(0.5837923296613627, 5720, 4077, 7, 4)
executation time:0.00024875909268499134
training time: 0.07815885543823242
(0.6101857460125176, 6042, 3859, 5, 0)
(0.6437519411947407, 6215, 3438, 6, 2)
executation time:0.0002490360579804746
training time: 0.07813715934753418
(0.6260056420436736, 5991, 3579, 1, 1)
(0.5608817354793562, 5608, 4390, 5, 1)
executation time:0.0002504180291455663
training time: 0.07748937606811523
(0.6557780871800364, 6122, 3213, 2, 2)
(0.6014386376981797, 6140, 4067, 11, 2)
executation time:0.0002496528054425816
training time: 0.0767982006072998
(0.6658767772511849, 6318, 3168, 9, 3)
(0.617056028509206, 6229, 3864, 9, 4)
executation time:0.00025137741408662166
0.6396974503746072
0.020016196592966485
0.601384134508569
0.028250869722773013
