training time: 0.011749744415283203
(0.6295822240425968, 3964, 1433, 4369, 1)
(0.5970522235822113, 3870, 1967, 3967, 4)
executation time:7.138851873888941e-05
training time: 0.010911703109741211
(0.6233595800524935, 4249, 1805, 3852, 0)
(0.6004244745832902, 3553, 1613, 4493, 2)
executation time:7.066469706461102e-05
training time: 0.009203433990478516
(0.5975864590951834, 3710, 1842, 4019, 1)
(0.62296311106668, 4089, 1629, 4285, 1)
executation time:6.909570294226001e-05
training time: 0.010901927947998047
(0.6234336510656527, 3836, 1531, 3970, 2)
(0.6048150322959484, 4025, 1883, 4310, 2)
executation time:6.93969383925021e-05
training time: 0.010305404663085938
(0.6189573459715639, 3842, 1583, 4070, 3)
(0.6071075034646605, 4031, 1867, 4204, 4)
executation time:6.971387806052933e-05
0.618583852045498
0.011030161590312193
0.606472468998558
0.008948864745502886
