training time: 718.9110200405121
(0.7602683195235629, 93957, 29627, 0, 8)
(0.6143222732086128, 13923, 8741, 0, 2)
executation time:0.07317937329664069
training time: 713.5564496517181
(0.7510848094297464, 92777, 30747, 0, 10)
(0.5990321161460624, 13616, 9114, 0, 4)
executation time:0.07200093693652396
training time: 710.7695834636688
(0.7503082966507959, 91873, 30574, 0, 15)
(0.6084678804534525, 14170, 9118, 0, 1)
executation time:0.07178669056649935
training time: 715.8713223934174
(0.7521089673780538, 92544, 30502, 0, 12)
(0.5984752777172729, 13738, 9217, 0, 2)
executation time:0.07219414387719106
0.7534425982455397
0.003992244257390293
0.6050743868813502
0.006653880024913897
