training time: 742.1845045089722
(0.7587632703262558, 93771, 29813, 0, 8)
(0.6196611366043064, 14044, 8620, 0, 2)
executation time:0.07045472577466803
training time: 746.0856761932373
(0.7602085424694797, 93904, 29620, 0, 10)
(0.6153541575010999, 13987, 8743, 0, 4)
executation time:0.07261036109116117
training time: 733.8196296691895
(0.7553063774531021, 92485, 29962, 0, 15)
(0.6170130539333563, 14369, 8919, 0, 1)
executation time:0.07112714597734354
training time: 761.4857246875763
(0.758106724314484, 93282, 29764, 0, 12)
(0.569810498802004, 13080, 9875, 0, 2)
executation time:0.07171079061799131
0.7580962286408305
0.001781164936890481
0.6054597117101916
0.02063932305110356
