training time: 62.091583251953125
(0.7371989901605386, 91106, 32478, 0, 8)
(0.6888457465584187, 15612, 7052, 0, 2)
executation time:0.06986352245686418
training time: 61.92794322967529
(0.7403986269874681, 91457, 32067, 0, 10)
(0.6813022437307523, 15486, 7244, 0, 4)
executation time:0.07048519688137507
training time: 61.83357548713684
(0.7355590582047743, 90067, 32380, 0, 15)
(0.678718653383717, 15806, 7482, 0, 1)
executation time:0.06974368782366737
training time: 62.13693618774414
(0.7406579653137851, 91135, 31911, 0, 12)
(0.6749292093225877, 15493, 7462, 0, 2)
executation time:0.07092686729916071
0.7384536601666415
0.0021560829331046067
0.6809489632488689
0.005091554604549471
