training time: 56.63843536376953
(0.7382589979285344, 91237, 32347, 0, 8)
(0.6852276738439816, 15530, 7134, 0, 2)
executation time:0.045776253029451534
training time: 55.275365591049194
(0.7401800459829668, 91430, 32094, 0, 10)
(0.6826660800703915, 15517, 7213, 0, 4)
executation time:0.045425607996471856
training time: 55.327841997146606
(0.7357877285682786, 90095, 32352, 0, 15)
(0.6812092064582618, 15864, 7424, 0, 1)
executation time:0.04526116484302586
training time: 55.39664626121521
(0.7415681940087447, 91247, 31799, 0, 12)
(0.6718362012633413, 15422, 7533, 0, 2)
executation time:0.045834802975088865
0.7389487416221311
0.002170563931575817
0.6802347904089941
0.005057811796803492
