Epoch 1/60
300/300 - 2s - loss: 1.8767 - 2s/epoch - 7ms/step
Epoch 2/60
300/300 - 1s - loss: 1.7975 - 703ms/epoch - 2ms/step
Epoch 3/60
300/300 - 1s - loss: 1.7804 - 707ms/epoch - 2ms/step
Epoch 4/60
300/300 - 1s - loss: 1.7889 - 702ms/epoch - 2ms/step
Epoch 5/60
300/300 - 1s - loss: 1.7227 - 692ms/epoch - 2ms/step
Epoch 6/60
300/300 - 1s - loss: 1.7297 - 701ms/epoch - 2ms/step
Epoch 7/60
300/300 - 1s - loss: 1.6916 - 697ms/epoch - 2ms/step
Epoch 8/60
300/300 - 1s - loss: 1.6912 - 703ms/epoch - 2ms/step
Epoch 9/60
300/300 - 1s - loss: 1.7149 - 704ms/epoch - 2ms/step
Epoch 10/60
300/300 - 1s - loss: 1.6869 - 699ms/epoch - 2ms/step
Epoch 11/60
300/300 - 1s - loss: 1.6744 - 694ms/epoch - 2ms/step
Epoch 12/60
300/300 - 1s - loss: 1.6628 - 699ms/epoch - 2ms/step
Epoch 13/60
300/300 - 1s - loss: 1.6664 - 698ms/epoch - 2ms/step
Epoch 14/60
300/300 - 1s - loss: 1.6354 - 696ms/epoch - 2ms/step
Epoch 15/60
300/300 - 1s - loss: 1.6482 - 704ms/epoch - 2ms/step
Epoch 16/60
300/300 - 1s - loss: 1.6375 - 696ms/epoch - 2ms/step
Epoch 17/60
300/300 - 1s - loss: 1.6188 - 694ms/epoch - 2ms/step
Epoch 18/60
300/300 - 1s - loss: 1.6479 - 699ms/epoch - 2ms/step
Epoch 19/60
300/300 - 1s - loss: 1.6263 - 698ms/epoch - 2ms/step
Epoch 20/60
300/300 - 1s - loss: 1.6208 - 697ms/epoch - 2ms/step
Epoch 21/60
300/300 - 1s - loss: 1.5907 - 691ms/epoch - 2ms/step
Epoch 22/60
300/300 - 1s - loss: 1.6019 - 693ms/epoch - 2ms/step
Epoch 23/60
300/300 - 1s - loss: 1.6004 - 700ms/epoch - 2ms/step
Epoch 24/60
300/300 - 1s - loss: 1.5995 - 697ms/epoch - 2ms/step
Epoch 25/60
300/300 - 1s - loss: 1.5814 - 708ms/epoch - 2ms/step
Epoch 26/60
300/300 - 1s - loss: 1.5812 - 704ms/epoch - 2ms/step
Epoch 27/60
300/300 - 1s - loss: 1.5536 - 693ms/epoch - 2ms/step
Epoch 28/60
300/300 - 1s - loss: 1.5526 - 696ms/epoch - 2ms/step
Epoch 29/60
300/300 - 1s - loss: 1.5288 - 699ms/epoch - 2ms/step
Epoch 30/60
300/300 - 1s - loss: 1.5493 - 707ms/epoch - 2ms/step
Epoch 31/60
300/300 - 1s - loss: 1.5499 - 708ms/epoch - 2ms/step
Epoch 32/60
300/300 - 1s - loss: 1.5270 - 701ms/epoch - 2ms/step
Epoch 33/60
300/300 - 1s - loss: 1.5156 - 698ms/epoch - 2ms/step
Epoch 34/60
300/300 - 1s - loss: 1.5192 - 699ms/epoch - 2ms/step
Epoch 35/60
300/300 - 1s - loss: 1.5096 - 700ms/epoch - 2ms/step
Epoch 36/60
300/300 - 1s - loss: 1.5129 - 703ms/epoch - 2ms/step
Epoch 37/60
300/300 - 1s - loss: 1.4966 - 701ms/epoch - 2ms/step
Epoch 38/60
300/300 - 1s - loss: 1.4749 - 708ms/epoch - 2ms/step
Epoch 39/60
300/300 - 1s - loss: 1.4806 - 703ms/epoch - 2ms/step
Epoch 40/60
300/300 - 1s - loss: 1.4651 - 703ms/epoch - 2ms/step
Epoch 41/60
300/300 - 1s - loss: 1.4689 - 691ms/epoch - 2ms/step
Epoch 42/60
300/300 - 1s - loss: 1.4566 - 699ms/epoch - 2ms/step
Epoch 43/60
300/300 - 1s - loss: 1.4630 - 693ms/epoch - 2ms/step
Epoch 44/60
300/300 - 1s - loss: 1.4107 - 702ms/epoch - 2ms/step
Epoch 45/60
300/300 - 1s - loss: 1.4229 - 702ms/epoch - 2ms/step
Epoch 46/60
300/300 - 1s - loss: 1.4140 - 670ms/epoch - 2ms/step
Epoch 47/60
300/300 - 1s - loss: 1.4186 - 677ms/epoch - 2ms/step
Epoch 48/60
300/300 - 1s - loss: 1.3920 - 692ms/epoch - 2ms/step
Epoch 49/60
300/300 - 1s - loss: 1.3885 - 703ms/epoch - 2ms/step
Epoch 50/60
300/300 - 1s - loss: 1.4008 - 671ms/epoch - 2ms/step
Epoch 51/60
300/300 - 1s - loss: 1.3859 - 683ms/epoch - 2ms/step
Epoch 52/60
300/300 - 1s - loss: 1.4018 - 670ms/epoch - 2ms/step
Epoch 53/60
300/300 - 1s - loss: 1.3672 - 692ms/epoch - 2ms/step
Epoch 54/60
300/300 - 1s - loss: 1.3608 - 691ms/epoch - 2ms/step
Epoch 55/60
300/300 - 1s - loss: 1.3802 - 695ms/epoch - 2ms/step
Epoch 56/60
300/300 - 1s - loss: 1.3558 - 680ms/epoch - 2ms/step
Epoch 57/60
300/300 - 1s - loss: 1.3269 - 685ms/epoch - 2ms/step
Epoch 58/60
300/300 - 1s - loss: 1.3280 - 684ms/epoch - 2ms/step
Epoch 59/60
300/300 - 1s - loss: 1.3352 - 645ms/epoch - 2ms/step
Epoch 60/60
300/300 - 1s - loss: 1.3454 - 648ms/epoch - 2ms/step
training time: 43.688326358795166
(0.8473831563956499, 104723, 18861, 0, 8)
(0.565081186021885, 12807, 9857, 0, 2)
Epoch 1/60
300/300 - 2s - loss: 1.9798 - 2s/epoch - 6ms/step
Epoch 2/60
300/300 - 1s - loss: 1.8417 - 705ms/epoch - 2ms/step
Epoch 3/60
300/300 - 1s - loss: 1.7966 - 706ms/epoch - 2ms/step
Epoch 4/60
300/300 - 1s - loss: 1.7742 - 711ms/epoch - 2ms/step
Epoch 5/60
300/300 - 1s - loss: 1.7838 - 702ms/epoch - 2ms/step
Epoch 6/60
300/300 - 1s - loss: 1.7561 - 714ms/epoch - 2ms/step
Epoch 7/60
300/300 - 1s - loss: 1.7400 - 712ms/epoch - 2ms/step
Epoch 8/60
300/300 - 1s - loss: 1.7193 - 708ms/epoch - 2ms/step
Epoch 9/60
300/300 - 1s - loss: 1.7395 - 710ms/epoch - 2ms/step
Epoch 10/60
300/300 - 1s - loss: 1.7113 - 711ms/epoch - 2ms/step
Epoch 11/60
300/300 - 1s - loss: 1.6989 - 709ms/epoch - 2ms/step
Epoch 12/60
300/300 - 1s - loss: 1.6838 - 710ms/epoch - 2ms/step
Epoch 13/60
300/300 - 1s - loss: 1.7015 - 712ms/epoch - 2ms/step
Epoch 14/60
300/300 - 1s - loss: 1.6982 - 711ms/epoch - 2ms/step
Epoch 15/60
300/300 - 1s - loss: 1.6580 - 710ms/epoch - 2ms/step
Epoch 16/60
300/300 - 1s - loss: 1.6606 - 709ms/epoch - 2ms/step
Epoch 17/60
300/300 - 1s - loss: 1.6439 - 709ms/epoch - 2ms/step
Epoch 18/60
300/300 - 1s - loss: 1.6586 - 715ms/epoch - 2ms/step
Epoch 19/60
300/300 - 1s - loss: 1.6642 - 711ms/epoch - 2ms/step
Epoch 20/60
300/300 - 1s - loss: 1.6436 - 709ms/epoch - 2ms/step
Epoch 21/60
300/300 - 1s - loss: 1.6795 - 712ms/epoch - 2ms/step
Epoch 22/60
300/300 - 1s - loss: 1.6456 - 710ms/epoch - 2ms/step
Epoch 23/60
300/300 - 1s - loss: 1.6494 - 707ms/epoch - 2ms/step
Epoch 24/60
300/300 - 1s - loss: 1.6401 - 708ms/epoch - 2ms/step
Epoch 25/60
300/300 - 1s - loss: 1.6285 - 715ms/epoch - 2ms/step
Epoch 26/60
300/300 - 1s - loss: 1.6344 - 711ms/epoch - 2ms/step
Epoch 27/60
300/300 - 1s - loss: 1.6091 - 706ms/epoch - 2ms/step
Epoch 28/60
300/300 - 1s - loss: 1.6120 - 712ms/epoch - 2ms/step
Epoch 29/60
300/300 - 1s - loss: 1.6515 - 709ms/epoch - 2ms/step
Epoch 30/60
300/300 - 1s - loss: 1.6157 - 710ms/epoch - 2ms/step
Epoch 31/60
300/300 - 1s - loss: 1.5793 - 710ms/epoch - 2ms/step
Epoch 32/60
300/300 - 1s - loss: 1.6225 - 710ms/epoch - 2ms/step
Epoch 33/60
300/300 - 1s - loss: 1.5677 - 709ms/epoch - 2ms/step
Epoch 34/60
300/300 - 1s - loss: 1.5652 - 711ms/epoch - 2ms/step
Epoch 35/60
300/300 - 1s - loss: 1.5899 - 706ms/epoch - 2ms/step
Epoch 36/60
300/300 - 1s - loss: 1.5465 - 710ms/epoch - 2ms/step
Epoch 37/60
300/300 - 1s - loss: 1.5511 - 710ms/epoch - 2ms/step
Epoch 38/60
300/300 - 1s - loss: 1.5451 - 704ms/epoch - 2ms/step
Epoch 39/60
300/300 - 1s - loss: 1.5438 - 710ms/epoch - 2ms/step
Epoch 40/60
300/300 - 1s - loss: 1.5437 - 711ms/epoch - 2ms/step
Epoch 41/60
300/300 - 1s - loss: 1.5379 - 710ms/epoch - 2ms/step
Epoch 42/60
300/300 - 1s - loss: 1.5418 - 714ms/epoch - 2ms/step
Epoch 43/60
300/300 - 1s - loss: 1.5137 - 713ms/epoch - 2ms/step
Epoch 44/60
300/300 - 1s - loss: 1.4904 - 706ms/epoch - 2ms/step
Epoch 45/60
300/300 - 1s - loss: 1.5329 - 712ms/epoch - 2ms/step
Epoch 46/60
300/300 - 1s - loss: 1.4918 - 707ms/epoch - 2ms/step
Epoch 47/60
300/300 - 1s - loss: 1.5263 - 709ms/epoch - 2ms/step
Epoch 48/60
300/300 - 1s - loss: 1.4917 - 711ms/epoch - 2ms/step
Epoch 49/60
300/300 - 1s - loss: 1.4423 - 711ms/epoch - 2ms/step
Epoch 50/60
300/300 - 1s - loss: 1.4482 - 715ms/epoch - 2ms/step
Epoch 51/60
300/300 - 1s - loss: 1.4679 - 714ms/epoch - 2ms/step
Epoch 52/60
300/300 - 1s - loss: 1.4607 - 710ms/epoch - 2ms/step
Epoch 53/60
300/300 - 1s - loss: 1.4388 - 709ms/epoch - 2ms/step
Epoch 54/60
300/300 - 1s - loss: 1.4556 - 707ms/epoch - 2ms/step
Epoch 55/60
300/300 - 1s - loss: 1.4780 - 710ms/epoch - 2ms/step
Epoch 56/60
300/300 - 1s - loss: 1.4675 - 710ms/epoch - 2ms/step
Epoch 57/60
300/300 - 1s - loss: 1.4501 - 709ms/epoch - 2ms/step
Epoch 58/60
300/300 - 1s - loss: 1.4349 - 713ms/epoch - 2ms/step
Epoch 59/60
300/300 - 1s - loss: 1.4025 - 708ms/epoch - 2ms/step
Epoch 60/60
300/300 - 1s - loss: 1.3913 - 708ms/epoch - 2ms/step
training time: 44.21603059768677
(0.8217836209967294, 101510, 22014, 0, 10)
(0.5572371315442147, 12666, 10064, 0, 4)
Epoch 1/60
300/300 - 2s - loss: 1.9594 - 2s/epoch - 6ms/step
Epoch 2/60
300/300 - 1s - loss: 1.8899 - 690ms/epoch - 2ms/step
Epoch 3/60
300/300 - 1s - loss: 1.8017 - 693ms/epoch - 2ms/step
Epoch 4/60
300/300 - 1s - loss: 1.7763 - 699ms/epoch - 2ms/step
Epoch 5/60
300/300 - 1s - loss: 1.7599 - 696ms/epoch - 2ms/step
Epoch 6/60
300/300 - 1s - loss: 1.7366 - 699ms/epoch - 2ms/step
Epoch 7/60
300/300 - 1s - loss: 1.7185 - 699ms/epoch - 2ms/step
Epoch 8/60
300/300 - 1s - loss: 1.7231 - 697ms/epoch - 2ms/step
Epoch 9/60
300/300 - 1s - loss: 1.7051 - 697ms/epoch - 2ms/step
Epoch 10/60
300/300 - 1s - loss: 1.7043 - 698ms/epoch - 2ms/step
Epoch 11/60
300/300 - 1s - loss: 1.7028 - 691ms/epoch - 2ms/step
Epoch 12/60
300/300 - 1s - loss: 1.6728 - 692ms/epoch - 2ms/step
Epoch 13/60
300/300 - 1s - loss: 1.6660 - 690ms/epoch - 2ms/step
Epoch 14/60
300/300 - 1s - loss: 1.6673 - 692ms/epoch - 2ms/step
Epoch 15/60
300/300 - 1s - loss: 1.6453 - 692ms/epoch - 2ms/step
Epoch 16/60
300/300 - 1s - loss: 1.6486 - 685ms/epoch - 2ms/step
Epoch 17/60
300/300 - 1s - loss: 1.6056 - 695ms/epoch - 2ms/step
Epoch 18/60
300/300 - 1s - loss: 1.6177 - 689ms/epoch - 2ms/step
Epoch 19/60
300/300 - 1s - loss: 1.6614 - 694ms/epoch - 2ms/step
Epoch 20/60
300/300 - 1s - loss: 1.6563 - 703ms/epoch - 2ms/step
Epoch 21/60
300/300 - 1s - loss: 1.6367 - 694ms/epoch - 2ms/step
Epoch 22/60
300/300 - 1s - loss: 1.6003 - 686ms/epoch - 2ms/step
Epoch 23/60
300/300 - 1s - loss: 1.6176 - 696ms/epoch - 2ms/step
Epoch 24/60
300/300 - 1s - loss: 1.5941 - 689ms/epoch - 2ms/step
Epoch 25/60
300/300 - 1s - loss: 1.6171 - 696ms/epoch - 2ms/step
Epoch 26/60
300/300 - 1s - loss: 1.5889 - 690ms/epoch - 2ms/step
Epoch 27/60
300/300 - 0s - loss: 1.5716 - 471ms/epoch - 2ms/step
Epoch 28/60
300/300 - 0s - loss: 1.5767 - 463ms/epoch - 2ms/step
Epoch 29/60
300/300 - 0s - loss: 1.5516 - 456ms/epoch - 2ms/step
Epoch 30/60
300/300 - 0s - loss: 1.5587 - 457ms/epoch - 2ms/step
Epoch 31/60
300/300 - 0s - loss: 1.5567 - 453ms/epoch - 2ms/step
Epoch 32/60
300/300 - 0s - loss: 1.5738 - 452ms/epoch - 2ms/step
Epoch 33/60
300/300 - 0s - loss: 1.5314 - 460ms/epoch - 2ms/step
Epoch 34/60
300/300 - 0s - loss: 1.5407 - 449ms/epoch - 1ms/step
Epoch 35/60
300/300 - 0s - loss: 1.5164 - 450ms/epoch - 1ms/step
Epoch 36/60
300/300 - 0s - loss: 1.5119 - 455ms/epoch - 2ms/step
Epoch 37/60
300/300 - 0s - loss: 1.5001 - 453ms/epoch - 2ms/step
Epoch 38/60
300/300 - 0s - loss: 1.4870 - 458ms/epoch - 2ms/step
Epoch 39/60
300/300 - 0s - loss: 1.4903 - 463ms/epoch - 2ms/step
Epoch 40/60
300/300 - 0s - loss: 1.4701 - 451ms/epoch - 2ms/step
Epoch 41/60
300/300 - 0s - loss: 1.4657 - 459ms/epoch - 2ms/step
Epoch 42/60
300/300 - 0s - loss: 1.4688 - 464ms/epoch - 2ms/step
Epoch 43/60
300/300 - 0s - loss: 1.4766 - 446ms/epoch - 1ms/step
Epoch 44/60
300/300 - 0s - loss: 1.4437 - 457ms/epoch - 2ms/step
Epoch 45/60
300/300 - 0s - loss: 1.4356 - 446ms/epoch - 1ms/step
Epoch 46/60
300/300 - 0s - loss: 1.4297 - 456ms/epoch - 2ms/step
Epoch 47/60
300/300 - 0s - loss: 1.4469 - 462ms/epoch - 2ms/step
Epoch 48/60
300/300 - 0s - loss: 1.4517 - 451ms/epoch - 2ms/step
Epoch 49/60
300/300 - 0s - loss: 1.4228 - 451ms/epoch - 2ms/step
Epoch 50/60
300/300 - 0s - loss: 1.4271 - 450ms/epoch - 1ms/step
Epoch 51/60
300/300 - 0s - loss: 1.4214 - 452ms/epoch - 2ms/step
Epoch 52/60
300/300 - 0s - loss: 1.3908 - 452ms/epoch - 2ms/step
Epoch 53/60
300/300 - 0s - loss: 1.4025 - 448ms/epoch - 1ms/step
Epoch 54/60
300/300 - 0s - loss: 1.3952 - 448ms/epoch - 1ms/step
Epoch 55/60
300/300 - 0s - loss: 1.3694 - 453ms/epoch - 2ms/step
Epoch 56/60
300/300 - 0s - loss: 1.3885 - 449ms/epoch - 1ms/step
Epoch 57/60
300/300 - 0s - loss: 1.3746 - 449ms/epoch - 1ms/step
Epoch 58/60
300/300 - 0s - loss: 1.3654 - 449ms/epoch - 1ms/step
Epoch 59/60
300/300 - 0s - loss: 1.3645 - 445ms/epoch - 1ms/step
Epoch 60/60
300/300 - 0s - loss: 1.3272 - 453ms/epoch - 2ms/step
training time: 34.98387598991394
(0.8381177162364125, 102625, 19822, 0, 15)
(0.5392047406389557, 12557, 10731, 0, 1)
Epoch 1/60
300/300 - 1s - loss: 2.0628 - 1s/epoch - 4ms/step
Epoch 2/60
300/300 - 0s - loss: 1.9548 - 455ms/epoch - 2ms/step
Epoch 3/60
300/300 - 0s - loss: 1.9326 - 450ms/epoch - 1ms/step
Epoch 4/60
300/300 - 0s - loss: 1.8655 - 455ms/epoch - 2ms/step
Epoch 5/60
300/300 - 0s - loss: 1.8009 - 449ms/epoch - 1ms/step
Epoch 6/60
300/300 - 0s - loss: 1.7859 - 454ms/epoch - 2ms/step
Epoch 7/60
300/300 - 0s - loss: 1.8170 - 457ms/epoch - 2ms/step
Epoch 8/60
300/300 - 0s - loss: 1.7719 - 453ms/epoch - 2ms/step
Epoch 9/60
300/300 - 0s - loss: 1.7509 - 453ms/epoch - 2ms/step
Epoch 10/60
300/300 - 0s - loss: 1.7450 - 461ms/epoch - 2ms/step
Epoch 11/60
300/300 - 0s - loss: 1.7390 - 464ms/epoch - 2ms/step
Epoch 12/60
300/300 - 0s - loss: 1.7104 - 455ms/epoch - 2ms/step
Epoch 13/60
300/300 - 0s - loss: 1.7106 - 455ms/epoch - 2ms/step
Epoch 14/60
300/300 - 0s - loss: 1.7079 - 455ms/epoch - 2ms/step
Epoch 15/60
300/300 - 0s - loss: 1.7091 - 451ms/epoch - 2ms/step
Epoch 16/60
300/300 - 0s - loss: 1.7150 - 450ms/epoch - 1ms/step
Epoch 17/60
300/300 - 0s - loss: 1.6928 - 452ms/epoch - 2ms/step
Epoch 18/60
300/300 - 0s - loss: 1.6755 - 449ms/epoch - 1ms/step
Epoch 19/60
300/300 - 0s - loss: 1.7033 - 453ms/epoch - 2ms/step
Epoch 20/60
300/300 - 0s - loss: 1.6728 - 452ms/epoch - 2ms/step
Epoch 21/60
300/300 - 0s - loss: 1.6962 - 449ms/epoch - 1ms/step
Epoch 22/60
300/300 - 0s - loss: 1.6613 - 446ms/epoch - 1ms/step
Epoch 23/60
300/300 - 0s - loss: 1.6591 - 446ms/epoch - 1ms/step
Epoch 24/60
300/300 - 0s - loss: 1.6501 - 449ms/epoch - 1ms/step
Epoch 25/60
300/300 - 0s - loss: 1.6701 - 449ms/epoch - 1ms/step
Epoch 26/60
300/300 - 0s - loss: 1.6363 - 453ms/epoch - 2ms/step
Epoch 27/60
300/300 - 0s - loss: 1.6497 - 449ms/epoch - 1ms/step
Epoch 28/60
300/300 - 0s - loss: 1.6298 - 453ms/epoch - 2ms/step
Epoch 29/60
300/300 - 0s - loss: 1.6376 - 457ms/epoch - 2ms/step
Epoch 30/60
300/300 - 0s - loss: 1.6210 - 454ms/epoch - 2ms/step
Epoch 31/60
300/300 - 0s - loss: 1.6182 - 450ms/epoch - 2ms/step
Epoch 32/60
300/300 - 0s - loss: 1.6093 - 451ms/epoch - 2ms/step
Epoch 33/60
300/300 - 0s - loss: 1.5925 - 450ms/epoch - 1ms/step
Epoch 34/60
300/300 - 0s - loss: 1.6024 - 455ms/epoch - 2ms/step
Epoch 35/60
300/300 - 0s - loss: 1.5843 - 458ms/epoch - 2ms/step
Epoch 36/60
300/300 - 0s - loss: 1.5616 - 447ms/epoch - 1ms/step
Epoch 37/60
300/300 - 0s - loss: 1.5446 - 455ms/epoch - 2ms/step
Epoch 38/60
300/300 - 0s - loss: 1.5587 - 445ms/epoch - 1ms/step
Epoch 39/60
300/300 - 0s - loss: 1.5524 - 457ms/epoch - 2ms/step
Epoch 40/60
300/300 - 0s - loss: 1.5497 - 448ms/epoch - 1ms/step
Epoch 41/60
300/300 - 0s - loss: 1.5357 - 456ms/epoch - 2ms/step
Epoch 42/60
300/300 - 0s - loss: 1.5353 - 454ms/epoch - 2ms/step
Epoch 43/60
300/300 - 0s - loss: 1.5336 - 454ms/epoch - 2ms/step
Epoch 44/60
300/300 - 0s - loss: 1.4959 - 452ms/epoch - 2ms/step
Epoch 45/60
300/300 - 0s - loss: 1.5276 - 457ms/epoch - 2ms/step
Epoch 46/60
300/300 - 0s - loss: 1.4955 - 453ms/epoch - 2ms/step
Epoch 47/60
300/300 - 0s - loss: 1.4777 - 458ms/epoch - 2ms/step
Epoch 48/60
300/300 - 0s - loss: 1.4928 - 449ms/epoch - 1ms/step
Epoch 49/60
300/300 - 0s - loss: 1.4727 - 458ms/epoch - 2ms/step
Epoch 50/60
300/300 - 0s - loss: 1.4710 - 451ms/epoch - 2ms/step
Epoch 51/60
300/300 - 0s - loss: 1.4953 - 457ms/epoch - 2ms/step
Epoch 52/60
300/300 - 0s - loss: 1.4474 - 459ms/epoch - 2ms/step
Epoch 53/60
300/300 - 0s - loss: 1.4544 - 449ms/epoch - 1ms/step
Epoch 54/60
300/300 - 0s - loss: 1.4523 - 447ms/epoch - 1ms/step
Epoch 55/60
300/300 - 0s - loss: 1.4276 - 452ms/epoch - 2ms/step
Epoch 56/60
300/300 - 0s - loss: 1.4371 - 452ms/epoch - 2ms/step
Epoch 57/60
300/300 - 0s - loss: 1.4468 - 450ms/epoch - 1ms/step
Epoch 58/60
300/300 - 0s - loss: 1.4025 - 459ms/epoch - 2ms/step
Epoch 59/60
300/300 - 0s - loss: 1.4224 - 455ms/epoch - 2ms/step
Epoch 60/60
300/300 - 0s - loss: 1.4205 - 452ms/epoch - 2ms/step
training time: 28.267516374588013
(0.8235456658485445, 101334, 21712, 0, 12)
(0.5622740143759529, 12907, 10048, 0, 2)
0.8327075398693341
0.01058200911758295
0.555949268145252
0.01006767267708672
