Epoch 1/60
300/300 - 1s - loss: 2.0140 - 1s/epoch - 4ms/step
Epoch 2/60
300/300 - 0s - loss: 1.8701 - 431ms/epoch - 1ms/step
Epoch 3/60
300/300 - 0s - loss: 1.8537 - 425ms/epoch - 1ms/step
Epoch 4/60
300/300 - 0s - loss: 1.7540 - 421ms/epoch - 1ms/step
Epoch 5/60
300/300 - 0s - loss: 1.7956 - 421ms/epoch - 1ms/step
Epoch 6/60
300/300 - 0s - loss: 1.7675 - 416ms/epoch - 1ms/step
Epoch 7/60
300/300 - 0s - loss: 1.7593 - 423ms/epoch - 1ms/step
Epoch 8/60
300/300 - 0s - loss: 1.7542 - 421ms/epoch - 1ms/step
Epoch 9/60
300/300 - 0s - loss: 1.7015 - 421ms/epoch - 1ms/step
Epoch 10/60
300/300 - 0s - loss: 1.7382 - 422ms/epoch - 1ms/step
Epoch 11/60
300/300 - 0s - loss: 1.6880 - 425ms/epoch - 1ms/step
Epoch 12/60
300/300 - 0s - loss: 1.7104 - 417ms/epoch - 1ms/step
Epoch 13/60
300/300 - 0s - loss: 1.7076 - 424ms/epoch - 1ms/step
Epoch 14/60
300/300 - 0s - loss: 1.6800 - 422ms/epoch - 1ms/step
Epoch 15/60
300/300 - 0s - loss: 1.6728 - 423ms/epoch - 1ms/step
Epoch 16/60
300/300 - 0s - loss: 1.6699 - 416ms/epoch - 1ms/step
Epoch 17/60
300/300 - 0s - loss: 1.6621 - 415ms/epoch - 1ms/step
Epoch 18/60
300/300 - 0s - loss: 1.6609 - 423ms/epoch - 1ms/step
Epoch 19/60
300/300 - 0s - loss: 1.6690 - 417ms/epoch - 1ms/step
Epoch 20/60
300/300 - 0s - loss: 1.6456 - 431ms/epoch - 1ms/step
Epoch 21/60
300/300 - 0s - loss: 1.6296 - 427ms/epoch - 1ms/step
Epoch 22/60
300/300 - 0s - loss: 1.6358 - 429ms/epoch - 1ms/step
Epoch 23/60
300/300 - 0s - loss: 1.6275 - 424ms/epoch - 1ms/step
Epoch 24/60
300/300 - 0s - loss: 1.6217 - 423ms/epoch - 1ms/step
Epoch 25/60
300/300 - 0s - loss: 1.6229 - 421ms/epoch - 1ms/step
Epoch 26/60
300/300 - 0s - loss: 1.6356 - 423ms/epoch - 1ms/step
Epoch 27/60
300/300 - 0s - loss: 1.6076 - 424ms/epoch - 1ms/step
Epoch 28/60
300/300 - 0s - loss: 1.6125 - 410ms/epoch - 1ms/step
Epoch 29/60
300/300 - 0s - loss: 1.6093 - 421ms/epoch - 1ms/step
Epoch 30/60
300/300 - 0s - loss: 1.5824 - 439ms/epoch - 1ms/step
Epoch 31/60
300/300 - 0s - loss: 1.6096 - 440ms/epoch - 1ms/step
Epoch 32/60
300/300 - 0s - loss: 1.5843 - 440ms/epoch - 1ms/step
Epoch 33/60
300/300 - 0s - loss: 1.5817 - 421ms/epoch - 1ms/step
Epoch 34/60
300/300 - 0s - loss: 1.5907 - 417ms/epoch - 1ms/step
Epoch 35/60
300/300 - 0s - loss: 1.5414 - 430ms/epoch - 1ms/step
Epoch 36/60
300/300 - 0s - loss: 1.5225 - 420ms/epoch - 1ms/step
Epoch 37/60
300/300 - 0s - loss: 1.5413 - 434ms/epoch - 1ms/step
Epoch 38/60
300/300 - 0s - loss: 1.5365 - 482ms/epoch - 2ms/step
Epoch 39/60
300/300 - 0s - loss: 1.5232 - 481ms/epoch - 2ms/step
Epoch 40/60
300/300 - 0s - loss: 1.5208 - 453ms/epoch - 2ms/step
Epoch 41/60
300/300 - 1s - loss: 1.5204 - 515ms/epoch - 2ms/step
Epoch 42/60
300/300 - 0s - loss: 1.5159 - 478ms/epoch - 2ms/step
Epoch 43/60
300/300 - 1s - loss: 1.4855 - 512ms/epoch - 2ms/step
Epoch 44/60
300/300 - 0s - loss: 1.5112 - 450ms/epoch - 2ms/step
Epoch 45/60
300/300 - 0s - loss: 1.4897 - 481ms/epoch - 2ms/step
Epoch 46/60
300/300 - 0s - loss: 1.4783 - 447ms/epoch - 1ms/step
Epoch 47/60
300/300 - 0s - loss: 1.5226 - 440ms/epoch - 1ms/step
Epoch 48/60
300/300 - 0s - loss: 1.4673 - 436ms/epoch - 1ms/step
Epoch 49/60
300/300 - 0s - loss: 1.4806 - 420ms/epoch - 1ms/step
Epoch 50/60
300/300 - 0s - loss: 1.4862 - 430ms/epoch - 1ms/step
Epoch 51/60
300/300 - 0s - loss: 1.4749 - 440ms/epoch - 1ms/step
Epoch 52/60
300/300 - 0s - loss: 1.4116 - 461ms/epoch - 2ms/step
Epoch 53/60
300/300 - 0s - loss: 1.4671 - 461ms/epoch - 2ms/step
Epoch 54/60
300/300 - 0s - loss: 1.4392 - 441ms/epoch - 1ms/step
Epoch 55/60
300/300 - 0s - loss: 1.4296 - 477ms/epoch - 2ms/step
Epoch 56/60
300/300 - 0s - loss: 1.4437 - 446ms/epoch - 1ms/step
Epoch 57/60
300/300 - 0s - loss: 1.4305 - 474ms/epoch - 2ms/step
Epoch 58/60
300/300 - 0s - loss: 1.3655 - 472ms/epoch - 2ms/step
Epoch 59/60
300/300 - 0s - loss: 1.3746 - 463ms/epoch - 2ms/step
Epoch 60/60
300/300 - 1s - loss: 1.3864 - 531ms/epoch - 2ms/step
training time: 27.663705110549927
(0.8338134386328327, 103046, 20538, 0, 8)
(0.5616837274973526, 12730, 9934, 0, 2)
Epoch 1/60
300/300 - 1s - loss: 1.8160 - 1s/epoch - 4ms/step
Epoch 2/60
300/300 - 0s - loss: 1.7525 - 447ms/epoch - 1ms/step
Epoch 3/60
300/300 - 0s - loss: 1.7317 - 492ms/epoch - 2ms/step
Epoch 4/60
300/300 - 0s - loss: 1.6893 - 467ms/epoch - 2ms/step
Epoch 5/60
300/300 - 0s - loss: 1.7224 - 449ms/epoch - 1ms/step
Epoch 6/60
300/300 - 0s - loss: 1.7038 - 446ms/epoch - 1ms/step
Epoch 7/60
300/300 - 0s - loss: 1.6802 - 473ms/epoch - 2ms/step
Epoch 8/60
300/300 - 0s - loss: 1.6718 - 453ms/epoch - 2ms/step
Epoch 9/60
300/300 - 0s - loss: 1.6689 - 473ms/epoch - 2ms/step
Epoch 10/60
300/300 - 0s - loss: 1.6452 - 450ms/epoch - 1ms/step
Epoch 11/60
300/300 - 0s - loss: 1.6394 - 474ms/epoch - 2ms/step
Epoch 12/60
300/300 - 1s - loss: 1.6380 - 529ms/epoch - 2ms/step
Epoch 13/60
300/300 - 1s - loss: 1.6423 - 532ms/epoch - 2ms/step
Epoch 14/60
300/300 - 1s - loss: 1.6243 - 541ms/epoch - 2ms/step
Epoch 15/60
300/300 - 1s - loss: 1.6163 - 529ms/epoch - 2ms/step
Epoch 16/60
300/300 - 1s - loss: 1.6108 - 507ms/epoch - 2ms/step
Epoch 17/60
300/300 - 1s - loss: 1.6057 - 527ms/epoch - 2ms/step
Epoch 18/60
300/300 - 0s - loss: 1.5894 - 458ms/epoch - 2ms/step
Epoch 19/60
300/300 - 0s - loss: 1.6100 - 446ms/epoch - 1ms/step
Epoch 20/60
300/300 - 0s - loss: 1.5894 - 442ms/epoch - 1ms/step
Epoch 21/60
300/300 - 0s - loss: 1.5921 - 417ms/epoch - 1ms/step
Epoch 22/60
300/300 - 0s - loss: 1.5956 - 443ms/epoch - 1ms/step
Epoch 23/60
300/300 - 0s - loss: 1.5720 - 409ms/epoch - 1ms/step
Epoch 24/60
300/300 - 0s - loss: 1.5712 - 424ms/epoch - 1ms/step
Epoch 25/60
300/300 - 0s - loss: 1.5365 - 409ms/epoch - 1ms/step
Epoch 26/60
300/300 - 0s - loss: 1.5503 - 435ms/epoch - 1ms/step
Epoch 27/60
300/300 - 0s - loss: 1.5512 - 438ms/epoch - 1ms/step
Epoch 28/60
300/300 - 0s - loss: 1.5396 - 410ms/epoch - 1ms/step
Epoch 29/60
300/300 - 0s - loss: 1.5183 - 414ms/epoch - 1ms/step
Epoch 30/60
300/300 - 0s - loss: 1.5100 - 421ms/epoch - 1ms/step
Epoch 31/60
300/300 - 0s - loss: 1.5247 - 460ms/epoch - 2ms/step
Epoch 32/60
300/300 - 0s - loss: 1.5147 - 449ms/epoch - 1ms/step
Epoch 33/60
300/300 - 0s - loss: 1.5169 - 428ms/epoch - 1ms/step
Epoch 34/60
300/300 - 0s - loss: 1.5018 - 405ms/epoch - 1ms/step
Epoch 35/60
300/300 - 0s - loss: 1.5001 - 416ms/epoch - 1ms/step
Epoch 36/60
300/300 - 0s - loss: 1.4898 - 424ms/epoch - 1ms/step
Epoch 37/60
300/300 - 0s - loss: 1.4865 - 414ms/epoch - 1ms/step
Epoch 38/60
300/300 - 0s - loss: 1.4816 - 427ms/epoch - 1ms/step
Epoch 39/60
300/300 - 0s - loss: 1.4931 - 411ms/epoch - 1ms/step
Epoch 40/60
300/300 - 0s - loss: 1.4897 - 417ms/epoch - 1ms/step
Epoch 41/60
300/300 - 0s - loss: 1.4872 - 445ms/epoch - 1ms/step
Epoch 42/60
300/300 - 0s - loss: 1.4784 - 425ms/epoch - 1ms/step
Epoch 43/60
300/300 - 0s - loss: 1.4636 - 413ms/epoch - 1ms/step
Epoch 44/60
300/300 - 0s - loss: 1.4595 - 423ms/epoch - 1ms/step
Epoch 45/60
300/300 - 0s - loss: 1.4513 - 425ms/epoch - 1ms/step
Epoch 46/60
300/300 - 0s - loss: 1.4439 - 429ms/epoch - 1ms/step
Epoch 47/60
300/300 - 0s - loss: 1.4484 - 422ms/epoch - 1ms/step
Epoch 48/60
300/300 - 0s - loss: 1.4362 - 421ms/epoch - 1ms/step
Epoch 49/60
300/300 - 0s - loss: 1.4135 - 423ms/epoch - 1ms/step
Epoch 50/60
300/300 - 0s - loss: 1.4166 - 423ms/epoch - 1ms/step
Epoch 51/60
300/300 - 0s - loss: 1.4134 - 408ms/epoch - 1ms/step
Epoch 52/60
300/300 - 0s - loss: 1.4260 - 414ms/epoch - 1ms/step
Epoch 53/60
300/300 - 0s - loss: 1.4045 - 421ms/epoch - 1ms/step
Epoch 54/60
300/300 - 0s - loss: 1.4139 - 417ms/epoch - 1ms/step
Epoch 55/60
300/300 - 0s - loss: 1.3777 - 425ms/epoch - 1ms/step
Epoch 56/60
300/300 - 0s - loss: 1.4076 - 415ms/epoch - 1ms/step
Epoch 57/60
300/300 - 0s - loss: 1.3690 - 413ms/epoch - 1ms/step
Epoch 58/60
300/300 - 0s - loss: 1.3505 - 419ms/epoch - 1ms/step
Epoch 59/60
300/300 - 0s - loss: 1.3924 - 407ms/epoch - 1ms/step
Epoch 60/60
300/300 - 0s - loss: 1.3773 - 415ms/epoch - 1ms/step
training time: 27.605854511260986
(0.8347446650043716, 103111, 20413, 0, 10)
(0.5414430268367796, 12307, 10423, 0, 4)
Epoch 1/60
300/300 - 1s - loss: 1.8203 - 1s/epoch - 4ms/step
Epoch 2/60
300/300 - 0s - loss: 1.7502 - 459ms/epoch - 2ms/step
Epoch 3/60
300/300 - 0s - loss: 1.7202 - 445ms/epoch - 1ms/step
Epoch 4/60
300/300 - 0s - loss: 1.7218 - 425ms/epoch - 1ms/step
Epoch 5/60
300/300 - 0s - loss: 1.6931 - 422ms/epoch - 1ms/step
Epoch 6/60
300/300 - 0s - loss: 1.6856 - 423ms/epoch - 1ms/step
Epoch 7/60
300/300 - 0s - loss: 1.6803 - 420ms/epoch - 1ms/step
Epoch 8/60
300/300 - 0s - loss: 1.6554 - 422ms/epoch - 1ms/step
Epoch 9/60
300/300 - 0s - loss: 1.6796 - 427ms/epoch - 1ms/step
Epoch 10/60
300/300 - 0s - loss: 1.6683 - 428ms/epoch - 1ms/step
Epoch 11/60
300/300 - 0s - loss: 1.6421 - 428ms/epoch - 1ms/step
Epoch 12/60
300/300 - 0s - loss: 1.6535 - 425ms/epoch - 1ms/step
Epoch 13/60
300/300 - 0s - loss: 1.6540 - 428ms/epoch - 1ms/step
Epoch 14/60
300/300 - 0s - loss: 1.6336 - 423ms/epoch - 1ms/step
Epoch 15/60
300/300 - 0s - loss: 1.6312 - 428ms/epoch - 1ms/step
Epoch 16/60
300/300 - 0s - loss: 1.6051 - 429ms/epoch - 1ms/step
Epoch 17/60
300/300 - 0s - loss: 1.5930 - 418ms/epoch - 1ms/step
Epoch 18/60
300/300 - 0s - loss: 1.5917 - 415ms/epoch - 1ms/step
Epoch 19/60
300/300 - 0s - loss: 1.5805 - 419ms/epoch - 1ms/step
Epoch 20/60
300/300 - 0s - loss: 1.5706 - 424ms/epoch - 1ms/step
Epoch 21/60
300/300 - 0s - loss: 1.5629 - 423ms/epoch - 1ms/step
Epoch 22/60
300/300 - 0s - loss: 1.5473 - 427ms/epoch - 1ms/step
Epoch 23/60
300/300 - 0s - loss: 1.5676 - 423ms/epoch - 1ms/step
Epoch 24/60
300/300 - 0s - loss: 1.5242 - 427ms/epoch - 1ms/step
Epoch 25/60
300/300 - 0s - loss: 1.5547 - 425ms/epoch - 1ms/step
Epoch 26/60
300/300 - 0s - loss: 1.5119 - 422ms/epoch - 1ms/step
Epoch 27/60
300/300 - 0s - loss: 1.5348 - 430ms/epoch - 1ms/step
Epoch 28/60
300/300 - 0s - loss: 1.4937 - 427ms/epoch - 1ms/step
Epoch 29/60
300/300 - 0s - loss: 1.5261 - 421ms/epoch - 1ms/step
Epoch 30/60
300/300 - 0s - loss: 1.4839 - 425ms/epoch - 1ms/step
Epoch 31/60
300/300 - 0s - loss: 1.5140 - 423ms/epoch - 1ms/step
Epoch 32/60
300/300 - 0s - loss: 1.4895 - 418ms/epoch - 1ms/step
Epoch 33/60
300/300 - 0s - loss: 1.4514 - 421ms/epoch - 1ms/step
Epoch 34/60
300/300 - 0s - loss: 1.4601 - 431ms/epoch - 1ms/step
Epoch 35/60
300/300 - 0s - loss: 1.5016 - 421ms/epoch - 1ms/step
Epoch 36/60
300/300 - 0s - loss: 1.4508 - 461ms/epoch - 2ms/step
Epoch 37/60
300/300 - 0s - loss: 1.4375 - 465ms/epoch - 2ms/step
Epoch 38/60
300/300 - 0s - loss: 1.4491 - 424ms/epoch - 1ms/step
Epoch 39/60
300/300 - 0s - loss: 1.4351 - 424ms/epoch - 1ms/step
Epoch 40/60
300/300 - 0s - loss: 1.4160 - 424ms/epoch - 1ms/step
Epoch 41/60
300/300 - 0s - loss: 1.4219 - 433ms/epoch - 1ms/step
Epoch 42/60
300/300 - 0s - loss: 1.4219 - 425ms/epoch - 1ms/step
Epoch 43/60
300/300 - 0s - loss: 1.4322 - 427ms/epoch - 1ms/step
Epoch 44/60
300/300 - 0s - loss: 1.4033 - 429ms/epoch - 1ms/step
Epoch 45/60
300/300 - 0s - loss: 1.3919 - 425ms/epoch - 1ms/step
Epoch 46/60
300/300 - 0s - loss: 1.3960 - 431ms/epoch - 1ms/step
Epoch 47/60
300/300 - 0s - loss: 1.3980 - 427ms/epoch - 1ms/step
Epoch 48/60
300/300 - 0s - loss: 1.3808 - 421ms/epoch - 1ms/step
Epoch 49/60
300/300 - 0s - loss: 1.3907 - 461ms/epoch - 2ms/step
Epoch 50/60
300/300 - 0s - loss: 1.3758 - 433ms/epoch - 1ms/step
Epoch 51/60
300/300 - 0s - loss: 1.3709 - 448ms/epoch - 1ms/step
Epoch 52/60
300/300 - 0s - loss: 1.3675 - 443ms/epoch - 1ms/step
Epoch 53/60
300/300 - 0s - loss: 1.4075 - 446ms/epoch - 1ms/step
Epoch 54/60
300/300 - 0s - loss: 1.3536 - 465ms/epoch - 2ms/step
Epoch 55/60
300/300 - 0s - loss: 1.3458 - 482ms/epoch - 2ms/step
Epoch 56/60
300/300 - 0s - loss: 1.3966 - 491ms/epoch - 2ms/step
Epoch 57/60
300/300 - 1s - loss: 1.3461 - 500ms/epoch - 2ms/step
Epoch 58/60
300/300 - 0s - loss: 1.3415 - 454ms/epoch - 2ms/step
Epoch 59/60
300/300 - 0s - loss: 1.3323 - 450ms/epoch - 1ms/step
Epoch 60/60
300/300 - 0s - loss: 1.3278 - 480ms/epoch - 2ms/step
training time: 27.135061502456665
(0.8515275996961951, 104267, 18180, 0, 15)
(0.5735571968395741, 13357, 9931, 0, 1)
Epoch 1/60
300/300 - 1s - loss: 2.0160 - 1s/epoch - 4ms/step
Epoch 2/60
300/300 - 0s - loss: 1.8747 - 458ms/epoch - 2ms/step
Epoch 3/60
300/300 - 0s - loss: 1.8212 - 432ms/epoch - 1ms/step
Epoch 4/60
300/300 - 0s - loss: 1.7551 - 426ms/epoch - 1ms/step
Epoch 5/60
300/300 - 0s - loss: 1.7495 - 421ms/epoch - 1ms/step
Epoch 6/60
300/300 - 0s - loss: 1.7197 - 420ms/epoch - 1ms/step
Epoch 7/60
300/300 - 0s - loss: 1.7237 - 421ms/epoch - 1ms/step
Epoch 8/60
300/300 - 0s - loss: 1.7325 - 419ms/epoch - 1ms/step
Epoch 9/60
300/300 - 0s - loss: 1.6996 - 421ms/epoch - 1ms/step
Epoch 10/60
300/300 - 0s - loss: 1.7037 - 434ms/epoch - 1ms/step
Epoch 11/60
300/300 - 0s - loss: 1.6830 - 422ms/epoch - 1ms/step
Epoch 12/60
300/300 - 0s - loss: 1.6967 - 424ms/epoch - 1ms/step
Epoch 13/60
300/300 - 0s - loss: 1.6653 - 433ms/epoch - 1ms/step
Epoch 14/60
300/300 - 0s - loss: 1.6506 - 436ms/epoch - 1ms/step
Epoch 15/60
300/300 - 0s - loss: 1.6724 - 456ms/epoch - 2ms/step
Epoch 16/60
300/300 - 0s - loss: 1.6353 - 428ms/epoch - 1ms/step
Epoch 17/60
300/300 - 0s - loss: 1.6298 - 429ms/epoch - 1ms/step
Epoch 18/60
300/300 - 0s - loss: 1.6446 - 439ms/epoch - 1ms/step
Epoch 19/60
300/300 - 0s - loss: 1.6498 - 428ms/epoch - 1ms/step
Epoch 20/60
300/300 - 0s - loss: 1.6149 - 459ms/epoch - 2ms/step
Epoch 21/60
300/300 - 0s - loss: 1.6156 - 471ms/epoch - 2ms/step
Epoch 22/60
300/300 - 0s - loss: 1.6312 - 486ms/epoch - 2ms/step
Epoch 23/60
300/300 - 0s - loss: 1.6016 - 487ms/epoch - 2ms/step
Epoch 24/60
300/300 - 1s - loss: 1.5979 - 521ms/epoch - 2ms/step
Epoch 25/60
300/300 - 0s - loss: 1.5632 - 493ms/epoch - 2ms/step
Epoch 26/60
300/300 - 1s - loss: 1.5767 - 511ms/epoch - 2ms/step
Epoch 27/60
300/300 - 0s - loss: 1.5707 - 483ms/epoch - 2ms/step
Epoch 28/60
300/300 - 0s - loss: 1.5907 - 485ms/epoch - 2ms/step
Epoch 29/60
300/300 - 0s - loss: 1.5425 - 478ms/epoch - 2ms/step
Epoch 30/60
300/300 - 0s - loss: 1.5551 - 494ms/epoch - 2ms/step
Epoch 31/60
300/300 - 0s - loss: 1.5675 - 496ms/epoch - 2ms/step
Epoch 32/60
300/300 - 0s - loss: 1.5547 - 476ms/epoch - 2ms/step
Epoch 33/60
300/300 - 1s - loss: 1.5276 - 501ms/epoch - 2ms/step
Epoch 34/60
300/300 - 1s - loss: 1.5414 - 514ms/epoch - 2ms/step
Epoch 35/60
300/300 - 1s - loss: 1.5200 - 505ms/epoch - 2ms/step
Epoch 36/60
300/300 - 0s - loss: 1.5004 - 495ms/epoch - 2ms/step
Epoch 37/60
300/300 - 0s - loss: 1.5151 - 494ms/epoch - 2ms/step
Epoch 38/60
300/300 - 1s - loss: 1.5081 - 541ms/epoch - 2ms/step
Epoch 39/60
300/300 - 1s - loss: 1.4856 - 537ms/epoch - 2ms/step
Epoch 40/60
300/300 - 1s - loss: 1.4823 - 522ms/epoch - 2ms/step
Epoch 41/60
300/300 - 0s - loss: 1.4901 - 496ms/epoch - 2ms/step
Epoch 42/60
300/300 - 0s - loss: 1.4579 - 479ms/epoch - 2ms/step
Epoch 43/60
300/300 - 0s - loss: 1.4790 - 452ms/epoch - 2ms/step
Epoch 44/60
300/300 - 0s - loss: 1.4738 - 429ms/epoch - 1ms/step
Epoch 45/60
300/300 - 0s - loss: 1.4679 - 422ms/epoch - 1ms/step
Epoch 46/60
300/300 - 0s - loss: 1.4427 - 418ms/epoch - 1ms/step
Epoch 47/60
300/300 - 0s - loss: 1.4397 - 419ms/epoch - 1ms/step
Epoch 48/60
300/300 - 0s - loss: 1.4532 - 409ms/epoch - 1ms/step
Epoch 49/60
300/300 - 0s - loss: 1.4290 - 426ms/epoch - 1ms/step
Epoch 50/60
300/300 - 0s - loss: 1.4343 - 429ms/epoch - 1ms/step
Epoch 51/60
300/300 - 0s - loss: 1.4553 - 469ms/epoch - 2ms/step
Epoch 52/60
300/300 - 0s - loss: 1.4317 - 455ms/epoch - 2ms/step
Epoch 53/60
300/300 - 0s - loss: 1.4182 - 441ms/epoch - 1ms/step
Epoch 54/60
300/300 - 0s - loss: 1.4083 - 429ms/epoch - 1ms/step
Epoch 55/60
300/300 - 0s - loss: 1.4093 - 428ms/epoch - 1ms/step
Epoch 56/60
300/300 - 0s - loss: 1.4073 - 421ms/epoch - 1ms/step
Epoch 57/60
300/300 - 0s - loss: 1.3820 - 421ms/epoch - 1ms/step
Epoch 58/60
300/300 - 0s - loss: 1.3844 - 418ms/epoch - 1ms/step
Epoch 59/60
300/300 - 0s - loss: 1.3775 - 423ms/epoch - 1ms/step
Epoch 60/60
300/300 - 0s - loss: 1.3740 - 417ms/epoch - 1ms/step
training time: 28.42265820503235
(0.834159582595127, 102640, 20406, 0, 12)
(0.5395774341102156, 12386, 10569, 0, 2)
0.8385613214821316
0.007493479401682486
0.5540653463209805
0.01420558444570097
