Epoch 1/60
300/300 - 1s - loss: 1.8467 - 1s/epoch - 4ms/step
Epoch 2/60
300/300 - 0s - loss: 1.8182 - 443ms/epoch - 1ms/step
Epoch 3/60
300/300 - 0s - loss: 1.8137 - 403ms/epoch - 1ms/step
Epoch 4/60
300/300 - 0s - loss: 1.7541 - 400ms/epoch - 1ms/step
Epoch 5/60
300/300 - 0s - loss: 1.7356 - 409ms/epoch - 1ms/step
Epoch 6/60
300/300 - 0s - loss: 1.7092 - 406ms/epoch - 1ms/step
Epoch 7/60
300/300 - 0s - loss: 1.7332 - 404ms/epoch - 1ms/step
Epoch 8/60
300/300 - 0s - loss: 1.7017 - 401ms/epoch - 1ms/step
Epoch 9/60
300/300 - 0s - loss: 1.7012 - 390ms/epoch - 1ms/step
Epoch 10/60
300/300 - 0s - loss: 1.6936 - 392ms/epoch - 1ms/step
Epoch 11/60
300/300 - 0s - loss: 1.6900 - 407ms/epoch - 1ms/step
Epoch 12/60
300/300 - 0s - loss: 1.6682 - 398ms/epoch - 1ms/step
Epoch 13/60
300/300 - 0s - loss: 1.6356 - 392ms/epoch - 1ms/step
Epoch 14/60
300/300 - 0s - loss: 1.6732 - 398ms/epoch - 1ms/step
Epoch 15/60
300/300 - 0s - loss: 1.6572 - 412ms/epoch - 1ms/step
Epoch 16/60
300/300 - 0s - loss: 1.6653 - 394ms/epoch - 1ms/step
Epoch 17/60
300/300 - 0s - loss: 1.6240 - 410ms/epoch - 1ms/step
Epoch 18/60
300/300 - 0s - loss: 1.6238 - 393ms/epoch - 1ms/step
Epoch 19/60
300/300 - 0s - loss: 1.6236 - 389ms/epoch - 1ms/step
Epoch 20/60
300/300 - 0s - loss: 1.6070 - 413ms/epoch - 1ms/step
Epoch 21/60
300/300 - 0s - loss: 1.5877 - 392ms/epoch - 1ms/step
Epoch 22/60
300/300 - 0s - loss: 1.6152 - 406ms/epoch - 1ms/step
Epoch 23/60
300/300 - 0s - loss: 1.5740 - 396ms/epoch - 1ms/step
Epoch 24/60
300/300 - 0s - loss: 1.5989 - 403ms/epoch - 1ms/step
Epoch 25/60
300/300 - 0s - loss: 1.5977 - 392ms/epoch - 1ms/step
Epoch 26/60
300/300 - 0s - loss: 1.5382 - 398ms/epoch - 1ms/step
Epoch 27/60
300/300 - 0s - loss: 1.5599 - 401ms/epoch - 1ms/step
Epoch 28/60
300/300 - 0s - loss: 1.5119 - 396ms/epoch - 1ms/step
Epoch 29/60
300/300 - 0s - loss: 1.5208 - 393ms/epoch - 1ms/step
Epoch 30/60
300/300 - 0s - loss: 1.5064 - 407ms/epoch - 1ms/step
Epoch 31/60
300/300 - 0s - loss: 1.5210 - 406ms/epoch - 1ms/step
Epoch 32/60
300/300 - 0s - loss: 1.5014 - 414ms/epoch - 1ms/step
Epoch 33/60
300/300 - 0s - loss: 1.4713 - 403ms/epoch - 1ms/step
Epoch 34/60
300/300 - 0s - loss: 1.4687 - 409ms/epoch - 1ms/step
Epoch 35/60
300/300 - 0s - loss: 1.4962 - 386ms/epoch - 1ms/step
Epoch 36/60
300/300 - 0s - loss: 1.4586 - 397ms/epoch - 1ms/step
Epoch 37/60
300/300 - 0s - loss: 1.4517 - 407ms/epoch - 1ms/step
Epoch 38/60
300/300 - 0s - loss: 1.4518 - 415ms/epoch - 1ms/step
Epoch 39/60
300/300 - 0s - loss: 1.4366 - 422ms/epoch - 1ms/step
Epoch 40/60
300/300 - 0s - loss: 1.4630 - 415ms/epoch - 1ms/step
Epoch 41/60
300/300 - 0s - loss: 1.4308 - 401ms/epoch - 1ms/step
Epoch 42/60
300/300 - 0s - loss: 1.4698 - 401ms/epoch - 1ms/step
Epoch 43/60
300/300 - 0s - loss: 1.3917 - 412ms/epoch - 1ms/step
Epoch 44/60
300/300 - 0s - loss: 1.3966 - 413ms/epoch - 1ms/step
Epoch 45/60
300/300 - 0s - loss: 1.3927 - 412ms/epoch - 1ms/step
Epoch 46/60
300/300 - 0s - loss: 1.4032 - 404ms/epoch - 1ms/step
Epoch 47/60
300/300 - 0s - loss: 1.3882 - 391ms/epoch - 1ms/step
Epoch 48/60
300/300 - 0s - loss: 1.3694 - 396ms/epoch - 1ms/step
Epoch 49/60
300/300 - 0s - loss: 1.3526 - 416ms/epoch - 1ms/step
Epoch 50/60
300/300 - 0s - loss: 1.3536 - 385ms/epoch - 1ms/step
Epoch 51/60
300/300 - 0s - loss: 1.3554 - 392ms/epoch - 1ms/step
Epoch 52/60
300/300 - 0s - loss: 1.3608 - 402ms/epoch - 1ms/step
Epoch 53/60
300/300 - 0s - loss: 1.3840 - 402ms/epoch - 1ms/step
Epoch 54/60
300/300 - 0s - loss: 1.3404 - 433ms/epoch - 1ms/step
Epoch 55/60
300/300 - 0s - loss: 1.3304 - 407ms/epoch - 1ms/step
Epoch 56/60
300/300 - 0s - loss: 1.3425 - 395ms/epoch - 1ms/step
Epoch 57/60
300/300 - 0s - loss: 1.3237 - 411ms/epoch - 1ms/step
Epoch 58/60
300/300 - 0s - loss: 1.3297 - 390ms/epoch - 1ms/step
Epoch 59/60
300/300 - 0s - loss: 1.3131 - 398ms/epoch - 1ms/step
Epoch 60/60
300/300 - 0s - loss: 1.3307 - 406ms/epoch - 1ms/step
training time: 25.427958250045776
(0.8526589202485758, 105375, 18209, 0, 8)
(0.6024973526297212, 13655, 9009, 0, 2)
Epoch 1/60
300/300 - 1s - loss: 1.9331 - 1s/epoch - 3ms/step
Epoch 2/60
300/300 - 0s - loss: 1.8236 - 408ms/epoch - 1ms/step
Epoch 3/60
300/300 - 0s - loss: 1.8183 - 406ms/epoch - 1ms/step
Epoch 4/60
300/300 - 0s - loss: 1.7548 - 398ms/epoch - 1ms/step
Epoch 5/60
300/300 - 0s - loss: 1.7608 - 404ms/epoch - 1ms/step
Epoch 6/60
300/300 - 0s - loss: 1.7612 - 411ms/epoch - 1ms/step
Epoch 7/60
300/300 - 0s - loss: 1.7133 - 402ms/epoch - 1ms/step
Epoch 8/60
300/300 - 0s - loss: 1.7207 - 415ms/epoch - 1ms/step
Epoch 9/60
300/300 - 0s - loss: 1.7146 - 398ms/epoch - 1ms/step
Epoch 10/60
300/300 - 0s - loss: 1.6958 - 385ms/epoch - 1ms/step
Epoch 11/60
300/300 - 0s - loss: 1.6798 - 389ms/epoch - 1ms/step
Epoch 12/60
300/300 - 0s - loss: 1.6674 - 390ms/epoch - 1ms/step
Epoch 13/60
300/300 - 0s - loss: 1.6621 - 395ms/epoch - 1ms/step
Epoch 14/60
300/300 - 0s - loss: 1.6346 - 390ms/epoch - 1ms/step
Epoch 15/60
300/300 - 0s - loss: 1.6447 - 396ms/epoch - 1ms/step
Epoch 16/60
300/300 - 0s - loss: 1.6654 - 390ms/epoch - 1ms/step
Epoch 17/60
300/300 - 0s - loss: 1.6295 - 399ms/epoch - 1ms/step
Epoch 18/60
300/300 - 0s - loss: 1.6073 - 399ms/epoch - 1ms/step
Epoch 19/60
300/300 - 0s - loss: 1.5929 - 397ms/epoch - 1ms/step
Epoch 20/60
300/300 - 0s - loss: 1.5918 - 404ms/epoch - 1ms/step
Epoch 21/60
300/300 - 0s - loss: 1.5637 - 407ms/epoch - 1ms/step
Epoch 22/60
300/300 - 0s - loss: 1.5765 - 401ms/epoch - 1ms/step
Epoch 23/60
300/300 - 0s - loss: 1.5393 - 399ms/epoch - 1ms/step
Epoch 24/60
300/300 - 0s - loss: 1.5630 - 396ms/epoch - 1ms/step
Epoch 25/60
300/300 - 0s - loss: 1.5701 - 403ms/epoch - 1ms/step
Epoch 26/60
300/300 - 0s - loss: 1.5644 - 397ms/epoch - 1ms/step
Epoch 27/60
300/300 - 0s - loss: 1.5248 - 406ms/epoch - 1ms/step
Epoch 28/60
300/300 - 0s - loss: 1.5144 - 402ms/epoch - 1ms/step
Epoch 29/60
300/300 - 0s - loss: 1.5084 - 397ms/epoch - 1ms/step
Epoch 30/60
300/300 - 0s - loss: 1.5181 - 405ms/epoch - 1ms/step
Epoch 31/60
300/300 - 0s - loss: 1.4987 - 401ms/epoch - 1ms/step
Epoch 32/60
300/300 - 0s - loss: 1.4846 - 402ms/epoch - 1ms/step
Epoch 33/60
300/300 - 0s - loss: 1.4817 - 413ms/epoch - 1ms/step
Epoch 34/60
300/300 - 0s - loss: 1.4624 - 397ms/epoch - 1ms/step
Epoch 35/60
300/300 - 0s - loss: 1.4652 - 391ms/epoch - 1ms/step
Epoch 36/60
300/300 - 0s - loss: 1.4503 - 398ms/epoch - 1ms/step
Epoch 37/60
300/300 - 0s - loss: 1.4690 - 403ms/epoch - 1ms/step
Epoch 38/60
300/300 - 0s - loss: 1.4326 - 397ms/epoch - 1ms/step
Epoch 39/60
300/300 - 0s - loss: 1.4485 - 396ms/epoch - 1ms/step
Epoch 40/60
300/300 - 0s - loss: 1.4445 - 409ms/epoch - 1ms/step
Epoch 41/60
300/300 - 0s - loss: 1.4184 - 393ms/epoch - 1ms/step
Epoch 42/60
300/300 - 0s - loss: 1.4249 - 408ms/epoch - 1ms/step
Epoch 43/60
300/300 - 0s - loss: 1.3928 - 395ms/epoch - 1ms/step
Epoch 44/60
300/300 - 0s - loss: 1.4106 - 396ms/epoch - 1ms/step
Epoch 45/60
300/300 - 0s - loss: 1.3865 - 407ms/epoch - 1ms/step
Epoch 46/60
300/300 - 0s - loss: 1.4042 - 399ms/epoch - 1ms/step
Epoch 47/60
300/300 - 0s - loss: 1.3973 - 398ms/epoch - 1ms/step
Epoch 48/60
300/300 - 0s - loss: 1.3918 - 410ms/epoch - 1ms/step
Epoch 49/60
300/300 - 0s - loss: 1.3741 - 410ms/epoch - 1ms/step
Epoch 50/60
300/300 - 0s - loss: 1.3722 - 402ms/epoch - 1ms/step
Epoch 51/60
300/300 - 0s - loss: 1.3888 - 399ms/epoch - 1ms/step
Epoch 52/60
300/300 - 0s - loss: 1.3358 - 401ms/epoch - 1ms/step
Epoch 53/60
300/300 - 0s - loss: 1.3444 - 407ms/epoch - 1ms/step
Epoch 54/60
300/300 - 0s - loss: 1.3621 - 408ms/epoch - 1ms/step
Epoch 55/60
300/300 - 0s - loss: 1.3357 - 408ms/epoch - 1ms/step
Epoch 56/60
300/300 - 0s - loss: 1.3353 - 396ms/epoch - 1ms/step
Epoch 57/60
300/300 - 0s - loss: 1.3710 - 394ms/epoch - 1ms/step
Epoch 58/60
300/300 - 0s - loss: 1.3075 - 393ms/epoch - 1ms/step
Epoch 59/60
300/300 - 0s - loss: 1.3028 - 405ms/epoch - 1ms/step
Epoch 60/60
300/300 - 0s - loss: 1.3271 - 407ms/epoch - 1ms/step
training time: 25.11582660675049
(0.8540931316991031, 105501, 18023, 0, 10)
(0.5987241531016279, 13609, 9121, 0, 4)
Epoch 1/60
300/300 - 1s - loss: 1.8249 - 1s/epoch - 3ms/step
Epoch 2/60
300/300 - 0s - loss: 1.8155 - 395ms/epoch - 1ms/step
Epoch 3/60
300/300 - 0s - loss: 1.7829 - 398ms/epoch - 1ms/step
Epoch 4/60
300/300 - 0s - loss: 1.7832 - 391ms/epoch - 1ms/step
Epoch 5/60
300/300 - 0s - loss: 1.7335 - 400ms/epoch - 1ms/step
Epoch 6/60
300/300 - 0s - loss: 1.7304 - 404ms/epoch - 1ms/step
Epoch 7/60
300/300 - 0s - loss: 1.7196 - 388ms/epoch - 1ms/step
Epoch 8/60
300/300 - 0s - loss: 1.7196 - 404ms/epoch - 1ms/step
Epoch 9/60
300/300 - 0s - loss: 1.6882 - 400ms/epoch - 1ms/step
Epoch 10/60
300/300 - 0s - loss: 1.7108 - 404ms/epoch - 1ms/step
Epoch 11/60
300/300 - 0s - loss: 1.6873 - 404ms/epoch - 1ms/step
Epoch 12/60
300/300 - 0s - loss: 1.6888 - 400ms/epoch - 1ms/step
Epoch 13/60
300/300 - 0s - loss: 1.6644 - 408ms/epoch - 1ms/step
Epoch 14/60
300/300 - 0s - loss: 1.6698 - 406ms/epoch - 1ms/step
Epoch 15/60
300/300 - 0s - loss: 1.6430 - 412ms/epoch - 1ms/step
Epoch 16/60
300/300 - 0s - loss: 1.6383 - 395ms/epoch - 1ms/step
Epoch 17/60
300/300 - 0s - loss: 1.6284 - 399ms/epoch - 1ms/step
Epoch 18/60
300/300 - 0s - loss: 1.6333 - 410ms/epoch - 1ms/step
Epoch 19/60
300/300 - 0s - loss: 1.6097 - 402ms/epoch - 1ms/step
Epoch 20/60
300/300 - 0s - loss: 1.6109 - 394ms/epoch - 1ms/step
Epoch 21/60
300/300 - 0s - loss: 1.5983 - 410ms/epoch - 1ms/step
Epoch 22/60
300/300 - 0s - loss: 1.5877 - 397ms/epoch - 1ms/step
Epoch 23/60
300/300 - 0s - loss: 1.6168 - 403ms/epoch - 1ms/step
Epoch 24/60
300/300 - 0s - loss: 1.5808 - 403ms/epoch - 1ms/step
Epoch 25/60
300/300 - 0s - loss: 1.5753 - 412ms/epoch - 1ms/step
Epoch 26/60
300/300 - 0s - loss: 1.5726 - 406ms/epoch - 1ms/step
Epoch 27/60
300/300 - 0s - loss: 1.5565 - 413ms/epoch - 1ms/step
Epoch 28/60
300/300 - 0s - loss: 1.5413 - 394ms/epoch - 1ms/step
Epoch 29/60
300/300 - 0s - loss: 1.5408 - 405ms/epoch - 1ms/step
Epoch 30/60
300/300 - 0s - loss: 1.5463 - 402ms/epoch - 1ms/step
Epoch 31/60
300/300 - 0s - loss: 1.5210 - 405ms/epoch - 1ms/step
Epoch 32/60
300/300 - 0s - loss: 1.5555 - 405ms/epoch - 1ms/step
Epoch 33/60
300/300 - 0s - loss: 1.5159 - 410ms/epoch - 1ms/step
Epoch 34/60
300/300 - 0s - loss: 1.5019 - 407ms/epoch - 1ms/step
Epoch 35/60
300/300 - 0s - loss: 1.5102 - 392ms/epoch - 1ms/step
Epoch 36/60
300/300 - 0s - loss: 1.5064 - 394ms/epoch - 1ms/step
Epoch 37/60
300/300 - 0s - loss: 1.4830 - 398ms/epoch - 1ms/step
Epoch 38/60
300/300 - 0s - loss: 1.4839 - 404ms/epoch - 1ms/step
Epoch 39/60
300/300 - 0s - loss: 1.4606 - 395ms/epoch - 1ms/step
Epoch 40/60
300/300 - 0s - loss: 1.4700 - 408ms/epoch - 1ms/step
Epoch 41/60
300/300 - 0s - loss: 1.4494 - 415ms/epoch - 1ms/step
Epoch 42/60
300/300 - 0s - loss: 1.4742 - 403ms/epoch - 1ms/step
Epoch 43/60
300/300 - 0s - loss: 1.4532 - 406ms/epoch - 1ms/step
Epoch 44/60
300/300 - 0s - loss: 1.4543 - 409ms/epoch - 1ms/step
Epoch 45/60
300/300 - 0s - loss: 1.4379 - 401ms/epoch - 1ms/step
Epoch 46/60
300/300 - 0s - loss: 1.4027 - 401ms/epoch - 1ms/step
Epoch 47/60
300/300 - 0s - loss: 1.4352 - 392ms/epoch - 1ms/step
Epoch 48/60
300/300 - 0s - loss: 1.4151 - 398ms/epoch - 1ms/step
Epoch 49/60
300/300 - 0s - loss: 1.4056 - 402ms/epoch - 1ms/step
Epoch 50/60
300/300 - 0s - loss: 1.4332 - 403ms/epoch - 1ms/step
Epoch 51/60
300/300 - 0s - loss: 1.3726 - 400ms/epoch - 1ms/step
Epoch 52/60
300/300 - 0s - loss: 1.3957 - 411ms/epoch - 1ms/step
Epoch 53/60
300/300 - 0s - loss: 1.3854 - 398ms/epoch - 1ms/step
Epoch 54/60
300/300 - 0s - loss: 1.3873 - 416ms/epoch - 1ms/step
Epoch 55/60
300/300 - 0s - loss: 1.3849 - 409ms/epoch - 1ms/step
Epoch 56/60
300/300 - 0s - loss: 1.3678 - 394ms/epoch - 1ms/step
Epoch 57/60
300/300 - 0s - loss: 1.3806 - 400ms/epoch - 1ms/step
Epoch 58/60
300/300 - 0s - loss: 1.3704 - 397ms/epoch - 1ms/step
Epoch 59/60
300/300 - 0s - loss: 1.3634 - 401ms/epoch - 1ms/step
Epoch 60/60
300/300 - 0s - loss: 1.3553 - 401ms/epoch - 1ms/step
training time: 25.14552092552185
(0.8353328378808791, 102284, 20163, 0, 15)
(0.6136636894537959, 14291, 8997, 0, 1)
Epoch 1/60
300/300 - 1s - loss: 1.8666 - 1s/epoch - 3ms/step
Epoch 2/60
300/300 - 0s - loss: 1.8051 - 403ms/epoch - 1ms/step
Epoch 3/60
300/300 - 0s - loss: 1.7726 - 412ms/epoch - 1ms/step
Epoch 4/60
300/300 - 0s - loss: 1.7472 - 407ms/epoch - 1ms/step
Epoch 5/60
300/300 - 0s - loss: 1.7542 - 405ms/epoch - 1ms/step
Epoch 6/60
300/300 - 0s - loss: 1.7143 - 399ms/epoch - 1ms/step
Epoch 7/60
300/300 - 0s - loss: 1.6900 - 407ms/epoch - 1ms/step
Epoch 8/60
300/300 - 0s - loss: 1.6989 - 412ms/epoch - 1ms/step
Epoch 9/60
300/300 - 0s - loss: 1.7012 - 411ms/epoch - 1ms/step
Epoch 10/60
300/300 - 0s - loss: 1.6855 - 412ms/epoch - 1ms/step
Epoch 11/60
300/300 - 0s - loss: 1.6512 - 402ms/epoch - 1ms/step
Epoch 12/60
300/300 - 0s - loss: 1.6565 - 414ms/epoch - 1ms/step
Epoch 13/60
300/300 - 0s - loss: 1.6633 - 401ms/epoch - 1ms/step
Epoch 14/60
300/300 - 0s - loss: 1.6550 - 405ms/epoch - 1ms/step
Epoch 15/60
300/300 - 0s - loss: 1.6474 - 400ms/epoch - 1ms/step
Epoch 16/60
300/300 - 0s - loss: 1.6036 - 399ms/epoch - 1ms/step
Epoch 17/60
300/300 - 0s - loss: 1.6418 - 405ms/epoch - 1ms/step
Epoch 18/60
300/300 - 0s - loss: 1.6152 - 401ms/epoch - 1ms/step
Epoch 19/60
300/300 - 0s - loss: 1.5969 - 404ms/epoch - 1ms/step
Epoch 20/60
300/300 - 0s - loss: 1.6072 - 404ms/epoch - 1ms/step
Epoch 21/60
300/300 - 0s - loss: 1.5924 - 407ms/epoch - 1ms/step
Epoch 22/60
300/300 - 0s - loss: 1.5909 - 405ms/epoch - 1ms/step
Epoch 23/60
300/300 - 0s - loss: 1.5890 - 401ms/epoch - 1ms/step
Epoch 24/60
300/300 - 0s - loss: 1.5720 - 395ms/epoch - 1ms/step
Epoch 25/60
300/300 - 0s - loss: 1.5647 - 406ms/epoch - 1ms/step
Epoch 26/60
300/300 - 0s - loss: 1.5453 - 395ms/epoch - 1ms/step
Epoch 27/60
300/300 - 0s - loss: 1.5699 - 401ms/epoch - 1ms/step
Epoch 28/60
300/300 - 0s - loss: 1.5490 - 402ms/epoch - 1ms/step
Epoch 29/60
300/300 - 0s - loss: 1.5453 - 401ms/epoch - 1ms/step
Epoch 30/60
300/300 - 0s - loss: 1.5345 - 406ms/epoch - 1ms/step
Epoch 31/60
300/300 - 0s - loss: 1.4925 - 407ms/epoch - 1ms/step
Epoch 32/60
300/300 - 0s - loss: 1.5184 - 402ms/epoch - 1ms/step
Epoch 33/60
300/300 - 0s - loss: 1.4785 - 396ms/epoch - 1ms/step
Epoch 34/60
300/300 - 0s - loss: 1.5019 - 403ms/epoch - 1ms/step
Epoch 35/60
300/300 - 0s - loss: 1.4726 - 409ms/epoch - 1ms/step
Epoch 36/60
300/300 - 0s - loss: 1.4678 - 404ms/epoch - 1ms/step
Epoch 37/60
300/300 - 0s - loss: 1.4498 - 408ms/epoch - 1ms/step
Epoch 38/60
300/300 - 0s - loss: 1.4833 - 407ms/epoch - 1ms/step
Epoch 39/60
300/300 - 0s - loss: 1.4592 - 402ms/epoch - 1ms/step
Epoch 40/60
300/300 - 0s - loss: 1.4245 - 409ms/epoch - 1ms/step
Epoch 41/60
300/300 - 0s - loss: 1.4335 - 401ms/epoch - 1ms/step
Epoch 42/60
300/300 - 0s - loss: 1.4440 - 395ms/epoch - 1ms/step
Epoch 43/60
300/300 - 0s - loss: 1.4277 - 406ms/epoch - 1ms/step
Epoch 44/60
300/300 - 0s - loss: 1.4162 - 405ms/epoch - 1ms/step
Epoch 45/60
300/300 - 0s - loss: 1.3902 - 412ms/epoch - 1ms/step
Epoch 46/60
300/300 - 0s - loss: 1.4130 - 395ms/epoch - 1ms/step
Epoch 47/60
300/300 - 0s - loss: 1.3995 - 396ms/epoch - 1ms/step
Epoch 48/60
300/300 - 0s - loss: 1.3818 - 402ms/epoch - 1ms/step
Epoch 49/60
300/300 - 0s - loss: 1.3723 - 403ms/epoch - 1ms/step
Epoch 50/60
300/300 - 0s - loss: 1.3872 - 405ms/epoch - 1ms/step
Epoch 51/60
300/300 - 0s - loss: 1.3813 - 404ms/epoch - 1ms/step
Epoch 52/60
300/300 - 0s - loss: 1.3852 - 413ms/epoch - 1ms/step
Epoch 53/60
300/300 - 0s - loss: 1.3644 - 396ms/epoch - 1ms/step
Epoch 54/60
300/300 - 0s - loss: 1.3638 - 411ms/epoch - 1ms/step
Epoch 55/60
300/300 - 0s - loss: 1.3476 - 409ms/epoch - 1ms/step
Epoch 56/60
300/300 - 0s - loss: 1.3235 - 411ms/epoch - 1ms/step
Epoch 57/60
300/300 - 0s - loss: 1.3569 - 412ms/epoch - 1ms/step
Epoch 58/60
300/300 - 0s - loss: 1.3477 - 403ms/epoch - 1ms/step
Epoch 59/60
300/300 - 0s - loss: 1.3048 - 408ms/epoch - 1ms/step
Epoch 60/60
300/300 - 0s - loss: 1.3253 - 409ms/epoch - 1ms/step
training time: 25.28570580482483
(0.8514132925897632, 104763, 18283, 0, 12)
(0.6270529296449575, 14394, 8561, 0, 2)
0.8483745456045803
0.0075891075990689874
0.6104845312075257
0.011030870191917569
