training dataset size: 548
testing dataset size: 236
Epoch 1/60
300/300 - 1s - loss: 2.2538 - 1s/epoch - 4ms/step
Epoch 2/60
300/300 - 0s - loss: 2.0690 - 435ms/epoch - 1ms/step
Epoch 3/60
300/300 - 0s - loss: 2.0012 - 427ms/epoch - 1ms/step
Epoch 4/60
300/300 - 0s - loss: 1.9304 - 399ms/epoch - 1ms/step
Epoch 5/60
300/300 - 0s - loss: 1.8379 - 400ms/epoch - 1ms/step
Epoch 6/60
300/300 - 0s - loss: 1.8175 - 399ms/epoch - 1ms/step
Epoch 7/60
300/300 - 0s - loss: 1.8160 - 438ms/epoch - 1ms/step
Epoch 8/60
300/300 - 0s - loss: 1.7957 - 389ms/epoch - 1ms/step
Epoch 9/60
300/300 - 0s - loss: 1.7752 - 409ms/epoch - 1ms/step
Epoch 10/60
300/300 - 0s - loss: 1.7766 - 429ms/epoch - 1ms/step
Epoch 11/60
300/300 - 0s - loss: 1.7531 - 406ms/epoch - 1ms/step
Epoch 12/60
300/300 - 0s - loss: 1.7076 - 407ms/epoch - 1ms/step
Epoch 13/60
300/300 - 0s - loss: 1.7116 - 388ms/epoch - 1ms/step
Epoch 14/60
300/300 - 0s - loss: 1.7143 - 402ms/epoch - 1ms/step
Epoch 15/60
300/300 - 0s - loss: 1.7191 - 393ms/epoch - 1ms/step
Epoch 16/60
300/300 - 0s - loss: 1.6892 - 394ms/epoch - 1ms/step
Epoch 17/60
300/300 - 0s - loss: 1.6758 - 407ms/epoch - 1ms/step
Epoch 18/60
300/300 - 0s - loss: 1.6744 - 397ms/epoch - 1ms/step
Epoch 19/60
300/300 - 0s - loss: 1.6656 - 395ms/epoch - 1ms/step
Epoch 20/60
300/300 - 0s - loss: 1.6385 - 401ms/epoch - 1ms/step
Epoch 21/60
300/300 - 0s - loss: 1.6582 - 392ms/epoch - 1ms/step
Epoch 22/60
300/300 - 0s - loss: 1.6464 - 473ms/epoch - 2ms/step
Epoch 23/60
300/300 - 0s - loss: 1.6349 - 404ms/epoch - 1ms/step
Epoch 24/60
300/300 - 0s - loss: 1.6501 - 435ms/epoch - 1ms/step
Epoch 25/60
300/300 - 0s - loss: 1.6253 - 423ms/epoch - 1ms/step
Epoch 26/60
300/300 - 0s - loss: 1.6192 - 425ms/epoch - 1ms/step
Epoch 27/60
300/300 - 0s - loss: 1.6173 - 414ms/epoch - 1ms/step
Epoch 28/60
300/300 - 0s - loss: 1.6509 - 414ms/epoch - 1ms/step
Epoch 29/60
300/300 - 0s - loss: 1.6192 - 401ms/epoch - 1ms/step
Epoch 30/60
300/300 - 0s - loss: 1.6224 - 393ms/epoch - 1ms/step
Epoch 31/60
300/300 - 0s - loss: 1.6024 - 388ms/epoch - 1ms/step
Epoch 32/60
300/300 - 0s - loss: 1.6200 - 390ms/epoch - 1ms/step
Epoch 33/60
300/300 - 0s - loss: 1.5925 - 406ms/epoch - 1ms/step
Epoch 34/60
300/300 - 0s - loss: 1.6147 - 394ms/epoch - 1ms/step
Epoch 35/60
300/300 - 0s - loss: 1.6167 - 407ms/epoch - 1ms/step
Epoch 36/60
300/300 - 0s - loss: 1.6089 - 432ms/epoch - 1ms/step
Epoch 37/60
300/300 - 0s - loss: 1.5797 - 409ms/epoch - 1ms/step
Epoch 38/60
300/300 - 0s - loss: 1.5938 - 437ms/epoch - 1ms/step
Epoch 39/60
300/300 - 0s - loss: 1.5740 - 418ms/epoch - 1ms/step
Epoch 40/60
300/300 - 0s - loss: 1.5705 - 408ms/epoch - 1ms/step
Epoch 41/60
300/300 - 0s - loss: 1.5849 - 393ms/epoch - 1ms/step
Epoch 42/60
300/300 - 0s - loss: 1.5969 - 406ms/epoch - 1ms/step
Epoch 43/60
300/300 - 0s - loss: 1.5525 - 390ms/epoch - 1ms/step
Epoch 44/60
300/300 - 0s - loss: 1.5575 - 402ms/epoch - 1ms/step
Epoch 45/60
300/300 - 0s - loss: 1.5856 - 396ms/epoch - 1ms/step
Epoch 46/60
300/300 - 0s - loss: 1.5750 - 402ms/epoch - 1ms/step
Epoch 47/60
300/300 - 0s - loss: 1.5391 - 409ms/epoch - 1ms/step
Epoch 48/60
300/300 - 0s - loss: 1.5547 - 415ms/epoch - 1ms/step
Epoch 49/60
300/300 - 0s - loss: 1.5344 - 408ms/epoch - 1ms/step
Epoch 50/60
300/300 - 0s - loss: 1.5517 - 404ms/epoch - 1ms/step
Epoch 51/60
300/300 - 0s - loss: 1.5345 - 393ms/epoch - 1ms/step
Epoch 52/60
300/300 - 0s - loss: 1.5601 - 392ms/epoch - 1ms/step
Epoch 53/60
300/300 - 0s - loss: 1.5217 - 392ms/epoch - 1ms/step
Epoch 54/60
300/300 - 0s - loss: 1.5277 - 409ms/epoch - 1ms/step
Epoch 55/60
300/300 - 0s - loss: 1.5402 - 401ms/epoch - 1ms/step
Epoch 56/60
300/300 - 0s - loss: 1.5279 - 405ms/epoch - 1ms/step
Epoch 57/60
300/300 - 0s - loss: 1.5353 - 389ms/epoch - 1ms/step
Epoch 58/60
300/300 - 0s - loss: 1.5247 - 398ms/epoch - 1ms/step
Epoch 59/60
300/300 - 0s - loss: 1.5215 - 393ms/epoch - 1ms/step
Epoch 60/60
300/300 - 0s - loss: 1.5249 - 401ms/epoch - 1ms/step
training time: 25.74002456665039
(0.7631408596582082, 94312, 29272, 0, 8)
(0.663342746205436, 15034, 7630, 0, 2)
training dataset size: 548
testing dataset size: 236
Epoch 1/60
300/300 - 1s - loss: 2.0296 - 1s/epoch - 4ms/step
Epoch 2/60
300/300 - 0s - loss: 1.8955 - 395ms/epoch - 1ms/step
Epoch 3/60
300/300 - 0s - loss: 1.8434 - 396ms/epoch - 1ms/step
Epoch 4/60
300/300 - 0s - loss: 1.7691 - 408ms/epoch - 1ms/step
Epoch 5/60
300/300 - 0s - loss: 1.7745 - 386ms/epoch - 1ms/step
Epoch 6/60
300/300 - 0s - loss: 1.7669 - 410ms/epoch - 1ms/step
Epoch 7/60
300/300 - 0s - loss: 1.7202 - 391ms/epoch - 1ms/step
Epoch 8/60
300/300 - 0s - loss: 1.7069 - 403ms/epoch - 1ms/step
Epoch 9/60
300/300 - 0s - loss: 1.7286 - 399ms/epoch - 1ms/step
Epoch 10/60
300/300 - 0s - loss: 1.7091 - 407ms/epoch - 1ms/step
Epoch 11/60
300/300 - 0s - loss: 1.6925 - 416ms/epoch - 1ms/step
Epoch 12/60
300/300 - 0s - loss: 1.6909 - 403ms/epoch - 1ms/step
Epoch 13/60
300/300 - 0s - loss: 1.6987 - 409ms/epoch - 1ms/step
Epoch 14/60
300/300 - 0s - loss: 1.6736 - 405ms/epoch - 1ms/step
Epoch 15/60
300/300 - 0s - loss: 1.6763 - 404ms/epoch - 1ms/step
Epoch 16/60
300/300 - 0s - loss: 1.6476 - 410ms/epoch - 1ms/step
Epoch 17/60
300/300 - 0s - loss: 1.6672 - 407ms/epoch - 1ms/step
Epoch 18/60
300/300 - 0s - loss: 1.6377 - 410ms/epoch - 1ms/step
Epoch 19/60
300/300 - 0s - loss: 1.6331 - 413ms/epoch - 1ms/step
Epoch 20/60
300/300 - 0s - loss: 1.6172 - 406ms/epoch - 1ms/step
Epoch 21/60
300/300 - 0s - loss: 1.6359 - 402ms/epoch - 1ms/step
Epoch 22/60
300/300 - 0s - loss: 1.6353 - 406ms/epoch - 1ms/step
Epoch 23/60
300/300 - 0s - loss: 1.6095 - 396ms/epoch - 1ms/step
Epoch 24/60
300/300 - 0s - loss: 1.6231 - 403ms/epoch - 1ms/step
Epoch 25/60
300/300 - 0s - loss: 1.5982 - 394ms/epoch - 1ms/step
Epoch 26/60
300/300 - 0s - loss: 1.6047 - 408ms/epoch - 1ms/step
Epoch 27/60
300/300 - 0s - loss: 1.6067 - 404ms/epoch - 1ms/step
Epoch 28/60
300/300 - 0s - loss: 1.6083 - 404ms/epoch - 1ms/step
Epoch 29/60
300/300 - 0s - loss: 1.6321 - 397ms/epoch - 1ms/step
Epoch 30/60
300/300 - 0s - loss: 1.5736 - 396ms/epoch - 1ms/step
Epoch 31/60
300/300 - 0s - loss: 1.6036 - 404ms/epoch - 1ms/step
Epoch 32/60
300/300 - 0s - loss: 1.5752 - 404ms/epoch - 1ms/step
Epoch 33/60
300/300 - 0s - loss: 1.5572 - 395ms/epoch - 1ms/step
Epoch 34/60
300/300 - 0s - loss: 1.5687 - 408ms/epoch - 1ms/step
Epoch 35/60
300/300 - 0s - loss: 1.5816 - 389ms/epoch - 1ms/step
Epoch 36/60
300/300 - 0s - loss: 1.5979 - 406ms/epoch - 1ms/step
Epoch 37/60
300/300 - 0s - loss: 1.6099 - 410ms/epoch - 1ms/step
Epoch 38/60
300/300 - 0s - loss: 1.5756 - 409ms/epoch - 1ms/step
Epoch 39/60
300/300 - 0s - loss: 1.5753 - 409ms/epoch - 1ms/step
Epoch 40/60
300/300 - 0s - loss: 1.5768 - 392ms/epoch - 1ms/step
Epoch 41/60
300/300 - 0s - loss: 1.5594 - 403ms/epoch - 1ms/step
Epoch 42/60
300/300 - 0s - loss: 1.5670 - 393ms/epoch - 1ms/step
Epoch 43/60
300/300 - 0s - loss: 1.5428 - 397ms/epoch - 1ms/step
Epoch 44/60
300/300 - 0s - loss: 1.5619 - 401ms/epoch - 1ms/step
Epoch 45/60
300/300 - 0s - loss: 1.5748 - 412ms/epoch - 1ms/step
Epoch 46/60
300/300 - 0s - loss: 1.5474 - 420ms/epoch - 1ms/step
Epoch 47/60
300/300 - 0s - loss: 1.5294 - 417ms/epoch - 1ms/step
Epoch 48/60
300/300 - 0s - loss: 1.5384 - 395ms/epoch - 1ms/step
Epoch 49/60
300/300 - 0s - loss: 1.5450 - 396ms/epoch - 1ms/step
Epoch 50/60
300/300 - 0s - loss: 1.5170 - 408ms/epoch - 1ms/step
Epoch 51/60
300/300 - 0s - loss: 1.5355 - 406ms/epoch - 1ms/step
Epoch 52/60
300/300 - 0s - loss: 1.5252 - 412ms/epoch - 1ms/step
Epoch 53/60
300/300 - 0s - loss: 1.5284 - 405ms/epoch - 1ms/step
Epoch 54/60
300/300 - 0s - loss: 1.5116 - 411ms/epoch - 1ms/step
Epoch 55/60
300/300 - 0s - loss: 1.5221 - 402ms/epoch - 1ms/step
Epoch 56/60
300/300 - 0s - loss: 1.5320 - 404ms/epoch - 1ms/step
Epoch 57/60
300/300 - 0s - loss: 1.5279 - 405ms/epoch - 1ms/step
Epoch 58/60
300/300 - 0s - loss: 1.5155 - 408ms/epoch - 1ms/step
Epoch 59/60
300/300 - 0s - loss: 1.5102 - 388ms/epoch - 1ms/step
Epoch 60/60
300/300 - 0s - loss: 1.4939 - 390ms/epoch - 1ms/step
training time: 25.23424530029297
(0.7704656584955151, 95171, 28353, 0, 10)
(0.6410910690717114, 14572, 8158, 0, 4)
training dataset size: 548
testing dataset size: 236
Epoch 1/60
300/300 - 1s - loss: 2.0056 - 1s/epoch - 4ms/step
Epoch 2/60
300/300 - 0s - loss: 1.8822 - 402ms/epoch - 1ms/step
Epoch 3/60
300/300 - 0s - loss: 1.8423 - 410ms/epoch - 1ms/step
Epoch 4/60
300/300 - 0s - loss: 1.7880 - 407ms/epoch - 1ms/step
Epoch 5/60
300/300 - 0s - loss: 1.7683 - 408ms/epoch - 1ms/step
Epoch 6/60
300/300 - 0s - loss: 1.7614 - 401ms/epoch - 1ms/step
Epoch 7/60
300/300 - 0s - loss: 1.7185 - 401ms/epoch - 1ms/step
Epoch 8/60
300/300 - 0s - loss: 1.7257 - 391ms/epoch - 1ms/step
Epoch 9/60
300/300 - 0s - loss: 1.7148 - 390ms/epoch - 1ms/step
Epoch 10/60
300/300 - 0s - loss: 1.7101 - 407ms/epoch - 1ms/step
Epoch 11/60
300/300 - 0s - loss: 1.6799 - 400ms/epoch - 1ms/step
Epoch 12/60
300/300 - 0s - loss: 1.6971 - 390ms/epoch - 1ms/step
Epoch 13/60
300/300 - 0s - loss: 1.6691 - 397ms/epoch - 1ms/step
Epoch 14/60
300/300 - 0s - loss: 1.6468 - 401ms/epoch - 1ms/step
Epoch 15/60
300/300 - 0s - loss: 1.6302 - 392ms/epoch - 1ms/step
Epoch 16/60
300/300 - 0s - loss: 1.6705 - 402ms/epoch - 1ms/step
Epoch 17/60
300/300 - 0s - loss: 1.6371 - 407ms/epoch - 1ms/step
Epoch 18/60
300/300 - 0s - loss: 1.6106 - 390ms/epoch - 1ms/step
Epoch 19/60
300/300 - 0s - loss: 1.6373 - 443ms/epoch - 1ms/step
Epoch 20/60
300/300 - 0s - loss: 1.6506 - 406ms/epoch - 1ms/step
Epoch 21/60
300/300 - 0s - loss: 1.6439 - 421ms/epoch - 1ms/step
Epoch 22/60
300/300 - 0s - loss: 1.6223 - 390ms/epoch - 1ms/step
Epoch 23/60
300/300 - 0s - loss: 1.6155 - 404ms/epoch - 1ms/step
Epoch 24/60
300/300 - 0s - loss: 1.6035 - 383ms/epoch - 1ms/step
Epoch 25/60
300/300 - 0s - loss: 1.6169 - 403ms/epoch - 1ms/step
Epoch 26/60
300/300 - 0s - loss: 1.5863 - 406ms/epoch - 1ms/step
Epoch 27/60
300/300 - 0s - loss: 1.5933 - 408ms/epoch - 1ms/step
Epoch 28/60
300/300 - 0s - loss: 1.6072 - 400ms/epoch - 1ms/step
Epoch 29/60
300/300 - 0s - loss: 1.5875 - 402ms/epoch - 1ms/step
Epoch 30/60
300/300 - 0s - loss: 1.5799 - 403ms/epoch - 1ms/step
Epoch 31/60
300/300 - 0s - loss: 1.5672 - 390ms/epoch - 1ms/step
Epoch 32/60
300/300 - 0s - loss: 1.6046 - 383ms/epoch - 1ms/step
Epoch 33/60
300/300 - 0s - loss: 1.5785 - 408ms/epoch - 1ms/step
Epoch 34/60
300/300 - 0s - loss: 1.5763 - 390ms/epoch - 1ms/step
Epoch 35/60
300/300 - 0s - loss: 1.5702 - 404ms/epoch - 1ms/step
Epoch 36/60
300/300 - 0s - loss: 1.5480 - 397ms/epoch - 1ms/step
Epoch 37/60
300/300 - 0s - loss: 1.5492 - 399ms/epoch - 1ms/step
Epoch 38/60
300/300 - 0s - loss: 1.5660 - 399ms/epoch - 1ms/step
Epoch 39/60
300/300 - 0s - loss: 1.5530 - 403ms/epoch - 1ms/step
Epoch 40/60
300/300 - 0s - loss: 1.5450 - 399ms/epoch - 1ms/step
Epoch 41/60
300/300 - 0s - loss: 1.5431 - 410ms/epoch - 1ms/step
Epoch 42/60
300/300 - 0s - loss: 1.5480 - 401ms/epoch - 1ms/step
Epoch 43/60
300/300 - 0s - loss: 1.5412 - 391ms/epoch - 1ms/step
Epoch 44/60
300/300 - 0s - loss: 1.5454 - 398ms/epoch - 1ms/step
Epoch 45/60
300/300 - 0s - loss: 1.5543 - 401ms/epoch - 1ms/step
Epoch 46/60
300/300 - 0s - loss: 1.5473 - 388ms/epoch - 1ms/step
Epoch 47/60
300/300 - 0s - loss: 1.5299 - 404ms/epoch - 1ms/step
Epoch 48/60
300/300 - 0s - loss: 1.5399 - 395ms/epoch - 1ms/step
Epoch 49/60
300/300 - 0s - loss: 1.5432 - 410ms/epoch - 1ms/step
Epoch 50/60
300/300 - 0s - loss: 1.5360 - 402ms/epoch - 1ms/step
Epoch 51/60
300/300 - 0s - loss: 1.5425 - 407ms/epoch - 1ms/step
Epoch 52/60
300/300 - 0s - loss: 1.5181 - 408ms/epoch - 1ms/step
Epoch 53/60
300/300 - 0s - loss: 1.5204 - 410ms/epoch - 1ms/step
Epoch 54/60
300/300 - 0s - loss: 1.5121 - 401ms/epoch - 1ms/step
Epoch 55/60
300/300 - 0s - loss: 1.5312 - 435ms/epoch - 1ms/step
Epoch 56/60
300/300 - 0s - loss: 1.5232 - 403ms/epoch - 1ms/step
Epoch 57/60
300/300 - 0s - loss: 1.5322 - 413ms/epoch - 1ms/step
Epoch 58/60
300/300 - 0s - loss: 1.5143 - 391ms/epoch - 1ms/step
Epoch 59/60
300/300 - 0s - loss: 1.5183 - 392ms/epoch - 1ms/step
Epoch 60/60
300/300 - 0s - loss: 1.5221 - 401ms/epoch - 1ms/step
training time: 25.14928889274597
(0.7633751745653221, 93473, 28974, 0, 15)
(0.6620147715561663, 15417, 7871, 0, 1)
training dataset size: 548
testing dataset size: 236
Epoch 1/60
300/300 - 1s - loss: 1.8637 - 1s/epoch - 4ms/step
Epoch 2/60
300/300 - 0s - loss: 1.8421 - 409ms/epoch - 1ms/step
Epoch 3/60
300/300 - 0s - loss: 1.7902 - 407ms/epoch - 1ms/step
Epoch 4/60
300/300 - 0s - loss: 1.7711 - 407ms/epoch - 1ms/step
Epoch 5/60
300/300 - 0s - loss: 1.7362 - 401ms/epoch - 1ms/step
Epoch 6/60
300/300 - 0s - loss: 1.7413 - 403ms/epoch - 1ms/step
Epoch 7/60
300/300 - 0s - loss: 1.7118 - 414ms/epoch - 1ms/step
Epoch 8/60
300/300 - 0s - loss: 1.7112 - 405ms/epoch - 1ms/step
Epoch 9/60
300/300 - 0s - loss: 1.7078 - 408ms/epoch - 1ms/step
Epoch 10/60
300/300 - 0s - loss: 1.6793 - 407ms/epoch - 1ms/step
Epoch 11/60
300/300 - 0s - loss: 1.6627 - 413ms/epoch - 1ms/step
Epoch 12/60
300/300 - 0s - loss: 1.6764 - 410ms/epoch - 1ms/step
Epoch 13/60
300/300 - 0s - loss: 1.6613 - 409ms/epoch - 1ms/step
Epoch 14/60
300/300 - 0s - loss: 1.6680 - 409ms/epoch - 1ms/step
Epoch 15/60
300/300 - 0s - loss: 1.6574 - 401ms/epoch - 1ms/step
Epoch 16/60
300/300 - 0s - loss: 1.6326 - 408ms/epoch - 1ms/step
Epoch 17/60
300/300 - 0s - loss: 1.6416 - 400ms/epoch - 1ms/step
Epoch 18/60
300/300 - 0s - loss: 1.6281 - 407ms/epoch - 1ms/step
Epoch 19/60
300/300 - 0s - loss: 1.6118 - 412ms/epoch - 1ms/step
Epoch 20/60
300/300 - 0s - loss: 1.6171 - 404ms/epoch - 1ms/step
Epoch 21/60
300/300 - 0s - loss: 1.6019 - 404ms/epoch - 1ms/step
Epoch 22/60
300/300 - 0s - loss: 1.6074 - 406ms/epoch - 1ms/step
Epoch 23/60
300/300 - 0s - loss: 1.6204 - 406ms/epoch - 1ms/step
Epoch 24/60
300/300 - 0s - loss: 1.6207 - 408ms/epoch - 1ms/step
Epoch 25/60
300/300 - 0s - loss: 1.6065 - 407ms/epoch - 1ms/step
Epoch 26/60
300/300 - 0s - loss: 1.6133 - 412ms/epoch - 1ms/step
Epoch 27/60
300/300 - 0s - loss: 1.6003 - 432ms/epoch - 1ms/step
Epoch 28/60
300/300 - 0s - loss: 1.5945 - 440ms/epoch - 1ms/step
Epoch 29/60
300/300 - 0s - loss: 1.5859 - 403ms/epoch - 1ms/step
Epoch 30/60
300/300 - 0s - loss: 1.5727 - 450ms/epoch - 1ms/step
Epoch 31/60
300/300 - 0s - loss: 1.5766 - 426ms/epoch - 1ms/step
Epoch 32/60
300/300 - 0s - loss: 1.5753 - 407ms/epoch - 1ms/step
Epoch 33/60
300/300 - 0s - loss: 1.5810 - 410ms/epoch - 1ms/step
Epoch 34/60
300/300 - 0s - loss: 1.5723 - 409ms/epoch - 1ms/step
Epoch 35/60
300/300 - 0s - loss: 1.5684 - 398ms/epoch - 1ms/step
Epoch 36/60
300/300 - 0s - loss: 1.5532 - 401ms/epoch - 1ms/step
Epoch 37/60
300/300 - 0s - loss: 1.5820 - 405ms/epoch - 1ms/step
Epoch 38/60
300/300 - 0s - loss: 1.5283 - 411ms/epoch - 1ms/step
Epoch 39/60
300/300 - 0s - loss: 1.5587 - 407ms/epoch - 1ms/step
Epoch 40/60
300/300 - 0s - loss: 1.5465 - 408ms/epoch - 1ms/step
Epoch 41/60
300/300 - 0s - loss: 1.5363 - 403ms/epoch - 1ms/step
Epoch 42/60
300/300 - 0s - loss: 1.5453 - 406ms/epoch - 1ms/step
Epoch 43/60
300/300 - 0s - loss: 1.5287 - 411ms/epoch - 1ms/step
Epoch 44/60
300/300 - 0s - loss: 1.5150 - 384ms/epoch - 1ms/step
Epoch 45/60
300/300 - 0s - loss: 1.5414 - 405ms/epoch - 1ms/step
Epoch 46/60
300/300 - 0s - loss: 1.5139 - 407ms/epoch - 1ms/step
Epoch 47/60
300/300 - 0s - loss: 1.5203 - 406ms/epoch - 1ms/step
Epoch 48/60
300/300 - 0s - loss: 1.5521 - 405ms/epoch - 1ms/step
Epoch 49/60
300/300 - 0s - loss: 1.5150 - 405ms/epoch - 1ms/step
Epoch 50/60
300/300 - 0s - loss: 1.5353 - 411ms/epoch - 1ms/step
Epoch 51/60
300/300 - 0s - loss: 1.5325 - 409ms/epoch - 1ms/step
Epoch 52/60
300/300 - 0s - loss: 1.5130 - 412ms/epoch - 1ms/step
Epoch 53/60
300/300 - 0s - loss: 1.5377 - 402ms/epoch - 1ms/step
Epoch 54/60
300/300 - 0s - loss: 1.4735 - 406ms/epoch - 1ms/step
Epoch 55/60
300/300 - 0s - loss: 1.5082 - 406ms/epoch - 1ms/step
Epoch 56/60
300/300 - 0s - loss: 1.4861 - 397ms/epoch - 1ms/step
Epoch 57/60
300/300 - 0s - loss: 1.4951 - 408ms/epoch - 1ms/step
Epoch 58/60
300/300 - 0s - loss: 1.4803 - 410ms/epoch - 1ms/step
Epoch 59/60
300/300 - 0s - loss: 1.4925 - 411ms/epoch - 1ms/step
Epoch 60/60
300/300 - 0s - loss: 1.5006 - 409ms/epoch - 1ms/step
training time: 25.540879726409912
(0.7759537083692277, 95478, 27568, 0, 12)
(0.6654323676758876, 15275, 7680, 0, 2)
0.7682338502720683
0.005341405713918272
0.6579702386273003
0.009821046521551254
