Epoch 1/60
300/300 - 1s - loss: 1.9177 - 1s/epoch - 4ms/step
Epoch 2/60
300/300 - 0s - loss: 1.8570 - 496ms/epoch - 2ms/step
Epoch 3/60
300/300 - 0s - loss: 1.8347 - 467ms/epoch - 2ms/step
Epoch 4/60
300/300 - 0s - loss: 1.8103 - 461ms/epoch - 2ms/step
Epoch 5/60
300/300 - 0s - loss: 1.7779 - 469ms/epoch - 2ms/step
Epoch 6/60
300/300 - 0s - loss: 1.7633 - 465ms/epoch - 2ms/step
Epoch 7/60
300/300 - 0s - loss: 1.7431 - 467ms/epoch - 2ms/step
Epoch 8/60
300/300 - 0s - loss: 1.7386 - 463ms/epoch - 2ms/step
Epoch 9/60
300/300 - 0s - loss: 1.7384 - 464ms/epoch - 2ms/step
Epoch 10/60
300/300 - 0s - loss: 1.7156 - 466ms/epoch - 2ms/step
Epoch 11/60
300/300 - 0s - loss: 1.7202 - 468ms/epoch - 2ms/step
Epoch 12/60
300/300 - 0s - loss: 1.7090 - 470ms/epoch - 2ms/step
Epoch 13/60
300/300 - 0s - loss: 1.7089 - 463ms/epoch - 2ms/step
Epoch 14/60
300/300 - 0s - loss: 1.7009 - 461ms/epoch - 2ms/step
Epoch 15/60
300/300 - 0s - loss: 1.6770 - 466ms/epoch - 2ms/step
Epoch 16/60
300/300 - 0s - loss: 1.6833 - 473ms/epoch - 2ms/step
Epoch 17/60
300/300 - 0s - loss: 1.7165 - 459ms/epoch - 2ms/step
Epoch 18/60
300/300 - 0s - loss: 1.6512 - 461ms/epoch - 2ms/step
Epoch 19/60
300/300 - 0s - loss: 1.6450 - 463ms/epoch - 2ms/step
Epoch 20/60
300/300 - 0s - loss: 1.6571 - 469ms/epoch - 2ms/step
Epoch 21/60
300/300 - 0s - loss: 1.6365 - 459ms/epoch - 2ms/step
Epoch 22/60
300/300 - 0s - loss: 1.6370 - 457ms/epoch - 2ms/step
Epoch 23/60
300/300 - 0s - loss: 1.6484 - 466ms/epoch - 2ms/step
Epoch 24/60
300/300 - 0s - loss: 1.6330 - 467ms/epoch - 2ms/step
Epoch 25/60
300/300 - 0s - loss: 1.6301 - 462ms/epoch - 2ms/step
Epoch 26/60
300/300 - 0s - loss: 1.6304 - 470ms/epoch - 2ms/step
Epoch 27/60
300/300 - 0s - loss: 1.6073 - 459ms/epoch - 2ms/step
Epoch 28/60
300/300 - 0s - loss: 1.6161 - 463ms/epoch - 2ms/step
Epoch 29/60
300/300 - 0s - loss: 1.5742 - 465ms/epoch - 2ms/step
Epoch 30/60
300/300 - 0s - loss: 1.5898 - 466ms/epoch - 2ms/step
Epoch 31/60
300/300 - 0s - loss: 1.5978 - 472ms/epoch - 2ms/step
Epoch 32/60
300/300 - 1s - loss: 1.5705 - 503ms/epoch - 2ms/step
Epoch 33/60
300/300 - 1s - loss: 1.5798 - 501ms/epoch - 2ms/step
Epoch 34/60
300/300 - 0s - loss: 1.5582 - 462ms/epoch - 2ms/step
Epoch 35/60
300/300 - 0s - loss: 1.5740 - 456ms/epoch - 2ms/step
Epoch 36/60
300/300 - 0s - loss: 1.5601 - 474ms/epoch - 2ms/step
Epoch 37/60
300/300 - 0s - loss: 1.5440 - 464ms/epoch - 2ms/step
Epoch 38/60
300/300 - 0s - loss: 1.5670 - 468ms/epoch - 2ms/step
Epoch 39/60
300/300 - 0s - loss: 1.5749 - 467ms/epoch - 2ms/step
Epoch 40/60
300/300 - 0s - loss: 1.5443 - 469ms/epoch - 2ms/step
Epoch 41/60
300/300 - 0s - loss: 1.5561 - 468ms/epoch - 2ms/step
Epoch 42/60
300/300 - 0s - loss: 1.5404 - 463ms/epoch - 2ms/step
Epoch 43/60
300/300 - 0s - loss: 1.5084 - 464ms/epoch - 2ms/step
Epoch 44/60
300/300 - 0s - loss: 1.5213 - 471ms/epoch - 2ms/step
Epoch 45/60
300/300 - 0s - loss: 1.5175 - 462ms/epoch - 2ms/step
Epoch 46/60
300/300 - 0s - loss: 1.5302 - 475ms/epoch - 2ms/step
Epoch 47/60
300/300 - 0s - loss: 1.4970 - 457ms/epoch - 2ms/step
Epoch 48/60
300/300 - 0s - loss: 1.5080 - 464ms/epoch - 2ms/step
Epoch 49/60
300/300 - 0s - loss: 1.5140 - 473ms/epoch - 2ms/step
Epoch 50/60
300/300 - 0s - loss: 1.5133 - 467ms/epoch - 2ms/step
Epoch 51/60
300/300 - 0s - loss: 1.4983 - 471ms/epoch - 2ms/step
Epoch 52/60
300/300 - 0s - loss: 1.4886 - 460ms/epoch - 2ms/step
Epoch 53/60
300/300 - 0s - loss: 1.4603 - 466ms/epoch - 2ms/step
Epoch 54/60
300/300 - 0s - loss: 1.4923 - 468ms/epoch - 2ms/step
Epoch 55/60
300/300 - 0s - loss: 1.4921 - 459ms/epoch - 2ms/step
Epoch 56/60
300/300 - 0s - loss: 1.4968 - 466ms/epoch - 2ms/step
Epoch 57/60
300/300 - 0s - loss: 1.4905 - 468ms/epoch - 2ms/step
Epoch 58/60
300/300 - 0s - loss: 1.4640 - 468ms/epoch - 2ms/step
Epoch 59/60
300/300 - 0s - loss: 1.4520 - 452ms/epoch - 2ms/step
Epoch 60/60
300/300 - 0s - loss: 1.4475 - 462ms/epoch - 2ms/step
training time: 29.31063985824585
(0.7975546996374935, 98565, 25019, 0, 8)
(0.6327656194846453, 14341, 8323, 0, 2)
Epoch 1/60
300/300 - 1s - loss: 1.9385 - 1s/epoch - 4ms/step
Epoch 2/60
300/300 - 1s - loss: 1.8465 - 593ms/epoch - 2ms/step
Epoch 3/60
300/300 - 1s - loss: 1.8230 - 589ms/epoch - 2ms/step
Epoch 4/60
300/300 - 1s - loss: 1.7775 - 589ms/epoch - 2ms/step
Epoch 5/60
300/300 - 1s - loss: 1.7732 - 587ms/epoch - 2ms/step
Epoch 6/60
300/300 - 1s - loss: 1.7631 - 593ms/epoch - 2ms/step
Epoch 7/60
300/300 - 1s - loss: 1.7392 - 586ms/epoch - 2ms/step
Epoch 8/60
300/300 - 1s - loss: 1.7141 - 535ms/epoch - 2ms/step
Epoch 9/60
300/300 - 0s - loss: 1.7205 - 478ms/epoch - 2ms/step
Epoch 10/60
300/300 - 0s - loss: 1.6985 - 468ms/epoch - 2ms/step
Epoch 11/60
300/300 - 0s - loss: 1.6931 - 463ms/epoch - 2ms/step
Epoch 12/60
300/300 - 0s - loss: 1.6854 - 452ms/epoch - 2ms/step
Epoch 13/60
300/300 - 0s - loss: 1.6825 - 451ms/epoch - 2ms/step
Epoch 14/60
300/300 - 0s - loss: 1.6822 - 465ms/epoch - 2ms/step
Epoch 15/60
300/300 - 0s - loss: 1.6818 - 472ms/epoch - 2ms/step
Epoch 16/60
300/300 - 0s - loss: 1.6399 - 474ms/epoch - 2ms/step
Epoch 17/60
300/300 - 0s - loss: 1.6556 - 474ms/epoch - 2ms/step
Epoch 18/60
300/300 - 0s - loss: 1.6550 - 472ms/epoch - 2ms/step
Epoch 19/60
300/300 - 0s - loss: 1.6717 - 475ms/epoch - 2ms/step
Epoch 20/60
300/300 - 0s - loss: 1.6441 - 473ms/epoch - 2ms/step
Epoch 21/60
300/300 - 0s - loss: 1.6249 - 470ms/epoch - 2ms/step
Epoch 22/60
300/300 - 0s - loss: 1.6389 - 471ms/epoch - 2ms/step
Epoch 23/60
300/300 - 0s - loss: 1.5957 - 469ms/epoch - 2ms/step
Epoch 24/60
300/300 - 0s - loss: 1.6291 - 462ms/epoch - 2ms/step
Epoch 25/60
300/300 - 0s - loss: 1.6104 - 476ms/epoch - 2ms/step
Epoch 26/60
300/300 - 0s - loss: 1.6114 - 453ms/epoch - 2ms/step
Epoch 27/60
300/300 - 0s - loss: 1.5921 - 475ms/epoch - 2ms/step
Epoch 28/60
300/300 - 0s - loss: 1.5849 - 465ms/epoch - 2ms/step
Epoch 29/60
300/300 - 1s - loss: 1.5873 - 506ms/epoch - 2ms/step
Epoch 30/60
300/300 - 1s - loss: 1.5962 - 516ms/epoch - 2ms/step
Epoch 31/60
300/300 - 0s - loss: 1.5887 - 468ms/epoch - 2ms/step
Epoch 32/60
300/300 - 0s - loss: 1.5794 - 467ms/epoch - 2ms/step
Epoch 33/60
300/300 - 0s - loss: 1.5539 - 471ms/epoch - 2ms/step
Epoch 34/60
300/300 - 0s - loss: 1.5511 - 479ms/epoch - 2ms/step
Epoch 35/60
300/300 - 0s - loss: 1.5769 - 470ms/epoch - 2ms/step
Epoch 36/60
300/300 - 0s - loss: 1.5612 - 468ms/epoch - 2ms/step
Epoch 37/60
300/300 - 0s - loss: 1.5648 - 477ms/epoch - 2ms/step
Epoch 38/60
300/300 - 0s - loss: 1.5457 - 478ms/epoch - 2ms/step
Epoch 39/60
300/300 - 1s - loss: 1.5545 - 506ms/epoch - 2ms/step
Epoch 40/60
300/300 - 0s - loss: 1.5398 - 486ms/epoch - 2ms/step
Epoch 41/60
300/300 - 0s - loss: 1.5378 - 482ms/epoch - 2ms/step
Epoch 42/60
300/300 - 0s - loss: 1.5267 - 479ms/epoch - 2ms/step
Epoch 43/60
300/300 - 0s - loss: 1.5255 - 475ms/epoch - 2ms/step
Epoch 44/60
300/300 - 0s - loss: 1.5141 - 465ms/epoch - 2ms/step
Epoch 45/60
300/300 - 0s - loss: 1.5273 - 464ms/epoch - 2ms/step
Epoch 46/60
300/300 - 0s - loss: 1.5166 - 478ms/epoch - 2ms/step
Epoch 47/60
300/300 - 0s - loss: 1.4972 - 457ms/epoch - 2ms/step
Epoch 48/60
300/300 - 0s - loss: 1.4893 - 471ms/epoch - 2ms/step
Epoch 49/60
300/300 - 0s - loss: 1.5235 - 460ms/epoch - 2ms/step
Epoch 50/60
300/300 - 0s - loss: 1.4891 - 453ms/epoch - 2ms/step
Epoch 51/60
300/300 - 0s - loss: 1.5019 - 476ms/epoch - 2ms/step
Epoch 52/60
300/300 - 0s - loss: 1.4997 - 475ms/epoch - 2ms/step
Epoch 53/60
300/300 - 0s - loss: 1.4817 - 455ms/epoch - 2ms/step
Epoch 54/60
300/300 - 0s - loss: 1.4780 - 476ms/epoch - 2ms/step
Epoch 55/60
300/300 - 0s - loss: 1.4990 - 459ms/epoch - 2ms/step
Epoch 56/60
300/300 - 1s - loss: 1.4973 - 514ms/epoch - 2ms/step
Epoch 57/60
300/300 - 0s - loss: 1.4699 - 477ms/epoch - 2ms/step
Epoch 58/60
300/300 - 0s - loss: 1.4474 - 481ms/epoch - 2ms/step
Epoch 59/60
300/300 - 0s - loss: 1.5034 - 499ms/epoch - 2ms/step
Epoch 60/60
300/300 - 0s - loss: 1.4720 - 490ms/epoch - 2ms/step
training time: 30.69475531578064
(0.7948900618503287, 98188, 25336, 0, 10)
(0.620149582050154, 14096, 8634, 0, 4)
Epoch 1/60
300/300 - 1s - loss: 2.0269 - 1s/epoch - 4ms/step
Epoch 2/60
300/300 - 0s - loss: 1.9268 - 452ms/epoch - 2ms/step
Epoch 3/60
300/300 - 0s - loss: 1.8754 - 450ms/epoch - 2ms/step
Epoch 4/60
300/300 - 0s - loss: 1.8440 - 451ms/epoch - 2ms/step
Epoch 5/60
300/300 - 0s - loss: 1.7889 - 471ms/epoch - 2ms/step
Epoch 6/60
300/300 - 0s - loss: 1.7749 - 461ms/epoch - 2ms/step
Epoch 7/60
300/300 - 0s - loss: 1.7586 - 450ms/epoch - 2ms/step
Epoch 8/60
300/300 - 0s - loss: 1.7325 - 455ms/epoch - 2ms/step
Epoch 9/60
300/300 - 0s - loss: 1.7203 - 468ms/epoch - 2ms/step
Epoch 10/60
300/300 - 0s - loss: 1.7274 - 458ms/epoch - 2ms/step
Epoch 11/60
300/300 - 0s - loss: 1.7521 - 476ms/epoch - 2ms/step
Epoch 12/60
300/300 - 0s - loss: 1.7077 - 462ms/epoch - 2ms/step
Epoch 13/60
300/300 - 0s - loss: 1.7127 - 460ms/epoch - 2ms/step
Epoch 14/60
300/300 - 0s - loss: 1.6813 - 450ms/epoch - 1ms/step
Epoch 15/60
300/300 - 0s - loss: 1.6833 - 462ms/epoch - 2ms/step
Epoch 16/60
300/300 - 0s - loss: 1.6912 - 468ms/epoch - 2ms/step
Epoch 17/60
300/300 - 0s - loss: 1.6812 - 472ms/epoch - 2ms/step
Epoch 18/60
300/300 - 0s - loss: 1.6612 - 463ms/epoch - 2ms/step
Epoch 19/60
300/300 - 0s - loss: 1.6612 - 472ms/epoch - 2ms/step
Epoch 20/60
300/300 - 0s - loss: 1.6557 - 464ms/epoch - 2ms/step
Epoch 21/60
300/300 - 0s - loss: 1.6433 - 462ms/epoch - 2ms/step
Epoch 22/60
300/300 - 0s - loss: 1.6579 - 469ms/epoch - 2ms/step
Epoch 23/60
300/300 - 0s - loss: 1.6311 - 471ms/epoch - 2ms/step
Epoch 24/60
300/300 - 0s - loss: 1.6112 - 465ms/epoch - 2ms/step
Epoch 25/60
300/300 - 0s - loss: 1.6227 - 459ms/epoch - 2ms/step
Epoch 26/60
300/300 - 1s - loss: 1.6130 - 503ms/epoch - 2ms/step
Epoch 27/60
300/300 - 0s - loss: 1.6225 - 466ms/epoch - 2ms/step
Epoch 28/60
300/300 - 0s - loss: 1.6289 - 492ms/epoch - 2ms/step
Epoch 29/60
300/300 - 0s - loss: 1.6111 - 477ms/epoch - 2ms/step
Epoch 30/60
300/300 - 0s - loss: 1.6177 - 466ms/epoch - 2ms/step
Epoch 31/60
300/300 - 0s - loss: 1.5997 - 452ms/epoch - 2ms/step
Epoch 32/60
300/300 - 0s - loss: 1.5878 - 458ms/epoch - 2ms/step
Epoch 33/60
300/300 - 0s - loss: 1.5954 - 468ms/epoch - 2ms/step
Epoch 34/60
300/300 - 0s - loss: 1.5710 - 460ms/epoch - 2ms/step
Epoch 35/60
300/300 - 0s - loss: 1.5703 - 452ms/epoch - 2ms/step
Epoch 36/60
300/300 - 0s - loss: 1.5796 - 472ms/epoch - 2ms/step
Epoch 37/60
300/300 - 0s - loss: 1.5854 - 471ms/epoch - 2ms/step
Epoch 38/60
300/300 - 0s - loss: 1.5638 - 470ms/epoch - 2ms/step
Epoch 39/60
300/300 - 0s - loss: 1.5499 - 469ms/epoch - 2ms/step
Epoch 40/60
300/300 - 0s - loss: 1.5241 - 460ms/epoch - 2ms/step
Epoch 41/60
300/300 - 0s - loss: 1.5486 - 472ms/epoch - 2ms/step
Epoch 42/60
300/300 - 0s - loss: 1.5028 - 464ms/epoch - 2ms/step
Epoch 43/60
300/300 - 0s - loss: 1.5374 - 474ms/epoch - 2ms/step
Epoch 44/60
300/300 - 0s - loss: 1.5195 - 459ms/epoch - 2ms/step
Epoch 45/60
300/300 - 0s - loss: 1.5316 - 464ms/epoch - 2ms/step
Epoch 46/60
300/300 - 0s - loss: 1.5380 - 464ms/epoch - 2ms/step
Epoch 47/60
300/300 - 0s - loss: 1.5075 - 470ms/epoch - 2ms/step
Epoch 48/60
300/300 - 0s - loss: 1.4966 - 458ms/epoch - 2ms/step
Epoch 49/60
300/300 - 0s - loss: 1.4848 - 460ms/epoch - 2ms/step
Epoch 50/60
300/300 - 0s - loss: 1.5127 - 472ms/epoch - 2ms/step
Epoch 51/60
300/300 - 0s - loss: 1.4828 - 463ms/epoch - 2ms/step
Epoch 52/60
300/300 - 0s - loss: 1.4923 - 475ms/epoch - 2ms/step
Epoch 53/60
300/300 - 0s - loss: 1.5004 - 475ms/epoch - 2ms/step
Epoch 54/60
300/300 - 0s - loss: 1.4865 - 476ms/epoch - 2ms/step
Epoch 55/60
300/300 - 0s - loss: 1.4572 - 466ms/epoch - 2ms/step
Epoch 56/60
300/300 - 0s - loss: 1.4703 - 477ms/epoch - 2ms/step
Epoch 57/60
300/300 - 0s - loss: 1.4807 - 492ms/epoch - 2ms/step
Epoch 58/60
300/300 - 1s - loss: 1.4549 - 501ms/epoch - 2ms/step
Epoch 59/60
300/300 - 0s - loss: 1.4477 - 473ms/epoch - 2ms/step
Epoch 60/60
300/300 - 0s - loss: 1.4489 - 462ms/epoch - 2ms/step
training time: 29.143344402313232
(0.7942211732423008, 97250, 25197, 0, 15)
(0.6273187907935417, 14609, 8679, 0, 1)
Epoch 1/60
300/300 - 1s - loss: 1.9848 - 1s/epoch - 4ms/step
Epoch 2/60
300/300 - 0s - loss: 1.9020 - 472ms/epoch - 2ms/step
Epoch 3/60
300/300 - 0s - loss: 1.8354 - 465ms/epoch - 2ms/step
Epoch 4/60
300/300 - 0s - loss: 1.8177 - 466ms/epoch - 2ms/step
Epoch 5/60
300/300 - 0s - loss: 1.8051 - 457ms/epoch - 2ms/step
Epoch 6/60
300/300 - 0s - loss: 1.7666 - 469ms/epoch - 2ms/step
Epoch 7/60
300/300 - 0s - loss: 1.7725 - 472ms/epoch - 2ms/step
Epoch 8/60
300/300 - 0s - loss: 1.7400 - 473ms/epoch - 2ms/step
Epoch 9/60
300/300 - 0s - loss: 1.7109 - 471ms/epoch - 2ms/step
Epoch 10/60
300/300 - 0s - loss: 1.7389 - 472ms/epoch - 2ms/step
Epoch 11/60
300/300 - 0s - loss: 1.7022 - 462ms/epoch - 2ms/step
Epoch 12/60
300/300 - 0s - loss: 1.7174 - 463ms/epoch - 2ms/step
Epoch 13/60
300/300 - 0s - loss: 1.6754 - 470ms/epoch - 2ms/step
Epoch 14/60
300/300 - 0s - loss: 1.6827 - 470ms/epoch - 2ms/step
Epoch 15/60
300/300 - 0s - loss: 1.6772 - 467ms/epoch - 2ms/step
Epoch 16/60
300/300 - 0s - loss: 1.6949 - 466ms/epoch - 2ms/step
Epoch 17/60
300/300 - 0s - loss: 1.6987 - 468ms/epoch - 2ms/step
Epoch 18/60
300/300 - 0s - loss: 1.6707 - 471ms/epoch - 2ms/step
Epoch 19/60
300/300 - 0s - loss: 1.6641 - 471ms/epoch - 2ms/step
Epoch 20/60
300/300 - 0s - loss: 1.6754 - 465ms/epoch - 2ms/step
Epoch 21/60
300/300 - 0s - loss: 1.6560 - 469ms/epoch - 2ms/step
Epoch 22/60
300/300 - 0s - loss: 1.6549 - 473ms/epoch - 2ms/step
Epoch 23/60
300/300 - 0s - loss: 1.6552 - 460ms/epoch - 2ms/step
Epoch 24/60
300/300 - 0s - loss: 1.6386 - 465ms/epoch - 2ms/step
Epoch 25/60
300/300 - 1s - loss: 1.6482 - 506ms/epoch - 2ms/step
Epoch 26/60
300/300 - 0s - loss: 1.6222 - 494ms/epoch - 2ms/step
Epoch 27/60
300/300 - 0s - loss: 1.6244 - 473ms/epoch - 2ms/step
Epoch 28/60
300/300 - 0s - loss: 1.6345 - 470ms/epoch - 2ms/step
Epoch 29/60
300/300 - 0s - loss: 1.6019 - 470ms/epoch - 2ms/step
Epoch 30/60
300/300 - 0s - loss: 1.6060 - 480ms/epoch - 2ms/step
Epoch 31/60
300/300 - 0s - loss: 1.6032 - 472ms/epoch - 2ms/step
Epoch 32/60
300/300 - 0s - loss: 1.5932 - 465ms/epoch - 2ms/step
Epoch 33/60
300/300 - 0s - loss: 1.5709 - 471ms/epoch - 2ms/step
Epoch 34/60
300/300 - 0s - loss: 1.5991 - 469ms/epoch - 2ms/step
Epoch 35/60
300/300 - 0s - loss: 1.6117 - 473ms/epoch - 2ms/step
Epoch 36/60
300/300 - 0s - loss: 1.5476 - 475ms/epoch - 2ms/step
Epoch 37/60
300/300 - 0s - loss: 1.5741 - 469ms/epoch - 2ms/step
Epoch 38/60
300/300 - 0s - loss: 1.5765 - 468ms/epoch - 2ms/step
Epoch 39/60
300/300 - 0s - loss: 1.5544 - 470ms/epoch - 2ms/step
Epoch 40/60
300/300 - 0s - loss: 1.5320 - 471ms/epoch - 2ms/step
Epoch 41/60
300/300 - 0s - loss: 1.5495 - 473ms/epoch - 2ms/step
Epoch 42/60
300/300 - 0s - loss: 1.5249 - 468ms/epoch - 2ms/step
Epoch 43/60
300/300 - 0s - loss: 1.5393 - 470ms/epoch - 2ms/step
Epoch 44/60
300/300 - 0s - loss: 1.5369 - 465ms/epoch - 2ms/step
Epoch 45/60
300/300 - 0s - loss: 1.5228 - 468ms/epoch - 2ms/step
Epoch 46/60
300/300 - 0s - loss: 1.5145 - 461ms/epoch - 2ms/step
Epoch 47/60
300/300 - 0s - loss: 1.5267 - 472ms/epoch - 2ms/step
Epoch 48/60
300/300 - 0s - loss: 1.5124 - 453ms/epoch - 2ms/step
Epoch 49/60
300/300 - 0s - loss: 1.5105 - 471ms/epoch - 2ms/step
Epoch 50/60
300/300 - 0s - loss: 1.5039 - 466ms/epoch - 2ms/step
Epoch 51/60
300/300 - 0s - loss: 1.5050 - 466ms/epoch - 2ms/step
Epoch 52/60
300/300 - 0s - loss: 1.4758 - 467ms/epoch - 2ms/step
Epoch 53/60
300/300 - 0s - loss: 1.4967 - 471ms/epoch - 2ms/step
Epoch 54/60
300/300 - 0s - loss: 1.4561 - 469ms/epoch - 2ms/step
Epoch 55/60
300/300 - 0s - loss: 1.4702 - 466ms/epoch - 2ms/step
Epoch 56/60
300/300 - 0s - loss: 1.4625 - 496ms/epoch - 2ms/step
Epoch 57/60
300/300 - 0s - loss: 1.4790 - 498ms/epoch - 2ms/step
Epoch 58/60
300/300 - 0s - loss: 1.4574 - 473ms/epoch - 2ms/step
Epoch 59/60
300/300 - 0s - loss: 1.4666 - 467ms/epoch - 2ms/step
Epoch 60/60
300/300 - 0s - loss: 1.4503 - 472ms/epoch - 2ms/step
training time: 29.35421633720398
(0.8017408123791102, 98651, 24395, 0, 12)
(0.6770638205184055, 15542, 7413, 0, 2)
0.7971016867773083
0.002954460612522442
0.6393244532116866
0.022243480835574335
