Epoch 1/60
300/300 - 2s - loss: 1.7942 - 2s/epoch - 5ms/step
Epoch 2/60
300/300 - 1s - loss: 1.7491 - 532ms/epoch - 2ms/step
Epoch 3/60
300/300 - 1s - loss: 1.7352 - 526ms/epoch - 2ms/step
Epoch 4/60
300/300 - 1s - loss: 1.7179 - 518ms/epoch - 2ms/step
Epoch 5/60
300/300 - 0s - loss: 1.7019 - 494ms/epoch - 2ms/step
Epoch 6/60
300/300 - 1s - loss: 1.6829 - 520ms/epoch - 2ms/step
Epoch 7/60
300/300 - 1s - loss: 1.6715 - 524ms/epoch - 2ms/step
Epoch 8/60
300/300 - 1s - loss: 1.6795 - 512ms/epoch - 2ms/step
Epoch 9/60
300/300 - 1s - loss: 1.6636 - 590ms/epoch - 2ms/step
Epoch 10/60
300/300 - 1s - loss: 1.6279 - 617ms/epoch - 2ms/step
Epoch 11/60
300/300 - 1s - loss: 1.6152 - 629ms/epoch - 2ms/step
Epoch 12/60
300/300 - 1s - loss: 1.6255 - 623ms/epoch - 2ms/step
Epoch 13/60
300/300 - 1s - loss: 1.6167 - 612ms/epoch - 2ms/step
Epoch 14/60
300/300 - 1s - loss: 1.6179 - 589ms/epoch - 2ms/step
Epoch 15/60
300/300 - 1s - loss: 1.5869 - 526ms/epoch - 2ms/step
Epoch 16/60
300/300 - 1s - loss: 1.5852 - 512ms/epoch - 2ms/step
Epoch 17/60
300/300 - 1s - loss: 1.5577 - 521ms/epoch - 2ms/step
Epoch 18/60
300/300 - 1s - loss: 1.5510 - 531ms/epoch - 2ms/step
Epoch 19/60
300/300 - 1s - loss: 1.5637 - 518ms/epoch - 2ms/step
Epoch 20/60
300/300 - 1s - loss: 1.5568 - 541ms/epoch - 2ms/step
Epoch 21/60
300/300 - 1s - loss: 1.5055 - 542ms/epoch - 2ms/step
Epoch 22/60
300/300 - 1s - loss: 1.5193 - 514ms/epoch - 2ms/step
Epoch 23/60
300/300 - 1s - loss: 1.4958 - 535ms/epoch - 2ms/step
Epoch 24/60
300/300 - 1s - loss: 1.5038 - 549ms/epoch - 2ms/step
Epoch 25/60
300/300 - 1s - loss: 1.4730 - 528ms/epoch - 2ms/step
Epoch 26/60
300/300 - 1s - loss: 1.4533 - 557ms/epoch - 2ms/step
Epoch 27/60
300/300 - 1s - loss: 1.4475 - 550ms/epoch - 2ms/step
Epoch 28/60
300/300 - 1s - loss: 1.4225 - 531ms/epoch - 2ms/step
Epoch 29/60
300/300 - 1s - loss: 1.4334 - 565ms/epoch - 2ms/step
Epoch 30/60
300/300 - 1s - loss: 1.4261 - 550ms/epoch - 2ms/step
Epoch 31/60
300/300 - 1s - loss: 1.3944 - 530ms/epoch - 2ms/step
Epoch 32/60
300/300 - 1s - loss: 1.3966 - 568ms/epoch - 2ms/step
Epoch 33/60
300/300 - 1s - loss: 1.4114 - 555ms/epoch - 2ms/step
Epoch 34/60
300/300 - 1s - loss: 1.4096 - 537ms/epoch - 2ms/step
Epoch 35/60
300/300 - 1s - loss: 1.3977 - 543ms/epoch - 2ms/step
Epoch 36/60
300/300 - 1s - loss: 1.3657 - 521ms/epoch - 2ms/step
Epoch 37/60
300/300 - 1s - loss: 1.3715 - 531ms/epoch - 2ms/step
Epoch 38/60
300/300 - 1s - loss: 1.3690 - 568ms/epoch - 2ms/step
Epoch 39/60
300/300 - 1s - loss: 1.3447 - 531ms/epoch - 2ms/step
Epoch 40/60
300/300 - 1s - loss: 1.3580 - 535ms/epoch - 2ms/step
Epoch 41/60
300/300 - 1s - loss: 1.3222 - 554ms/epoch - 2ms/step
Epoch 42/60
300/300 - 1s - loss: 1.3170 - 523ms/epoch - 2ms/step
Epoch 43/60
300/300 - 1s - loss: 1.3140 - 540ms/epoch - 2ms/step
Epoch 44/60
300/300 - 1s - loss: 1.3182 - 565ms/epoch - 2ms/step
Epoch 45/60
300/300 - 1s - loss: 1.3035 - 537ms/epoch - 2ms/step
Epoch 46/60
300/300 - 1s - loss: 1.3251 - 532ms/epoch - 2ms/step
Epoch 47/60
300/300 - 1s - loss: 1.3048 - 553ms/epoch - 2ms/step
Epoch 48/60
300/300 - 1s - loss: 1.2724 - 523ms/epoch - 2ms/step
Epoch 49/60
300/300 - 1s - loss: 1.2735 - 550ms/epoch - 2ms/step
Epoch 50/60
300/300 - 1s - loss: 1.3038 - 562ms/epoch - 2ms/step
Epoch 51/60
300/300 - 1s - loss: 1.2831 - 536ms/epoch - 2ms/step
Epoch 52/60
300/300 - 1s - loss: 1.2709 - 531ms/epoch - 2ms/step
Epoch 53/60
300/300 - 1s - loss: 1.2907 - 550ms/epoch - 2ms/step
Epoch 54/60
300/300 - 1s - loss: 1.2725 - 518ms/epoch - 2ms/step
Epoch 55/60
300/300 - 1s - loss: 1.2610 - 529ms/epoch - 2ms/step
Epoch 56/60
300/300 - 1s - loss: 1.2533 - 565ms/epoch - 2ms/step
Epoch 57/60
300/300 - 1s - loss: 1.2208 - 541ms/epoch - 2ms/step
Epoch 58/60
300/300 - 1s - loss: 1.2237 - 537ms/epoch - 2ms/step
Epoch 59/60
300/300 - 1s - loss: 1.2233 - 566ms/epoch - 2ms/step
Epoch 60/60
300/300 - 1s - loss: 1.2153 - 538ms/epoch - 2ms/step
training time: 34.18804860115051
(0.8957065639564992, 110695, 12889, 0, 8)
(0.5610660077656194, 12716, 9948, 0, 2)
Epoch 1/60
300/300 - 1s - loss: 2.1155 - 1s/epoch - 4ms/step
Epoch 2/60
300/300 - 1s - loss: 1.9593 - 554ms/epoch - 2ms/step
Epoch 3/60
300/300 - 1s - loss: 1.8619 - 530ms/epoch - 2ms/step
Epoch 4/60
300/300 - 1s - loss: 1.7988 - 556ms/epoch - 2ms/step
Epoch 5/60
300/300 - 1s - loss: 1.7630 - 552ms/epoch - 2ms/step
Epoch 6/60
300/300 - 1s - loss: 1.7477 - 522ms/epoch - 2ms/step
Epoch 7/60
300/300 - 1s - loss: 1.6980 - 559ms/epoch - 2ms/step
Epoch 8/60
300/300 - 1s - loss: 1.6619 - 554ms/epoch - 2ms/step
Epoch 9/60
300/300 - 1s - loss: 1.6783 - 522ms/epoch - 2ms/step
Epoch 10/60
300/300 - 1s - loss: 1.6605 - 559ms/epoch - 2ms/step
Epoch 11/60
300/300 - 1s - loss: 1.6212 - 555ms/epoch - 2ms/step
Epoch 12/60
300/300 - 1s - loss: 1.6077 - 511ms/epoch - 2ms/step
Epoch 13/60
300/300 - 1s - loss: 1.6186 - 560ms/epoch - 2ms/step
Epoch 14/60
300/300 - 1s - loss: 1.5856 - 547ms/epoch - 2ms/step
Epoch 15/60
300/300 - 1s - loss: 1.5609 - 517ms/epoch - 2ms/step
Epoch 16/60
300/300 - 1s - loss: 1.5737 - 554ms/epoch - 2ms/step
Epoch 17/60
300/300 - 1s - loss: 1.5578 - 535ms/epoch - 2ms/step
Epoch 18/60
300/300 - 1s - loss: 1.5455 - 527ms/epoch - 2ms/step
Epoch 19/60
300/300 - 1s - loss: 1.5454 - 562ms/epoch - 2ms/step
Epoch 20/60
300/300 - 1s - loss: 1.5128 - 559ms/epoch - 2ms/step
Epoch 21/60
300/300 - 1s - loss: 1.5134 - 563ms/epoch - 2ms/step
Epoch 22/60
300/300 - 1s - loss: 1.5085 - 554ms/epoch - 2ms/step
Epoch 23/60
300/300 - 1s - loss: 1.4892 - 521ms/epoch - 2ms/step
Epoch 24/60
300/300 - 1s - loss: 1.4874 - 593ms/epoch - 2ms/step
Epoch 25/60
300/300 - 1s - loss: 1.5195 - 558ms/epoch - 2ms/step
Epoch 26/60
300/300 - 1s - loss: 1.4520 - 533ms/epoch - 2ms/step
Epoch 27/60
300/300 - 1s - loss: 1.4316 - 543ms/epoch - 2ms/step
Epoch 28/60
300/300 - 1s - loss: 1.4106 - 547ms/epoch - 2ms/step
Epoch 29/60
300/300 - 1s - loss: 1.4221 - 540ms/epoch - 2ms/step
Epoch 30/60
300/300 - 1s - loss: 1.4308 - 618ms/epoch - 2ms/step
Epoch 31/60
300/300 - 1s - loss: 1.4228 - 597ms/epoch - 2ms/step
Epoch 32/60
300/300 - 1s - loss: 1.4223 - 524ms/epoch - 2ms/step
Epoch 33/60
300/300 - 1s - loss: 1.3827 - 561ms/epoch - 2ms/step
Epoch 34/60
300/300 - 1s - loss: 1.3755 - 563ms/epoch - 2ms/step
Epoch 35/60
300/300 - 1s - loss: 1.3795 - 552ms/epoch - 2ms/step
Epoch 36/60
300/300 - 1s - loss: 1.3704 - 553ms/epoch - 2ms/step
Epoch 37/60
300/300 - 1s - loss: 1.3671 - 552ms/epoch - 2ms/step
Epoch 38/60
300/300 - 1s - loss: 1.3395 - 520ms/epoch - 2ms/step
Epoch 39/60
300/300 - 1s - loss: 1.3427 - 550ms/epoch - 2ms/step
Epoch 40/60
300/300 - 1s - loss: 1.3050 - 577ms/epoch - 2ms/step
Epoch 41/60
300/300 - 1s - loss: 1.3125 - 520ms/epoch - 2ms/step
Epoch 42/60
300/300 - 1s - loss: 1.3157 - 548ms/epoch - 2ms/step
Epoch 43/60
300/300 - 1s - loss: 1.3061 - 563ms/epoch - 2ms/step
Epoch 44/60
300/300 - 1s - loss: 1.3281 - 521ms/epoch - 2ms/step
Epoch 45/60
300/300 - 1s - loss: 1.3081 - 561ms/epoch - 2ms/step
Epoch 46/60
300/300 - 1s - loss: 1.3082 - 561ms/epoch - 2ms/step
Epoch 47/60
300/300 - 1s - loss: 1.2966 - 531ms/epoch - 2ms/step
Epoch 48/60
300/300 - 1s - loss: 1.2937 - 543ms/epoch - 2ms/step
Epoch 49/60
300/300 - 1s - loss: 1.2787 - 567ms/epoch - 2ms/step
Epoch 50/60
300/300 - 1s - loss: 1.2878 - 535ms/epoch - 2ms/step
Epoch 51/60
300/300 - 1s - loss: 1.2622 - 542ms/epoch - 2ms/step
Epoch 52/60
300/300 - 1s - loss: 1.2244 - 555ms/epoch - 2ms/step
Epoch 53/60
300/300 - 1s - loss: 1.2531 - 537ms/epoch - 2ms/step
Epoch 54/60
300/300 - 1s - loss: 1.2159 - 524ms/epoch - 2ms/step
Epoch 55/60
300/300 - 1s - loss: 1.2570 - 568ms/epoch - 2ms/step
Epoch 56/60
300/300 - 1s - loss: 1.2361 - 534ms/epoch - 2ms/step
Epoch 57/60
300/300 - 1s - loss: 1.2116 - 581ms/epoch - 2ms/step
Epoch 58/60
300/300 - 1s - loss: 1.2246 - 572ms/epoch - 2ms/step
Epoch 59/60
300/300 - 1s - loss: 1.2119 - 536ms/epoch - 2ms/step
Epoch 60/60
300/300 - 1s - loss: 1.2043 - 544ms/epoch - 2ms/step
training time: 34.207643032073975
(0.8975988471875911, 110875, 12649, 0, 10)
(0.5343158820941487, 12145, 10585, 0, 4)
Epoch 1/60
300/300 - 1s - loss: 1.7959 - 1s/epoch - 4ms/step
Epoch 2/60
300/300 - 1s - loss: 1.7338 - 547ms/epoch - 2ms/step
Epoch 3/60
300/300 - 1s - loss: 1.7302 - 525ms/epoch - 2ms/step
Epoch 4/60
300/300 - 1s - loss: 1.7021 - 558ms/epoch - 2ms/step
Epoch 5/60
300/300 - 1s - loss: 1.6619 - 552ms/epoch - 2ms/step
Epoch 6/60
300/300 - 1s - loss: 1.6650 - 524ms/epoch - 2ms/step
Epoch 7/60
300/300 - 1s - loss: 1.6362 - 551ms/epoch - 2ms/step
Epoch 8/60
300/300 - 1s - loss: 1.5940 - 542ms/epoch - 2ms/step
Epoch 9/60
300/300 - 1s - loss: 1.6150 - 521ms/epoch - 2ms/step
Epoch 10/60
300/300 - 1s - loss: 1.5705 - 558ms/epoch - 2ms/step
Epoch 11/60
300/300 - 1s - loss: 1.5696 - 558ms/epoch - 2ms/step
Epoch 12/60
300/300 - 1s - loss: 1.5629 - 512ms/epoch - 2ms/step
Epoch 13/60
300/300 - 1s - loss: 1.5623 - 564ms/epoch - 2ms/step
Epoch 14/60
300/300 - 1s - loss: 1.5236 - 558ms/epoch - 2ms/step
Epoch 15/60
300/300 - 1s - loss: 1.5166 - 532ms/epoch - 2ms/step
Epoch 16/60
300/300 - 1s - loss: 1.4846 - 524ms/epoch - 2ms/step
Epoch 17/60
300/300 - 1s - loss: 1.4971 - 553ms/epoch - 2ms/step
Epoch 18/60
300/300 - 1s - loss: 1.4784 - 546ms/epoch - 2ms/step
Epoch 19/60
300/300 - 1s - loss: 1.4679 - 534ms/epoch - 2ms/step
Epoch 20/60
300/300 - 1s - loss: 1.4624 - 551ms/epoch - 2ms/step
Epoch 21/60
300/300 - 1s - loss: 1.4343 - 562ms/epoch - 2ms/step
Epoch 22/60
300/300 - 1s - loss: 1.4221 - 531ms/epoch - 2ms/step
Epoch 23/60
300/300 - 1s - loss: 1.4046 - 543ms/epoch - 2ms/step
Epoch 24/60
300/300 - 1s - loss: 1.4158 - 564ms/epoch - 2ms/step
Epoch 25/60
300/300 - 1s - loss: 1.3654 - 520ms/epoch - 2ms/step
Epoch 26/60
300/300 - 1s - loss: 1.3896 - 567ms/epoch - 2ms/step
Epoch 27/60
300/300 - 1s - loss: 1.3726 - 565ms/epoch - 2ms/step
Epoch 28/60
300/300 - 1s - loss: 1.3681 - 519ms/epoch - 2ms/step
Epoch 29/60
300/300 - 1s - loss: 1.3620 - 544ms/epoch - 2ms/step
Epoch 30/60
300/300 - 1s - loss: 1.3562 - 549ms/epoch - 2ms/step
Epoch 31/60
300/300 - 1s - loss: 1.3180 - 522ms/epoch - 2ms/step
Epoch 32/60
300/300 - 1s - loss: 1.3242 - 550ms/epoch - 2ms/step
Epoch 33/60
300/300 - 1s - loss: 1.3056 - 565ms/epoch - 2ms/step
Epoch 34/60
300/300 - 1s - loss: 1.3130 - 524ms/epoch - 2ms/step
Epoch 35/60
300/300 - 1s - loss: 1.2991 - 551ms/epoch - 2ms/step
Epoch 36/60
300/300 - 1s - loss: 1.3217 - 570ms/epoch - 2ms/step
Epoch 37/60
300/300 - 1s - loss: 1.2686 - 538ms/epoch - 2ms/step
Epoch 38/60
300/300 - 1s - loss: 1.2909 - 529ms/epoch - 2ms/step
Epoch 39/60
300/300 - 1s - loss: 1.2787 - 554ms/epoch - 2ms/step
Epoch 40/60
300/300 - 1s - loss: 1.3029 - 549ms/epoch - 2ms/step
Epoch 41/60
300/300 - 1s - loss: 1.2462 - 632ms/epoch - 2ms/step
Epoch 42/60
300/300 - 1s - loss: 1.2297 - 597ms/epoch - 2ms/step
Epoch 43/60
300/300 - 1s - loss: 1.2142 - 544ms/epoch - 2ms/step
Epoch 44/60
300/300 - 1s - loss: 1.2295 - 527ms/epoch - 2ms/step
Epoch 45/60
300/300 - 1s - loss: 1.2488 - 553ms/epoch - 2ms/step
Epoch 46/60
300/300 - 1s - loss: 1.2264 - 537ms/epoch - 2ms/step
Epoch 47/60
300/300 - 1s - loss: 1.2160 - 542ms/epoch - 2ms/step
Epoch 48/60
300/300 - 1s - loss: 1.2044 - 550ms/epoch - 2ms/step
Epoch 49/60
300/300 - 1s - loss: 1.2064 - 560ms/epoch - 2ms/step
Epoch 50/60
300/300 - 1s - loss: 1.2293 - 515ms/epoch - 2ms/step
Epoch 51/60
300/300 - 1s - loss: 1.1764 - 563ms/epoch - 2ms/step
Epoch 52/60
300/300 - 1s - loss: 1.1773 - 555ms/epoch - 2ms/step
Epoch 53/60
300/300 - 1s - loss: 1.1893 - 515ms/epoch - 2ms/step
Epoch 54/60
300/300 - 1s - loss: 1.1783 - 557ms/epoch - 2ms/step
Epoch 55/60
300/300 - 1s - loss: 1.1819 - 560ms/epoch - 2ms/step
Epoch 56/60
300/300 - 1s - loss: 1.1706 - 512ms/epoch - 2ms/step
Epoch 57/60
300/300 - 1s - loss: 1.1677 - 550ms/epoch - 2ms/step
Epoch 58/60
300/300 - 1s - loss: 1.1774 - 562ms/epoch - 2ms/step
Epoch 59/60
300/300 - 1s - loss: 1.1615 - 519ms/epoch - 2ms/step
Epoch 60/60
300/300 - 1s - loss: 1.1690 - 552ms/epoch - 2ms/step
training time: 34.022897481918335
(0.9043259532695779, 110732, 11715, 0, 15)
(0.5754895225008588, 13402, 9886, 0, 1)
Epoch 1/60
300/300 - 1s - loss: 1.9066 - 1s/epoch - 4ms/step
Epoch 2/60
300/300 - 1s - loss: 1.8021 - 545ms/epoch - 2ms/step
Epoch 3/60
300/300 - 1s - loss: 1.7415 - 556ms/epoch - 2ms/step
Epoch 4/60
300/300 - 1s - loss: 1.7219 - 528ms/epoch - 2ms/step
Epoch 5/60
300/300 - 1s - loss: 1.6965 - 541ms/epoch - 2ms/step
Epoch 6/60
300/300 - 1s - loss: 1.6898 - 555ms/epoch - 2ms/step
Epoch 7/60
300/300 - 1s - loss: 1.6451 - 536ms/epoch - 2ms/step
Epoch 8/60
300/300 - 1s - loss: 1.6295 - 530ms/epoch - 2ms/step
Epoch 9/60
300/300 - 1s - loss: 1.6401 - 556ms/epoch - 2ms/step
Epoch 10/60
300/300 - 1s - loss: 1.6352 - 540ms/epoch - 2ms/step
Epoch 11/60
300/300 - 1s - loss: 1.6181 - 520ms/epoch - 2ms/step
Epoch 12/60
300/300 - 1s - loss: 1.5992 - 551ms/epoch - 2ms/step
Epoch 13/60
300/300 - 1s - loss: 1.5949 - 549ms/epoch - 2ms/step
Epoch 14/60
300/300 - 1s - loss: 1.5684 - 527ms/epoch - 2ms/step
Epoch 15/60
300/300 - 1s - loss: 1.5457 - 556ms/epoch - 2ms/step
Epoch 16/60
300/300 - 1s - loss: 1.5279 - 537ms/epoch - 2ms/step
Epoch 17/60
300/300 - 1s - loss: 1.5133 - 524ms/epoch - 2ms/step
Epoch 18/60
300/300 - 1s - loss: 1.5058 - 547ms/epoch - 2ms/step
Epoch 19/60
300/300 - 1s - loss: 1.5014 - 558ms/epoch - 2ms/step
Epoch 20/60
300/300 - 1s - loss: 1.4887 - 514ms/epoch - 2ms/step
Epoch 21/60
300/300 - 1s - loss: 1.5003 - 562ms/epoch - 2ms/step
Epoch 22/60
300/300 - 1s - loss: 1.4842 - 557ms/epoch - 2ms/step
Epoch 23/60
300/300 - 1s - loss: 1.4413 - 503ms/epoch - 2ms/step
Epoch 24/60
300/300 - 1s - loss: 1.4439 - 554ms/epoch - 2ms/step
Epoch 25/60
300/300 - 1s - loss: 1.4449 - 544ms/epoch - 2ms/step
Epoch 26/60
300/300 - 1s - loss: 1.4485 - 506ms/epoch - 2ms/step
Epoch 27/60
300/300 - 1s - loss: 1.4022 - 547ms/epoch - 2ms/step
Epoch 28/60
300/300 - 1s - loss: 1.3853 - 555ms/epoch - 2ms/step
Epoch 29/60
300/300 - 0s - loss: 1.3986 - 447ms/epoch - 1ms/step
Epoch 30/60
300/300 - 1s - loss: 1.4036 - 521ms/epoch - 2ms/step
Epoch 31/60
300/300 - 0s - loss: 1.3771 - 494ms/epoch - 2ms/step
Epoch 32/60
300/300 - 1s - loss: 1.3491 - 507ms/epoch - 2ms/step
Epoch 33/60
300/300 - 1s - loss: 1.3594 - 552ms/epoch - 2ms/step
Epoch 34/60
300/300 - 1s - loss: 1.3572 - 533ms/epoch - 2ms/step
Epoch 35/60
300/300 - 1s - loss: 1.3583 - 541ms/epoch - 2ms/step
Epoch 36/60
300/300 - 1s - loss: 1.3224 - 564ms/epoch - 2ms/step
Epoch 37/60
300/300 - 1s - loss: 1.3192 - 550ms/epoch - 2ms/step
Epoch 38/60
300/300 - 1s - loss: 1.2947 - 521ms/epoch - 2ms/step
Epoch 39/60
300/300 - 1s - loss: 1.3147 - 587ms/epoch - 2ms/step
Epoch 40/60
300/300 - 1s - loss: 1.2877 - 548ms/epoch - 2ms/step
Epoch 41/60
300/300 - 1s - loss: 1.2770 - 527ms/epoch - 2ms/step
Epoch 42/60
300/300 - 1s - loss: 1.2845 - 550ms/epoch - 2ms/step
Epoch 43/60
300/300 - 1s - loss: 1.2481 - 560ms/epoch - 2ms/step
Epoch 44/60
300/300 - 0s - loss: 1.2531 - 498ms/epoch - 2ms/step
Epoch 45/60
300/300 - 1s - loss: 1.2530 - 544ms/epoch - 2ms/step
Epoch 46/60
300/300 - 1s - loss: 1.2573 - 546ms/epoch - 2ms/step
Epoch 47/60
300/300 - 1s - loss: 1.2324 - 528ms/epoch - 2ms/step
Epoch 48/60
300/300 - 1s - loss: 1.2033 - 556ms/epoch - 2ms/step
Epoch 49/60
300/300 - 1s - loss: 1.2433 - 556ms/epoch - 2ms/step
Epoch 50/60
300/300 - 1s - loss: 1.2197 - 517ms/epoch - 2ms/step
Epoch 51/60
300/300 - 1s - loss: 1.2089 - 559ms/epoch - 2ms/step
Epoch 52/60
300/300 - 1s - loss: 1.2039 - 568ms/epoch - 2ms/step
Epoch 53/60
300/300 - 1s - loss: 1.1831 - 615ms/epoch - 2ms/step
Epoch 54/60
300/300 - 1s - loss: 1.1912 - 576ms/epoch - 2ms/step
Epoch 55/60
300/300 - 1s - loss: 1.1700 - 551ms/epoch - 2ms/step
Epoch 56/60
300/300 - 1s - loss: 1.1926 - 534ms/epoch - 2ms/step
Epoch 57/60
300/300 - 1s - loss: 1.1993 - 569ms/epoch - 2ms/step
Epoch 58/60
300/300 - 1s - loss: 1.1642 - 545ms/epoch - 2ms/step
Epoch 59/60
300/300 - 1s - loss: 1.1495 - 516ms/epoch - 2ms/step
Epoch 60/60
300/300 - 1s - loss: 1.1464 - 560ms/epoch - 2ms/step
training time: 33.74287247657776
(0.9024673699266941, 111045, 12001, 0, 12)
(0.5147026791548682, 11815, 11140, 0, 2)
0.9000246835850905
0.0034999456001631457
0.5463935228788738
0.023516153967105942
