training dataset size: 548
testing dataset size: 236
Epoch 1/60
300/300 - 2s - loss: 2.2052 - 2s/epoch - 7ms/step
Epoch 2/60
300/300 - 1s - loss: 2.0527 - 688ms/epoch - 2ms/step
Epoch 3/60
300/300 - 1s - loss: 2.0175 - 679ms/epoch - 2ms/step
Epoch 4/60
300/300 - 1s - loss: 1.8917 - 674ms/epoch - 2ms/step
Epoch 5/60
300/300 - 1s - loss: 1.8529 - 672ms/epoch - 2ms/step
Epoch 6/60
300/300 - 1s - loss: 1.8278 - 675ms/epoch - 2ms/step
Epoch 7/60
300/300 - 1s - loss: 1.8253 - 674ms/epoch - 2ms/step
Epoch 8/60
300/300 - 1s - loss: 1.7844 - 678ms/epoch - 2ms/step
Epoch 9/60
300/300 - 1s - loss: 1.7637 - 677ms/epoch - 2ms/step
Epoch 10/60
300/300 - 1s - loss: 1.7463 - 674ms/epoch - 2ms/step
Epoch 11/60
300/300 - 1s - loss: 1.7344 - 668ms/epoch - 2ms/step
Epoch 12/60
300/300 - 1s - loss: 1.7074 - 667ms/epoch - 2ms/step
Epoch 13/60
300/300 - 1s - loss: 1.7297 - 668ms/epoch - 2ms/step
Epoch 14/60
300/300 - 1s - loss: 1.7115 - 675ms/epoch - 2ms/step
Epoch 15/60
300/300 - 1s - loss: 1.6869 - 684ms/epoch - 2ms/step
Epoch 16/60
300/300 - 1s - loss: 1.7167 - 667ms/epoch - 2ms/step
Epoch 17/60
300/300 - 1s - loss: 1.6937 - 672ms/epoch - 2ms/step
Epoch 18/60
300/300 - 1s - loss: 1.6780 - 672ms/epoch - 2ms/step
Epoch 19/60
300/300 - 1s - loss: 1.6953 - 670ms/epoch - 2ms/step
Epoch 20/60
300/300 - 1s - loss: 1.6639 - 666ms/epoch - 2ms/step
Epoch 21/60
300/300 - 1s - loss: 1.6409 - 668ms/epoch - 2ms/step
Epoch 22/60
300/300 - 1s - loss: 1.6267 - 669ms/epoch - 2ms/step
Epoch 23/60
300/300 - 1s - loss: 1.6619 - 668ms/epoch - 2ms/step
Epoch 24/60
300/300 - 1s - loss: 1.6384 - 667ms/epoch - 2ms/step
Epoch 25/60
300/300 - 1s - loss: 1.6102 - 669ms/epoch - 2ms/step
Epoch 26/60
300/300 - 1s - loss: 1.6361 - 665ms/epoch - 2ms/step
Epoch 27/60
300/300 - 1s - loss: 1.6137 - 668ms/epoch - 2ms/step
Epoch 28/60
300/300 - 1s - loss: 1.6224 - 661ms/epoch - 2ms/step
Epoch 29/60
300/300 - 1s - loss: 1.6080 - 668ms/epoch - 2ms/step
Epoch 30/60
300/300 - 1s - loss: 1.5855 - 672ms/epoch - 2ms/step
Epoch 31/60
300/300 - 1s - loss: 1.6061 - 670ms/epoch - 2ms/step
Epoch 32/60
300/300 - 1s - loss: 1.5963 - 667ms/epoch - 2ms/step
Epoch 33/60
300/300 - 1s - loss: 1.5840 - 669ms/epoch - 2ms/step
Epoch 34/60
300/300 - 1s - loss: 1.5858 - 667ms/epoch - 2ms/step
Epoch 35/60
300/300 - 1s - loss: 1.6162 - 670ms/epoch - 2ms/step
Epoch 36/60
300/300 - 1s - loss: 1.5583 - 668ms/epoch - 2ms/step
Epoch 37/60
300/300 - 1s - loss: 1.5769 - 667ms/epoch - 2ms/step
Epoch 38/60
300/300 - 1s - loss: 1.5467 - 666ms/epoch - 2ms/step
Epoch 39/60
300/300 - 1s - loss: 1.5778 - 670ms/epoch - 2ms/step
Epoch 40/60
300/300 - 1s - loss: 1.5237 - 674ms/epoch - 2ms/step
Epoch 41/60
300/300 - 1s - loss: 1.5316 - 676ms/epoch - 2ms/step
Epoch 42/60
300/300 - 1s - loss: 1.5522 - 673ms/epoch - 2ms/step
Epoch 43/60
300/300 - 1s - loss: 1.5467 - 658ms/epoch - 2ms/step
Epoch 44/60
300/300 - 1s - loss: 1.5388 - 668ms/epoch - 2ms/step
Epoch 45/60
300/300 - 1s - loss: 1.5518 - 670ms/epoch - 2ms/step
Epoch 46/60
300/300 - 1s - loss: 1.5550 - 669ms/epoch - 2ms/step
Epoch 47/60
300/300 - 1s - loss: 1.5273 - 663ms/epoch - 2ms/step
Epoch 48/60
300/300 - 1s - loss: 1.5623 - 673ms/epoch - 2ms/step
Epoch 49/60
300/300 - 1s - loss: 1.5105 - 674ms/epoch - 2ms/step
Epoch 50/60
300/300 - 1s - loss: 1.5431 - 668ms/epoch - 2ms/step
Epoch 51/60
300/300 - 1s - loss: 1.5218 - 668ms/epoch - 2ms/step
Epoch 52/60
300/300 - 1s - loss: 1.5595 - 668ms/epoch - 2ms/step
Epoch 53/60
300/300 - 1s - loss: 1.5319 - 674ms/epoch - 2ms/step
Epoch 54/60
300/300 - 1s - loss: 1.5259 - 671ms/epoch - 2ms/step
Epoch 55/60
300/300 - 1s - loss: 1.5073 - 667ms/epoch - 2ms/step
Epoch 56/60
300/300 - 1s - loss: 1.4873 - 667ms/epoch - 2ms/step
Epoch 57/60
300/300 - 1s - loss: 1.5181 - 664ms/epoch - 2ms/step
Epoch 58/60
300/300 - 1s - loss: 1.5196 - 668ms/epoch - 2ms/step
Epoch 59/60
300/300 - 1s - loss: 1.5054 - 670ms/epoch - 2ms/step
Epoch 60/60
300/300 - 1s - loss: 1.5030 - 674ms/epoch - 2ms/step
training time: 42.375576972961426
(0.7801252589331953, 96411, 27173, 0, 8)
(0.6404429932933287, 14515, 8149, 0, 2)
training dataset size: 548
testing dataset size: 236
Epoch 1/60
300/300 - 2s - loss: 2.0902 - 2s/epoch - 6ms/step
Epoch 2/60
300/300 - 1s - loss: 1.9995 - 680ms/epoch - 2ms/step
Epoch 3/60
300/300 - 1s - loss: 1.9337 - 681ms/epoch - 2ms/step
Epoch 4/60
300/300 - 1s - loss: 1.8640 - 683ms/epoch - 2ms/step
Epoch 5/60
300/300 - 1s - loss: 1.8100 - 680ms/epoch - 2ms/step
Epoch 6/60
300/300 - 1s - loss: 1.8051 - 682ms/epoch - 2ms/step
Epoch 7/60
300/300 - 1s - loss: 1.7988 - 676ms/epoch - 2ms/step
Epoch 8/60
300/300 - 1s - loss: 1.7569 - 679ms/epoch - 2ms/step
Epoch 9/60
300/300 - 1s - loss: 1.7322 - 668ms/epoch - 2ms/step
Epoch 10/60
300/300 - 1s - loss: 1.7214 - 681ms/epoch - 2ms/step
Epoch 11/60
300/300 - 1s - loss: 1.7224 - 680ms/epoch - 2ms/step
Epoch 12/60
300/300 - 1s - loss: 1.7010 - 675ms/epoch - 2ms/step
Epoch 13/60
300/300 - 1s - loss: 1.6973 - 676ms/epoch - 2ms/step
Epoch 14/60
300/300 - 1s - loss: 1.6857 - 675ms/epoch - 2ms/step
Epoch 15/60
300/300 - 1s - loss: 1.6692 - 676ms/epoch - 2ms/step
Epoch 16/60
300/300 - 1s - loss: 1.6841 - 679ms/epoch - 2ms/step
Epoch 17/60
300/300 - 1s - loss: 1.6325 - 679ms/epoch - 2ms/step
Epoch 18/60
300/300 - 1s - loss: 1.6394 - 681ms/epoch - 2ms/step
Epoch 19/60
300/300 - 1s - loss: 1.6447 - 674ms/epoch - 2ms/step
Epoch 20/60
300/300 - 1s - loss: 1.6554 - 674ms/epoch - 2ms/step
Epoch 21/60
300/300 - 1s - loss: 1.6234 - 672ms/epoch - 2ms/step
Epoch 22/60
300/300 - 1s - loss: 1.6301 - 679ms/epoch - 2ms/step
Epoch 23/60
300/300 - 1s - loss: 1.5971 - 673ms/epoch - 2ms/step
Epoch 24/60
300/300 - 1s - loss: 1.6022 - 677ms/epoch - 2ms/step
Epoch 25/60
300/300 - 1s - loss: 1.6176 - 673ms/epoch - 2ms/step
Epoch 26/60
300/300 - 1s - loss: 1.6235 - 674ms/epoch - 2ms/step
Epoch 27/60
300/300 - 1s - loss: 1.6120 - 676ms/epoch - 2ms/step
Epoch 28/60
300/300 - 1s - loss: 1.6000 - 673ms/epoch - 2ms/step
Epoch 29/60
300/300 - 1s - loss: 1.6039 - 677ms/epoch - 2ms/step
Epoch 30/60
300/300 - 1s - loss: 1.5851 - 668ms/epoch - 2ms/step
Epoch 31/60
300/300 - 1s - loss: 1.5665 - 672ms/epoch - 2ms/step
Epoch 32/60
300/300 - 1s - loss: 1.5662 - 677ms/epoch - 2ms/step
Epoch 33/60
300/300 - 1s - loss: 1.5695 - 672ms/epoch - 2ms/step
Epoch 34/60
300/300 - 1s - loss: 1.5714 - 677ms/epoch - 2ms/step
Epoch 35/60
300/300 - 1s - loss: 1.5627 - 672ms/epoch - 2ms/step
Epoch 36/60
300/300 - 1s - loss: 1.5707 - 679ms/epoch - 2ms/step
Epoch 37/60
300/300 - 1s - loss: 1.5441 - 676ms/epoch - 2ms/step
Epoch 38/60
300/300 - 1s - loss: 1.5622 - 674ms/epoch - 2ms/step
Epoch 39/60
300/300 - 1s - loss: 1.5580 - 673ms/epoch - 2ms/step
Epoch 40/60
300/300 - 1s - loss: 1.5295 - 672ms/epoch - 2ms/step
Epoch 41/60
300/300 - 1s - loss: 1.5470 - 671ms/epoch - 2ms/step
Epoch 42/60
300/300 - 1s - loss: 1.5482 - 674ms/epoch - 2ms/step
Epoch 43/60
300/300 - 1s - loss: 1.5441 - 672ms/epoch - 2ms/step
Epoch 44/60
300/300 - 1s - loss: 1.5502 - 678ms/epoch - 2ms/step
Epoch 45/60
300/300 - 1s - loss: 1.5197 - 672ms/epoch - 2ms/step
Epoch 46/60
300/300 - 1s - loss: 1.5353 - 673ms/epoch - 2ms/step
Epoch 47/60
300/300 - 1s - loss: 1.5025 - 675ms/epoch - 2ms/step
Epoch 48/60
300/300 - 1s - loss: 1.5196 - 673ms/epoch - 2ms/step
Epoch 49/60
300/300 - 1s - loss: 1.5093 - 678ms/epoch - 2ms/step
Epoch 50/60
300/300 - 1s - loss: 1.5196 - 672ms/epoch - 2ms/step
Epoch 51/60
300/300 - 1s - loss: 1.5102 - 675ms/epoch - 2ms/step
Epoch 52/60
300/300 - 1s - loss: 1.5045 - 673ms/epoch - 2ms/step
Epoch 53/60
300/300 - 1s - loss: 1.5108 - 676ms/epoch - 2ms/step
Epoch 54/60
300/300 - 1s - loss: 1.4798 - 668ms/epoch - 2ms/step
Epoch 55/60
300/300 - 1s - loss: 1.4947 - 673ms/epoch - 2ms/step
Epoch 56/60
300/300 - 1s - loss: 1.4907 - 675ms/epoch - 2ms/step
Epoch 57/60
300/300 - 1s - loss: 1.4917 - 671ms/epoch - 2ms/step
Epoch 58/60
300/300 - 1s - loss: 1.4977 - 674ms/epoch - 2ms/step
Epoch 59/60
300/300 - 1s - loss: 1.4892 - 676ms/epoch - 2ms/step
Epoch 60/60
300/300 - 1s - loss: 1.4791 - 675ms/epoch - 2ms/step
training time: 42.17116594314575
(0.7921375603121661, 97848, 25676, 0, 10)
(0.6543334799824021, 14873, 7857, 0, 4)
training dataset size: 548
testing dataset size: 236
Epoch 1/60
300/300 - 2s - loss: 1.7586 - 2s/epoch - 6ms/step
Epoch 2/60
300/300 - 1s - loss: 1.7647 - 692ms/epoch - 2ms/step
Epoch 3/60
300/300 - 1s - loss: 1.7220 - 700ms/epoch - 2ms/step
Epoch 4/60
300/300 - 1s - loss: 1.7172 - 690ms/epoch - 2ms/step
Epoch 5/60
300/300 - 1s - loss: 1.7118 - 688ms/epoch - 2ms/step
Epoch 6/60
300/300 - 1s - loss: 1.6947 - 686ms/epoch - 2ms/step
Epoch 7/60
300/300 - 1s - loss: 1.6942 - 688ms/epoch - 2ms/step
Epoch 8/60
300/300 - 1s - loss: 1.7274 - 689ms/epoch - 2ms/step
Epoch 9/60
300/300 - 1s - loss: 1.6631 - 689ms/epoch - 2ms/step
Epoch 10/60
300/300 - 1s - loss: 1.6870 - 691ms/epoch - 2ms/step
Epoch 11/60
300/300 - 1s - loss: 1.6675 - 691ms/epoch - 2ms/step
Epoch 12/60
300/300 - 1s - loss: 1.6558 - 686ms/epoch - 2ms/step
Epoch 13/60
300/300 - 1s - loss: 1.6683 - 687ms/epoch - 2ms/step
Epoch 14/60
300/300 - 1s - loss: 1.6700 - 689ms/epoch - 2ms/step
Epoch 15/60
300/300 - 1s - loss: 1.6451 - 689ms/epoch - 2ms/step
Epoch 16/60
300/300 - 1s - loss: 1.6212 - 689ms/epoch - 2ms/step
Epoch 17/60
300/300 - 1s - loss: 1.6277 - 689ms/epoch - 2ms/step
Epoch 18/60
300/300 - 1s - loss: 1.6117 - 687ms/epoch - 2ms/step
Epoch 19/60
300/300 - 1s - loss: 1.6251 - 689ms/epoch - 2ms/step
Epoch 20/60
300/300 - 1s - loss: 1.6087 - 688ms/epoch - 2ms/step
Epoch 21/60
300/300 - 1s - loss: 1.6165 - 691ms/epoch - 2ms/step
Epoch 22/60
300/300 - 1s - loss: 1.5894 - 692ms/epoch - 2ms/step
Epoch 23/60
300/300 - 1s - loss: 1.5958 - 692ms/epoch - 2ms/step
Epoch 24/60
300/300 - 1s - loss: 1.5898 - 689ms/epoch - 2ms/step
Epoch 25/60
300/300 - 1s - loss: 1.5666 - 685ms/epoch - 2ms/step
Epoch 26/60
300/300 - 1s - loss: 1.5639 - 688ms/epoch - 2ms/step
Epoch 27/60
300/300 - 1s - loss: 1.5334 - 687ms/epoch - 2ms/step
Epoch 28/60
300/300 - 1s - loss: 1.5790 - 690ms/epoch - 2ms/step
Epoch 29/60
300/300 - 1s - loss: 1.5561 - 690ms/epoch - 2ms/step
Epoch 30/60
300/300 - 1s - loss: 1.5705 - 689ms/epoch - 2ms/step
Epoch 31/60
300/300 - 1s - loss: 1.5462 - 687ms/epoch - 2ms/step
Epoch 32/60
300/300 - 1s - loss: 1.5634 - 686ms/epoch - 2ms/step
Epoch 33/60
300/300 - 1s - loss: 1.5366 - 688ms/epoch - 2ms/step
Epoch 34/60
300/300 - 1s - loss: 1.5531 - 690ms/epoch - 2ms/step
Epoch 35/60
300/300 - 1s - loss: 1.5122 - 689ms/epoch - 2ms/step
Epoch 36/60
300/300 - 1s - loss: 1.5432 - 686ms/epoch - 2ms/step
Epoch 37/60
300/300 - 1s - loss: 1.5287 - 686ms/epoch - 2ms/step
Epoch 38/60
300/300 - 1s - loss: 1.5294 - 684ms/epoch - 2ms/step
Epoch 39/60
300/300 - 1s - loss: 1.5274 - 686ms/epoch - 2ms/step
Epoch 40/60
300/300 - 1s - loss: 1.5101 - 688ms/epoch - 2ms/step
Epoch 41/60
300/300 - 1s - loss: 1.5098 - 683ms/epoch - 2ms/step
Epoch 42/60
300/300 - 1s - loss: 1.4950 - 688ms/epoch - 2ms/step
Epoch 43/60
300/300 - 1s - loss: 1.5070 - 692ms/epoch - 2ms/step
Epoch 44/60
300/300 - 1s - loss: 1.4922 - 691ms/epoch - 2ms/step
Epoch 45/60
300/300 - 1s - loss: 1.4979 - 691ms/epoch - 2ms/step
Epoch 46/60
300/300 - 1s - loss: 1.4882 - 688ms/epoch - 2ms/step
Epoch 47/60
300/300 - 1s - loss: 1.5097 - 687ms/epoch - 2ms/step
Epoch 48/60
300/300 - 1s - loss: 1.5002 - 689ms/epoch - 2ms/step
Epoch 49/60
300/300 - 1s - loss: 1.4583 - 686ms/epoch - 2ms/step
Epoch 50/60
300/300 - 1s - loss: 1.4926 - 687ms/epoch - 2ms/step
Epoch 51/60
300/300 - 1s - loss: 1.4742 - 688ms/epoch - 2ms/step
Epoch 52/60
300/300 - 1s - loss: 1.4757 - 686ms/epoch - 2ms/step
Epoch 53/60
300/300 - 1s - loss: 1.4723 - 686ms/epoch - 2ms/step
Epoch 54/60
300/300 - 1s - loss: 1.4252 - 689ms/epoch - 2ms/step
Epoch 55/60
300/300 - 1s - loss: 1.4619 - 684ms/epoch - 2ms/step
Epoch 56/60
300/300 - 1s - loss: 1.4744 - 694ms/epoch - 2ms/step
Epoch 57/60
300/300 - 1s - loss: 1.4609 - 693ms/epoch - 2ms/step
Epoch 58/60
300/300 - 1s - loss: 1.4346 - 690ms/epoch - 2ms/step
Epoch 59/60
300/300 - 1s - loss: 1.4540 - 693ms/epoch - 2ms/step
Epoch 60/60
300/300 - 1s - loss: 1.4269 - 691ms/epoch - 2ms/step
training time: 42.974297285079956
(0.8013017877122347, 98117, 24330, 0, 15)
(0.6491755410511851, 15118, 8170, 0, 1)
training dataset size: 548
testing dataset size: 236
Epoch 1/60
300/300 - 2s - loss: 2.2766 - 2s/epoch - 6ms/step
Epoch 2/60
300/300 - 1s - loss: 2.1132 - 683ms/epoch - 2ms/step
Epoch 3/60
300/300 - 1s - loss: 2.0443 - 688ms/epoch - 2ms/step
Epoch 4/60
300/300 - 1s - loss: 1.9341 - 689ms/epoch - 2ms/step
Epoch 5/60
300/300 - 1s - loss: 1.9261 - 686ms/epoch - 2ms/step
Epoch 6/60
300/300 - 1s - loss: 1.8297 - 687ms/epoch - 2ms/step
Epoch 7/60
300/300 - 1s - loss: 1.8387 - 685ms/epoch - 2ms/step
Epoch 8/60
300/300 - 1s - loss: 1.7781 - 688ms/epoch - 2ms/step
Epoch 9/60
300/300 - 1s - loss: 1.7895 - 682ms/epoch - 2ms/step
Epoch 10/60
300/300 - 1s - loss: 1.7573 - 684ms/epoch - 2ms/step
Epoch 11/60
300/300 - 1s - loss: 1.7547 - 672ms/epoch - 2ms/step
Epoch 12/60
300/300 - 1s - loss: 1.7347 - 679ms/epoch - 2ms/step
Epoch 13/60
300/300 - 1s - loss: 1.7185 - 682ms/epoch - 2ms/step
Epoch 14/60
300/300 - 1s - loss: 1.7020 - 681ms/epoch - 2ms/step
Epoch 15/60
300/300 - 1s - loss: 1.6901 - 682ms/epoch - 2ms/step
Epoch 16/60
300/300 - 1s - loss: 1.7039 - 683ms/epoch - 2ms/step
Epoch 17/60
300/300 - 1s - loss: 1.6695 - 681ms/epoch - 2ms/step
Epoch 18/60
300/300 - 1s - loss: 1.6750 - 685ms/epoch - 2ms/step
Epoch 19/60
300/300 - 1s - loss: 1.6511 - 682ms/epoch - 2ms/step
Epoch 20/60
300/300 - 1s - loss: 1.6703 - 683ms/epoch - 2ms/step
Epoch 21/60
300/300 - 1s - loss: 1.6421 - 682ms/epoch - 2ms/step
Epoch 22/60
300/300 - 1s - loss: 1.6660 - 684ms/epoch - 2ms/step
Epoch 23/60
300/300 - 1s - loss: 1.6090 - 678ms/epoch - 2ms/step
Epoch 24/60
300/300 - 1s - loss: 1.6397 - 685ms/epoch - 2ms/step
Epoch 25/60
300/300 - 1s - loss: 1.6402 - 685ms/epoch - 2ms/step
Epoch 26/60
300/300 - 1s - loss: 1.6173 - 684ms/epoch - 2ms/step
Epoch 27/60
300/300 - 1s - loss: 1.6220 - 681ms/epoch - 2ms/step
Epoch 28/60
300/300 - 1s - loss: 1.6010 - 685ms/epoch - 2ms/step
Epoch 29/60
300/300 - 1s - loss: 1.5861 - 690ms/epoch - 2ms/step
Epoch 30/60
300/300 - 1s - loss: 1.5861 - 686ms/epoch - 2ms/step
Epoch 31/60
300/300 - 1s - loss: 1.5968 - 683ms/epoch - 2ms/step
Epoch 32/60
300/300 - 1s - loss: 1.5719 - 682ms/epoch - 2ms/step
Epoch 33/60
300/300 - 1s - loss: 1.5940 - 673ms/epoch - 2ms/step
Epoch 34/60
300/300 - 1s - loss: 1.5867 - 683ms/epoch - 2ms/step
Epoch 35/60
300/300 - 1s - loss: 1.5797 - 679ms/epoch - 2ms/step
Epoch 36/60
300/300 - 1s - loss: 1.5654 - 675ms/epoch - 2ms/step
Epoch 37/60
300/300 - 1s - loss: 1.5623 - 684ms/epoch - 2ms/step
Epoch 38/60
300/300 - 1s - loss: 1.5720 - 681ms/epoch - 2ms/step
Epoch 39/60
300/300 - 1s - loss: 1.5578 - 682ms/epoch - 2ms/step
Epoch 40/60
300/300 - 1s - loss: 1.5297 - 680ms/epoch - 2ms/step
Epoch 41/60
300/300 - 1s - loss: 1.5513 - 680ms/epoch - 2ms/step
Epoch 42/60
300/300 - 1s - loss: 1.5448 - 683ms/epoch - 2ms/step
Epoch 43/60
300/300 - 1s - loss: 1.5425 - 685ms/epoch - 2ms/step
Epoch 44/60
300/300 - 1s - loss: 1.5526 - 683ms/epoch - 2ms/step
Epoch 45/60
300/300 - 1s - loss: 1.5263 - 683ms/epoch - 2ms/step
Epoch 46/60
300/300 - 1s - loss: 1.4947 - 680ms/epoch - 2ms/step
Epoch 47/60
300/300 - 1s - loss: 1.5231 - 684ms/epoch - 2ms/step
Epoch 48/60
300/300 - 1s - loss: 1.5032 - 684ms/epoch - 2ms/step
Epoch 49/60
300/300 - 1s - loss: 1.5359 - 681ms/epoch - 2ms/step
Epoch 50/60
300/300 - 1s - loss: 1.5093 - 681ms/epoch - 2ms/step
Epoch 51/60
300/300 - 1s - loss: 1.5013 - 682ms/epoch - 2ms/step
Epoch 52/60
300/300 - 1s - loss: 1.5211 - 682ms/epoch - 2ms/step
Epoch 53/60
300/300 - 1s - loss: 1.5023 - 680ms/epoch - 2ms/step
Epoch 54/60
300/300 - 1s - loss: 1.4712 - 680ms/epoch - 2ms/step
Epoch 55/60
300/300 - 1s - loss: 1.5033 - 684ms/epoch - 2ms/step
Epoch 56/60
300/300 - 1s - loss: 1.4874 - 680ms/epoch - 2ms/step
Epoch 57/60
300/300 - 1s - loss: 1.4806 - 680ms/epoch - 2ms/step
Epoch 58/60
300/300 - 1s - loss: 1.4602 - 679ms/epoch - 2ms/step
Epoch 59/60
300/300 - 1s - loss: 1.4760 - 681ms/epoch - 2ms/step
Epoch 60/60
300/300 - 1s - loss: 1.4703 - 680ms/epoch - 2ms/step
training time: 42.59956216812134
(0.7902329210214066, 97235, 25811, 0, 12)
(0.6584186451753431, 15114, 7841, 0, 2)
0.7909493819947507
0.0075209545310318225
0.6505926648755648
0.006713116609983335
