Epoch 1/60
300/300 - 2s - loss: 1.9041 - 2s/epoch - 5ms/step
Epoch 2/60
300/300 - 1s - loss: 1.8360 - 531ms/epoch - 2ms/step
Epoch 3/60
300/300 - 1s - loss: 1.8397 - 512ms/epoch - 2ms/step
Epoch 4/60
300/300 - 1s - loss: 1.8289 - 515ms/epoch - 2ms/step
Epoch 5/60
300/300 - 1s - loss: 1.8438 - 513ms/epoch - 2ms/step
Epoch 6/60
300/300 - 1s - loss: 1.8507 - 522ms/epoch - 2ms/step
Epoch 7/60
300/300 - 1s - loss: 1.8127 - 509ms/epoch - 2ms/step
Epoch 8/60
300/300 - 1s - loss: 1.8323 - 520ms/epoch - 2ms/step
Epoch 9/60
300/300 - 1s - loss: 1.7954 - 523ms/epoch - 2ms/step
Epoch 10/60
300/300 - 1s - loss: 1.7803 - 516ms/epoch - 2ms/step
Epoch 11/60
300/300 - 1s - loss: 1.7776 - 529ms/epoch - 2ms/step
Epoch 12/60
300/300 - 1s - loss: 1.7469 - 513ms/epoch - 2ms/step
Epoch 13/60
300/300 - 1s - loss: 1.7507 - 519ms/epoch - 2ms/step
Epoch 14/60
300/300 - 1s - loss: 1.7356 - 524ms/epoch - 2ms/step
Epoch 15/60
300/300 - 1s - loss: 1.7177 - 515ms/epoch - 2ms/step
Epoch 16/60
300/300 - 1s - loss: 1.7049 - 526ms/epoch - 2ms/step
Epoch 17/60
300/300 - 1s - loss: 1.7200 - 509ms/epoch - 2ms/step
Epoch 18/60
300/300 - 1s - loss: 1.7229 - 515ms/epoch - 2ms/step
Epoch 19/60
300/300 - 1s - loss: 1.7003 - 523ms/epoch - 2ms/step
Epoch 20/60
300/300 - 1s - loss: 1.6555 - 524ms/epoch - 2ms/step
Epoch 21/60
300/300 - 1s - loss: 1.6486 - 516ms/epoch - 2ms/step
Epoch 22/60
300/300 - 1s - loss: 1.6560 - 527ms/epoch - 2ms/step
Epoch 23/60
300/300 - 1s - loss: 1.6398 - 514ms/epoch - 2ms/step
Epoch 24/60
300/300 - 1s - loss: 1.6162 - 518ms/epoch - 2ms/step
Epoch 25/60
300/300 - 1s - loss: 1.6214 - 516ms/epoch - 2ms/step
Epoch 26/60
300/300 - 1s - loss: 1.5855 - 512ms/epoch - 2ms/step
Epoch 27/60
300/300 - 1s - loss: 1.5924 - 515ms/epoch - 2ms/step
Epoch 28/60
300/300 - 1s - loss: 1.5778 - 514ms/epoch - 2ms/step
Epoch 29/60
300/300 - 1s - loss: 1.5739 - 519ms/epoch - 2ms/step
Epoch 30/60
300/300 - 1s - loss: 1.5490 - 529ms/epoch - 2ms/step
Epoch 31/60
300/300 - 1s - loss: 1.5391 - 530ms/epoch - 2ms/step
Epoch 32/60
300/300 - 1s - loss: 1.5488 - 521ms/epoch - 2ms/step
Epoch 33/60
300/300 - 1s - loss: 1.4951 - 512ms/epoch - 2ms/step
Epoch 34/60
300/300 - 1s - loss: 1.5124 - 515ms/epoch - 2ms/step
Epoch 35/60
300/300 - 1s - loss: 1.5307 - 529ms/epoch - 2ms/step
Epoch 36/60
300/300 - 1s - loss: 1.5172 - 514ms/epoch - 2ms/step
Epoch 37/60
300/300 - 1s - loss: 1.5272 - 520ms/epoch - 2ms/step
Epoch 38/60
300/300 - 1s - loss: 1.5257 - 509ms/epoch - 2ms/step
Epoch 39/60
300/300 - 1s - loss: 1.4781 - 523ms/epoch - 2ms/step
Epoch 40/60
300/300 - 1s - loss: 1.5129 - 529ms/epoch - 2ms/step
Epoch 41/60
300/300 - 1s - loss: 1.5204 - 517ms/epoch - 2ms/step
Epoch 42/60
300/300 - 1s - loss: 1.4826 - 525ms/epoch - 2ms/step
Epoch 43/60
300/300 - 1s - loss: 1.4614 - 511ms/epoch - 2ms/step
Epoch 44/60
300/300 - 1s - loss: 1.4804 - 531ms/epoch - 2ms/step
Epoch 45/60
300/300 - 1s - loss: 1.4751 - 513ms/epoch - 2ms/step
Epoch 46/60
300/300 - 1s - loss: 1.4796 - 531ms/epoch - 2ms/step
Epoch 47/60
300/300 - 1s - loss: 1.4383 - 508ms/epoch - 2ms/step
Epoch 48/60
300/300 - 1s - loss: 1.4572 - 515ms/epoch - 2ms/step
Epoch 49/60
300/300 - 1s - loss: 1.4117 - 528ms/epoch - 2ms/step
Epoch 50/60
300/300 - 1s - loss: 1.4335 - 524ms/epoch - 2ms/step
Epoch 51/60
300/300 - 1s - loss: 1.4444 - 530ms/epoch - 2ms/step
Epoch 52/60
300/300 - 1s - loss: 1.3727 - 512ms/epoch - 2ms/step
Epoch 53/60
300/300 - 1s - loss: 1.4459 - 516ms/epoch - 2ms/step
Epoch 54/60
300/300 - 1s - loss: 1.3870 - 529ms/epoch - 2ms/step
Epoch 55/60
300/300 - 1s - loss: 1.3468 - 517ms/epoch - 2ms/step
Epoch 56/60
300/300 - 1s - loss: 1.3635 - 516ms/epoch - 2ms/step
Epoch 57/60
300/300 - 1s - loss: 1.4125 - 529ms/epoch - 2ms/step
Epoch 58/60
300/300 - 1s - loss: 1.3587 - 524ms/epoch - 2ms/step
Epoch 59/60
300/300 - 1s - loss: 1.4179 - 512ms/epoch - 2ms/step
Epoch 60/60
300/300 - 1s - loss: 1.4319 - 524ms/epoch - 2ms/step
training time: 32.63811445236206
(0.8087241449928323, 7888, 1858, 20, 1)
(0.6480518155854753, 6351, 3448, 5, 4)
Epoch 1/60
300/300 - 1s - loss: 1.8992 - 1s/epoch - 5ms/step
Epoch 2/60
300/300 - 1s - loss: 1.8560 - 518ms/epoch - 2ms/step
Epoch 3/60
300/300 - 1s - loss: 1.8769 - 530ms/epoch - 2ms/step
Epoch 4/60
300/300 - 1s - loss: 1.8654 - 532ms/epoch - 2ms/step
Epoch 5/60
300/300 - 1s - loss: 1.8677 - 527ms/epoch - 2ms/step
Epoch 6/60
300/300 - 1s - loss: 1.8376 - 532ms/epoch - 2ms/step
Epoch 7/60
300/300 - 1s - loss: 1.8574 - 513ms/epoch - 2ms/step
Epoch 8/60
300/300 - 1s - loss: 1.8500 - 522ms/epoch - 2ms/step
Epoch 9/60
300/300 - 1s - loss: 1.8649 - 537ms/epoch - 2ms/step
Epoch 10/60
300/300 - 1s - loss: 1.8321 - 517ms/epoch - 2ms/step
Epoch 11/60
300/300 - 1s - loss: 1.8124 - 516ms/epoch - 2ms/step
Epoch 12/60
300/300 - 1s - loss: 1.8300 - 511ms/epoch - 2ms/step
Epoch 13/60
300/300 - 1s - loss: 1.8218 - 526ms/epoch - 2ms/step
Epoch 14/60
300/300 - 1s - loss: 1.8191 - 530ms/epoch - 2ms/step
Epoch 15/60
300/300 - 1s - loss: 1.7929 - 515ms/epoch - 2ms/step
Epoch 16/60
300/300 - 1s - loss: 1.8062 - 519ms/epoch - 2ms/step
Epoch 17/60
300/300 - 1s - loss: 1.7948 - 516ms/epoch - 2ms/step
Epoch 18/60
300/300 - 1s - loss: 1.7692 - 518ms/epoch - 2ms/step
Epoch 19/60
300/300 - 1s - loss: 1.7448 - 517ms/epoch - 2ms/step
Epoch 20/60
300/300 - 1s - loss: 1.7306 - 513ms/epoch - 2ms/step
Epoch 21/60
300/300 - 1s - loss: 1.7332 - 521ms/epoch - 2ms/step
Epoch 22/60
300/300 - 1s - loss: 1.7235 - 509ms/epoch - 2ms/step
Epoch 23/60
300/300 - 1s - loss: 1.7127 - 530ms/epoch - 2ms/step
Epoch 24/60
300/300 - 1s - loss: 1.6713 - 524ms/epoch - 2ms/step
Epoch 25/60
300/300 - 1s - loss: 1.6813 - 511ms/epoch - 2ms/step
Epoch 26/60
300/300 - 1s - loss: 1.6763 - 527ms/epoch - 2ms/step
Epoch 27/60
300/300 - 1s - loss: 1.6665 - 519ms/epoch - 2ms/step
Epoch 28/60
300/300 - 1s - loss: 1.6403 - 516ms/epoch - 2ms/step
Epoch 29/60
300/300 - 1s - loss: 1.6459 - 513ms/epoch - 2ms/step
Epoch 30/60
300/300 - 1s - loss: 1.6173 - 526ms/epoch - 2ms/step
Epoch 31/60
300/300 - 1s - loss: 1.6456 - 528ms/epoch - 2ms/step
Epoch 32/60
300/300 - 1s - loss: 1.6334 - 526ms/epoch - 2ms/step
Epoch 33/60
300/300 - 1s - loss: 1.5806 - 532ms/epoch - 2ms/step
Epoch 34/60
300/300 - 1s - loss: 1.6007 - 522ms/epoch - 2ms/step
Epoch 35/60
300/300 - 1s - loss: 1.6346 - 523ms/epoch - 2ms/step
Epoch 36/60
300/300 - 1s - loss: 1.6159 - 513ms/epoch - 2ms/step
Epoch 37/60
300/300 - 1s - loss: 1.6231 - 528ms/epoch - 2ms/step
Epoch 38/60
300/300 - 1s - loss: 1.6188 - 510ms/epoch - 2ms/step
Epoch 39/60
300/300 - 1s - loss: 1.5983 - 531ms/epoch - 2ms/step
Epoch 40/60
300/300 - 1s - loss: 1.6002 - 514ms/epoch - 2ms/step
Epoch 41/60
300/300 - 1s - loss: 1.5753 - 509ms/epoch - 2ms/step
Epoch 42/60
300/300 - 1s - loss: 1.5985 - 513ms/epoch - 2ms/step
Epoch 43/60
300/300 - 1s - loss: 1.5922 - 517ms/epoch - 2ms/step
Epoch 44/60
300/300 - 1s - loss: 1.6071 - 521ms/epoch - 2ms/step
Epoch 45/60
300/300 - 1s - loss: 1.5505 - 531ms/epoch - 2ms/step
Epoch 46/60
300/300 - 1s - loss: 1.5473 - 513ms/epoch - 2ms/step
Epoch 47/60
300/300 - 1s - loss: 1.6155 - 521ms/epoch - 2ms/step
Epoch 48/60
300/300 - 1s - loss: 1.5464 - 509ms/epoch - 2ms/step
Epoch 49/60
300/300 - 1s - loss: 1.5352 - 523ms/epoch - 2ms/step
Epoch 50/60
300/300 - 1s - loss: 1.5421 - 527ms/epoch - 2ms/step
Epoch 51/60
300/300 - 1s - loss: 1.5639 - 509ms/epoch - 2ms/step
Epoch 52/60
300/300 - 1s - loss: 1.5685 - 510ms/epoch - 2ms/step
Epoch 53/60
300/300 - 1s - loss: 1.5840 - 520ms/epoch - 2ms/step
Epoch 54/60
300/300 - 1s - loss: 1.5418 - 521ms/epoch - 2ms/step
Epoch 55/60
300/300 - 1s - loss: 1.5396 - 517ms/epoch - 2ms/step
Epoch 56/60
300/300 - 1s - loss: 1.5687 - 518ms/epoch - 2ms/step
Epoch 57/60
300/300 - 1s - loss: 1.5385 - 513ms/epoch - 2ms/step
Epoch 58/60
300/300 - 1s - loss: 1.5421 - 532ms/epoch - 2ms/step
Epoch 59/60
300/300 - 1s - loss: 1.5454 - 515ms/epoch - 2ms/step
Epoch 60/60
300/300 - 1s - loss: 1.5432 - 524ms/epoch - 2ms/step
training time: 32.510873556137085
(0.7803351504138906, 7725, 2171, 10, 0)
(0.6030127342374987, 5821, 3831, 7, 2)
Epoch 1/60
300/300 - 1s - loss: 1.8737 - 1s/epoch - 5ms/step
Epoch 2/60
300/300 - 1s - loss: 1.8430 - 520ms/epoch - 2ms/step
Epoch 3/60
300/300 - 1s - loss: 1.8263 - 514ms/epoch - 2ms/step
Epoch 4/60
300/300 - 1s - loss: 1.8295 - 523ms/epoch - 2ms/step
Epoch 5/60
300/300 - 1s - loss: 1.8088 - 519ms/epoch - 2ms/step
Epoch 6/60
300/300 - 1s - loss: 1.7886 - 514ms/epoch - 2ms/step
Epoch 7/60
300/300 - 1s - loss: 1.7704 - 517ms/epoch - 2ms/step
Epoch 8/60
300/300 - 1s - loss: 1.7775 - 513ms/epoch - 2ms/step
Epoch 9/60
300/300 - 1s - loss: 1.7391 - 530ms/epoch - 2ms/step
Epoch 10/60
300/300 - 1s - loss: 1.7486 - 526ms/epoch - 2ms/step
Epoch 11/60
300/300 - 1s - loss: 1.7345 - 516ms/epoch - 2ms/step
Epoch 12/60
300/300 - 1s - loss: 1.7160 - 511ms/epoch - 2ms/step
Epoch 13/60
300/300 - 1s - loss: 1.7339 - 514ms/epoch - 2ms/step
Epoch 14/60
300/300 - 1s - loss: 1.7089 - 520ms/epoch - 2ms/step
Epoch 15/60
300/300 - 1s - loss: 1.6541 - 519ms/epoch - 2ms/step
Epoch 16/60
300/300 - 1s - loss: 1.6726 - 528ms/epoch - 2ms/step
Epoch 17/60
300/300 - 1s - loss: 1.6743 - 526ms/epoch - 2ms/step
Epoch 18/60
300/300 - 1s - loss: 1.6546 - 513ms/epoch - 2ms/step
Epoch 19/60
300/300 - 1s - loss: 1.6676 - 513ms/epoch - 2ms/step
Epoch 20/60
300/300 - 1s - loss: 1.6616 - 513ms/epoch - 2ms/step
Epoch 21/60
300/300 - 1s - loss: 1.6377 - 531ms/epoch - 2ms/step
Epoch 22/60
300/300 - 1s - loss: 1.5956 - 527ms/epoch - 2ms/step
Epoch 23/60
300/300 - 1s - loss: 1.6185 - 524ms/epoch - 2ms/step
Epoch 24/60
300/300 - 1s - loss: 1.5794 - 516ms/epoch - 2ms/step
Epoch 25/60
300/300 - 1s - loss: 1.5813 - 518ms/epoch - 2ms/step
Epoch 26/60
300/300 - 1s - loss: 1.5854 - 513ms/epoch - 2ms/step
Epoch 27/60
300/300 - 1s - loss: 1.5607 - 531ms/epoch - 2ms/step
Epoch 28/60
300/300 - 1s - loss: 1.5642 - 516ms/epoch - 2ms/step
Epoch 29/60
300/300 - 1s - loss: 1.5802 - 509ms/epoch - 2ms/step
Epoch 30/60
300/300 - 1s - loss: 1.5470 - 518ms/epoch - 2ms/step
Epoch 31/60
300/300 - 1s - loss: 1.5793 - 514ms/epoch - 2ms/step
Epoch 32/60
300/300 - 1s - loss: 1.5362 - 522ms/epoch - 2ms/step
Epoch 33/60
300/300 - 1s - loss: 1.5347 - 532ms/epoch - 2ms/step
Epoch 34/60
300/300 - 1s - loss: 1.4808 - 531ms/epoch - 2ms/step
Epoch 35/60
300/300 - 1s - loss: 1.4957 - 512ms/epoch - 2ms/step
Epoch 36/60
300/300 - 1s - loss: 1.4826 - 531ms/epoch - 2ms/step
Epoch 37/60
300/300 - 1s - loss: 1.4966 - 527ms/epoch - 2ms/step
Epoch 38/60
300/300 - 1s - loss: 1.4539 - 519ms/epoch - 2ms/step
Epoch 39/60
300/300 - 1s - loss: 1.4290 - 510ms/epoch - 2ms/step
Epoch 40/60
300/300 - 1s - loss: 1.5096 - 519ms/epoch - 2ms/step
Epoch 41/60
300/300 - 1s - loss: 1.5382 - 509ms/epoch - 2ms/step
Epoch 42/60
300/300 - 1s - loss: 1.5152 - 519ms/epoch - 2ms/step
Epoch 43/60
300/300 - 1s - loss: 1.4862 - 523ms/epoch - 2ms/step
Epoch 44/60
300/300 - 1s - loss: 1.4632 - 524ms/epoch - 2ms/step
Epoch 45/60
300/300 - 1s - loss: 1.4523 - 514ms/epoch - 2ms/step
Epoch 46/60
300/300 - 1s - loss: 1.4562 - 509ms/epoch - 2ms/step
Epoch 47/60
300/300 - 1s - loss: 1.5057 - 523ms/epoch - 2ms/step
Epoch 48/60
300/300 - 1s - loss: 1.4659 - 531ms/epoch - 2ms/step
Epoch 49/60
300/300 - 1s - loss: 1.4903 - 530ms/epoch - 2ms/step
Epoch 50/60
300/300 - 1s - loss: 1.4390 - 526ms/epoch - 2ms/step
Epoch 51/60
300/300 - 1s - loss: 1.4531 - 520ms/epoch - 2ms/step
Epoch 52/60
300/300 - 1s - loss: 1.4416 - 533ms/epoch - 2ms/step
Epoch 53/60
300/300 - 1s - loss: 1.4549 - 514ms/epoch - 2ms/step
Epoch 54/60
300/300 - 1s - loss: 1.4463 - 526ms/epoch - 2ms/step
Epoch 55/60
300/300 - 1s - loss: 1.4387 - 510ms/epoch - 2ms/step
Epoch 56/60
300/300 - 1s - loss: 1.4414 - 515ms/epoch - 2ms/step
Epoch 57/60
300/300 - 1s - loss: 1.4602 - 526ms/epoch - 2ms/step
Epoch 58/60
300/300 - 1s - loss: 1.4774 - 518ms/epoch - 2ms/step
Epoch 59/60
300/300 - 1s - loss: 1.4000 - 513ms/epoch - 2ms/step
Epoch 60/60
300/300 - 1s - loss: 1.4105 - 531ms/epoch - 2ms/step
training time: 32.599285364151
(0.8344478110960192, 7986, 1584, 1, 1)
(0.673148055583325, 6729, 3265, 9, 1)
Epoch 1/60
300/300 - 1s - loss: 1.8370 - 1s/epoch - 5ms/step
Epoch 2/60
300/300 - 1s - loss: 1.7949 - 514ms/epoch - 2ms/step
Epoch 3/60
300/300 - 1s - loss: 1.7657 - 530ms/epoch - 2ms/step
Epoch 4/60
300/300 - 1s - loss: 1.7710 - 513ms/epoch - 2ms/step
Epoch 5/60
300/300 - 1s - loss: 1.7609 - 509ms/epoch - 2ms/step
Epoch 6/60
300/300 - 1s - loss: 1.7482 - 521ms/epoch - 2ms/step
Epoch 7/60
300/300 - 1s - loss: 1.7535 - 509ms/epoch - 2ms/step
Epoch 8/60
300/300 - 1s - loss: 1.7487 - 508ms/epoch - 2ms/step
Epoch 9/60
300/300 - 1s - loss: 1.7480 - 530ms/epoch - 2ms/step
Epoch 10/60
300/300 - 1s - loss: 1.7291 - 515ms/epoch - 2ms/step
Epoch 11/60
300/300 - 1s - loss: 1.7105 - 522ms/epoch - 2ms/step
Epoch 12/60
300/300 - 1s - loss: 1.7051 - 530ms/epoch - 2ms/step
Epoch 13/60
300/300 - 1s - loss: 1.6989 - 518ms/epoch - 2ms/step
Epoch 14/60
300/300 - 1s - loss: 1.6853 - 518ms/epoch - 2ms/step
Epoch 15/60
300/300 - 1s - loss: 1.6740 - 523ms/epoch - 2ms/step
Epoch 16/60
300/300 - 1s - loss: 1.6594 - 529ms/epoch - 2ms/step
Epoch 17/60
300/300 - 1s - loss: 1.6936 - 531ms/epoch - 2ms/step
Epoch 18/60
300/300 - 1s - loss: 1.6230 - 530ms/epoch - 2ms/step
Epoch 19/60
300/300 - 1s - loss: 1.6440 - 523ms/epoch - 2ms/step
Epoch 20/60
300/300 - 1s - loss: 1.6297 - 519ms/epoch - 2ms/step
Epoch 21/60
300/300 - 1s - loss: 1.6404 - 519ms/epoch - 2ms/step
Epoch 22/60
300/300 - 1s - loss: 1.6074 - 517ms/epoch - 2ms/step
Epoch 23/60
300/300 - 1s - loss: 1.6118 - 531ms/epoch - 2ms/step
Epoch 24/60
300/300 - 1s - loss: 1.5976 - 530ms/epoch - 2ms/step
Epoch 25/60
300/300 - 1s - loss: 1.6295 - 522ms/epoch - 2ms/step
Epoch 26/60
300/300 - 1s - loss: 1.5824 - 530ms/epoch - 2ms/step
Epoch 27/60
300/300 - 1s - loss: 1.6232 - 524ms/epoch - 2ms/step
Epoch 28/60
300/300 - 1s - loss: 1.5992 - 545ms/epoch - 2ms/step
Epoch 29/60
300/300 - 1s - loss: 1.5827 - 530ms/epoch - 2ms/step
Epoch 30/60
300/300 - 1s - loss: 1.5643 - 509ms/epoch - 2ms/step
Epoch 31/60
300/300 - 1s - loss: 1.5530 - 519ms/epoch - 2ms/step
Epoch 32/60
300/300 - 1s - loss: 1.5320 - 530ms/epoch - 2ms/step
Epoch 33/60
300/300 - 1s - loss: 1.5561 - 512ms/epoch - 2ms/step
Epoch 34/60
300/300 - 1s - loss: 1.5063 - 530ms/epoch - 2ms/step
Epoch 35/60
300/300 - 1s - loss: 1.5075 - 514ms/epoch - 2ms/step
Epoch 36/60
300/300 - 1s - loss: 1.5083 - 509ms/epoch - 2ms/step
Epoch 37/60
300/300 - 1s - loss: 1.4932 - 516ms/epoch - 2ms/step
Epoch 38/60
300/300 - 1s - loss: 1.4993 - 515ms/epoch - 2ms/step
Epoch 39/60
300/300 - 1s - loss: 1.5577 - 515ms/epoch - 2ms/step
Epoch 40/60
300/300 - 1s - loss: 1.5113 - 517ms/epoch - 2ms/step
Epoch 41/60
300/300 - 1s - loss: 1.4870 - 516ms/epoch - 2ms/step
Epoch 42/60
300/300 - 1s - loss: 1.4591 - 511ms/epoch - 2ms/step
Epoch 43/60
300/300 - 1s - loss: 1.4550 - 518ms/epoch - 2ms/step
Epoch 44/60
300/300 - 1s - loss: 1.4885 - 514ms/epoch - 2ms/step
Epoch 45/60
300/300 - 1s - loss: 1.4355 - 529ms/epoch - 2ms/step
Epoch 46/60
300/300 - 1s - loss: 1.4864 - 521ms/epoch - 2ms/step
Epoch 47/60
300/300 - 1s - loss: 1.4805 - 529ms/epoch - 2ms/step
Epoch 48/60
300/300 - 1s - loss: 1.4671 - 518ms/epoch - 2ms/step
Epoch 49/60
300/300 - 1s - loss: 1.4685 - 516ms/epoch - 2ms/step
Epoch 50/60
300/300 - 1s - loss: 1.4300 - 517ms/epoch - 2ms/step
Epoch 51/60
300/300 - 1s - loss: 1.4810 - 522ms/epoch - 2ms/step
Epoch 52/60
300/300 - 1s - loss: 1.4163 - 514ms/epoch - 2ms/step
Epoch 53/60
300/300 - 1s - loss: 1.4461 - 525ms/epoch - 2ms/step
Epoch 54/60
300/300 - 1s - loss: 1.4732 - 514ms/epoch - 2ms/step
Epoch 55/60
300/300 - 1s - loss: 1.4518 - 528ms/epoch - 2ms/step
Epoch 56/60
300/300 - 1s - loss: 1.4110 - 519ms/epoch - 2ms/step
Epoch 57/60
300/300 - 1s - loss: 1.3995 - 514ms/epoch - 2ms/step
Epoch 58/60
300/300 - 1s - loss: 1.4016 - 529ms/epoch - 2ms/step
Epoch 59/60
300/300 - 1s - loss: 1.3751 - 516ms/epoch - 2ms/step
Epoch 60/60
300/300 - 1s - loss: 1.3681 - 536ms/epoch - 2ms/step
training time: 32.55755662918091
(0.7982221270215273, 7414, 1845, 78, 2)
(0.6252201996476806, 6374, 3815, 29, 2)
Epoch 1/60
300/300 - 1s - loss: 1.8457 - 1s/epoch - 5ms/step
Epoch 2/60
300/300 - 1s - loss: 1.7860 - 520ms/epoch - 2ms/step
Epoch 3/60
300/300 - 1s - loss: 1.7962 - 531ms/epoch - 2ms/step
Epoch 4/60
300/300 - 1s - loss: 1.7886 - 512ms/epoch - 2ms/step
Epoch 5/60
300/300 - 1s - loss: 1.7832 - 512ms/epoch - 2ms/step
Epoch 6/60
300/300 - 1s - loss: 1.7805 - 519ms/epoch - 2ms/step
Epoch 7/60
300/300 - 1s - loss: 1.7854 - 518ms/epoch - 2ms/step
Epoch 8/60
300/300 - 1s - loss: 1.7859 - 534ms/epoch - 2ms/step
Epoch 9/60
300/300 - 1s - loss: 1.7425 - 533ms/epoch - 2ms/step
Epoch 10/60
300/300 - 1s - loss: 1.7715 - 520ms/epoch - 2ms/step
Epoch 11/60
300/300 - 1s - loss: 1.7337 - 518ms/epoch - 2ms/step
Epoch 12/60
300/300 - 1s - loss: 1.7392 - 522ms/epoch - 2ms/step
Epoch 13/60
300/300 - 1s - loss: 1.7098 - 518ms/epoch - 2ms/step
Epoch 14/60
300/300 - 1s - loss: 1.7610 - 518ms/epoch - 2ms/step
Epoch 15/60
300/300 - 1s - loss: 1.6970 - 531ms/epoch - 2ms/step
Epoch 16/60
300/300 - 1s - loss: 1.7070 - 519ms/epoch - 2ms/step
Epoch 17/60
300/300 - 1s - loss: 1.6886 - 513ms/epoch - 2ms/step
Epoch 18/60
300/300 - 1s - loss: 1.6475 - 528ms/epoch - 2ms/step
Epoch 19/60
300/300 - 1s - loss: 1.6542 - 513ms/epoch - 2ms/step
Epoch 20/60
300/300 - 1s - loss: 1.6235 - 528ms/epoch - 2ms/step
Epoch 21/60
300/300 - 1s - loss: 1.5872 - 532ms/epoch - 2ms/step
Epoch 22/60
300/300 - 1s - loss: 1.5564 - 517ms/epoch - 2ms/step
Epoch 23/60
300/300 - 1s - loss: 1.5757 - 528ms/epoch - 2ms/step
Epoch 24/60
300/300 - 1s - loss: 1.5920 - 518ms/epoch - 2ms/step
Epoch 25/60
300/300 - 1s - loss: 1.5781 - 513ms/epoch - 2ms/step
Epoch 26/60
300/300 - 1s - loss: 1.5674 - 517ms/epoch - 2ms/step
Epoch 27/60
300/300 - 1s - loss: 1.5414 - 514ms/epoch - 2ms/step
Epoch 28/60
300/300 - 1s - loss: 1.5554 - 528ms/epoch - 2ms/step
Epoch 29/60
300/300 - 1s - loss: 1.5096 - 519ms/epoch - 2ms/step
Epoch 30/60
300/300 - 1s - loss: 1.4931 - 517ms/epoch - 2ms/step
Epoch 31/60
300/300 - 1s - loss: 1.4744 - 520ms/epoch - 2ms/step
Epoch 32/60
300/300 - 1s - loss: 1.4997 - 516ms/epoch - 2ms/step
Epoch 33/60
300/300 - 1s - loss: 1.4866 - 513ms/epoch - 2ms/step
Epoch 34/60
300/300 - 1s - loss: 1.4370 - 524ms/epoch - 2ms/step
Epoch 35/60
300/300 - 1s - loss: 1.4611 - 525ms/epoch - 2ms/step
Epoch 36/60
300/300 - 1s - loss: 1.4305 - 528ms/epoch - 2ms/step
Epoch 37/60
300/300 - 1s - loss: 1.4495 - 527ms/epoch - 2ms/step
Epoch 38/60
300/300 - 1s - loss: 1.3911 - 514ms/epoch - 2ms/step
Epoch 39/60
300/300 - 1s - loss: 1.4041 - 518ms/epoch - 2ms/step
Epoch 40/60
300/300 - 1s - loss: 1.4034 - 526ms/epoch - 2ms/step
Epoch 41/60
300/300 - 1s - loss: 1.3527 - 519ms/epoch - 2ms/step
Epoch 42/60
300/300 - 1s - loss: 1.3773 - 521ms/epoch - 2ms/step
Epoch 43/60
300/300 - 1s - loss: 1.3815 - 512ms/epoch - 2ms/step
Epoch 44/60
300/300 - 1s - loss: 1.4156 - 516ms/epoch - 2ms/step
Epoch 45/60
300/300 - 1s - loss: 1.4105 - 513ms/epoch - 2ms/step
Epoch 46/60
300/300 - 1s - loss: 1.4020 - 517ms/epoch - 2ms/step
Epoch 47/60
300/300 - 1s - loss: 1.4219 - 535ms/epoch - 2ms/step
Epoch 48/60
300/300 - 1s - loss: 1.4176 - 529ms/epoch - 2ms/step
Epoch 49/60
300/300 - 1s - loss: 1.3726 - 512ms/epoch - 2ms/step
Epoch 50/60
300/300 - 1s - loss: 1.3892 - 524ms/epoch - 2ms/step
Epoch 51/60
300/300 - 1s - loss: 1.3889 - 515ms/epoch - 2ms/step
Epoch 52/60
300/300 - 1s - loss: 1.3742 - 515ms/epoch - 2ms/step
Epoch 53/60
300/300 - 1s - loss: 1.3369 - 518ms/epoch - 2ms/step
Epoch 54/60
300/300 - 1s - loss: 1.3842 - 530ms/epoch - 2ms/step
Epoch 55/60
300/300 - 1s - loss: 1.3679 - 526ms/epoch - 2ms/step
Epoch 56/60
300/300 - 1s - loss: 1.3693 - 514ms/epoch - 2ms/step
Epoch 57/60
300/300 - 1s - loss: 1.3480 - 530ms/epoch - 2ms/step
Epoch 58/60
300/300 - 1s - loss: 1.3817 - 528ms/epoch - 2ms/step
Epoch 59/60
300/300 - 1s - loss: 1.3883 - 516ms/epoch - 2ms/step
Epoch 60/60
300/300 - 1s - loss: 1.3675 - 513ms/epoch - 2ms/step
training time: 32.55446529388428
(0.8049499736703528, 7634, 1843, 18, 3)
(0.6319540685012869, 6368, 3702, 32, 4)
0.8053358414389244
0.01752013559745098
0.6362773747110533
0.023433194270907617
