Epoch 1/60
300/300 - 2s - loss: 1.8396 - 2s/epoch - 5ms/step
Epoch 2/60
300/300 - 1s - loss: 1.8417 - 625ms/epoch - 2ms/step
Epoch 3/60
300/300 - 1s - loss: 1.8349 - 639ms/epoch - 2ms/step
Epoch 4/60
300/300 - 1s - loss: 1.8350 - 557ms/epoch - 2ms/step
Epoch 5/60
300/300 - 1s - loss: 1.8348 - 534ms/epoch - 2ms/step
Epoch 6/60
300/300 - 1s - loss: 1.8306 - 518ms/epoch - 2ms/step
Epoch 7/60
300/300 - 1s - loss: 1.8264 - 538ms/epoch - 2ms/step
Epoch 8/60
300/300 - 1s - loss: 1.8123 - 540ms/epoch - 2ms/step
Epoch 9/60
300/300 - 1s - loss: 1.8135 - 532ms/epoch - 2ms/step
Epoch 10/60
300/300 - 1s - loss: 1.8380 - 536ms/epoch - 2ms/step
Epoch 11/60
300/300 - 1s - loss: 1.8110 - 544ms/epoch - 2ms/step
Epoch 12/60
300/300 - 1s - loss: 1.8148 - 535ms/epoch - 2ms/step
Epoch 13/60
300/300 - 1s - loss: 1.8008 - 518ms/epoch - 2ms/step
Epoch 14/60
300/300 - 1s - loss: 1.8007 - 538ms/epoch - 2ms/step
Epoch 15/60
300/300 - 1s - loss: 1.7973 - 534ms/epoch - 2ms/step
Epoch 16/60
300/300 - 1s - loss: 1.8054 - 532ms/epoch - 2ms/step
Epoch 17/60
300/300 - 1s - loss: 1.8076 - 535ms/epoch - 2ms/step
Epoch 18/60
300/300 - 1s - loss: 1.8148 - 521ms/epoch - 2ms/step
Epoch 19/60
300/300 - 0s - loss: 1.8090 - 496ms/epoch - 2ms/step
Epoch 20/60
300/300 - 1s - loss: 1.8178 - 579ms/epoch - 2ms/step
Epoch 21/60
300/300 - 1s - loss: 1.8209 - 570ms/epoch - 2ms/step
Epoch 22/60
300/300 - 1s - loss: 1.8211 - 580ms/epoch - 2ms/step
Epoch 23/60
300/300 - 1s - loss: 1.8171 - 549ms/epoch - 2ms/step
Epoch 24/60
300/300 - 1s - loss: 1.8167 - 541ms/epoch - 2ms/step
Epoch 25/60
300/300 - 1s - loss: 1.8176 - 627ms/epoch - 2ms/step
Epoch 26/60
300/300 - 1s - loss: 1.7839 - 559ms/epoch - 2ms/step
Epoch 27/60
300/300 - 1s - loss: 1.7887 - 655ms/epoch - 2ms/step
Epoch 28/60
300/300 - 1s - loss: 1.8163 - 538ms/epoch - 2ms/step
Epoch 29/60
300/300 - 1s - loss: 1.8017 - 526ms/epoch - 2ms/step
Epoch 30/60
300/300 - 0s - loss: 1.7994 - 499ms/epoch - 2ms/step
Epoch 31/60
300/300 - 0s - loss: 1.8053 - 494ms/epoch - 2ms/step
Epoch 32/60
300/300 - 1s - loss: 1.8120 - 508ms/epoch - 2ms/step
Epoch 33/60
300/300 - 1s - loss: 1.7997 - 506ms/epoch - 2ms/step
Epoch 34/60
300/300 - 0s - loss: 1.7929 - 478ms/epoch - 2ms/step
Epoch 35/60
300/300 - 1s - loss: 1.8173 - 531ms/epoch - 2ms/step
Epoch 36/60
300/300 - 1s - loss: 1.7800 - 559ms/epoch - 2ms/step
Epoch 37/60
300/300 - 1s - loss: 1.7871 - 584ms/epoch - 2ms/step
Epoch 38/60
300/300 - 1s - loss: 1.7952 - 595ms/epoch - 2ms/step
Epoch 39/60
300/300 - 1s - loss: 1.7821 - 582ms/epoch - 2ms/step
Epoch 40/60
300/300 - 1s - loss: 1.8012 - 595ms/epoch - 2ms/step
Epoch 41/60
300/300 - 1s - loss: 1.8356 - 596ms/epoch - 2ms/step
Epoch 42/60
300/300 - 1s - loss: 1.7952 - 609ms/epoch - 2ms/step
Epoch 43/60
300/300 - 1s - loss: 1.8199 - 563ms/epoch - 2ms/step
Epoch 44/60
300/300 - 1s - loss: 1.8127 - 619ms/epoch - 2ms/step
Epoch 45/60
300/300 - 1s - loss: 1.7824 - 563ms/epoch - 2ms/step
Epoch 46/60
300/300 - 1s - loss: 1.7945 - 524ms/epoch - 2ms/step
Epoch 47/60
300/300 - 1s - loss: 1.7974 - 563ms/epoch - 2ms/step
Epoch 48/60
300/300 - 1s - loss: 1.7550 - 577ms/epoch - 2ms/step
Epoch 49/60
300/300 - 1s - loss: 1.7865 - 593ms/epoch - 2ms/step
Epoch 50/60
300/300 - 1s - loss: 1.8026 - 580ms/epoch - 2ms/step
Epoch 51/60
300/300 - 1s - loss: 1.7909 - 517ms/epoch - 2ms/step
Epoch 52/60
300/300 - 1s - loss: 1.7812 - 582ms/epoch - 2ms/step
Epoch 53/60
300/300 - 1s - loss: 1.7928 - 570ms/epoch - 2ms/step
Epoch 54/60
300/300 - 0s - loss: 1.7811 - 485ms/epoch - 2ms/step
Epoch 55/60
300/300 - 0s - loss: 1.7789 - 493ms/epoch - 2ms/step
Epoch 56/60
300/300 - 0s - loss: 1.7739 - 486ms/epoch - 2ms/step
Epoch 57/60
300/300 - 0s - loss: 1.8071 - 482ms/epoch - 2ms/step
Epoch 58/60
300/300 - 0s - loss: 1.7560 - 474ms/epoch - 2ms/step
Epoch 59/60
300/300 - 0s - loss: 1.7448 - 492ms/epoch - 2ms/step
Epoch 60/60
300/300 - 0s - loss: 1.7559 - 483ms/epoch - 2ms/step
training time: 34.38136625289917
(0.6925046078230596, 6756, 2996, 14, 1)
(0.617452060383517, 6050, 3747, 7, 4)
Epoch 1/60
300/300 - 1s - loss: 1.9232 - 1s/epoch - 4ms/step
Epoch 2/60
300/300 - 0s - loss: 1.8612 - 472ms/epoch - 2ms/step
Epoch 3/60
300/300 - 0s - loss: 1.8702 - 493ms/epoch - 2ms/step
Epoch 4/60
300/300 - 0s - loss: 1.8656 - 465ms/epoch - 2ms/step
Epoch 5/60
300/300 - 0s - loss: 1.8402 - 485ms/epoch - 2ms/step
Epoch 6/60
300/300 - 0s - loss: 1.8552 - 468ms/epoch - 2ms/step
Epoch 7/60
300/300 - 0s - loss: 1.8569 - 478ms/epoch - 2ms/step
Epoch 8/60
300/300 - 0s - loss: 1.8425 - 471ms/epoch - 2ms/step
Epoch 9/60
300/300 - 0s - loss: 1.8554 - 467ms/epoch - 2ms/step
Epoch 10/60
300/300 - 0s - loss: 1.8559 - 487ms/epoch - 2ms/step
Epoch 11/60
300/300 - 0s - loss: 1.8383 - 481ms/epoch - 2ms/step
Epoch 12/60
300/300 - 0s - loss: 1.8505 - 480ms/epoch - 2ms/step
Epoch 13/60
300/300 - 0s - loss: 1.8454 - 468ms/epoch - 2ms/step
Epoch 14/60
300/300 - 0s - loss: 1.8279 - 469ms/epoch - 2ms/step
Epoch 15/60
300/300 - 0s - loss: 1.8335 - 475ms/epoch - 2ms/step
Epoch 16/60
300/300 - 0s - loss: 1.8245 - 477ms/epoch - 2ms/step
Epoch 17/60
300/300 - 0s - loss: 1.8483 - 471ms/epoch - 2ms/step
Epoch 18/60
300/300 - 0s - loss: 1.8435 - 481ms/epoch - 2ms/step
Epoch 19/60
300/300 - 0s - loss: 1.8447 - 474ms/epoch - 2ms/step
Epoch 20/60
300/300 - 0s - loss: 1.8504 - 476ms/epoch - 2ms/step
Epoch 21/60
300/300 - 0s - loss: 1.8309 - 493ms/epoch - 2ms/step
Epoch 22/60
300/300 - 1s - loss: 1.8471 - 514ms/epoch - 2ms/step
Epoch 23/60
300/300 - 0s - loss: 1.8379 - 485ms/epoch - 2ms/step
Epoch 24/60
300/300 - 0s - loss: 1.8269 - 488ms/epoch - 2ms/step
Epoch 25/60
300/300 - 0s - loss: 1.8464 - 477ms/epoch - 2ms/step
Epoch 26/60
300/300 - 0s - loss: 1.8423 - 487ms/epoch - 2ms/step
Epoch 27/60
300/300 - 0s - loss: 1.8418 - 492ms/epoch - 2ms/step
Epoch 28/60
300/300 - 0s - loss: 1.8248 - 470ms/epoch - 2ms/step
Epoch 29/60
300/300 - 0s - loss: 1.8594 - 485ms/epoch - 2ms/step
Epoch 30/60
300/300 - 0s - loss: 1.8408 - 474ms/epoch - 2ms/step
Epoch 31/60
300/300 - 0s - loss: 1.8312 - 494ms/epoch - 2ms/step
Epoch 32/60
300/300 - 0s - loss: 1.8117 - 487ms/epoch - 2ms/step
Epoch 33/60
300/300 - 0s - loss: 1.8422 - 471ms/epoch - 2ms/step
Epoch 34/60
300/300 - 0s - loss: 1.8245 - 494ms/epoch - 2ms/step
Epoch 35/60
300/300 - 0s - loss: 1.8331 - 476ms/epoch - 2ms/step
Epoch 36/60
300/300 - 0s - loss: 1.8374 - 472ms/epoch - 2ms/step
Epoch 37/60
300/300 - 0s - loss: 1.8198 - 472ms/epoch - 2ms/step
Epoch 38/60
300/300 - 0s - loss: 1.8350 - 477ms/epoch - 2ms/step
Epoch 39/60
300/300 - 0s - loss: 1.8490 - 484ms/epoch - 2ms/step
Epoch 40/60
300/300 - 0s - loss: 1.8400 - 478ms/epoch - 2ms/step
Epoch 41/60
300/300 - 0s - loss: 1.8483 - 479ms/epoch - 2ms/step
Epoch 42/60
300/300 - 0s - loss: 1.8304 - 484ms/epoch - 2ms/step
Epoch 43/60
300/300 - 0s - loss: 1.8385 - 470ms/epoch - 2ms/step
Epoch 44/60
300/300 - 0s - loss: 1.8320 - 490ms/epoch - 2ms/step
Epoch 45/60
300/300 - 0s - loss: 1.8439 - 497ms/epoch - 2ms/step
Epoch 46/60
300/300 - 1s - loss: 1.8239 - 502ms/epoch - 2ms/step
Epoch 47/60
300/300 - 0s - loss: 1.8402 - 484ms/epoch - 2ms/step
Epoch 48/60
300/300 - 0s - loss: 1.8331 - 472ms/epoch - 2ms/step
Epoch 49/60
300/300 - 0s - loss: 1.8438 - 473ms/epoch - 2ms/step
Epoch 50/60
300/300 - 0s - loss: 1.8526 - 491ms/epoch - 2ms/step
Epoch 51/60
300/300 - 0s - loss: 1.8418 - 484ms/epoch - 2ms/step
Epoch 52/60
300/300 - 0s - loss: 1.8345 - 468ms/epoch - 2ms/step
Epoch 53/60
300/300 - 0s - loss: 1.8310 - 482ms/epoch - 2ms/step
Epoch 54/60
300/300 - 0s - loss: 1.8440 - 486ms/epoch - 2ms/step
Epoch 55/60
300/300 - 0s - loss: 1.8353 - 489ms/epoch - 2ms/step
Epoch 56/60
300/300 - 0s - loss: 1.8184 - 475ms/epoch - 2ms/step
Epoch 57/60
300/300 - 0s - loss: 1.8363 - 473ms/epoch - 2ms/step
Epoch 58/60
300/300 - 0s - loss: 1.8292 - 473ms/epoch - 2ms/step
Epoch 59/60
300/300 - 0s - loss: 1.8057 - 472ms/epoch - 2ms/step
Epoch 60/60
300/300 - 0s - loss: 1.7995 - 470ms/epoch - 2ms/step
training time: 30.0231511592865
(0.6165455279628508, 6090, 3781, 35, 0)
(0.593694999482348, 5725, 3915, 19, 2)
Epoch 1/60
300/300 - 1s - loss: 1.8817 - 1s/epoch - 4ms/step
Epoch 2/60
300/300 - 1s - loss: 1.8317 - 502ms/epoch - 2ms/step
Epoch 3/60
300/300 - 0s - loss: 1.8094 - 484ms/epoch - 2ms/step
Epoch 4/60
300/300 - 0s - loss: 1.8057 - 489ms/epoch - 2ms/step
Epoch 5/60
300/300 - 0s - loss: 1.7992 - 475ms/epoch - 2ms/step
Epoch 6/60
300/300 - 0s - loss: 1.8004 - 497ms/epoch - 2ms/step
Epoch 7/60
300/300 - 0s - loss: 1.7919 - 489ms/epoch - 2ms/step
Epoch 8/60
300/300 - 0s - loss: 1.8088 - 469ms/epoch - 2ms/step
Epoch 9/60
300/300 - 0s - loss: 1.8016 - 482ms/epoch - 2ms/step
Epoch 10/60
300/300 - 0s - loss: 1.7843 - 464ms/epoch - 2ms/step
Epoch 11/60
300/300 - 0s - loss: 1.7913 - 483ms/epoch - 2ms/step
Epoch 12/60
300/300 - 0s - loss: 1.7829 - 491ms/epoch - 2ms/step
Epoch 13/60
300/300 - 0s - loss: 1.8205 - 492ms/epoch - 2ms/step
Epoch 14/60
300/300 - 0s - loss: 1.8113 - 488ms/epoch - 2ms/step
Epoch 15/60
300/300 - 0s - loss: 1.7850 - 476ms/epoch - 2ms/step
Epoch 16/60
300/300 - 0s - loss: 1.7793 - 489ms/epoch - 2ms/step
Epoch 17/60
300/300 - 0s - loss: 1.7691 - 475ms/epoch - 2ms/step
Epoch 18/60
300/300 - 0s - loss: 1.7797 - 495ms/epoch - 2ms/step
Epoch 19/60
300/300 - 0s - loss: 1.8045 - 477ms/epoch - 2ms/step
Epoch 20/60
300/300 - 0s - loss: 1.7948 - 484ms/epoch - 2ms/step
Epoch 21/60
300/300 - 0s - loss: 1.7939 - 481ms/epoch - 2ms/step
Epoch 22/60
300/300 - 0s - loss: 1.7815 - 472ms/epoch - 2ms/step
Epoch 23/60
300/300 - 0s - loss: 1.7577 - 476ms/epoch - 2ms/step
Epoch 24/60
300/300 - 0s - loss: 1.8065 - 474ms/epoch - 2ms/step
Epoch 25/60
300/300 - 0s - loss: 1.7799 - 486ms/epoch - 2ms/step
Epoch 26/60
300/300 - 0s - loss: 1.7687 - 479ms/epoch - 2ms/step
Epoch 27/60
300/300 - 0s - loss: 1.7510 - 479ms/epoch - 2ms/step
Epoch 28/60
300/300 - 0s - loss: 1.7696 - 477ms/epoch - 2ms/step
Epoch 29/60
300/300 - 0s - loss: 1.7593 - 483ms/epoch - 2ms/step
Epoch 30/60
300/300 - 0s - loss: 1.7771 - 476ms/epoch - 2ms/step
Epoch 31/60
300/300 - 0s - loss: 1.7965 - 483ms/epoch - 2ms/step
Epoch 32/60
300/300 - 0s - loss: 1.7605 - 498ms/epoch - 2ms/step
Epoch 33/60
300/300 - 0s - loss: 1.7749 - 479ms/epoch - 2ms/step
Epoch 34/60
300/300 - 0s - loss: 1.7577 - 469ms/epoch - 2ms/step
Epoch 35/60
300/300 - 0s - loss: 1.7706 - 484ms/epoch - 2ms/step
Epoch 36/60
300/300 - 0s - loss: 1.7555 - 476ms/epoch - 2ms/step
Epoch 37/60
300/300 - 0s - loss: 1.7686 - 488ms/epoch - 2ms/step
Epoch 38/60
300/300 - 0s - loss: 1.7779 - 485ms/epoch - 2ms/step
Epoch 39/60
300/300 - 0s - loss: 1.7777 - 481ms/epoch - 2ms/step
Epoch 40/60
300/300 - 0s - loss: 1.7739 - 493ms/epoch - 2ms/step
Epoch 41/60
300/300 - 0s - loss: 1.7969 - 474ms/epoch - 2ms/step
Epoch 42/60
300/300 - 0s - loss: 1.7810 - 481ms/epoch - 2ms/step
Epoch 43/60
300/300 - 1s - loss: 1.7822 - 535ms/epoch - 2ms/step
Epoch 44/60
300/300 - 0s - loss: 1.7638 - 497ms/epoch - 2ms/step
Epoch 45/60
300/300 - 1s - loss: 1.7753 - 507ms/epoch - 2ms/step
Epoch 46/60
300/300 - 1s - loss: 1.7574 - 508ms/epoch - 2ms/step
Epoch 47/60
300/300 - 0s - loss: 1.7547 - 489ms/epoch - 2ms/step
Epoch 48/60
300/300 - 0s - loss: 1.7810 - 482ms/epoch - 2ms/step
Epoch 49/60
300/300 - 0s - loss: 1.7591 - 496ms/epoch - 2ms/step
Epoch 50/60
300/300 - 0s - loss: 1.7597 - 482ms/epoch - 2ms/step
Epoch 51/60
300/300 - 0s - loss: 1.7319 - 486ms/epoch - 2ms/step
Epoch 52/60
300/300 - 0s - loss: 1.7568 - 482ms/epoch - 2ms/step
Epoch 53/60
300/300 - 0s - loss: 1.7491 - 479ms/epoch - 2ms/step
Epoch 54/60
300/300 - 0s - loss: 1.7468 - 481ms/epoch - 2ms/step
Epoch 55/60
300/300 - 0s - loss: 1.7708 - 485ms/epoch - 2ms/step
Epoch 56/60
300/300 - 0s - loss: 1.7643 - 486ms/epoch - 2ms/step
Epoch 57/60
300/300 - 0s - loss: 1.7646 - 496ms/epoch - 2ms/step
Epoch 58/60
300/300 - 0s - loss: 1.7609 - 490ms/epoch - 2ms/step
Epoch 59/60
300/300 - 0s - loss: 1.7394 - 483ms/epoch - 2ms/step
Epoch 60/60
300/300 - 0s - loss: 1.7624 - 490ms/epoch - 2ms/step
training time: 30.318542003631592
(0.6310207919757601, 6022, 3514, 35, 1)
(0.5926222133359992, 5916, 4063, 24, 1)
Epoch 1/60
300/300 - 1s - loss: 1.8455 - 1s/epoch - 4ms/step
Epoch 2/60
300/300 - 0s - loss: 1.7972 - 481ms/epoch - 2ms/step
Epoch 3/60
300/300 - 0s - loss: 1.7906 - 479ms/epoch - 2ms/step
Epoch 4/60
300/300 - 0s - loss: 1.7933 - 478ms/epoch - 2ms/step
Epoch 5/60
300/300 - 0s - loss: 1.7721 - 478ms/epoch - 2ms/step
Epoch 6/60
300/300 - 0s - loss: 1.7882 - 473ms/epoch - 2ms/step
Epoch 7/60
300/300 - 0s - loss: 1.7855 - 484ms/epoch - 2ms/step
Epoch 8/60
300/300 - 0s - loss: 1.7559 - 461ms/epoch - 2ms/step
Epoch 9/60
300/300 - 0s - loss: 1.7559 - 482ms/epoch - 2ms/step
Epoch 10/60
300/300 - 0s - loss: 1.7453 - 497ms/epoch - 2ms/step
Epoch 11/60
300/300 - 0s - loss: 1.7605 - 470ms/epoch - 2ms/step
Epoch 12/60
300/300 - 0s - loss: 1.7455 - 483ms/epoch - 2ms/step
Epoch 13/60
300/300 - 0s - loss: 1.7575 - 475ms/epoch - 2ms/step
Epoch 14/60
300/300 - 0s - loss: 1.7251 - 481ms/epoch - 2ms/step
Epoch 15/60
300/300 - 0s - loss: 1.7292 - 491ms/epoch - 2ms/step
Epoch 16/60
300/300 - 0s - loss: 1.7313 - 494ms/epoch - 2ms/step
Epoch 17/60
300/300 - 0s - loss: 1.7419 - 485ms/epoch - 2ms/step
Epoch 18/60
300/300 - 0s - loss: 1.7190 - 484ms/epoch - 2ms/step
Epoch 19/60
300/300 - 0s - loss: 1.7123 - 486ms/epoch - 2ms/step
Epoch 20/60
300/300 - 0s - loss: 1.6917 - 494ms/epoch - 2ms/step
Epoch 21/60
300/300 - 0s - loss: 1.6898 - 488ms/epoch - 2ms/step
Epoch 22/60
300/300 - 0s - loss: 1.7064 - 479ms/epoch - 2ms/step
Epoch 23/60
300/300 - 0s - loss: 1.6970 - 470ms/epoch - 2ms/step
Epoch 24/60
300/300 - 0s - loss: 1.7130 - 481ms/epoch - 2ms/step
Epoch 25/60
300/300 - 0s - loss: 1.7144 - 482ms/epoch - 2ms/step
Epoch 26/60
300/300 - 0s - loss: 1.6789 - 480ms/epoch - 2ms/step
Epoch 27/60
300/300 - 0s - loss: 1.7095 - 480ms/epoch - 2ms/step
Epoch 28/60
300/300 - 0s - loss: 1.6973 - 491ms/epoch - 2ms/step
Epoch 29/60
300/300 - 0s - loss: 1.6872 - 484ms/epoch - 2ms/step
Epoch 30/60
300/300 - 0s - loss: 1.6638 - 484ms/epoch - 2ms/step
Epoch 31/60
300/300 - 0s - loss: 1.6557 - 487ms/epoch - 2ms/step
Epoch 32/60
300/300 - 0s - loss: 1.6699 - 473ms/epoch - 2ms/step
Epoch 33/60
300/300 - 0s - loss: 1.6821 - 481ms/epoch - 2ms/step
Epoch 34/60
300/300 - 0s - loss: 1.6819 - 477ms/epoch - 2ms/step
Epoch 35/60
300/300 - 0s - loss: 1.6827 - 494ms/epoch - 2ms/step
Epoch 36/60
300/300 - 0s - loss: 1.7044 - 487ms/epoch - 2ms/step
Epoch 37/60
300/300 - 0s - loss: 1.6949 - 488ms/epoch - 2ms/step
Epoch 38/60
300/300 - 0s - loss: 1.6975 - 477ms/epoch - 2ms/step
Epoch 39/60
300/300 - 0s - loss: 1.6994 - 486ms/epoch - 2ms/step
Epoch 40/60
300/300 - 0s - loss: 1.6557 - 463ms/epoch - 2ms/step
Epoch 41/60
300/300 - 1s - loss: 1.6712 - 511ms/epoch - 2ms/step
Epoch 42/60
300/300 - 1s - loss: 1.6446 - 507ms/epoch - 2ms/step
Epoch 43/60
300/300 - 0s - loss: 1.6640 - 485ms/epoch - 2ms/step
Epoch 44/60
300/300 - 0s - loss: 1.6678 - 480ms/epoch - 2ms/step
Epoch 45/60
300/300 - 0s - loss: 1.6509 - 495ms/epoch - 2ms/step
Epoch 46/60
300/300 - 0s - loss: 1.6570 - 483ms/epoch - 2ms/step
Epoch 47/60
300/300 - 0s - loss: 1.6445 - 483ms/epoch - 2ms/step
Epoch 48/60
300/300 - 0s - loss: 1.6749 - 486ms/epoch - 2ms/step
Epoch 49/60
300/300 - 0s - loss: 1.6470 - 481ms/epoch - 2ms/step
Epoch 50/60
300/300 - 0s - loss: 1.6693 - 490ms/epoch - 2ms/step
Epoch 51/60
300/300 - 0s - loss: 1.6486 - 484ms/epoch - 2ms/step
Epoch 52/60
300/300 - 0s - loss: 1.6573 - 478ms/epoch - 2ms/step
Epoch 53/60
300/300 - 0s - loss: 1.6644 - 487ms/epoch - 2ms/step
Epoch 54/60
300/300 - 0s - loss: 1.6729 - 490ms/epoch - 2ms/step
Epoch 55/60
300/300 - 0s - loss: 1.6609 - 477ms/epoch - 2ms/step
Epoch 56/60
300/300 - 0s - loss: 1.6685 - 494ms/epoch - 2ms/step
Epoch 57/60
300/300 - 0s - loss: 1.6807 - 493ms/epoch - 2ms/step
Epoch 58/60
300/300 - 0s - loss: 1.6745 - 486ms/epoch - 2ms/step
Epoch 59/60
300/300 - 0s - loss: 1.6741 - 473ms/epoch - 2ms/step
Epoch 60/60
300/300 - 0s - loss: 1.6589 - 484ms/epoch - 2ms/step
training time: 30.215858459472656
(0.7108814394345079, 6624, 2686, 27, 2)
(0.6178802113916618, 6308, 3899, 11, 2)
Epoch 1/60
300/300 - 1s - loss: 1.8631 - 1s/epoch - 4ms/step
Epoch 2/60
300/300 - 0s - loss: 1.8163 - 482ms/epoch - 2ms/step
Epoch 3/60
300/300 - 0s - loss: 1.7925 - 480ms/epoch - 2ms/step
Epoch 4/60
300/300 - 0s - loss: 1.7827 - 494ms/epoch - 2ms/step
Epoch 5/60
300/300 - 0s - loss: 1.7960 - 482ms/epoch - 2ms/step
Epoch 6/60
300/300 - 0s - loss: 1.7890 - 483ms/epoch - 2ms/step
Epoch 7/60
300/300 - 0s - loss: 1.7897 - 475ms/epoch - 2ms/step
Epoch 8/60
300/300 - 0s - loss: 1.7702 - 491ms/epoch - 2ms/step
Epoch 9/60
300/300 - 0s - loss: 1.7549 - 479ms/epoch - 2ms/step
Epoch 10/60
300/300 - 0s - loss: 1.7586 - 483ms/epoch - 2ms/step
Epoch 11/60
300/300 - 0s - loss: 1.7575 - 489ms/epoch - 2ms/step
Epoch 12/60
300/300 - 0s - loss: 1.7607 - 473ms/epoch - 2ms/step
Epoch 13/60
300/300 - 0s - loss: 1.7656 - 494ms/epoch - 2ms/step
Epoch 14/60
300/300 - 0s - loss: 1.7538 - 472ms/epoch - 2ms/step
Epoch 15/60
300/300 - 0s - loss: 1.7458 - 490ms/epoch - 2ms/step
Epoch 16/60
300/300 - 0s - loss: 1.7575 - 487ms/epoch - 2ms/step
Epoch 17/60
300/300 - 0s - loss: 1.7548 - 467ms/epoch - 2ms/step
Epoch 18/60
300/300 - 0s - loss: 1.7726 - 488ms/epoch - 2ms/step
Epoch 19/60
300/300 - 0s - loss: 1.7488 - 486ms/epoch - 2ms/step
Epoch 20/60
300/300 - 0s - loss: 1.7601 - 484ms/epoch - 2ms/step
Epoch 21/60
300/300 - 0s - loss: 1.7385 - 481ms/epoch - 2ms/step
Epoch 22/60
300/300 - 0s - loss: 1.7377 - 483ms/epoch - 2ms/step
Epoch 23/60
300/300 - 0s - loss: 1.7352 - 486ms/epoch - 2ms/step
Epoch 24/60
300/300 - 0s - loss: 1.7305 - 478ms/epoch - 2ms/step
Epoch 25/60
300/300 - 0s - loss: 1.7157 - 483ms/epoch - 2ms/step
Epoch 26/60
300/300 - 0s - loss: 1.7393 - 481ms/epoch - 2ms/step
Epoch 27/60
300/300 - 0s - loss: 1.7381 - 481ms/epoch - 2ms/step
Epoch 28/60
300/300 - 0s - loss: 1.7564 - 474ms/epoch - 2ms/step
Epoch 29/60
300/300 - 0s - loss: 1.7090 - 484ms/epoch - 2ms/step
Epoch 30/60
300/300 - 0s - loss: 1.7231 - 486ms/epoch - 2ms/step
Epoch 31/60
300/300 - 0s - loss: 1.7377 - 478ms/epoch - 2ms/step
Epoch 32/60
300/300 - 0s - loss: 1.7241 - 482ms/epoch - 2ms/step
Epoch 33/60
300/300 - 0s - loss: 1.7371 - 474ms/epoch - 2ms/step
Epoch 34/60
300/300 - 0s - loss: 1.7305 - 479ms/epoch - 2ms/step
Epoch 35/60
300/300 - 0s - loss: 1.7185 - 486ms/epoch - 2ms/step
Epoch 36/60
300/300 - 0s - loss: 1.7371 - 477ms/epoch - 2ms/step
Epoch 37/60
300/300 - 0s - loss: 1.7278 - 465ms/epoch - 2ms/step
Epoch 38/60
300/300 - 0s - loss: 1.6983 - 463ms/epoch - 2ms/step
Epoch 39/60
300/300 - 0s - loss: 1.7326 - 482ms/epoch - 2ms/step
Epoch 40/60
300/300 - 0s - loss: 1.7039 - 498ms/epoch - 2ms/step
Epoch 41/60
300/300 - 0s - loss: 1.7072 - 481ms/epoch - 2ms/step
Epoch 42/60
300/300 - 1s - loss: 1.6946 - 504ms/epoch - 2ms/step
Epoch 43/60
300/300 - 1s - loss: 1.7143 - 506ms/epoch - 2ms/step
Epoch 44/60
300/300 - 1s - loss: 1.7029 - 569ms/epoch - 2ms/step
Epoch 45/60
300/300 - 1s - loss: 1.7076 - 547ms/epoch - 2ms/step
Epoch 46/60
300/300 - 1s - loss: 1.7078 - 543ms/epoch - 2ms/step
Epoch 47/60
300/300 - 1s - loss: 1.6969 - 508ms/epoch - 2ms/step
Epoch 48/60
300/300 - 1s - loss: 1.6845 - 555ms/epoch - 2ms/step
Epoch 49/60
300/300 - 1s - loss: 1.6843 - 613ms/epoch - 2ms/step
Epoch 50/60
300/300 - 1s - loss: 1.6915 - 564ms/epoch - 2ms/step
Epoch 51/60
300/300 - 1s - loss: 1.7410 - 532ms/epoch - 2ms/step
Epoch 52/60
300/300 - 1s - loss: 1.7187 - 525ms/epoch - 2ms/step
Epoch 53/60
300/300 - 1s - loss: 1.7097 - 508ms/epoch - 2ms/step
Epoch 54/60
300/300 - 0s - loss: 1.7108 - 494ms/epoch - 2ms/step
Epoch 55/60
300/300 - 1s - loss: 1.6924 - 502ms/epoch - 2ms/step
Epoch 56/60
300/300 - 0s - loss: 1.7038 - 481ms/epoch - 2ms/step
Epoch 57/60
300/300 - 0s - loss: 1.6868 - 498ms/epoch - 2ms/step
Epoch 58/60
300/300 - 0s - loss: 1.7192 - 489ms/epoch - 2ms/step
Epoch 59/60
300/300 - 0s - loss: 1.7230 - 497ms/epoch - 2ms/step
Epoch 60/60
300/300 - 1s - loss: 1.7219 - 514ms/epoch - 2ms/step
training time: 30.904293060302734
(0.677461822011585, 6426, 3056, 13, 3)
(0.6160166303702237, 6216, 3872, 14, 4)
0.6656828378415527
0.03610262606707526
0.6075332229927499
0.011757944920362787
