Epoch 1/60
300/300 - 1s - loss: 1.9700 - 1s/epoch - 5ms/step
Epoch 2/60
300/300 - 0s - loss: 1.8347 - 500ms/epoch - 2ms/step
Epoch 3/60
300/300 - 0s - loss: 1.8635 - 490ms/epoch - 2ms/step
Epoch 4/60
300/300 - 0s - loss: 1.8480 - 466ms/epoch - 2ms/step
Epoch 5/60
300/300 - 0s - loss: 1.8534 - 465ms/epoch - 2ms/step
Epoch 6/60
300/300 - 0s - loss: 1.8264 - 461ms/epoch - 2ms/step
Epoch 7/60
300/300 - 0s - loss: 1.8277 - 447ms/epoch - 1ms/step
Epoch 8/60
300/300 - 0s - loss: 1.8131 - 458ms/epoch - 2ms/step
Epoch 9/60
300/300 - 0s - loss: 1.7946 - 470ms/epoch - 2ms/step
Epoch 10/60
300/300 - 0s - loss: 1.7443 - 489ms/epoch - 2ms/step
Epoch 11/60
300/300 - 0s - loss: 1.6899 - 498ms/epoch - 2ms/step
Epoch 12/60
300/300 - 0s - loss: 1.7234 - 488ms/epoch - 2ms/step
Epoch 13/60
300/300 - 0s - loss: 1.6830 - 494ms/epoch - 2ms/step
Epoch 14/60
300/300 - 0s - loss: 1.6569 - 490ms/epoch - 2ms/step
Epoch 15/60
300/300 - 0s - loss: 1.6600 - 486ms/epoch - 2ms/step
Epoch 16/60
300/300 - 0s - loss: 1.6615 - 452ms/epoch - 2ms/step
Epoch 17/60
300/300 - 0s - loss: 1.6457 - 453ms/epoch - 2ms/step
Epoch 18/60
300/300 - 0s - loss: 1.6045 - 464ms/epoch - 2ms/step
Epoch 19/60
300/300 - 0s - loss: 1.6408 - 458ms/epoch - 2ms/step
Epoch 20/60
300/300 - 0s - loss: 1.5952 - 497ms/epoch - 2ms/step
Epoch 21/60
300/300 - 0s - loss: 1.6043 - 495ms/epoch - 2ms/step
Epoch 22/60
300/300 - 1s - loss: 1.6320 - 502ms/epoch - 2ms/step
Epoch 23/60
300/300 - 0s - loss: 1.5799 - 485ms/epoch - 2ms/step
Epoch 24/60
300/300 - 0s - loss: 1.5890 - 492ms/epoch - 2ms/step
Epoch 25/60
300/300 - 0s - loss: 1.5479 - 498ms/epoch - 2ms/step
Epoch 26/60
300/300 - 0s - loss: 1.5656 - 485ms/epoch - 2ms/step
Epoch 27/60
300/300 - 0s - loss: 1.6066 - 488ms/epoch - 2ms/step
Epoch 28/60
300/300 - 0s - loss: 1.5139 - 490ms/epoch - 2ms/step
Epoch 29/60
300/300 - 0s - loss: 1.5280 - 499ms/epoch - 2ms/step
Epoch 30/60
300/300 - 0s - loss: 1.5261 - 494ms/epoch - 2ms/step
Epoch 31/60
300/300 - 0s - loss: 1.4831 - 498ms/epoch - 2ms/step
Epoch 32/60
300/300 - 0s - loss: 1.4691 - 498ms/epoch - 2ms/step
Epoch 33/60
300/300 - 0s - loss: 1.4451 - 488ms/epoch - 2ms/step
Epoch 34/60
300/300 - 0s - loss: 1.4818 - 484ms/epoch - 2ms/step
Epoch 35/60
300/300 - 0s - loss: 1.4206 - 495ms/epoch - 2ms/step
Epoch 36/60
300/300 - 0s - loss: 1.4886 - 457ms/epoch - 2ms/step
Epoch 37/60
300/300 - 0s - loss: 1.5300 - 456ms/epoch - 2ms/step
Epoch 38/60
300/300 - 0s - loss: 1.4850 - 457ms/epoch - 2ms/step
Epoch 39/60
300/300 - 0s - loss: 1.4751 - 464ms/epoch - 2ms/step
Epoch 40/60
300/300 - 0s - loss: 1.4680 - 479ms/epoch - 2ms/step
Epoch 41/60
300/300 - 0s - loss: 1.4438 - 491ms/epoch - 2ms/step
Epoch 42/60
300/300 - 0s - loss: 1.4123 - 499ms/epoch - 2ms/step
Epoch 43/60
300/300 - 0s - loss: 1.4831 - 489ms/epoch - 2ms/step
Epoch 44/60
300/300 - 0s - loss: 1.4609 - 494ms/epoch - 2ms/step
Epoch 45/60
300/300 - 0s - loss: 1.4489 - 491ms/epoch - 2ms/step
Epoch 46/60
300/300 - 0s - loss: 1.4732 - 490ms/epoch - 2ms/step
Epoch 47/60
300/300 - 0s - loss: 1.4676 - 493ms/epoch - 2ms/step
Epoch 48/60
300/300 - 0s - loss: 1.4811 - 495ms/epoch - 2ms/step
Epoch 49/60
300/300 - 0s - loss: 1.4961 - 495ms/epoch - 2ms/step
Epoch 50/60
300/300 - 0s - loss: 1.4488 - 499ms/epoch - 2ms/step
Epoch 51/60
300/300 - 0s - loss: 1.4425 - 498ms/epoch - 2ms/step
Epoch 52/60
300/300 - 1s - loss: 1.4487 - 502ms/epoch - 2ms/step
Epoch 53/60
300/300 - 0s - loss: 1.4588 - 498ms/epoch - 2ms/step
Epoch 54/60
300/300 - 0s - loss: 1.4794 - 482ms/epoch - 2ms/step
Epoch 55/60
300/300 - 0s - loss: 1.4591 - 497ms/epoch - 2ms/step
Epoch 56/60
300/300 - 0s - loss: 1.4514 - 479ms/epoch - 2ms/step
Epoch 57/60
300/300 - 0s - loss: 1.4344 - 450ms/epoch - 2ms/step
Epoch 58/60
300/300 - 0s - loss: 1.4522 - 465ms/epoch - 2ms/step
Epoch 59/60
300/300 - 0s - loss: 1.4851 - 453ms/epoch - 2ms/step
Epoch 60/60
300/300 - 0s - loss: 1.4630 - 462ms/epoch - 2ms/step
training time: 30.27502417564392
(0.7999692811796028, 7812, 1953, 1, 1)
(0.6485108119135047, 6356, 3444, 4, 4)
Epoch 1/60
300/300 - 1s - loss: 1.9119 - 1s/epoch - 4ms/step
Epoch 2/60
300/300 - 0s - loss: 1.8584 - 498ms/epoch - 2ms/step
Epoch 3/60
300/300 - 0s - loss: 1.8595 - 495ms/epoch - 2ms/step
Epoch 4/60
300/300 - 0s - loss: 1.8548 - 489ms/epoch - 2ms/step
Epoch 5/60
300/300 - 0s - loss: 1.8596 - 472ms/epoch - 2ms/step
Epoch 6/60
300/300 - 0s - loss: 1.8676 - 470ms/epoch - 2ms/step
Epoch 7/60
300/300 - 1s - loss: 1.8331 - 530ms/epoch - 2ms/step
Epoch 8/60
300/300 - 1s - loss: 1.8124 - 502ms/epoch - 2ms/step
Epoch 9/60
300/300 - 0s - loss: 1.8061 - 476ms/epoch - 2ms/step
Epoch 10/60
300/300 - 0s - loss: 1.7834 - 475ms/epoch - 2ms/step
Epoch 11/60
300/300 - 0s - loss: 1.7087 - 471ms/epoch - 2ms/step
Epoch 12/60
300/300 - 0s - loss: 1.7326 - 477ms/epoch - 2ms/step
Epoch 13/60
300/300 - 0s - loss: 1.7220 - 465ms/epoch - 2ms/step
Epoch 14/60
300/300 - 0s - loss: 1.6975 - 465ms/epoch - 2ms/step
Epoch 15/60
300/300 - 0s - loss: 1.6616 - 484ms/epoch - 2ms/step
Epoch 16/60
300/300 - 0s - loss: 1.6418 - 456ms/epoch - 2ms/step
Epoch 17/60
300/300 - 0s - loss: 1.6080 - 465ms/epoch - 2ms/step
Epoch 18/60
300/300 - 0s - loss: 1.6338 - 481ms/epoch - 2ms/step
Epoch 19/60
300/300 - 0s - loss: 1.5969 - 459ms/epoch - 2ms/step
Epoch 20/60
300/300 - 0s - loss: 1.5581 - 464ms/epoch - 2ms/step
Epoch 21/60
300/300 - 0s - loss: 1.6346 - 467ms/epoch - 2ms/step
Epoch 22/60
300/300 - 0s - loss: 1.6118 - 455ms/epoch - 2ms/step
Epoch 23/60
300/300 - 0s - loss: 1.6232 - 460ms/epoch - 2ms/step
Epoch 24/60
300/300 - 0s - loss: 1.6111 - 460ms/epoch - 2ms/step
Epoch 25/60
300/300 - 0s - loss: 1.5912 - 473ms/epoch - 2ms/step
Epoch 26/60
300/300 - 0s - loss: 1.5627 - 487ms/epoch - 2ms/step
Epoch 27/60
300/300 - 0s - loss: 1.5928 - 484ms/epoch - 2ms/step
Epoch 28/60
300/300 - 0s - loss: 1.6148 - 466ms/epoch - 2ms/step
Epoch 29/60
300/300 - 0s - loss: 1.6152 - 470ms/epoch - 2ms/step
Epoch 30/60
300/300 - 0s - loss: 1.6174 - 454ms/epoch - 2ms/step
Epoch 31/60
300/300 - 0s - loss: 1.5453 - 469ms/epoch - 2ms/step
Epoch 32/60
300/300 - 0s - loss: 1.5484 - 460ms/epoch - 2ms/step
Epoch 33/60
300/300 - 0s - loss: 1.6043 - 458ms/epoch - 2ms/step
Epoch 34/60
300/300 - 0s - loss: 1.6223 - 463ms/epoch - 2ms/step
Epoch 35/60
300/300 - 0s - loss: 1.6063 - 473ms/epoch - 2ms/step
Epoch 36/60
300/300 - 0s - loss: 1.5468 - 481ms/epoch - 2ms/step
Epoch 37/60
300/300 - 0s - loss: 1.5330 - 485ms/epoch - 2ms/step
Epoch 38/60
300/300 - 0s - loss: 1.5119 - 448ms/epoch - 1ms/step
Epoch 39/60
300/300 - 0s - loss: 1.5087 - 482ms/epoch - 2ms/step
Epoch 40/60
300/300 - 0s - loss: 1.5138 - 461ms/epoch - 2ms/step
Epoch 41/60
300/300 - 0s - loss: 1.5481 - 464ms/epoch - 2ms/step
Epoch 42/60
300/300 - 0s - loss: 1.5262 - 466ms/epoch - 2ms/step
Epoch 43/60
300/300 - 0s - loss: 1.4991 - 456ms/epoch - 2ms/step
Epoch 44/60
300/300 - 0s - loss: 1.4926 - 461ms/epoch - 2ms/step
Epoch 45/60
300/300 - 0s - loss: 1.4895 - 457ms/epoch - 2ms/step
Epoch 46/60
300/300 - 0s - loss: 1.4588 - 461ms/epoch - 2ms/step
Epoch 47/60
300/300 - 0s - loss: 1.4687 - 458ms/epoch - 2ms/step
Epoch 48/60
300/300 - 0s - loss: 1.4338 - 469ms/epoch - 2ms/step
Epoch 49/60
300/300 - 0s - loss: 1.4350 - 462ms/epoch - 2ms/step
Epoch 50/60
300/300 - 1s - loss: 1.4069 - 504ms/epoch - 2ms/step
Epoch 51/60
300/300 - 1s - loss: 1.4135 - 506ms/epoch - 2ms/step
Epoch 52/60
300/300 - 1s - loss: 1.3806 - 506ms/epoch - 2ms/step
Epoch 53/60
300/300 - 1s - loss: 1.3713 - 503ms/epoch - 2ms/step
Epoch 54/60
300/300 - 1s - loss: 1.3947 - 506ms/epoch - 2ms/step
Epoch 55/60
300/300 - 1s - loss: 1.3488 - 505ms/epoch - 2ms/step
Epoch 56/60
300/300 - 1s - loss: 1.3956 - 516ms/epoch - 2ms/step
Epoch 57/60
300/300 - 0s - loss: 1.3351 - 500ms/epoch - 2ms/step
Epoch 58/60
300/300 - 1s - loss: 1.3639 - 503ms/epoch - 2ms/step
Epoch 59/60
300/300 - 1s - loss: 1.4608 - 509ms/epoch - 2ms/step
Epoch 60/60
300/300 - 1s - loss: 1.4444 - 517ms/epoch - 2ms/step
training time: 29.908948183059692
(0.844134867756915, 8359, 1541, 6, 0)
(0.6422507505952997, 6203, 3455, 1, 2)
Epoch 1/60
300/300 - 1s - loss: 1.8200 - 1s/epoch - 4ms/step
Epoch 2/60
300/300 - 0s - loss: 1.8306 - 457ms/epoch - 2ms/step
Epoch 3/60
300/300 - 0s - loss: 1.8359 - 465ms/epoch - 2ms/step
Epoch 4/60
300/300 - 0s - loss: 1.8055 - 453ms/epoch - 2ms/step
Epoch 5/60
300/300 - 0s - loss: 1.8026 - 458ms/epoch - 2ms/step
Epoch 6/60
300/300 - 0s - loss: 1.7835 - 457ms/epoch - 2ms/step
Epoch 7/60
300/300 - 0s - loss: 1.7607 - 483ms/epoch - 2ms/step
Epoch 8/60
300/300 - 0s - loss: 1.7894 - 492ms/epoch - 2ms/step
Epoch 9/60
300/300 - 0s - loss: 1.7641 - 489ms/epoch - 2ms/step
Epoch 10/60
300/300 - 0s - loss: 1.7514 - 493ms/epoch - 2ms/step
Epoch 11/60
300/300 - 1s - loss: 1.7204 - 503ms/epoch - 2ms/step
Epoch 12/60
300/300 - 0s - loss: 1.6941 - 497ms/epoch - 2ms/step
Epoch 13/60
300/300 - 0s - loss: 1.6847 - 496ms/epoch - 2ms/step
Epoch 14/60
300/300 - 0s - loss: 1.6720 - 482ms/epoch - 2ms/step
Epoch 15/60
300/300 - 0s - loss: 1.6397 - 500ms/epoch - 2ms/step
Epoch 16/60
300/300 - 0s - loss: 1.6809 - 464ms/epoch - 2ms/step
Epoch 17/60
300/300 - 0s - loss: 1.6595 - 472ms/epoch - 2ms/step
Epoch 18/60
300/300 - 0s - loss: 1.6326 - 490ms/epoch - 2ms/step
Epoch 19/60
300/300 - 0s - loss: 1.6433 - 496ms/epoch - 2ms/step
Epoch 20/60
300/300 - 1s - loss: 1.5952 - 503ms/epoch - 2ms/step
Epoch 21/60
300/300 - 0s - loss: 1.6171 - 488ms/epoch - 2ms/step
Epoch 22/60
300/300 - 0s - loss: 1.6039 - 496ms/epoch - 2ms/step
Epoch 23/60
300/300 - 0s - loss: 1.5920 - 490ms/epoch - 2ms/step
Epoch 24/60
300/300 - 0s - loss: 1.5554 - 466ms/epoch - 2ms/step
Epoch 25/60
300/300 - 0s - loss: 1.5775 - 449ms/epoch - 1ms/step
Epoch 26/60
300/300 - 0s - loss: 1.5767 - 459ms/epoch - 2ms/step
Epoch 27/60
300/300 - 0s - loss: 1.5528 - 464ms/epoch - 2ms/step
Epoch 28/60
300/300 - 1s - loss: 1.5768 - 503ms/epoch - 2ms/step
Epoch 29/60
300/300 - 0s - loss: 1.5575 - 499ms/epoch - 2ms/step
Epoch 30/60
300/300 - 1s - loss: 1.5466 - 501ms/epoch - 2ms/step
Epoch 31/60
300/300 - 1s - loss: 1.5423 - 502ms/epoch - 2ms/step
Epoch 32/60
300/300 - 1s - loss: 1.5349 - 501ms/epoch - 2ms/step
Epoch 33/60
300/300 - 0s - loss: 1.5852 - 478ms/epoch - 2ms/step
Epoch 34/60
300/300 - 0s - loss: 1.5289 - 490ms/epoch - 2ms/step
Epoch 35/60
300/300 - 0s - loss: 1.5210 - 486ms/epoch - 2ms/step
Epoch 36/60
300/300 - 1s - loss: 1.5158 - 501ms/epoch - 2ms/step
Epoch 37/60
300/300 - 1s - loss: 1.5287 - 505ms/epoch - 2ms/step
Epoch 38/60
300/300 - 0s - loss: 1.5053 - 493ms/epoch - 2ms/step
Epoch 39/60
300/300 - 1s - loss: 1.4909 - 502ms/epoch - 2ms/step
Epoch 40/60
300/300 - 0s - loss: 1.4447 - 487ms/epoch - 2ms/step
Epoch 41/60
300/300 - 0s - loss: 1.5133 - 479ms/epoch - 2ms/step
Epoch 42/60
300/300 - 0s - loss: 1.4886 - 466ms/epoch - 2ms/step
Epoch 43/60
300/300 - 0s - loss: 1.4880 - 472ms/epoch - 2ms/step
Epoch 44/60
300/300 - 0s - loss: 1.5052 - 458ms/epoch - 2ms/step
Epoch 45/60
300/300 - 0s - loss: 1.5313 - 460ms/epoch - 2ms/step
Epoch 46/60
300/300 - 0s - loss: 1.4574 - 453ms/epoch - 2ms/step
Epoch 47/60
300/300 - 0s - loss: 1.4940 - 454ms/epoch - 2ms/step
Epoch 48/60
300/300 - 0s - loss: 1.4527 - 468ms/epoch - 2ms/step
Epoch 49/60
300/300 - 0s - loss: 1.4550 - 485ms/epoch - 2ms/step
Epoch 50/60
300/300 - 0s - loss: 1.5785 - 495ms/epoch - 2ms/step
Epoch 51/60
300/300 - 0s - loss: 1.5823 - 491ms/epoch - 2ms/step
Epoch 52/60
300/300 - 0s - loss: 1.5583 - 483ms/epoch - 2ms/step
Epoch 53/60
300/300 - 0s - loss: 1.5421 - 500ms/epoch - 2ms/step
Epoch 54/60
300/300 - 0s - loss: 1.5389 - 487ms/epoch - 2ms/step
Epoch 55/60
300/300 - 0s - loss: 1.5622 - 447ms/epoch - 1ms/step
Epoch 56/60
300/300 - 0s - loss: 1.5144 - 449ms/epoch - 1ms/step
Epoch 57/60
300/300 - 0s - loss: 1.5454 - 455ms/epoch - 2ms/step
Epoch 58/60
300/300 - 1s - loss: 1.5180 - 506ms/epoch - 2ms/step
Epoch 59/60
300/300 - 0s - loss: 1.4414 - 498ms/epoch - 2ms/step
Epoch 60/60
300/300 - 1s - loss: 1.3912 - 502ms/epoch - 2ms/step
training time: 30.280503749847412
(0.8056106989865218, 7700, 1850, 21, 1)
(0.6600519844046786, 6593, 3391, 19, 1)
Epoch 1/60
300/300 - 1s - loss: 1.8564 - 1s/epoch - 4ms/step
Epoch 2/60
300/300 - 0s - loss: 1.7862 - 464ms/epoch - 2ms/step
Epoch 3/60
300/300 - 0s - loss: 1.7799 - 458ms/epoch - 2ms/step
Epoch 4/60
300/300 - 0s - loss: 1.7669 - 459ms/epoch - 2ms/step
Epoch 5/60
300/300 - 0s - loss: 1.7761 - 458ms/epoch - 2ms/step
Epoch 6/60
300/300 - 0s - loss: 1.7660 - 457ms/epoch - 2ms/step
Epoch 7/60
300/300 - 0s - loss: 1.7727 - 450ms/epoch - 2ms/step
Epoch 8/60
300/300 - 0s - loss: 1.7805 - 461ms/epoch - 2ms/step
Epoch 9/60
300/300 - 0s - loss: 1.7764 - 455ms/epoch - 2ms/step
Epoch 10/60
300/300 - 0s - loss: 1.7811 - 457ms/epoch - 2ms/step
Epoch 11/60
300/300 - 0s - loss: 1.7867 - 448ms/epoch - 1ms/step
Epoch 12/60
300/300 - 0s - loss: 1.7843 - 461ms/epoch - 2ms/step
Epoch 13/60
300/300 - 0s - loss: 1.7643 - 459ms/epoch - 2ms/step
Epoch 14/60
300/300 - 0s - loss: 1.7452 - 464ms/epoch - 2ms/step
Epoch 15/60
300/300 - 0s - loss: 1.7279 - 455ms/epoch - 2ms/step
Epoch 16/60
300/300 - 0s - loss: 1.7590 - 461ms/epoch - 2ms/step
Epoch 17/60
300/300 - 0s - loss: 1.7006 - 468ms/epoch - 2ms/step
Epoch 18/60
300/300 - 0s - loss: 1.7408 - 449ms/epoch - 1ms/step
Epoch 19/60
300/300 - 0s - loss: 1.6893 - 460ms/epoch - 2ms/step
Epoch 20/60
300/300 - 0s - loss: 1.6949 - 459ms/epoch - 2ms/step
Epoch 21/60
300/300 - 0s - loss: 1.6710 - 435ms/epoch - 1ms/step
Epoch 22/60
300/300 - 0s - loss: 1.6675 - 443ms/epoch - 1ms/step
Epoch 23/60
300/300 - 0s - loss: 1.6852 - 435ms/epoch - 1ms/step
Epoch 24/60
300/300 - 0s - loss: 1.6375 - 465ms/epoch - 2ms/step
Epoch 25/60
300/300 - 0s - loss: 1.6183 - 447ms/epoch - 1ms/step
Epoch 26/60
300/300 - 0s - loss: 1.6520 - 455ms/epoch - 2ms/step
Epoch 27/60
300/300 - 0s - loss: 1.6313 - 457ms/epoch - 2ms/step
Epoch 28/60
300/300 - 0s - loss: 1.6351 - 457ms/epoch - 2ms/step
Epoch 29/60
300/300 - 0s - loss: 1.6079 - 459ms/epoch - 2ms/step
Epoch 30/60
300/300 - 0s - loss: 1.5996 - 451ms/epoch - 2ms/step
Epoch 31/60
300/300 - 0s - loss: 1.5996 - 448ms/epoch - 1ms/step
Epoch 32/60
300/300 - 0s - loss: 1.6213 - 443ms/epoch - 1ms/step
Epoch 33/60
300/300 - 0s - loss: 1.5644 - 450ms/epoch - 1ms/step
Epoch 34/60
300/300 - 0s - loss: 1.6121 - 437ms/epoch - 1ms/step
Epoch 35/60
300/300 - 0s - loss: 1.5611 - 456ms/epoch - 2ms/step
Epoch 36/60
300/300 - 0s - loss: 1.5455 - 449ms/epoch - 1ms/step
Epoch 37/60
300/300 - 0s - loss: 1.5678 - 466ms/epoch - 2ms/step
Epoch 38/60
300/300 - 0s - loss: 1.5719 - 445ms/epoch - 1ms/step
Epoch 39/60
300/300 - 0s - loss: 1.5250 - 461ms/epoch - 2ms/step
Epoch 40/60
300/300 - 0s - loss: 1.5258 - 457ms/epoch - 2ms/step
Epoch 41/60
300/300 - 0s - loss: 1.5799 - 439ms/epoch - 1ms/step
Epoch 42/60
300/300 - 0s - loss: 1.5444 - 453ms/epoch - 2ms/step
Epoch 43/60
300/300 - 0s - loss: 1.5837 - 458ms/epoch - 2ms/step
Epoch 44/60
300/300 - 0s - loss: 1.5634 - 443ms/epoch - 1ms/step
Epoch 45/60
300/300 - 0s - loss: 1.5618 - 455ms/epoch - 2ms/step
Epoch 46/60
300/300 - 0s - loss: 1.5079 - 460ms/epoch - 2ms/step
Epoch 47/60
300/300 - 0s - loss: 1.5012 - 457ms/epoch - 2ms/step
Epoch 48/60
300/300 - 0s - loss: 1.5379 - 465ms/epoch - 2ms/step
Epoch 49/60
300/300 - 0s - loss: 1.5208 - 465ms/epoch - 2ms/step
Epoch 50/60
300/300 - 0s - loss: 1.5130 - 471ms/epoch - 2ms/step
Epoch 51/60
300/300 - 0s - loss: 1.5188 - 456ms/epoch - 2ms/step
Epoch 52/60
300/300 - 0s - loss: 1.4835 - 461ms/epoch - 2ms/step
Epoch 53/60
300/300 - 0s - loss: 1.5223 - 449ms/epoch - 1ms/step
Epoch 54/60
300/300 - 0s - loss: 1.4677 - 462ms/epoch - 2ms/step
Epoch 55/60
300/300 - 0s - loss: 1.4878 - 458ms/epoch - 2ms/step
Epoch 56/60
300/300 - 0s - loss: 1.4718 - 461ms/epoch - 2ms/step
Epoch 57/60
300/300 - 0s - loss: 1.4445 - 458ms/epoch - 2ms/step
Epoch 58/60
300/300 - 0s - loss: 1.4773 - 448ms/epoch - 1ms/step
Epoch 59/60
300/300 - 0s - loss: 1.4598 - 453ms/epoch - 2ms/step
Epoch 60/60
300/300 - 0s - loss: 1.4166 - 470ms/epoch - 2ms/step
training time: 28.52237629890442
(0.7952233051301274, 7421, 1908, 8, 2)
(0.6134762184380504, 6267, 3948, 3, 2)
Epoch 1/60
300/300 - 1s - loss: 1.8458 - 1s/epoch - 4ms/step
Epoch 2/60
300/300 - 0s - loss: 1.8103 - 462ms/epoch - 2ms/step
Epoch 3/60
300/300 - 0s - loss: 1.8195 - 461ms/epoch - 2ms/step
Epoch 4/60
300/300 - 0s - loss: 1.7992 - 441ms/epoch - 1ms/step
Epoch 5/60
300/300 - 0s - loss: 1.7922 - 459ms/epoch - 2ms/step
Epoch 6/60
300/300 - 0s - loss: 1.8200 - 446ms/epoch - 1ms/step
Epoch 7/60
300/300 - 0s - loss: 1.7995 - 466ms/epoch - 2ms/step
Epoch 8/60
300/300 - 0s - loss: 1.7950 - 475ms/epoch - 2ms/step
Epoch 9/60
300/300 - 0s - loss: 1.7820 - 462ms/epoch - 2ms/step
Epoch 10/60
300/300 - 0s - loss: 1.7615 - 452ms/epoch - 2ms/step
Epoch 11/60
300/300 - 0s - loss: 1.7505 - 461ms/epoch - 2ms/step
Epoch 12/60
300/300 - 0s - loss: 1.7250 - 454ms/epoch - 2ms/step
Epoch 13/60
300/300 - 0s - loss: 1.7223 - 456ms/epoch - 2ms/step
Epoch 14/60
300/300 - 0s - loss: 1.7072 - 457ms/epoch - 2ms/step
Epoch 15/60
300/300 - 0s - loss: 1.7045 - 455ms/epoch - 2ms/step
Epoch 16/60
300/300 - 0s - loss: 1.6773 - 460ms/epoch - 2ms/step
Epoch 17/60
300/300 - 0s - loss: 1.6819 - 455ms/epoch - 2ms/step
Epoch 18/60
300/300 - 0s - loss: 1.6423 - 456ms/epoch - 2ms/step
Epoch 19/60
300/300 - 0s - loss: 1.6209 - 461ms/epoch - 2ms/step
Epoch 20/60
300/300 - 0s - loss: 1.5761 - 446ms/epoch - 1ms/step
Epoch 21/60
300/300 - 0s - loss: 1.5938 - 460ms/epoch - 2ms/step
Epoch 22/60
300/300 - 0s - loss: 1.5983 - 455ms/epoch - 2ms/step
Epoch 23/60
300/300 - 0s - loss: 1.5985 - 445ms/epoch - 1ms/step
Epoch 24/60
300/300 - 0s - loss: 1.5400 - 456ms/epoch - 2ms/step
Epoch 25/60
300/300 - 0s - loss: 1.5996 - 460ms/epoch - 2ms/step
Epoch 26/60
300/300 - 0s - loss: 1.5790 - 461ms/epoch - 2ms/step
Epoch 27/60
300/300 - 0s - loss: 1.5378 - 445ms/epoch - 1ms/step
Epoch 28/60
300/300 - 0s - loss: 1.5696 - 443ms/epoch - 1ms/step
Epoch 29/60
300/300 - 0s - loss: 1.5963 - 460ms/epoch - 2ms/step
Epoch 30/60
300/300 - 0s - loss: 1.5779 - 467ms/epoch - 2ms/step
Epoch 31/60
300/300 - 0s - loss: 1.5796 - 455ms/epoch - 2ms/step
Epoch 32/60
300/300 - 0s - loss: 1.5912 - 458ms/epoch - 2ms/step
Epoch 33/60
300/300 - 0s - loss: 1.5968 - 456ms/epoch - 2ms/step
Epoch 34/60
300/300 - 0s - loss: 1.5710 - 449ms/epoch - 1ms/step
Epoch 35/60
300/300 - 0s - loss: 1.5923 - 463ms/epoch - 2ms/step
Epoch 36/60
300/300 - 0s - loss: 1.5435 - 459ms/epoch - 2ms/step
Epoch 37/60
300/300 - 0s - loss: 1.5813 - 450ms/epoch - 1ms/step
Epoch 38/60
300/300 - 0s - loss: 1.5765 - 462ms/epoch - 2ms/step
Epoch 39/60
300/300 - 0s - loss: 1.5994 - 456ms/epoch - 2ms/step
Epoch 40/60
300/300 - 0s - loss: 1.5347 - 453ms/epoch - 2ms/step
Epoch 41/60
300/300 - 0s - loss: 1.5640 - 470ms/epoch - 2ms/step
Epoch 42/60
300/300 - 0s - loss: 1.5569 - 463ms/epoch - 2ms/step
Epoch 43/60
300/300 - 0s - loss: 1.5265 - 458ms/epoch - 2ms/step
Epoch 44/60
300/300 - 0s - loss: 1.5319 - 448ms/epoch - 1ms/step
Epoch 45/60
300/300 - 0s - loss: 1.5166 - 440ms/epoch - 1ms/step
Epoch 46/60
300/300 - 0s - loss: 1.5146 - 456ms/epoch - 2ms/step
Epoch 47/60
300/300 - 0s - loss: 1.4633 - 457ms/epoch - 2ms/step
Epoch 48/60
300/300 - 0s - loss: 1.4874 - 458ms/epoch - 2ms/step
Epoch 49/60
300/300 - 0s - loss: 1.4543 - 447ms/epoch - 1ms/step
Epoch 50/60
300/300 - 0s - loss: 1.4804 - 463ms/epoch - 2ms/step
Epoch 51/60
300/300 - 0s - loss: 1.4649 - 458ms/epoch - 2ms/step
Epoch 52/60
300/300 - 0s - loss: 1.4727 - 463ms/epoch - 2ms/step
Epoch 53/60
300/300 - 0s - loss: 1.4655 - 455ms/epoch - 2ms/step
Epoch 54/60
300/300 - 0s - loss: 1.4448 - 453ms/epoch - 2ms/step
Epoch 55/60
300/300 - 0s - loss: 1.5135 - 449ms/epoch - 1ms/step
Epoch 56/60
300/300 - 0s - loss: 1.5038 - 461ms/epoch - 2ms/step
Epoch 57/60
300/300 - 0s - loss: 1.4853 - 454ms/epoch - 2ms/step
Epoch 58/60
300/300 - 0s - loss: 1.4731 - 438ms/epoch - 1ms/step
Epoch 59/60
300/300 - 0s - loss: 1.5364 - 458ms/epoch - 2ms/step
Epoch 60/60
300/300 - 0s - loss: 1.4946 - 459ms/epoch - 2ms/step
training time: 28.556694269180298
(0.7933122696155871, 7532, 1962, 1, 3)
(0.6608097406454168, 6675, 3426, 1, 4)
0.8076500845337508
0.018731209375747536
0.64501990119939
0.01726349402671491
