Epoch 1/60
300/300 - 2s - loss: 1.9160 - 2s/epoch - 5ms/step
Epoch 2/60
300/300 - 1s - loss: 1.9158 - 577ms/epoch - 2ms/step
Epoch 3/60
300/300 - 1s - loss: 1.8843 - 541ms/epoch - 2ms/step
Epoch 4/60
300/300 - 1s - loss: 1.8831 - 509ms/epoch - 2ms/step
Epoch 5/60
300/300 - 0s - loss: 1.8668 - 498ms/epoch - 2ms/step
Epoch 6/60
300/300 - 0s - loss: 1.8520 - 500ms/epoch - 2ms/step
Epoch 7/60
300/300 - 1s - loss: 1.8683 - 503ms/epoch - 2ms/step
Epoch 8/60
300/300 - 0s - loss: 1.8500 - 495ms/epoch - 2ms/step
Epoch 9/60
300/300 - 0s - loss: 1.8493 - 485ms/epoch - 2ms/step
Epoch 10/60
300/300 - 1s - loss: 1.8294 - 504ms/epoch - 2ms/step
Epoch 11/60
300/300 - 0s - loss: 1.8566 - 497ms/epoch - 2ms/step
Epoch 12/60
300/300 - 0s - loss: 1.8380 - 488ms/epoch - 2ms/step
Epoch 13/60
300/300 - 0s - loss: 1.8431 - 489ms/epoch - 2ms/step
Epoch 14/60
300/300 - 0s - loss: 1.8709 - 498ms/epoch - 2ms/step
Epoch 15/60
300/300 - 0s - loss: 1.8518 - 484ms/epoch - 2ms/step
Epoch 16/60
300/300 - 1s - loss: 1.8364 - 504ms/epoch - 2ms/step
Epoch 17/60
300/300 - 1s - loss: 1.8579 - 506ms/epoch - 2ms/step
Epoch 18/60
300/300 - 0s - loss: 1.8522 - 500ms/epoch - 2ms/step
Epoch 19/60
300/300 - 0s - loss: 1.8433 - 497ms/epoch - 2ms/step
Epoch 20/60
300/300 - 1s - loss: 1.8348 - 501ms/epoch - 2ms/step
Epoch 21/60
300/300 - 0s - loss: 1.8607 - 486ms/epoch - 2ms/step
Epoch 22/60
300/300 - 1s - loss: 1.8344 - 503ms/epoch - 2ms/step
Epoch 23/60
300/300 - 0s - loss: 1.8601 - 492ms/epoch - 2ms/step
Epoch 24/60
300/300 - 1s - loss: 1.8493 - 508ms/epoch - 2ms/step
Epoch 25/60
300/300 - 0s - loss: 1.8587 - 498ms/epoch - 2ms/step
Epoch 26/60
300/300 - 0s - loss: 1.8364 - 491ms/epoch - 2ms/step
Epoch 27/60
300/300 - 0s - loss: 1.8439 - 497ms/epoch - 2ms/step
Epoch 28/60
300/300 - 0s - loss: 1.8525 - 492ms/epoch - 2ms/step
Epoch 29/60
300/300 - 0s - loss: 1.8319 - 499ms/epoch - 2ms/step
Epoch 30/60
300/300 - 0s - loss: 1.8452 - 486ms/epoch - 2ms/step
Epoch 31/60
300/300 - 0s - loss: 1.8285 - 496ms/epoch - 2ms/step
Epoch 32/60
300/300 - 0s - loss: 1.8180 - 498ms/epoch - 2ms/step
Epoch 33/60
300/300 - 0s - loss: 1.8246 - 499ms/epoch - 2ms/step
Epoch 34/60
300/300 - 0s - loss: 1.8429 - 495ms/epoch - 2ms/step
Epoch 35/60
300/300 - 0s - loss: 1.8464 - 495ms/epoch - 2ms/step
Epoch 36/60
300/300 - 0s - loss: 1.8304 - 496ms/epoch - 2ms/step
Epoch 37/60
300/300 - 1s - loss: 1.8283 - 502ms/epoch - 2ms/step
Epoch 38/60
300/300 - 0s - loss: 1.8389 - 500ms/epoch - 2ms/step
Epoch 39/60
300/300 - 1s - loss: 1.8395 - 507ms/epoch - 2ms/step
Epoch 40/60
300/300 - 0s - loss: 1.8308 - 498ms/epoch - 2ms/step
Epoch 41/60
300/300 - 1s - loss: 1.8477 - 541ms/epoch - 2ms/step
Epoch 42/60
300/300 - 0s - loss: 1.8405 - 500ms/epoch - 2ms/step
Epoch 43/60
300/300 - 1s - loss: 1.8225 - 527ms/epoch - 2ms/step
Epoch 44/60
300/300 - 1s - loss: 1.8262 - 508ms/epoch - 2ms/step
Epoch 45/60
300/300 - 1s - loss: 1.8433 - 501ms/epoch - 2ms/step
Epoch 46/60
300/300 - 1s - loss: 1.8272 - 504ms/epoch - 2ms/step
Epoch 47/60
300/300 - 1s - loss: 1.8079 - 526ms/epoch - 2ms/step
Epoch 48/60
300/300 - 0s - loss: 1.8304 - 497ms/epoch - 2ms/step
Epoch 49/60
300/300 - 1s - loss: 1.8289 - 502ms/epoch - 2ms/step
Epoch 50/60
300/300 - 0s - loss: 1.8181 - 495ms/epoch - 2ms/step
Epoch 51/60
300/300 - 0s - loss: 1.8310 - 494ms/epoch - 2ms/step
Epoch 52/60
300/300 - 1s - loss: 1.7945 - 562ms/epoch - 2ms/step
Epoch 53/60
300/300 - 1s - loss: 1.8328 - 523ms/epoch - 2ms/step
Epoch 54/60
300/300 - 0s - loss: 1.8171 - 492ms/epoch - 2ms/step
Epoch 55/60
300/300 - 1s - loss: 1.8215 - 502ms/epoch - 2ms/step
Epoch 56/60
300/300 - 1s - loss: 1.8002 - 511ms/epoch - 2ms/step
Epoch 57/60
300/300 - 1s - loss: 1.8156 - 529ms/epoch - 2ms/step
Epoch 58/60
300/300 - 0s - loss: 1.8257 - 493ms/epoch - 2ms/step
Epoch 59/60
300/300 - 1s - loss: 1.7961 - 509ms/epoch - 2ms/step
Epoch 60/60
300/300 - 0s - loss: 1.8121 - 474ms/epoch - 2ms/step
training time: 31.78801703453064
(0.6496006553348351, 6344, 3422, 0, 1)
(0.657078743370053, 6442, 3362, 0, 4)
Epoch 1/60
300/300 - 1s - loss: 1.8765 - 1s/epoch - 4ms/step
Epoch 2/60
300/300 - 0s - loss: 1.8903 - 484ms/epoch - 2ms/step
Epoch 3/60
300/300 - 1s - loss: 1.8782 - 503ms/epoch - 2ms/step
Epoch 4/60
300/300 - 0s - loss: 1.8721 - 499ms/epoch - 2ms/step
Epoch 5/60
300/300 - 0s - loss: 1.8703 - 486ms/epoch - 2ms/step
Epoch 6/60
300/300 - 0s - loss: 1.8545 - 499ms/epoch - 2ms/step
Epoch 7/60
300/300 - 0s - loss: 1.8915 - 485ms/epoch - 2ms/step
Epoch 8/60
300/300 - 0s - loss: 1.8704 - 492ms/epoch - 2ms/step
Epoch 9/60
300/300 - 0s - loss: 1.8713 - 489ms/epoch - 2ms/step
Epoch 10/60
300/300 - 0s - loss: 1.8905 - 497ms/epoch - 2ms/step
Epoch 11/60
300/300 - 1s - loss: 1.8652 - 512ms/epoch - 2ms/step
Epoch 12/60
300/300 - 0s - loss: 1.8438 - 486ms/epoch - 2ms/step
Epoch 13/60
300/300 - 0s - loss: 1.8438 - 486ms/epoch - 2ms/step
Epoch 14/60
300/300 - 1s - loss: 1.8733 - 505ms/epoch - 2ms/step
Epoch 15/60
300/300 - 0s - loss: 1.8429 - 498ms/epoch - 2ms/step
Epoch 16/60
300/300 - 0s - loss: 1.8629 - 496ms/epoch - 2ms/step
Epoch 17/60
300/300 - 0s - loss: 1.8531 - 484ms/epoch - 2ms/step
Epoch 18/60
300/300 - 0s - loss: 1.8707 - 497ms/epoch - 2ms/step
Epoch 19/60
300/300 - 1s - loss: 1.8378 - 507ms/epoch - 2ms/step
Epoch 20/60
300/300 - 0s - loss: 1.8618 - 493ms/epoch - 2ms/step
Epoch 21/60
300/300 - 1s - loss: 1.8392 - 501ms/epoch - 2ms/step
Epoch 22/60
300/300 - 1s - loss: 1.8370 - 501ms/epoch - 2ms/step
Epoch 23/60
300/300 - 0s - loss: 1.8549 - 499ms/epoch - 2ms/step
Epoch 24/60
300/300 - 0s - loss: 1.8465 - 494ms/epoch - 2ms/step
Epoch 25/60
300/300 - 0s - loss: 1.8584 - 491ms/epoch - 2ms/step
Epoch 26/60
300/300 - 0s - loss: 1.8224 - 498ms/epoch - 2ms/step
Epoch 27/60
300/300 - 0s - loss: 1.8536 - 497ms/epoch - 2ms/step
Epoch 28/60
300/300 - 0s - loss: 1.8261 - 499ms/epoch - 2ms/step
Epoch 29/60
300/300 - 0s - loss: 1.8384 - 492ms/epoch - 2ms/step
Epoch 30/60
300/300 - 1s - loss: 1.8408 - 501ms/epoch - 2ms/step
Epoch 31/60
300/300 - 0s - loss: 1.8589 - 480ms/epoch - 2ms/step
Epoch 32/60
300/300 - 1s - loss: 1.8660 - 515ms/epoch - 2ms/step
Epoch 33/60
300/300 - 1s - loss: 1.8461 - 501ms/epoch - 2ms/step
Epoch 34/60
300/300 - 1s - loss: 1.8407 - 511ms/epoch - 2ms/step
Epoch 35/60
300/300 - 1s - loss: 1.8559 - 513ms/epoch - 2ms/step
Epoch 36/60
300/300 - 1s - loss: 1.8466 - 502ms/epoch - 2ms/step
Epoch 37/60
300/300 - 0s - loss: 1.8310 - 496ms/epoch - 2ms/step
Epoch 38/60
300/300 - 0s - loss: 1.8163 - 496ms/epoch - 2ms/step
Epoch 39/60
300/300 - 0s - loss: 1.8531 - 497ms/epoch - 2ms/step
Epoch 40/60
300/300 - 0s - loss: 1.8472 - 495ms/epoch - 2ms/step
Epoch 41/60
300/300 - 0s - loss: 1.8288 - 495ms/epoch - 2ms/step
Epoch 42/60
300/300 - 0s - loss: 1.8290 - 485ms/epoch - 2ms/step
Epoch 43/60
300/300 - 0s - loss: 1.8565 - 496ms/epoch - 2ms/step
Epoch 44/60
300/300 - 0s - loss: 1.8253 - 497ms/epoch - 2ms/step
Epoch 45/60
300/300 - 0s - loss: 1.8315 - 478ms/epoch - 2ms/step
Epoch 46/60
300/300 - 1s - loss: 1.8357 - 501ms/epoch - 2ms/step
Epoch 47/60
300/300 - 0s - loss: 1.8265 - 499ms/epoch - 2ms/step
Epoch 48/60
300/300 - 1s - loss: 1.8354 - 532ms/epoch - 2ms/step
Epoch 49/60
300/300 - 1s - loss: 1.8392 - 508ms/epoch - 2ms/step
Epoch 50/60
300/300 - 0s - loss: 1.8272 - 493ms/epoch - 2ms/step
Epoch 51/60
300/300 - 1s - loss: 1.8384 - 500ms/epoch - 2ms/step
Epoch 52/60
300/300 - 0s - loss: 1.8211 - 486ms/epoch - 2ms/step
Epoch 53/60
300/300 - 0s - loss: 1.8298 - 491ms/epoch - 2ms/step
Epoch 54/60
300/300 - 1s - loss: 1.8129 - 500ms/epoch - 2ms/step
Epoch 55/60
300/300 - 0s - loss: 1.8211 - 488ms/epoch - 2ms/step
Epoch 56/60
300/300 - 0s - loss: 1.8124 - 495ms/epoch - 2ms/step
Epoch 57/60
300/300 - 0s - loss: 1.8296 - 485ms/epoch - 2ms/step
Epoch 58/60
300/300 - 0s - loss: 1.8297 - 493ms/epoch - 2ms/step
Epoch 59/60
300/300 - 1s - loss: 1.7961 - 505ms/epoch - 2ms/step
Epoch 60/60
300/300 - 0s - loss: 1.8107 - 497ms/epoch - 2ms/step
training time: 31.06492018699646
(0.6675752069452857, 6613, 3293, 0, 0)
(0.623770576664251, 6025, 3634, 0, 2)
Epoch 1/60
300/300 - 1s - loss: 1.8581 - 1s/epoch - 4ms/step
Epoch 2/60
300/300 - 1s - loss: 1.8616 - 501ms/epoch - 2ms/step
Epoch 3/60
300/300 - 1s - loss: 1.8558 - 502ms/epoch - 2ms/step
Epoch 4/60
300/300 - 0s - loss: 1.8346 - 492ms/epoch - 2ms/step
Epoch 5/60
300/300 - 1s - loss: 1.8319 - 507ms/epoch - 2ms/step
Epoch 6/60
300/300 - 1s - loss: 1.8234 - 510ms/epoch - 2ms/step
Epoch 7/60
300/300 - 0s - loss: 1.8202 - 477ms/epoch - 2ms/step
Epoch 8/60
300/300 - 1s - loss: 1.8244 - 505ms/epoch - 2ms/step
Epoch 9/60
300/300 - 1s - loss: 1.8203 - 507ms/epoch - 2ms/step
Epoch 10/60
300/300 - 1s - loss: 1.8182 - 512ms/epoch - 2ms/step
Epoch 11/60
300/300 - 0s - loss: 1.8266 - 481ms/epoch - 2ms/step
Epoch 12/60
300/300 - 1s - loss: 1.8289 - 547ms/epoch - 2ms/step
Epoch 13/60
300/300 - 0s - loss: 1.8131 - 482ms/epoch - 2ms/step
Epoch 14/60
300/300 - 1s - loss: 1.7960 - 506ms/epoch - 2ms/step
Epoch 15/60
300/300 - 0s - loss: 1.8272 - 498ms/epoch - 2ms/step
Epoch 16/60
300/300 - 1s - loss: 1.8210 - 502ms/epoch - 2ms/step
Epoch 17/60
300/300 - 0s - loss: 1.8063 - 483ms/epoch - 2ms/step
Epoch 18/60
300/300 - 1s - loss: 1.8118 - 509ms/epoch - 2ms/step
Epoch 19/60
300/300 - 0s - loss: 1.7788 - 483ms/epoch - 2ms/step
Epoch 20/60
300/300 - 0s - loss: 1.7939 - 500ms/epoch - 2ms/step
Epoch 21/60
300/300 - 0s - loss: 1.7969 - 482ms/epoch - 2ms/step
Epoch 22/60
300/300 - 0s - loss: 1.8116 - 481ms/epoch - 2ms/step
Epoch 23/60
300/300 - 1s - loss: 1.7870 - 519ms/epoch - 2ms/step
Epoch 24/60
300/300 - 1s - loss: 1.8199 - 556ms/epoch - 2ms/step
Epoch 25/60
300/300 - 1s - loss: 1.8127 - 504ms/epoch - 2ms/step
Epoch 26/60
300/300 - 1s - loss: 1.8000 - 506ms/epoch - 2ms/step
Epoch 27/60
300/300 - 1s - loss: 1.8016 - 509ms/epoch - 2ms/step
Epoch 28/60
300/300 - 1s - loss: 1.7911 - 516ms/epoch - 2ms/step
Epoch 29/60
300/300 - 0s - loss: 1.8164 - 475ms/epoch - 2ms/step
Epoch 30/60
300/300 - 0s - loss: 1.7962 - 481ms/epoch - 2ms/step
Epoch 31/60
300/300 - 0s - loss: 1.7817 - 476ms/epoch - 2ms/step
Epoch 32/60
300/300 - 1s - loss: 1.8082 - 508ms/epoch - 2ms/step
Epoch 33/60
300/300 - 0s - loss: 1.7921 - 496ms/epoch - 2ms/step
Epoch 34/60
300/300 - 0s - loss: 1.7991 - 474ms/epoch - 2ms/step
Epoch 35/60
300/300 - 1s - loss: 1.7768 - 510ms/epoch - 2ms/step
Epoch 36/60
300/300 - 0s - loss: 1.7913 - 496ms/epoch - 2ms/step
Epoch 37/60
300/300 - 1s - loss: 1.7861 - 504ms/epoch - 2ms/step
Epoch 38/60
300/300 - 1s - loss: 1.7646 - 505ms/epoch - 2ms/step
Epoch 39/60
300/300 - 0s - loss: 1.7847 - 482ms/epoch - 2ms/step
Epoch 40/60
300/300 - 0s - loss: 1.7759 - 483ms/epoch - 2ms/step
Epoch 41/60
300/300 - 0s - loss: 1.7766 - 489ms/epoch - 2ms/step
Epoch 42/60
300/300 - 1s - loss: 1.7947 - 504ms/epoch - 2ms/step
Epoch 43/60
300/300 - 1s - loss: 1.7936 - 507ms/epoch - 2ms/step
Epoch 44/60
300/300 - 1s - loss: 1.7841 - 503ms/epoch - 2ms/step
Epoch 45/60
300/300 - 1s - loss: 1.7604 - 525ms/epoch - 2ms/step
Epoch 46/60
300/300 - 1s - loss: 1.7635 - 503ms/epoch - 2ms/step
Epoch 47/60
300/300 - 0s - loss: 1.7898 - 492ms/epoch - 2ms/step
Epoch 48/60
300/300 - 0s - loss: 1.7678 - 482ms/epoch - 2ms/step
Epoch 49/60
300/300 - 0s - loss: 1.7603 - 485ms/epoch - 2ms/step
Epoch 50/60
300/300 - 1s - loss: 1.7896 - 515ms/epoch - 2ms/step
Epoch 51/60
300/300 - 1s - loss: 1.7542 - 501ms/epoch - 2ms/step
Epoch 52/60
300/300 - 0s - loss: 1.7575 - 493ms/epoch - 2ms/step
Epoch 53/60
300/300 - 0s - loss: 1.7736 - 482ms/epoch - 2ms/step
Epoch 54/60
300/300 - 1s - loss: 1.7548 - 503ms/epoch - 2ms/step
Epoch 55/60
300/300 - 0s - loss: 1.7422 - 483ms/epoch - 2ms/step
Epoch 56/60
300/300 - 1s - loss: 1.7685 - 510ms/epoch - 2ms/step
Epoch 57/60
300/300 - 1s - loss: 1.7566 - 513ms/epoch - 2ms/step
Epoch 58/60
300/300 - 1s - loss: 1.7392 - 511ms/epoch - 2ms/step
Epoch 59/60
300/300 - 1s - loss: 1.7609 - 510ms/epoch - 2ms/step
Epoch 60/60
300/300 - 0s - loss: 1.7562 - 477ms/epoch - 2ms/step
training time: 31.195286989212036
(0.6465364120781527, 6188, 3383, 0, 1)
(0.5968209537138859, 5970, 4033, 0, 1)
Epoch 1/60
300/300 - 1s - loss: 1.8169 - 1s/epoch - 4ms/step
Epoch 2/60
300/300 - 0s - loss: 1.8034 - 492ms/epoch - 2ms/step
Epoch 3/60
300/300 - 1s - loss: 1.8081 - 512ms/epoch - 2ms/step
Epoch 4/60
300/300 - 0s - loss: 1.8148 - 487ms/epoch - 2ms/step
Epoch 5/60
300/300 - 0s - loss: 1.7889 - 499ms/epoch - 2ms/step
Epoch 6/60
300/300 - 0s - loss: 1.7979 - 486ms/epoch - 2ms/step
Epoch 7/60
300/300 - 1s - loss: 1.7911 - 501ms/epoch - 2ms/step
Epoch 8/60
300/300 - 0s - loss: 1.7900 - 495ms/epoch - 2ms/step
Epoch 9/60
300/300 - 0s - loss: 1.7971 - 483ms/epoch - 2ms/step
Epoch 10/60
300/300 - 0s - loss: 1.8047 - 478ms/epoch - 2ms/step
Epoch 11/60
300/300 - 0s - loss: 1.7830 - 491ms/epoch - 2ms/step
Epoch 12/60
300/300 - 0s - loss: 1.7848 - 490ms/epoch - 2ms/step
Epoch 13/60
300/300 - 0s - loss: 1.7623 - 491ms/epoch - 2ms/step
Epoch 14/60
300/300 - 0s - loss: 1.7716 - 500ms/epoch - 2ms/step
Epoch 15/60
300/300 - 0s - loss: 1.7631 - 495ms/epoch - 2ms/step
Epoch 16/60
300/300 - 0s - loss: 1.7591 - 486ms/epoch - 2ms/step
Epoch 17/60
300/300 - 0s - loss: 1.7744 - 497ms/epoch - 2ms/step
Epoch 18/60
300/300 - 0s - loss: 1.7581 - 487ms/epoch - 2ms/step
Epoch 19/60
300/300 - 0s - loss: 1.7693 - 488ms/epoch - 2ms/step
Epoch 20/60
300/300 - 0s - loss: 1.7600 - 495ms/epoch - 2ms/step
Epoch 21/60
300/300 - 0s - loss: 1.7505 - 493ms/epoch - 2ms/step
Epoch 22/60
300/300 - 1s - loss: 1.7625 - 534ms/epoch - 2ms/step
Epoch 23/60
300/300 - 1s - loss: 1.7570 - 521ms/epoch - 2ms/step
Epoch 24/60
300/300 - 0s - loss: 1.7670 - 494ms/epoch - 2ms/step
Epoch 25/60
300/300 - 0s - loss: 1.7389 - 493ms/epoch - 2ms/step
Epoch 26/60
300/300 - 0s - loss: 1.7493 - 495ms/epoch - 2ms/step
Epoch 27/60
300/300 - 0s - loss: 1.7399 - 498ms/epoch - 2ms/step
Epoch 28/60
300/300 - 1s - loss: 1.7238 - 503ms/epoch - 2ms/step
Epoch 29/60
300/300 - 1s - loss: 1.7316 - 502ms/epoch - 2ms/step
Epoch 30/60
300/300 - 0s - loss: 1.7394 - 480ms/epoch - 2ms/step
Epoch 31/60
300/300 - 0s - loss: 1.7157 - 496ms/epoch - 2ms/step
Epoch 32/60
300/300 - 0s - loss: 1.7498 - 493ms/epoch - 2ms/step
Epoch 33/60
300/300 - 0s - loss: 1.7279 - 489ms/epoch - 2ms/step
Epoch 34/60
300/300 - 1s - loss: 1.7228 - 505ms/epoch - 2ms/step
Epoch 35/60
300/300 - 0s - loss: 1.6996 - 490ms/epoch - 2ms/step
Epoch 36/60
300/300 - 0s - loss: 1.7255 - 483ms/epoch - 2ms/step
Epoch 37/60
300/300 - 0s - loss: 1.7060 - 482ms/epoch - 2ms/step
Epoch 38/60
300/300 - 0s - loss: 1.6879 - 489ms/epoch - 2ms/step
Epoch 39/60
300/300 - 0s - loss: 1.7177 - 491ms/epoch - 2ms/step
Epoch 40/60
300/300 - 1s - loss: 1.7273 - 502ms/epoch - 2ms/step
Epoch 41/60
300/300 - 1s - loss: 1.7162 - 503ms/epoch - 2ms/step
Epoch 42/60
300/300 - 1s - loss: 1.6945 - 502ms/epoch - 2ms/step
Epoch 43/60
300/300 - 0s - loss: 1.7331 - 485ms/epoch - 2ms/step
Epoch 44/60
300/300 - 0s - loss: 1.6933 - 487ms/epoch - 2ms/step
Epoch 45/60
300/300 - 0s - loss: 1.7139 - 493ms/epoch - 2ms/step
Epoch 46/60
300/300 - 0s - loss: 1.7212 - 498ms/epoch - 2ms/step
Epoch 47/60
300/300 - 0s - loss: 1.7053 - 483ms/epoch - 2ms/step
Epoch 48/60
300/300 - 1s - loss: 1.6945 - 500ms/epoch - 2ms/step
Epoch 49/60
300/300 - 0s - loss: 1.7031 - 485ms/epoch - 2ms/step
Epoch 50/60
300/300 - 0s - loss: 1.6869 - 482ms/epoch - 2ms/step
Epoch 51/60
300/300 - 0s - loss: 1.7012 - 500ms/epoch - 2ms/step
Epoch 52/60
300/300 - 1s - loss: 1.7067 - 500ms/epoch - 2ms/step
Epoch 53/60
300/300 - 0s - loss: 1.7083 - 496ms/epoch - 2ms/step
Epoch 54/60
300/300 - 0s - loss: 1.7087 - 499ms/epoch - 2ms/step
Epoch 55/60
300/300 - 0s - loss: 1.7117 - 499ms/epoch - 2ms/step
Epoch 56/60
300/300 - 0s - loss: 1.6629 - 495ms/epoch - 2ms/step
Epoch 57/60
300/300 - 0s - loss: 1.6850 - 490ms/epoch - 2ms/step
Epoch 58/60
300/300 - 1s - loss: 1.6913 - 502ms/epoch - 2ms/step
Epoch 59/60
300/300 - 1s - loss: 1.6670 - 502ms/epoch - 2ms/step
Epoch 60/60
300/300 - 0s - loss: 1.6882 - 498ms/epoch - 2ms/step
training time: 30.936537742614746
(0.7183249437720896, 6707, 2630, 0, 2)
(0.5781953415541202, 5908, 4310, 0, 2)
Epoch 1/60
300/300 - 1s - loss: 1.9537 - 1s/epoch - 4ms/step
Epoch 2/60
300/300 - 1s - loss: 1.9172 - 539ms/epoch - 2ms/step
Epoch 3/60
300/300 - 1s - loss: 1.9081 - 501ms/epoch - 2ms/step
Epoch 4/60
300/300 - 0s - loss: 1.8741 - 492ms/epoch - 2ms/step
Epoch 5/60
300/300 - 0s - loss: 1.8856 - 499ms/epoch - 2ms/step
Epoch 6/60
300/300 - 0s - loss: 1.8401 - 499ms/epoch - 2ms/step
Epoch 7/60
300/300 - 0s - loss: 1.8470 - 492ms/epoch - 2ms/step
Epoch 8/60
300/300 - 0s - loss: 1.8337 - 498ms/epoch - 2ms/step
Epoch 9/60
300/300 - 0s - loss: 1.8159 - 491ms/epoch - 2ms/step
Epoch 10/60
300/300 - 0s - loss: 1.8005 - 490ms/epoch - 2ms/step
Epoch 11/60
300/300 - 1s - loss: 1.7944 - 503ms/epoch - 2ms/step
Epoch 12/60
300/300 - 0s - loss: 1.8180 - 489ms/epoch - 2ms/step
Epoch 13/60
300/300 - 0s - loss: 1.8192 - 480ms/epoch - 2ms/step
Epoch 14/60
300/300 - 0s - loss: 1.7936 - 490ms/epoch - 2ms/step
Epoch 15/60
300/300 - 0s - loss: 1.8114 - 477ms/epoch - 2ms/step
Epoch 16/60
300/300 - 0s - loss: 1.7936 - 497ms/epoch - 2ms/step
Epoch 17/60
300/300 - 0s - loss: 1.8042 - 489ms/epoch - 2ms/step
Epoch 18/60
300/300 - 0s - loss: 1.8015 - 498ms/epoch - 2ms/step
Epoch 19/60
300/300 - 1s - loss: 1.8207 - 501ms/epoch - 2ms/step
Epoch 20/60
300/300 - 0s - loss: 1.7962 - 489ms/epoch - 2ms/step
Epoch 21/60
300/300 - 1s - loss: 1.7966 - 506ms/epoch - 2ms/step
Epoch 22/60
300/300 - 1s - loss: 1.8094 - 505ms/epoch - 2ms/step
Epoch 23/60
300/300 - 1s - loss: 1.7920 - 518ms/epoch - 2ms/step
Epoch 24/60
300/300 - 0s - loss: 1.7992 - 500ms/epoch - 2ms/step
Epoch 25/60
300/300 - 0s - loss: 1.8115 - 478ms/epoch - 2ms/step
Epoch 26/60
300/300 - 0s - loss: 1.7978 - 479ms/epoch - 2ms/step
Epoch 27/60
300/300 - 0s - loss: 1.8040 - 493ms/epoch - 2ms/step
Epoch 28/60
300/300 - 0s - loss: 1.7906 - 486ms/epoch - 2ms/step
Epoch 29/60
300/300 - 0s - loss: 1.7945 - 486ms/epoch - 2ms/step
Epoch 30/60
300/300 - 1s - loss: 1.8046 - 502ms/epoch - 2ms/step
Epoch 31/60
300/300 - 0s - loss: 1.7947 - 500ms/epoch - 2ms/step
Epoch 32/60
300/300 - 0s - loss: 1.7616 - 484ms/epoch - 2ms/step
Epoch 33/60
300/300 - 1s - loss: 1.7942 - 503ms/epoch - 2ms/step
Epoch 34/60
300/300 - 0s - loss: 1.7693 - 492ms/epoch - 2ms/step
Epoch 35/60
300/300 - 0s - loss: 1.7746 - 489ms/epoch - 2ms/step
Epoch 36/60
300/300 - 0s - loss: 1.7714 - 485ms/epoch - 2ms/step
Epoch 37/60
300/300 - 0s - loss: 1.7688 - 490ms/epoch - 2ms/step
Epoch 38/60
300/300 - 0s - loss: 1.7579 - 488ms/epoch - 2ms/step
Epoch 39/60
300/300 - 1s - loss: 1.7601 - 505ms/epoch - 2ms/step
Epoch 40/60
300/300 - 1s - loss: 1.7846 - 524ms/epoch - 2ms/step
Epoch 41/60
300/300 - 0s - loss: 1.7699 - 500ms/epoch - 2ms/step
Epoch 42/60
300/300 - 1s - loss: 1.7679 - 524ms/epoch - 2ms/step
Epoch 43/60
300/300 - 1s - loss: 1.7524 - 542ms/epoch - 2ms/step
Epoch 44/60
300/300 - 1s - loss: 1.7564 - 542ms/epoch - 2ms/step
Epoch 45/60
300/300 - 1s - loss: 1.7603 - 527ms/epoch - 2ms/step
Epoch 46/60
300/300 - 1s - loss: 1.7489 - 504ms/epoch - 2ms/step
Epoch 47/60
300/300 - 1s - loss: 1.7626 - 501ms/epoch - 2ms/step
Epoch 48/60
300/300 - 0s - loss: 1.7480 - 484ms/epoch - 2ms/step
Epoch 49/60
300/300 - 0s - loss: 1.7355 - 487ms/epoch - 2ms/step
Epoch 50/60
300/300 - 1s - loss: 1.7362 - 520ms/epoch - 2ms/step
Epoch 51/60
300/300 - 0s - loss: 1.7545 - 498ms/epoch - 2ms/step
Epoch 52/60
300/300 - 0s - loss: 1.7713 - 488ms/epoch - 2ms/step
Epoch 53/60
300/300 - 0s - loss: 1.7505 - 495ms/epoch - 2ms/step
Epoch 54/60
300/300 - 1s - loss: 1.7270 - 502ms/epoch - 2ms/step
Epoch 55/60
300/300 - 0s - loss: 1.7408 - 496ms/epoch - 2ms/step
Epoch 56/60
300/300 - 1s - loss: 1.7306 - 503ms/epoch - 2ms/step
Epoch 57/60
300/300 - 1s - loss: 1.7386 - 504ms/epoch - 2ms/step
Epoch 58/60
300/300 - 0s - loss: 1.7600 - 495ms/epoch - 2ms/step
Epoch 59/60
300/300 - 0s - loss: 1.7360 - 480ms/epoch - 2ms/step
Epoch 60/60
300/300 - 1s - loss: 1.7503 - 504ms/epoch - 2ms/step
training time: 31.303247928619385
(0.6707740916271722, 6369, 3126, 0, 3)
(0.6048307265887943, 6110, 3992, 0, 4)
0.670562261951507
0.02571719875182735
0.6121392683782207
0.026814546277979242
