Epoch 1/100
300/300 - 1s - loss: 2.0079 - 1s/epoch - 5ms/step
Epoch 2/100
300/300 - 0s - loss: 1.9972 - 459ms/epoch - 2ms/step
Epoch 3/100
300/300 - 0s - loss: 2.0125 - 453ms/epoch - 2ms/step
Epoch 4/100
300/300 - 0s - loss: 2.0140 - 456ms/epoch - 2ms/step
Epoch 5/100
300/300 - 0s - loss: 2.0049 - 452ms/epoch - 2ms/step
Epoch 6/100
300/300 - 0s - loss: 1.9656 - 458ms/epoch - 2ms/step
Epoch 7/100
300/300 - 0s - loss: 1.9635 - 453ms/epoch - 2ms/step
Epoch 8/100
300/300 - 0s - loss: 1.9659 - 458ms/epoch - 2ms/step
Epoch 9/100
300/300 - 0s - loss: 1.9661 - 456ms/epoch - 2ms/step
Epoch 10/100
300/300 - 0s - loss: 1.9695 - 450ms/epoch - 2ms/step
Epoch 11/100
300/300 - 0s - loss: 1.9321 - 461ms/epoch - 2ms/step
Epoch 12/100
300/300 - 0s - loss: 1.9411 - 454ms/epoch - 2ms/step
Epoch 13/100
300/300 - 0s - loss: 1.9688 - 491ms/epoch - 2ms/step
Epoch 14/100
300/300 - 1s - loss: 1.9491 - 521ms/epoch - 2ms/step
Epoch 15/100
300/300 - 0s - loss: 1.9493 - 492ms/epoch - 2ms/step
Epoch 16/100
300/300 - 0s - loss: 1.9471 - 494ms/epoch - 2ms/step
Epoch 17/100
300/300 - 0s - loss: 1.9321 - 479ms/epoch - 2ms/step
Epoch 18/100
300/300 - 0s - loss: 1.9579 - 494ms/epoch - 2ms/step
Epoch 19/100
300/300 - 0s - loss: 1.9655 - 498ms/epoch - 2ms/step
Epoch 20/100
300/300 - 0s - loss: 1.9204 - 479ms/epoch - 2ms/step
Epoch 21/100
300/300 - 0s - loss: 1.9357 - 458ms/epoch - 2ms/step
Epoch 22/100
300/300 - 0s - loss: 1.9460 - 463ms/epoch - 2ms/step
Epoch 23/100
300/300 - 0s - loss: 1.9011 - 458ms/epoch - 2ms/step
Epoch 24/100
300/300 - 0s - loss: 1.9279 - 455ms/epoch - 2ms/step
Epoch 25/100
300/300 - 0s - loss: 1.9326 - 455ms/epoch - 2ms/step
Epoch 26/100
300/300 - 0s - loss: 1.9338 - 457ms/epoch - 2ms/step
Epoch 27/100
300/300 - 0s - loss: 1.9183 - 448ms/epoch - 1ms/step
Epoch 28/100
300/300 - 0s - loss: 1.9252 - 459ms/epoch - 2ms/step
Epoch 29/100
300/300 - 0s - loss: 1.9196 - 452ms/epoch - 2ms/step
Epoch 30/100
300/300 - 0s - loss: 1.8769 - 443ms/epoch - 1ms/step
Epoch 31/100
300/300 - 0s - loss: 1.9104 - 458ms/epoch - 2ms/step
Epoch 32/100
300/300 - 0s - loss: 1.9137 - 440ms/epoch - 1ms/step
Epoch 33/100
300/300 - 0s - loss: 1.8612 - 461ms/epoch - 2ms/step
Epoch 34/100
300/300 - 0s - loss: 1.9148 - 448ms/epoch - 1ms/step
Epoch 35/100
300/300 - 0s - loss: 1.8953 - 452ms/epoch - 2ms/step
Epoch 36/100
300/300 - 0s - loss: 1.9394 - 440ms/epoch - 1ms/step
Epoch 37/100
300/300 - 0s - loss: 1.8799 - 454ms/epoch - 2ms/step
Epoch 38/100
300/300 - 0s - loss: 1.8875 - 432ms/epoch - 1ms/step
Epoch 39/100
300/300 - 0s - loss: 1.8964 - 452ms/epoch - 2ms/step
Epoch 40/100
300/300 - 0s - loss: 1.8780 - 459ms/epoch - 2ms/step
Epoch 41/100
300/300 - 0s - loss: 1.9132 - 453ms/epoch - 2ms/step
Epoch 42/100
300/300 - 0s - loss: 1.9073 - 460ms/epoch - 2ms/step
Epoch 43/100
300/300 - 0s - loss: 1.9201 - 453ms/epoch - 2ms/step
Epoch 44/100
300/300 - 0s - loss: 1.9009 - 457ms/epoch - 2ms/step
Epoch 45/100
300/300 - 0s - loss: 1.9147 - 457ms/epoch - 2ms/step
Epoch 46/100
300/300 - 0s - loss: 1.8982 - 458ms/epoch - 2ms/step
Epoch 47/100
300/300 - 0s - loss: 1.8813 - 457ms/epoch - 2ms/step
Epoch 48/100
300/300 - 0s - loss: 1.9039 - 449ms/epoch - 1ms/step
Epoch 49/100
300/300 - 0s - loss: 1.8789 - 449ms/epoch - 1ms/step
Epoch 50/100
300/300 - 0s - loss: 1.8976 - 461ms/epoch - 2ms/step
Epoch 51/100
300/300 - 0s - loss: 1.9042 - 454ms/epoch - 2ms/step
Epoch 52/100
300/300 - 0s - loss: 1.8887 - 458ms/epoch - 2ms/step
Epoch 53/100
300/300 - 0s - loss: 1.8826 - 460ms/epoch - 2ms/step
Epoch 54/100
300/300 - 0s - loss: 1.8622 - 458ms/epoch - 2ms/step
Epoch 55/100
300/300 - 0s - loss: 1.8708 - 456ms/epoch - 2ms/step
Epoch 56/100
300/300 - 0s - loss: 1.8567 - 458ms/epoch - 2ms/step
Epoch 57/100
300/300 - 0s - loss: 1.8935 - 458ms/epoch - 2ms/step
Epoch 58/100
300/300 - 0s - loss: 1.8777 - 450ms/epoch - 1ms/step
Epoch 59/100
300/300 - 0s - loss: 1.8825 - 458ms/epoch - 2ms/step
Epoch 60/100
300/300 - 0s - loss: 1.8795 - 453ms/epoch - 2ms/step
Epoch 61/100
300/300 - 0s - loss: 1.8902 - 435ms/epoch - 1ms/step
Epoch 62/100
300/300 - 0s - loss: 1.8979 - 456ms/epoch - 2ms/step
Epoch 63/100
300/300 - 0s - loss: 1.8756 - 444ms/epoch - 1ms/step
Epoch 64/100
300/300 - 0s - loss: 1.8669 - 459ms/epoch - 2ms/step
Epoch 65/100
300/300 - 0s - loss: 1.8744 - 458ms/epoch - 2ms/step
Epoch 66/100
300/300 - 0s - loss: 1.8690 - 450ms/epoch - 2ms/step
Epoch 67/100
300/300 - 0s - loss: 1.8587 - 463ms/epoch - 2ms/step
Epoch 68/100
300/300 - 0s - loss: 1.8705 - 463ms/epoch - 2ms/step
Epoch 69/100
300/300 - 0s - loss: 1.8786 - 445ms/epoch - 1ms/step
Epoch 70/100
300/300 - 0s - loss: 1.8526 - 452ms/epoch - 2ms/step
Epoch 71/100
300/300 - 0s - loss: 1.8852 - 453ms/epoch - 2ms/step
Epoch 72/100
300/300 - 0s - loss: 1.8604 - 451ms/epoch - 2ms/step
Epoch 73/100
300/300 - 0s - loss: 1.8563 - 460ms/epoch - 2ms/step
Epoch 74/100
300/300 - 0s - loss: 1.8576 - 454ms/epoch - 2ms/step
Epoch 75/100
300/300 - 0s - loss: 1.8890 - 462ms/epoch - 2ms/step
Epoch 76/100
300/300 - 0s - loss: 1.8683 - 447ms/epoch - 1ms/step
Epoch 77/100
300/300 - 0s - loss: 1.8894 - 455ms/epoch - 2ms/step
Epoch 78/100
300/300 - 0s - loss: 1.8500 - 471ms/epoch - 2ms/step
Epoch 79/100
300/300 - 0s - loss: 1.8694 - 456ms/epoch - 2ms/step
Epoch 80/100
300/300 - 0s - loss: 1.8586 - 458ms/epoch - 2ms/step
Epoch 81/100
300/300 - 0s - loss: 1.8413 - 461ms/epoch - 2ms/step
Epoch 82/100
300/300 - 0s - loss: 1.8499 - 459ms/epoch - 2ms/step
Epoch 83/100
300/300 - 0s - loss: 1.8668 - 460ms/epoch - 2ms/step
Epoch 84/100
300/300 - 0s - loss: 1.8537 - 461ms/epoch - 2ms/step
Epoch 85/100
300/300 - 0s - loss: 1.8539 - 460ms/epoch - 2ms/step
Epoch 86/100
300/300 - 0s - loss: 1.8581 - 458ms/epoch - 2ms/step
Epoch 87/100
300/300 - 0s - loss: 1.8783 - 456ms/epoch - 2ms/step
Epoch 88/100
300/300 - 0s - loss: 1.8525 - 457ms/epoch - 2ms/step
Epoch 89/100
300/300 - 0s - loss: 1.8797 - 461ms/epoch - 2ms/step
Epoch 90/100
300/300 - 0s - loss: 1.8574 - 443ms/epoch - 1ms/step
Epoch 91/100
300/300 - 0s - loss: 1.8355 - 462ms/epoch - 2ms/step
Epoch 92/100
300/300 - 0s - loss: 1.8808 - 453ms/epoch - 2ms/step
Epoch 93/100
300/300 - 0s - loss: 1.8439 - 451ms/epoch - 2ms/step
Epoch 94/100
300/300 - 0s - loss: 1.8538 - 457ms/epoch - 2ms/step
Epoch 95/100
300/300 - 0s - loss: 1.8672 - 458ms/epoch - 2ms/step
Epoch 96/100
300/300 - 0s - loss: 1.8554 - 459ms/epoch - 2ms/step
Epoch 97/100
300/300 - 0s - loss: 1.8485 - 464ms/epoch - 2ms/step
Epoch 98/100
300/300 - 0s - loss: 1.8562 - 463ms/epoch - 2ms/step
Epoch 99/100
300/300 - 0s - loss: 1.8678 - 469ms/epoch - 2ms/step
Epoch 100/100
300/300 - 0s - loss: 1.8658 - 457ms/epoch - 2ms/step
training time: 47.544323205947876
(0.5808928937128814, 5673, 4093, 0, 1)
(0.5300897592819257, 5197, 4607, 0, 4)
Epoch 1/100
300/300 - 1s - loss: 1.8965 - 1s/epoch - 4ms/step
Epoch 2/100
300/300 - 0s - loss: 1.8768 - 463ms/epoch - 2ms/step
Epoch 3/100
300/300 - 0s - loss: 1.8918 - 458ms/epoch - 2ms/step
Epoch 4/100
300/300 - 0s - loss: 1.9014 - 460ms/epoch - 2ms/step
Epoch 5/100
300/300 - 0s - loss: 1.8864 - 462ms/epoch - 2ms/step
Epoch 6/100
300/300 - 0s - loss: 1.8857 - 463ms/epoch - 2ms/step
Epoch 7/100
300/300 - 0s - loss: 1.8805 - 451ms/epoch - 2ms/step
Epoch 8/100
300/300 - 0s - loss: 1.8788 - 457ms/epoch - 2ms/step
Epoch 9/100
300/300 - 0s - loss: 1.8837 - 457ms/epoch - 2ms/step
Epoch 10/100
300/300 - 0s - loss: 1.8746 - 456ms/epoch - 2ms/step
Epoch 11/100
300/300 - 0s - loss: 1.9071 - 457ms/epoch - 2ms/step
Epoch 12/100
300/300 - 0s - loss: 1.8660 - 438ms/epoch - 1ms/step
Epoch 13/100
300/300 - 0s - loss: 1.8982 - 458ms/epoch - 2ms/step
Epoch 14/100
300/300 - 0s - loss: 1.8876 - 459ms/epoch - 2ms/step
Epoch 15/100
300/300 - 0s - loss: 1.8524 - 459ms/epoch - 2ms/step
Epoch 16/100
300/300 - 0s - loss: 1.8636 - 456ms/epoch - 2ms/step
Epoch 17/100
300/300 - 0s - loss: 1.8712 - 458ms/epoch - 2ms/step
Epoch 18/100
300/300 - 0s - loss: 1.8833 - 460ms/epoch - 2ms/step
Epoch 19/100
300/300 - 0s - loss: 1.8508 - 452ms/epoch - 2ms/step
Epoch 20/100
300/300 - 0s - loss: 1.8734 - 469ms/epoch - 2ms/step
Epoch 21/100
300/300 - 0s - loss: 1.8682 - 459ms/epoch - 2ms/step
Epoch 22/100
300/300 - 0s - loss: 1.8704 - 459ms/epoch - 2ms/step
Epoch 23/100
300/300 - 0s - loss: 1.8672 - 450ms/epoch - 2ms/step
Epoch 24/100
300/300 - 0s - loss: 1.8845 - 456ms/epoch - 2ms/step
Epoch 25/100
300/300 - 0s - loss: 1.8537 - 457ms/epoch - 2ms/step
Epoch 26/100
300/300 - 0s - loss: 1.8511 - 461ms/epoch - 2ms/step
Epoch 27/100
300/300 - 0s - loss: 1.8763 - 451ms/epoch - 2ms/step
Epoch 28/100
300/300 - 0s - loss: 1.8351 - 459ms/epoch - 2ms/step
Epoch 29/100
300/300 - 0s - loss: 1.8330 - 461ms/epoch - 2ms/step
Epoch 30/100
300/300 - 0s - loss: 1.8714 - 459ms/epoch - 2ms/step
Epoch 31/100
300/300 - 0s - loss: 1.8216 - 466ms/epoch - 2ms/step
Epoch 32/100
300/300 - 0s - loss: 1.8506 - 455ms/epoch - 2ms/step
Epoch 33/100
300/300 - 0s - loss: 1.8319 - 460ms/epoch - 2ms/step
Epoch 34/100
300/300 - 0s - loss: 1.8267 - 457ms/epoch - 2ms/step
Epoch 35/100
300/300 - 0s - loss: 1.8286 - 455ms/epoch - 2ms/step
Epoch 36/100
300/300 - 0s - loss: 1.8571 - 443ms/epoch - 1ms/step
Epoch 37/100
300/300 - 0s - loss: 1.8327 - 454ms/epoch - 2ms/step
Epoch 38/100
300/300 - 0s - loss: 1.8348 - 455ms/epoch - 2ms/step
Epoch 39/100
300/300 - 0s - loss: 1.8312 - 462ms/epoch - 2ms/step
Epoch 40/100
300/300 - 0s - loss: 1.8449 - 460ms/epoch - 2ms/step
Epoch 41/100
300/300 - 0s - loss: 1.8443 - 455ms/epoch - 2ms/step
Epoch 42/100
300/300 - 0s - loss: 1.8214 - 459ms/epoch - 2ms/step
Epoch 43/100
300/300 - 0s - loss: 1.8317 - 453ms/epoch - 2ms/step
Epoch 44/100
300/300 - 0s - loss: 1.8370 - 459ms/epoch - 2ms/step
Epoch 45/100
300/300 - 0s - loss: 1.8414 - 449ms/epoch - 1ms/step
Epoch 46/100
300/300 - 0s - loss: 1.8163 - 464ms/epoch - 2ms/step
Epoch 47/100
300/300 - 0s - loss: 1.8330 - 460ms/epoch - 2ms/step
Epoch 48/100
300/300 - 0s - loss: 1.8393 - 457ms/epoch - 2ms/step
Epoch 49/100
300/300 - 0s - loss: 1.8092 - 448ms/epoch - 1ms/step
Epoch 50/100
300/300 - 0s - loss: 1.8256 - 471ms/epoch - 2ms/step
Epoch 51/100
300/300 - 0s - loss: 1.8478 - 453ms/epoch - 2ms/step
Epoch 52/100
300/300 - 0s - loss: 1.8374 - 449ms/epoch - 1ms/step
Epoch 53/100
300/300 - 0s - loss: 1.8541 - 440ms/epoch - 1ms/step
Epoch 54/100
300/300 - 0s - loss: 1.8289 - 458ms/epoch - 2ms/step
Epoch 55/100
300/300 - 0s - loss: 1.8228 - 463ms/epoch - 2ms/step
Epoch 56/100
300/300 - 0s - loss: 1.8121 - 458ms/epoch - 2ms/step
Epoch 57/100
300/300 - 0s - loss: 1.8298 - 463ms/epoch - 2ms/step
Epoch 58/100
300/300 - 0s - loss: 1.8340 - 459ms/epoch - 2ms/step
Epoch 59/100
300/300 - 0s - loss: 1.8093 - 461ms/epoch - 2ms/step
Epoch 60/100
300/300 - 0s - loss: 1.8303 - 462ms/epoch - 2ms/step
Epoch 61/100
300/300 - 0s - loss: 1.8113 - 458ms/epoch - 2ms/step
Epoch 62/100
300/300 - 0s - loss: 1.8109 - 458ms/epoch - 2ms/step
Epoch 63/100
300/300 - 0s - loss: 1.8476 - 459ms/epoch - 2ms/step
Epoch 64/100
300/300 - 0s - loss: 1.8086 - 456ms/epoch - 2ms/step
Epoch 65/100
300/300 - 0s - loss: 1.8214 - 462ms/epoch - 2ms/step
Epoch 66/100
300/300 - 0s - loss: 1.7861 - 457ms/epoch - 2ms/step
Epoch 67/100
300/300 - 0s - loss: 1.8208 - 463ms/epoch - 2ms/step
Epoch 68/100
300/300 - 0s - loss: 1.8288 - 460ms/epoch - 2ms/step
Epoch 69/100
300/300 - 0s - loss: 1.7824 - 463ms/epoch - 2ms/step
Epoch 70/100
300/300 - 0s - loss: 1.7928 - 466ms/epoch - 2ms/step
Epoch 71/100
300/300 - 0s - loss: 1.8160 - 463ms/epoch - 2ms/step
Epoch 72/100
300/300 - 0s - loss: 1.8172 - 464ms/epoch - 2ms/step
Epoch 73/100
300/300 - 0s - loss: 1.7902 - 449ms/epoch - 1ms/step
Epoch 74/100
300/300 - 0s - loss: 1.7852 - 458ms/epoch - 2ms/step
Epoch 75/100
300/300 - 0s - loss: 1.8200 - 455ms/epoch - 2ms/step
Epoch 76/100
300/300 - 0s - loss: 1.8033 - 458ms/epoch - 2ms/step
Epoch 77/100
300/300 - 0s - loss: 1.7876 - 459ms/epoch - 2ms/step
Epoch 78/100
300/300 - 0s - loss: 1.8050 - 469ms/epoch - 2ms/step
Epoch 79/100
300/300 - 0s - loss: 1.8138 - 484ms/epoch - 2ms/step
Epoch 80/100
300/300 - 0s - loss: 1.7973 - 493ms/epoch - 2ms/step
Epoch 81/100
300/300 - 0s - loss: 1.7808 - 467ms/epoch - 2ms/step
Epoch 82/100
300/300 - 0s - loss: 1.7800 - 461ms/epoch - 2ms/step
Epoch 83/100
300/300 - 0s - loss: 1.7835 - 487ms/epoch - 2ms/step
Epoch 84/100
300/300 - 0s - loss: 1.7701 - 451ms/epoch - 2ms/step
Epoch 85/100
300/300 - 0s - loss: 1.7968 - 484ms/epoch - 2ms/step
Epoch 86/100
300/300 - 0s - loss: 1.7702 - 490ms/epoch - 2ms/step
Epoch 87/100
300/300 - 0s - loss: 1.7701 - 462ms/epoch - 2ms/step
Epoch 88/100
300/300 - 0s - loss: 1.7837 - 459ms/epoch - 2ms/step
Epoch 89/100
300/300 - 0s - loss: 1.7661 - 469ms/epoch - 2ms/step
Epoch 90/100
300/300 - 0s - loss: 1.7842 - 455ms/epoch - 2ms/step
Epoch 91/100
300/300 - 0s - loss: 1.7967 - 459ms/epoch - 2ms/step
Epoch 92/100
300/300 - 0s - loss: 1.7784 - 451ms/epoch - 2ms/step
Epoch 93/100
300/300 - 0s - loss: 1.7625 - 455ms/epoch - 2ms/step
Epoch 94/100
300/300 - 0s - loss: 1.7595 - 448ms/epoch - 1ms/step
Epoch 95/100
300/300 - 0s - loss: 1.7564 - 463ms/epoch - 2ms/step
Epoch 96/100
300/300 - 0s - loss: 1.7493 - 461ms/epoch - 2ms/step
Epoch 97/100
300/300 - 0s - loss: 1.7922 - 467ms/epoch - 2ms/step
Epoch 98/100
300/300 - 0s - loss: 1.7765 - 470ms/epoch - 2ms/step
Epoch 99/100
300/300 - 0s - loss: 1.7586 - 460ms/epoch - 2ms/step
Epoch 100/100
300/300 - 0s - loss: 1.7659 - 461ms/epoch - 2ms/step
training time: 47.5760817527771
(0.7345043408035534, 7276, 2630, 0, 0)
(0.6410601511543638, 6192, 3467, 0, 2)
Epoch 1/100
300/300 - 1s - loss: 1.9324 - 1s/epoch - 4ms/step
Epoch 2/100
300/300 - 0s - loss: 1.9261 - 464ms/epoch - 2ms/step
Epoch 3/100
300/300 - 0s - loss: 1.9421 - 470ms/epoch - 2ms/step
Epoch 4/100
300/300 - 0s - loss: 1.9490 - 496ms/epoch - 2ms/step
Epoch 5/100
300/300 - 0s - loss: 1.9009 - 470ms/epoch - 2ms/step
Epoch 6/100
300/300 - 0s - loss: 1.8821 - 456ms/epoch - 2ms/step
Epoch 7/100
300/300 - 0s - loss: 1.9252 - 466ms/epoch - 2ms/step
Epoch 8/100
300/300 - 0s - loss: 1.9143 - 449ms/epoch - 1ms/step
Epoch 9/100
300/300 - 0s - loss: 1.9011 - 464ms/epoch - 2ms/step
Epoch 10/100
300/300 - 0s - loss: 1.8739 - 468ms/epoch - 2ms/step
Epoch 11/100
300/300 - 1s - loss: 1.9254 - 502ms/epoch - 2ms/step
Epoch 12/100
300/300 - 0s - loss: 1.8962 - 461ms/epoch - 2ms/step
Epoch 13/100
300/300 - 0s - loss: 1.8918 - 454ms/epoch - 2ms/step
Epoch 14/100
300/300 - 0s - loss: 1.8687 - 482ms/epoch - 2ms/step
Epoch 15/100
300/300 - 0s - loss: 1.8860 - 490ms/epoch - 2ms/step
Epoch 16/100
300/300 - 0s - loss: 1.8932 - 461ms/epoch - 2ms/step
Epoch 17/100
300/300 - 0s - loss: 1.8780 - 459ms/epoch - 2ms/step
Epoch 18/100
300/300 - 0s - loss: 1.8719 - 482ms/epoch - 2ms/step
Epoch 19/100
300/300 - 0s - loss: 1.8896 - 495ms/epoch - 2ms/step
Epoch 20/100
300/300 - 0s - loss: 1.8669 - 469ms/epoch - 2ms/step
Epoch 21/100
300/300 - 0s - loss: 1.8821 - 449ms/epoch - 1ms/step
Epoch 22/100
300/300 - 0s - loss: 1.8465 - 461ms/epoch - 2ms/step
Epoch 23/100
300/300 - 0s - loss: 1.8873 - 459ms/epoch - 2ms/step
Epoch 24/100
300/300 - 0s - loss: 1.8712 - 469ms/epoch - 2ms/step
Epoch 25/100
300/300 - 0s - loss: 1.8483 - 455ms/epoch - 2ms/step
Epoch 26/100
300/300 - 0s - loss: 1.8363 - 463ms/epoch - 2ms/step
Epoch 27/100
300/300 - 0s - loss: 1.8643 - 462ms/epoch - 2ms/step
Epoch 28/100
300/300 - 0s - loss: 1.8856 - 467ms/epoch - 2ms/step
Epoch 29/100
300/300 - 0s - loss: 1.8552 - 460ms/epoch - 2ms/step
Epoch 30/100
300/300 - 0s - loss: 1.8627 - 441ms/epoch - 1ms/step
Epoch 31/100
300/300 - 0s - loss: 1.8381 - 448ms/epoch - 1ms/step
Epoch 32/100
300/300 - 0s - loss: 1.8439 - 461ms/epoch - 2ms/step
Epoch 33/100
300/300 - 0s - loss: 1.8609 - 486ms/epoch - 2ms/step
Epoch 34/100
300/300 - 0s - loss: 1.8529 - 457ms/epoch - 2ms/step
Epoch 35/100
300/300 - 0s - loss: 1.8579 - 455ms/epoch - 2ms/step
Epoch 36/100
300/300 - 0s - loss: 1.8573 - 458ms/epoch - 2ms/step
Epoch 37/100
300/300 - 0s - loss: 1.8720 - 471ms/epoch - 2ms/step
Epoch 38/100
300/300 - 0s - loss: 1.8512 - 459ms/epoch - 2ms/step
Epoch 39/100
300/300 - 0s - loss: 1.8505 - 452ms/epoch - 2ms/step
Epoch 40/100
300/300 - 0s - loss: 1.8646 - 458ms/epoch - 2ms/step
Epoch 41/100
300/300 - 0s - loss: 1.8472 - 457ms/epoch - 2ms/step
Epoch 42/100
300/300 - 0s - loss: 1.8624 - 456ms/epoch - 2ms/step
Epoch 43/100
300/300 - 0s - loss: 1.8553 - 460ms/epoch - 2ms/step
Epoch 44/100
300/300 - 0s - loss: 1.8206 - 481ms/epoch - 2ms/step
Epoch 45/100
300/300 - 0s - loss: 1.8308 - 490ms/epoch - 2ms/step
Epoch 46/100
300/300 - 0s - loss: 1.8269 - 455ms/epoch - 2ms/step
Epoch 47/100
300/300 - 0s - loss: 1.8387 - 459ms/epoch - 2ms/step
Epoch 48/100
300/300 - 0s - loss: 1.8487 - 469ms/epoch - 2ms/step
Epoch 49/100
300/300 - 0s - loss: 1.8329 - 455ms/epoch - 2ms/step
Epoch 50/100
300/300 - 0s - loss: 1.8304 - 454ms/epoch - 2ms/step
Epoch 51/100
300/300 - 0s - loss: 1.8434 - 460ms/epoch - 2ms/step
Epoch 52/100
300/300 - 0s - loss: 1.8309 - 461ms/epoch - 2ms/step
Epoch 53/100
300/300 - 0s - loss: 1.8329 - 464ms/epoch - 2ms/step
Epoch 54/100
300/300 - 0s - loss: 1.8164 - 467ms/epoch - 2ms/step
Epoch 55/100
300/300 - 1s - loss: 1.8194 - 501ms/epoch - 2ms/step
Epoch 56/100
300/300 - 0s - loss: 1.8480 - 484ms/epoch - 2ms/step
Epoch 57/100
300/300 - 0s - loss: 1.8228 - 462ms/epoch - 2ms/step
Epoch 58/100
300/300 - 0s - loss: 1.8438 - 446ms/epoch - 1ms/step
Epoch 59/100
300/300 - 0s - loss: 1.8305 - 455ms/epoch - 2ms/step
Epoch 60/100
300/300 - 0s - loss: 1.8131 - 465ms/epoch - 2ms/step
Epoch 61/100
300/300 - 0s - loss: 1.8129 - 500ms/epoch - 2ms/step
Epoch 62/100
300/300 - 0s - loss: 1.8319 - 487ms/epoch - 2ms/step
Epoch 63/100
300/300 - 1s - loss: 1.8210 - 502ms/epoch - 2ms/step
Epoch 64/100
300/300 - 0s - loss: 1.8493 - 480ms/epoch - 2ms/step
Epoch 65/100
300/300 - 0s - loss: 1.8457 - 458ms/epoch - 2ms/step
Epoch 66/100
300/300 - 0s - loss: 1.8155 - 473ms/epoch - 2ms/step
Epoch 67/100
300/300 - 0s - loss: 1.8120 - 458ms/epoch - 2ms/step
Epoch 68/100
300/300 - 0s - loss: 1.8124 - 460ms/epoch - 2ms/step
Epoch 69/100
300/300 - 0s - loss: 1.8208 - 470ms/epoch - 2ms/step
Epoch 70/100
300/300 - 0s - loss: 1.8177 - 460ms/epoch - 2ms/step
Epoch 71/100
300/300 - 0s - loss: 1.8376 - 486ms/epoch - 2ms/step
Epoch 72/100
300/300 - 1s - loss: 1.8348 - 503ms/epoch - 2ms/step
Epoch 73/100
300/300 - 0s - loss: 1.8173 - 467ms/epoch - 2ms/step
Epoch 74/100
300/300 - 0s - loss: 1.8041 - 460ms/epoch - 2ms/step
Epoch 75/100
300/300 - 0s - loss: 1.8173 - 464ms/epoch - 2ms/step
Epoch 76/100
300/300 - 0s - loss: 1.8358 - 459ms/epoch - 2ms/step
Epoch 77/100
300/300 - 0s - loss: 1.8159 - 476ms/epoch - 2ms/step
Epoch 78/100
300/300 - 0s - loss: 1.8374 - 497ms/epoch - 2ms/step
Epoch 79/100
300/300 - 0s - loss: 1.8089 - 486ms/epoch - 2ms/step
Epoch 80/100
300/300 - 0s - loss: 1.8181 - 459ms/epoch - 2ms/step
Epoch 81/100
300/300 - 0s - loss: 1.8139 - 462ms/epoch - 2ms/step
Epoch 82/100
300/300 - 1s - loss: 1.8295 - 501ms/epoch - 2ms/step
Epoch 83/100
300/300 - 0s - loss: 1.8146 - 494ms/epoch - 2ms/step
Epoch 84/100
300/300 - 0s - loss: 1.8093 - 457ms/epoch - 2ms/step
Epoch 85/100
300/300 - 0s - loss: 1.8233 - 460ms/epoch - 2ms/step
Epoch 86/100
300/300 - 0s - loss: 1.8096 - 461ms/epoch - 2ms/step
Epoch 87/100
300/300 - 0s - loss: 1.8120 - 461ms/epoch - 2ms/step
Epoch 88/100
300/300 - 0s - loss: 1.8131 - 461ms/epoch - 2ms/step
Epoch 89/100
300/300 - 0s - loss: 1.8027 - 458ms/epoch - 2ms/step
Epoch 90/100
300/300 - 0s - loss: 1.7901 - 454ms/epoch - 2ms/step
Epoch 91/100
300/300 - 0s - loss: 1.8514 - 459ms/epoch - 2ms/step
Epoch 92/100
300/300 - 0s - loss: 1.8281 - 453ms/epoch - 2ms/step
Epoch 93/100
300/300 - 0s - loss: 1.7989 - 463ms/epoch - 2ms/step
Epoch 94/100
300/300 - 0s - loss: 1.7977 - 459ms/epoch - 2ms/step
Epoch 95/100
300/300 - 0s - loss: 1.8017 - 469ms/epoch - 2ms/step
Epoch 96/100
300/300 - 0s - loss: 1.8092 - 468ms/epoch - 2ms/step
Epoch 97/100
300/300 - 0s - loss: 1.7905 - 455ms/epoch - 2ms/step
Epoch 98/100
300/300 - 0s - loss: 1.7968 - 454ms/epoch - 2ms/step
Epoch 99/100
300/300 - 0s - loss: 1.7784 - 459ms/epoch - 2ms/step
Epoch 100/100
300/300 - 0s - loss: 1.8050 - 465ms/epoch - 2ms/step
training time: 48.31799101829529
(0.6439243548218577, 6163, 3408, 0, 1)
(0.5782265320403879, 5784, 4219, 0, 1)
Epoch 1/100
300/300 - 1s - loss: 2.0079 - 1s/epoch - 4ms/step
Epoch 2/100
300/300 - 0s - loss: 1.9910 - 466ms/epoch - 2ms/step
Epoch 3/100
300/300 - 0s - loss: 2.0114 - 461ms/epoch - 2ms/step
Epoch 4/100
300/300 - 0s - loss: 1.9986 - 459ms/epoch - 2ms/step
Epoch 5/100
300/300 - 0s - loss: 2.0404 - 456ms/epoch - 2ms/step
Epoch 6/100
300/300 - 0s - loss: 1.9433 - 460ms/epoch - 2ms/step
Epoch 7/100
300/300 - 0s - loss: 1.9483 - 441ms/epoch - 1ms/step
Epoch 8/100
300/300 - 0s - loss: 1.9524 - 455ms/epoch - 2ms/step
Epoch 9/100
300/300 - 0s - loss: 1.9580 - 456ms/epoch - 2ms/step
Epoch 10/100
300/300 - 0s - loss: 1.9535 - 457ms/epoch - 2ms/step
Epoch 11/100
300/300 - 0s - loss: 1.9241 - 463ms/epoch - 2ms/step
Epoch 12/100
300/300 - 0s - loss: 1.9147 - 454ms/epoch - 2ms/step
Epoch 13/100
300/300 - 0s - loss: 1.8979 - 455ms/epoch - 2ms/step
Epoch 14/100
300/300 - 0s - loss: 1.9232 - 460ms/epoch - 2ms/step
Epoch 15/100
300/300 - 0s - loss: 1.9329 - 467ms/epoch - 2ms/step
Epoch 16/100
300/300 - 0s - loss: 1.9497 - 459ms/epoch - 2ms/step
Epoch 17/100
300/300 - 0s - loss: 1.9098 - 457ms/epoch - 2ms/step
Epoch 18/100
300/300 - 0s - loss: 1.8932 - 442ms/epoch - 1ms/step
Epoch 19/100
300/300 - 0s - loss: 1.8986 - 463ms/epoch - 2ms/step
Epoch 20/100
300/300 - 0s - loss: 1.8763 - 449ms/epoch - 1ms/step
Epoch 21/100
300/300 - 0s - loss: 1.8961 - 461ms/epoch - 2ms/step
Epoch 22/100
300/300 - 0s - loss: 1.9055 - 459ms/epoch - 2ms/step
Epoch 23/100
300/300 - 0s - loss: 1.8916 - 497ms/epoch - 2ms/step
Epoch 24/100
300/300 - 0s - loss: 1.8800 - 463ms/epoch - 2ms/step
Epoch 25/100
300/300 - 0s - loss: 1.8603 - 474ms/epoch - 2ms/step
Epoch 26/100
300/300 - 0s - loss: 1.8473 - 455ms/epoch - 2ms/step
Epoch 27/100
300/300 - 0s - loss: 1.8741 - 454ms/epoch - 2ms/step
Epoch 28/100
300/300 - 0s - loss: 1.8720 - 460ms/epoch - 2ms/step
Epoch 29/100
300/300 - 0s - loss: 1.8432 - 458ms/epoch - 2ms/step
Epoch 30/100
300/300 - 0s - loss: 1.8419 - 464ms/epoch - 2ms/step
Epoch 31/100
300/300 - 0s - loss: 1.8885 - 443ms/epoch - 1ms/step
Epoch 32/100
300/300 - 0s - loss: 1.8519 - 450ms/epoch - 1ms/step
Epoch 33/100
300/300 - 0s - loss: 1.8446 - 459ms/epoch - 2ms/step
Epoch 34/100
300/300 - 0s - loss: 1.8267 - 460ms/epoch - 2ms/step
Epoch 35/100
300/300 - 0s - loss: 1.8279 - 456ms/epoch - 2ms/step
Epoch 36/100
300/300 - 0s - loss: 1.8251 - 461ms/epoch - 2ms/step
Epoch 37/100
300/300 - 0s - loss: 1.8577 - 461ms/epoch - 2ms/step
Epoch 38/100
300/300 - 0s - loss: 1.8049 - 461ms/epoch - 2ms/step
Epoch 39/100
300/300 - 0s - loss: 1.8454 - 460ms/epoch - 2ms/step
Epoch 40/100
300/300 - 0s - loss: 1.8424 - 450ms/epoch - 1ms/step
Epoch 41/100
300/300 - 0s - loss: 1.8299 - 462ms/epoch - 2ms/step
Epoch 42/100
300/300 - 0s - loss: 1.8295 - 456ms/epoch - 2ms/step
Epoch 43/100
300/300 - 0s - loss: 1.8143 - 463ms/epoch - 2ms/step
Epoch 44/100
300/300 - 0s - loss: 1.8293 - 462ms/epoch - 2ms/step
Epoch 45/100
300/300 - 0s - loss: 1.8060 - 458ms/epoch - 2ms/step
Epoch 46/100
300/300 - 0s - loss: 1.8278 - 454ms/epoch - 2ms/step
Epoch 47/100
300/300 - 0s - loss: 1.8130 - 460ms/epoch - 2ms/step
Epoch 48/100
300/300 - 0s - loss: 1.7771 - 455ms/epoch - 2ms/step
Epoch 49/100
300/300 - 0s - loss: 1.8156 - 449ms/epoch - 1ms/step
Epoch 50/100
300/300 - 0s - loss: 1.8040 - 451ms/epoch - 2ms/step
Epoch 51/100
300/300 - 0s - loss: 1.8186 - 456ms/epoch - 2ms/step
Epoch 52/100
300/300 - 0s - loss: 1.8101 - 459ms/epoch - 2ms/step
Epoch 53/100
300/300 - 0s - loss: 1.8116 - 460ms/epoch - 2ms/step
Epoch 54/100
300/300 - 0s - loss: 1.8004 - 462ms/epoch - 2ms/step
Epoch 55/100
300/300 - 0s - loss: 1.8203 - 456ms/epoch - 2ms/step
Epoch 56/100
300/300 - 0s - loss: 1.7788 - 462ms/epoch - 2ms/step
Epoch 57/100
300/300 - 0s - loss: 1.8032 - 461ms/epoch - 2ms/step
Epoch 58/100
300/300 - 0s - loss: 1.7857 - 458ms/epoch - 2ms/step
Epoch 59/100
300/300 - 0s - loss: 1.8199 - 457ms/epoch - 2ms/step
Epoch 60/100
300/300 - 0s - loss: 1.8067 - 456ms/epoch - 2ms/step
Epoch 61/100
300/300 - 0s - loss: 1.8133 - 456ms/epoch - 2ms/step
Epoch 62/100
300/300 - 0s - loss: 1.7894 - 469ms/epoch - 2ms/step
Epoch 63/100
300/300 - 0s - loss: 1.7779 - 462ms/epoch - 2ms/step
Epoch 64/100
300/300 - 0s - loss: 1.8168 - 460ms/epoch - 2ms/step
Epoch 65/100
300/300 - 0s - loss: 1.7925 - 461ms/epoch - 2ms/step
Epoch 66/100
300/300 - 0s - loss: 1.7990 - 449ms/epoch - 1ms/step
Epoch 67/100
300/300 - 0s - loss: 1.8107 - 456ms/epoch - 2ms/step
Epoch 68/100
300/300 - 0s - loss: 1.8070 - 459ms/epoch - 2ms/step
Epoch 69/100
300/300 - 0s - loss: 1.7987 - 462ms/epoch - 2ms/step
Epoch 70/100
300/300 - 0s - loss: 1.7828 - 465ms/epoch - 2ms/step
Epoch 71/100
300/300 - 0s - loss: 1.7947 - 474ms/epoch - 2ms/step
Epoch 72/100
300/300 - 0s - loss: 1.7835 - 474ms/epoch - 2ms/step
Epoch 73/100
300/300 - 0s - loss: 1.8033 - 455ms/epoch - 2ms/step
Epoch 74/100
300/300 - 0s - loss: 1.8030 - 448ms/epoch - 1ms/step
Epoch 75/100
300/300 - 0s - loss: 1.7870 - 463ms/epoch - 2ms/step
Epoch 76/100
300/300 - 0s - loss: 1.7812 - 453ms/epoch - 2ms/step
Epoch 77/100
300/300 - 0s - loss: 1.8047 - 463ms/epoch - 2ms/step
Epoch 78/100
300/300 - 0s - loss: 1.7847 - 456ms/epoch - 2ms/step
Epoch 79/100
300/300 - 0s - loss: 1.7831 - 466ms/epoch - 2ms/step
Epoch 80/100
300/300 - 0s - loss: 1.8097 - 460ms/epoch - 2ms/step
Epoch 81/100
300/300 - 0s - loss: 1.8064 - 461ms/epoch - 2ms/step
Epoch 82/100
300/300 - 0s - loss: 1.7852 - 458ms/epoch - 2ms/step
Epoch 83/100
300/300 - 0s - loss: 1.7754 - 457ms/epoch - 2ms/step
Epoch 84/100
300/300 - 0s - loss: 1.7996 - 465ms/epoch - 2ms/step
Epoch 85/100
300/300 - 0s - loss: 1.7839 - 460ms/epoch - 2ms/step
Epoch 86/100
300/300 - 0s - loss: 1.7887 - 463ms/epoch - 2ms/step
Epoch 87/100
300/300 - 0s - loss: 1.7741 - 461ms/epoch - 2ms/step
Epoch 88/100
300/300 - 0s - loss: 1.7746 - 456ms/epoch - 2ms/step
Epoch 89/100
300/300 - 0s - loss: 1.7731 - 478ms/epoch - 2ms/step
Epoch 90/100
300/300 - 0s - loss: 1.7797 - 477ms/epoch - 2ms/step
Epoch 91/100
300/300 - 0s - loss: 1.7895 - 441ms/epoch - 1ms/step
Epoch 92/100
300/300 - 0s - loss: 1.7734 - 460ms/epoch - 2ms/step
Epoch 93/100
300/300 - 0s - loss: 1.7947 - 460ms/epoch - 2ms/step
Epoch 94/100
300/300 - 0s - loss: 1.7316 - 454ms/epoch - 2ms/step
Epoch 95/100
300/300 - 0s - loss: 1.7788 - 461ms/epoch - 2ms/step
Epoch 96/100
300/300 - 0s - loss: 1.7782 - 445ms/epoch - 1ms/step
Epoch 97/100
300/300 - 0s - loss: 1.7756 - 458ms/epoch - 2ms/step
Epoch 98/100
300/300 - 0s - loss: 1.7852 - 462ms/epoch - 2ms/step
Epoch 99/100
300/300 - 0s - loss: 1.7656 - 465ms/epoch - 2ms/step
Epoch 100/100
300/300 - 0s - loss: 1.7620 - 454ms/epoch - 2ms/step
training time: 47.498112201690674
(0.6750562279104637, 6303, 3034, 0, 2)
(0.5586220395380701, 5708, 4510, 0, 2)
Epoch 1/100
300/300 - 1s - loss: 1.8335 - 1s/epoch - 4ms/step
Epoch 2/100
300/300 - 0s - loss: 1.8259 - 466ms/epoch - 2ms/step
Epoch 3/100
300/300 - 0s - loss: 1.8478 - 434ms/epoch - 1ms/step
Epoch 4/100
300/300 - 0s - loss: 1.8404 - 459ms/epoch - 2ms/step
Epoch 5/100
300/300 - 0s - loss: 1.8578 - 462ms/epoch - 2ms/step
Epoch 6/100
300/300 - 0s - loss: 1.8307 - 433ms/epoch - 1ms/step
Epoch 7/100
300/300 - 0s - loss: 1.8277 - 464ms/epoch - 2ms/step
Epoch 8/100
300/300 - 0s - loss: 1.8235 - 438ms/epoch - 1ms/step
Epoch 9/100
300/300 - 0s - loss: 1.8383 - 470ms/epoch - 2ms/step
Epoch 10/100
300/300 - 0s - loss: 1.8113 - 463ms/epoch - 2ms/step
Epoch 11/100
300/300 - 0s - loss: 1.8357 - 467ms/epoch - 2ms/step
Epoch 12/100
300/300 - 0s - loss: 1.8434 - 461ms/epoch - 2ms/step
Epoch 13/100
300/300 - 0s - loss: 1.8198 - 438ms/epoch - 1ms/step
Epoch 14/100
300/300 - 0s - loss: 1.8444 - 436ms/epoch - 1ms/step
Epoch 15/100
300/300 - 0s - loss: 1.8209 - 459ms/epoch - 2ms/step
Epoch 16/100
300/300 - 0s - loss: 1.8403 - 477ms/epoch - 2ms/step
Epoch 17/100
300/300 - 0s - loss: 1.8081 - 462ms/epoch - 2ms/step
Epoch 18/100
300/300 - 0s - loss: 1.8237 - 448ms/epoch - 1ms/step
Epoch 19/100
300/300 - 0s - loss: 1.8050 - 466ms/epoch - 2ms/step
Epoch 20/100
300/300 - 0s - loss: 1.8067 - 461ms/epoch - 2ms/step
Epoch 21/100
300/300 - 0s - loss: 1.8356 - 459ms/epoch - 2ms/step
Epoch 22/100
300/300 - 0s - loss: 1.8305 - 460ms/epoch - 2ms/step
Epoch 23/100
300/300 - 0s - loss: 1.8152 - 433ms/epoch - 1ms/step
Epoch 24/100
300/300 - 0s - loss: 1.8333 - 450ms/epoch - 1ms/step
Epoch 25/100
300/300 - 0s - loss: 1.8089 - 452ms/epoch - 2ms/step
Epoch 26/100
300/300 - 0s - loss: 1.8227 - 450ms/epoch - 2ms/step
Epoch 27/100
300/300 - 0s - loss: 1.8149 - 467ms/epoch - 2ms/step
Epoch 28/100
300/300 - 0s - loss: 1.8137 - 450ms/epoch - 1ms/step
Epoch 29/100
300/300 - 0s - loss: 1.7950 - 464ms/epoch - 2ms/step
Epoch 30/100
300/300 - 0s - loss: 1.8038 - 435ms/epoch - 1ms/step
Epoch 31/100
300/300 - 0s - loss: 1.8268 - 465ms/epoch - 2ms/step
Epoch 32/100
300/300 - 0s - loss: 1.8044 - 464ms/epoch - 2ms/step
Epoch 33/100
300/300 - 0s - loss: 1.8213 - 473ms/epoch - 2ms/step
Epoch 34/100
300/300 - 0s - loss: 1.8189 - 434ms/epoch - 1ms/step
Epoch 35/100
300/300 - 0s - loss: 1.8090 - 464ms/epoch - 2ms/step
Epoch 36/100
300/300 - 0s - loss: 1.8205 - 465ms/epoch - 2ms/step
Epoch 37/100
300/300 - 0s - loss: 1.7878 - 463ms/epoch - 2ms/step
Epoch 38/100
300/300 - 0s - loss: 1.7911 - 438ms/epoch - 1ms/step
Epoch 39/100
300/300 - 0s - loss: 1.8022 - 463ms/epoch - 2ms/step
Epoch 40/100
300/300 - 0s - loss: 1.7896 - 465ms/epoch - 2ms/step
Epoch 41/100
300/300 - 0s - loss: 1.7895 - 436ms/epoch - 1ms/step
Epoch 42/100
300/300 - 0s - loss: 1.8040 - 468ms/epoch - 2ms/step
Epoch 43/100
300/300 - 0s - loss: 1.8124 - 435ms/epoch - 1ms/step
Epoch 44/100
300/300 - 0s - loss: 1.8005 - 463ms/epoch - 2ms/step
Epoch 45/100
300/300 - 0s - loss: 1.8073 - 464ms/epoch - 2ms/step
Epoch 46/100
300/300 - 0s - loss: 1.7856 - 447ms/epoch - 1ms/step
Epoch 47/100
300/300 - 0s - loss: 1.8126 - 446ms/epoch - 1ms/step
Epoch 48/100
300/300 - 0s - loss: 1.7994 - 465ms/epoch - 2ms/step
Epoch 49/100
300/300 - 0s - loss: 1.7921 - 487ms/epoch - 2ms/step
Epoch 50/100
300/300 - 1s - loss: 1.8150 - 501ms/epoch - 2ms/step
Epoch 51/100
300/300 - 0s - loss: 1.7904 - 474ms/epoch - 2ms/step
Epoch 52/100
300/300 - 0s - loss: 1.7988 - 457ms/epoch - 2ms/step
Epoch 53/100
300/300 - 0s - loss: 1.7968 - 445ms/epoch - 1ms/step
Epoch 54/100
300/300 - 0s - loss: 1.8047 - 461ms/epoch - 2ms/step
Epoch 55/100
300/300 - 0s - loss: 1.7991 - 450ms/epoch - 2ms/step
Epoch 56/100
300/300 - 0s - loss: 1.7979 - 470ms/epoch - 2ms/step
Epoch 57/100
300/300 - 0s - loss: 1.7968 - 447ms/epoch - 1ms/step
Epoch 58/100
300/300 - 0s - loss: 1.8165 - 458ms/epoch - 2ms/step
Epoch 59/100
300/300 - 0s - loss: 1.7855 - 463ms/epoch - 2ms/step
Epoch 60/100
300/300 - 0s - loss: 1.7915 - 451ms/epoch - 2ms/step
Epoch 61/100
300/300 - 0s - loss: 1.8098 - 459ms/epoch - 2ms/step
Epoch 62/100
300/300 - 0s - loss: 1.8147 - 455ms/epoch - 2ms/step
Epoch 63/100
300/300 - 0s - loss: 1.8229 - 460ms/epoch - 2ms/step
Epoch 64/100
300/300 - 0s - loss: 1.7893 - 464ms/epoch - 2ms/step
Epoch 65/100
300/300 - 0s - loss: 1.7950 - 458ms/epoch - 2ms/step
Epoch 66/100
300/300 - 0s - loss: 1.7849 - 464ms/epoch - 2ms/step
Epoch 67/100
300/300 - 0s - loss: 1.7944 - 437ms/epoch - 1ms/step
Epoch 68/100
300/300 - 0s - loss: 1.8078 - 456ms/epoch - 2ms/step
Epoch 69/100
300/300 - 0s - loss: 1.7741 - 466ms/epoch - 2ms/step
Epoch 70/100
300/300 - 0s - loss: 1.7931 - 464ms/epoch - 2ms/step
Epoch 71/100
300/300 - 0s - loss: 1.7670 - 460ms/epoch - 2ms/step
Epoch 72/100
300/300 - 0s - loss: 1.7910 - 466ms/epoch - 2ms/step
Epoch 73/100
300/300 - 0s - loss: 1.7631 - 462ms/epoch - 2ms/step
Epoch 74/100
300/300 - 0s - loss: 1.7975 - 445ms/epoch - 1ms/step
Epoch 75/100
300/300 - 0s - loss: 1.7864 - 439ms/epoch - 1ms/step
Epoch 76/100
300/300 - 0s - loss: 1.7913 - 467ms/epoch - 2ms/step
Epoch 77/100
300/300 - 0s - loss: 1.7950 - 467ms/epoch - 2ms/step
Epoch 78/100
300/300 - 0s - loss: 1.8035 - 464ms/epoch - 2ms/step
Epoch 79/100
300/300 - 0s - loss: 1.7979 - 464ms/epoch - 2ms/step
Epoch 80/100
300/300 - 0s - loss: 1.8041 - 438ms/epoch - 1ms/step
Epoch 81/100
300/300 - 0s - loss: 1.7669 - 438ms/epoch - 1ms/step
Epoch 82/100
300/300 - 0s - loss: 1.7982 - 435ms/epoch - 1ms/step
Epoch 83/100
300/300 - 0s - loss: 1.7826 - 465ms/epoch - 2ms/step
Epoch 84/100
300/300 - 0s - loss: 1.7785 - 460ms/epoch - 2ms/step
Epoch 85/100
300/300 - 0s - loss: 1.7844 - 464ms/epoch - 2ms/step
Epoch 86/100
300/300 - 0s - loss: 1.7812 - 456ms/epoch - 2ms/step
Epoch 87/100
300/300 - 0s - loss: 1.7834 - 441ms/epoch - 1ms/step
Epoch 88/100
300/300 - 0s - loss: 1.7713 - 463ms/epoch - 2ms/step
Epoch 89/100
300/300 - 0s - loss: 1.7720 - 453ms/epoch - 2ms/step
Epoch 90/100
300/300 - 0s - loss: 1.7659 - 475ms/epoch - 2ms/step
Epoch 91/100
300/300 - 0s - loss: 1.7803 - 465ms/epoch - 2ms/step
Epoch 92/100
300/300 - 0s - loss: 1.7802 - 454ms/epoch - 2ms/step
Epoch 93/100
300/300 - 0s - loss: 1.7928 - 457ms/epoch - 2ms/step
Epoch 94/100
300/300 - 0s - loss: 1.7818 - 438ms/epoch - 1ms/step
Epoch 95/100
300/300 - 0s - loss: 1.7838 - 459ms/epoch - 2ms/step
Epoch 96/100
300/300 - 0s - loss: 1.7967 - 441ms/epoch - 1ms/step
Epoch 97/100
300/300 - 0s - loss: 1.7739 - 465ms/epoch - 2ms/step
Epoch 98/100
300/300 - 0s - loss: 1.7763 - 449ms/epoch - 1ms/step
Epoch 99/100
300/300 - 0s - loss: 1.7710 - 464ms/epoch - 2ms/step
Epoch 100/100
300/300 - 0s - loss: 1.7613 - 444ms/epoch - 1ms/step
training time: 47.2584228515625
(0.7298578199052133, 6930, 2565, 0, 3)
(0.6433379528806177, 6499, 3603, 0, 4)
0.6728471274307939
0.057181848547021956
0.590267286979073
0.045086909264662654
