(166, 861)
Epoch 1/60
300/300 - 2s - loss: 1.9015 - 2s/epoch - 5ms/step
Epoch 2/60
300/300 - 1s - loss: 1.8510 - 513ms/epoch - 2ms/step
Epoch 3/60
300/300 - 0s - loss: 1.8257 - 490ms/epoch - 2ms/step
Epoch 4/60
300/300 - 0s - loss: 1.8177 - 497ms/epoch - 2ms/step
Epoch 5/60
300/300 - 1s - loss: 1.8224 - 512ms/epoch - 2ms/step
Epoch 6/60
300/300 - 1s - loss: 1.8352 - 508ms/epoch - 2ms/step
Epoch 7/60
300/300 - 0s - loss: 1.8326 - 494ms/epoch - 2ms/step
Epoch 8/60
300/300 - 1s - loss: 1.8261 - 518ms/epoch - 2ms/step
Epoch 9/60
300/300 - 1s - loss: 1.8270 - 513ms/epoch - 2ms/step
Epoch 10/60
300/300 - 1s - loss: 1.8214 - 517ms/epoch - 2ms/step
Epoch 11/60
300/300 - 1s - loss: 1.8221 - 508ms/epoch - 2ms/step
Epoch 12/60
300/300 - 1s - loss: 1.8128 - 503ms/epoch - 2ms/step
Epoch 13/60
300/300 - 0s - loss: 1.8124 - 498ms/epoch - 2ms/step
Epoch 14/60
300/300 - 1s - loss: 1.8388 - 509ms/epoch - 2ms/step
Epoch 15/60
300/300 - 0s - loss: 1.8131 - 499ms/epoch - 2ms/step
Epoch 16/60
300/300 - 1s - loss: 1.8334 - 516ms/epoch - 2ms/step
Epoch 17/60
300/300 - 1s - loss: 1.8270 - 507ms/epoch - 2ms/step
Epoch 18/60
300/300 - 1s - loss: 1.8052 - 507ms/epoch - 2ms/step
Epoch 19/60
300/300 - 0s - loss: 1.7986 - 494ms/epoch - 2ms/step
Epoch 20/60
300/300 - 1s - loss: 1.8133 - 510ms/epoch - 2ms/step
Epoch 21/60
300/300 - 0s - loss: 1.8112 - 496ms/epoch - 2ms/step
Epoch 22/60
300/300 - 1s - loss: 1.8043 - 513ms/epoch - 2ms/step
Epoch 23/60
300/300 - 1s - loss: 1.8333 - 504ms/epoch - 2ms/step
Epoch 24/60
300/300 - 1s - loss: 1.8129 - 524ms/epoch - 2ms/step
Epoch 25/60
300/300 - 1s - loss: 1.8095 - 509ms/epoch - 2ms/step
Epoch 26/60
300/300 - 0s - loss: 1.8112 - 495ms/epoch - 2ms/step
Epoch 27/60
300/300 - 1s - loss: 1.7958 - 510ms/epoch - 2ms/step
Epoch 28/60
300/300 - 1s - loss: 1.8353 - 523ms/epoch - 2ms/step
Epoch 29/60
300/300 - 1s - loss: 1.8105 - 515ms/epoch - 2ms/step
Epoch 30/60
300/300 - 0s - loss: 1.8186 - 498ms/epoch - 2ms/step
Epoch 31/60
300/300 - 0s - loss: 1.8132 - 483ms/epoch - 2ms/step
Epoch 32/60
300/300 - 1s - loss: 1.8162 - 540ms/epoch - 2ms/step
Epoch 33/60
300/300 - 1s - loss: 1.8087 - 509ms/epoch - 2ms/step
Epoch 34/60
300/300 - 1s - loss: 1.8144 - 502ms/epoch - 2ms/step
Epoch 35/60
300/300 - 1s - loss: 1.8136 - 507ms/epoch - 2ms/step
Epoch 36/60
300/300 - 1s - loss: 1.8123 - 538ms/epoch - 2ms/step
Epoch 37/60
300/300 - 0s - loss: 1.8288 - 491ms/epoch - 2ms/step
Epoch 38/60
300/300 - 1s - loss: 1.8187 - 511ms/epoch - 2ms/step
Epoch 39/60
300/300 - 1s - loss: 1.8047 - 507ms/epoch - 2ms/step
Epoch 40/60
300/300 - 1s - loss: 1.8077 - 512ms/epoch - 2ms/step
Epoch 41/60
300/300 - 1s - loss: 1.8092 - 532ms/epoch - 2ms/step
Epoch 42/60
300/300 - 1s - loss: 1.8053 - 501ms/epoch - 2ms/step
Epoch 43/60
300/300 - 1s - loss: 1.8107 - 503ms/epoch - 2ms/step
Epoch 44/60
300/300 - 1s - loss: 1.7861 - 517ms/epoch - 2ms/step
Epoch 45/60
300/300 - 1s - loss: 1.8020 - 500ms/epoch - 2ms/step
Epoch 46/60
300/300 - 1s - loss: 1.8184 - 503ms/epoch - 2ms/step
Epoch 47/60
300/300 - 1s - loss: 1.8278 - 513ms/epoch - 2ms/step
Epoch 48/60
300/300 - 1s - loss: 1.8005 - 522ms/epoch - 2ms/step
Epoch 49/60
300/300 - 1s - loss: 1.7835 - 526ms/epoch - 2ms/step
Epoch 50/60
300/300 - 1s - loss: 1.7996 - 507ms/epoch - 2ms/step
Epoch 51/60
300/300 - 1s - loss: 1.7826 - 515ms/epoch - 2ms/step
Epoch 52/60
300/300 - 1s - loss: 1.7795 - 510ms/epoch - 2ms/step
Epoch 53/60
300/300 - 1s - loss: 1.7871 - 506ms/epoch - 2ms/step
Epoch 54/60
300/300 - 1s - loss: 1.8042 - 521ms/epoch - 2ms/step
Epoch 55/60
300/300 - 1s - loss: 1.7929 - 550ms/epoch - 2ms/step
Epoch 56/60
300/300 - 1s - loss: 1.8067 - 507ms/epoch - 2ms/step
Epoch 57/60
300/300 - 1s - loss: 1.8053 - 504ms/epoch - 2ms/step
Epoch 58/60
300/300 - 1s - loss: 1.7960 - 504ms/epoch - 2ms/step
Epoch 59/60
300/300 - 0s - loss: 1.8004 - 495ms/epoch - 2ms/step
Epoch 60/60
300/300 - 1s - loss: 1.8043 - 504ms/epoch - 2ms/step
training time: 32.05920124053955
(0.6546180626663937, 6387, 3367, 12, 1)
(0.6164320685434517, 6040, 3757, 7, 4)
(166, 861)
Epoch 1/60
300/300 - 1s - loss: 1.9109 - 1s/epoch - 5ms/step
Epoch 2/60
300/300 - 0s - loss: 1.8771 - 493ms/epoch - 2ms/step
Epoch 3/60
300/300 - 1s - loss: 1.8718 - 520ms/epoch - 2ms/step
Epoch 4/60
300/300 - 0s - loss: 1.8481 - 492ms/epoch - 2ms/step
Epoch 5/60
300/300 - 1s - loss: 1.8583 - 522ms/epoch - 2ms/step
Epoch 6/60
300/300 - 0s - loss: 1.8561 - 481ms/epoch - 2ms/step
Epoch 7/60
300/300 - 0s - loss: 1.8492 - 494ms/epoch - 2ms/step
Epoch 8/60
300/300 - 1s - loss: 1.8749 - 503ms/epoch - 2ms/step
Epoch 9/60
300/300 - 1s - loss: 1.8617 - 521ms/epoch - 2ms/step
Epoch 10/60
300/300 - 1s - loss: 1.8848 - 514ms/epoch - 2ms/step
Epoch 11/60
300/300 - 1s - loss: 1.8368 - 504ms/epoch - 2ms/step
Epoch 12/60
300/300 - 1s - loss: 1.8276 - 512ms/epoch - 2ms/step
Epoch 13/60
300/300 - 1s - loss: 1.8565 - 508ms/epoch - 2ms/step
Epoch 14/60
300/300 - 0s - loss: 1.8405 - 493ms/epoch - 2ms/step
Epoch 15/60
300/300 - 1s - loss: 1.8459 - 500ms/epoch - 2ms/step
Epoch 16/60
300/300 - 0s - loss: 1.8426 - 494ms/epoch - 2ms/step
Epoch 17/60
300/300 - 0s - loss: 1.8401 - 495ms/epoch - 2ms/step
Epoch 18/60
300/300 - 1s - loss: 1.8460 - 503ms/epoch - 2ms/step
Epoch 19/60
300/300 - 0s - loss: 1.8382 - 493ms/epoch - 2ms/step
Epoch 20/60
300/300 - 0s - loss: 1.8311 - 493ms/epoch - 2ms/step
Epoch 21/60
300/300 - 1s - loss: 1.8274 - 510ms/epoch - 2ms/step
Epoch 22/60
300/300 - 1s - loss: 1.8088 - 512ms/epoch - 2ms/step
Epoch 23/60
300/300 - 0s - loss: 1.8218 - 480ms/epoch - 2ms/step
Epoch 24/60
300/300 - 1s - loss: 1.8007 - 505ms/epoch - 2ms/step
Epoch 25/60
300/300 - 0s - loss: 1.8190 - 492ms/epoch - 2ms/step
Epoch 26/60
300/300 - 1s - loss: 1.8335 - 502ms/epoch - 2ms/step
Epoch 27/60
300/300 - 1s - loss: 1.8333 - 506ms/epoch - 2ms/step
Epoch 28/60
300/300 - 1s - loss: 1.8341 - 503ms/epoch - 2ms/step
Epoch 29/60
300/300 - 0s - loss: 1.8259 - 493ms/epoch - 2ms/step
Epoch 30/60
300/300 - 0s - loss: 1.8267 - 492ms/epoch - 2ms/step
Epoch 31/60
300/300 - 0s - loss: 1.8309 - 500ms/epoch - 2ms/step
Epoch 32/60
300/300 - 0s - loss: 1.8278 - 494ms/epoch - 2ms/step
Epoch 33/60
300/300 - 1s - loss: 1.8357 - 500ms/epoch - 2ms/step
Epoch 34/60
300/300 - 1s - loss: 1.8085 - 502ms/epoch - 2ms/step
Epoch 35/60
300/300 - 1s - loss: 1.8241 - 515ms/epoch - 2ms/step
Epoch 36/60
300/300 - 1s - loss: 1.8250 - 514ms/epoch - 2ms/step
Epoch 37/60
300/300 - 0s - loss: 1.8216 - 495ms/epoch - 2ms/step
Epoch 38/60
300/300 - 1s - loss: 1.8349 - 517ms/epoch - 2ms/step
Epoch 39/60
300/300 - 0s - loss: 1.8229 - 480ms/epoch - 2ms/step
Epoch 40/60
300/300 - 0s - loss: 1.8354 - 490ms/epoch - 2ms/step
Epoch 41/60
300/300 - 1s - loss: 1.8264 - 502ms/epoch - 2ms/step
Epoch 42/60
300/300 - 0s - loss: 1.8247 - 481ms/epoch - 2ms/step
Epoch 43/60
300/300 - 1s - loss: 1.8158 - 507ms/epoch - 2ms/step
Epoch 44/60
300/300 - 1s - loss: 1.8370 - 507ms/epoch - 2ms/step
Epoch 45/60
300/300 - 0s - loss: 1.8129 - 494ms/epoch - 2ms/step
Epoch 46/60
300/300 - 1s - loss: 1.8151 - 503ms/epoch - 2ms/step
Epoch 47/60
300/300 - 1s - loss: 1.8187 - 513ms/epoch - 2ms/step
Epoch 48/60
300/300 - 0s - loss: 1.8116 - 493ms/epoch - 2ms/step
Epoch 49/60
300/300 - 0s - loss: 1.8052 - 496ms/epoch - 2ms/step
Epoch 50/60
300/300 - 1s - loss: 1.7978 - 519ms/epoch - 2ms/step
Epoch 51/60
300/300 - 1s - loss: 1.8174 - 507ms/epoch - 2ms/step
Epoch 52/60
300/300 - 0s - loss: 1.8451 - 499ms/epoch - 2ms/step
Epoch 53/60
300/300 - 1s - loss: 1.8097 - 519ms/epoch - 2ms/step
Epoch 54/60
300/300 - 1s - loss: 1.8269 - 510ms/epoch - 2ms/step
Epoch 55/60
300/300 - 1s - loss: 1.8366 - 528ms/epoch - 2ms/step
Epoch 56/60
300/300 - 1s - loss: 1.8372 - 527ms/epoch - 2ms/step
Epoch 57/60
300/300 - 1s - loss: 1.8167 - 506ms/epoch - 2ms/step
Epoch 58/60
300/300 - 1s - loss: 1.8397 - 512ms/epoch - 2ms/step
Epoch 59/60
300/300 - 1s - loss: 1.8080 - 506ms/epoch - 2ms/step
Epoch 60/60
300/300 - 1s - loss: 1.8011 - 526ms/epoch - 2ms/step
training time: 31.583431243896484
(0.6262870987280436, 6201, 3699, 6, 0)
(0.643544880422404, 6212, 3439, 8, 2)
(166, 861)
Epoch 1/60
300/300 - 1s - loss: 1.8660 - 1s/epoch - 4ms/step
Epoch 2/60
300/300 - 0s - loss: 1.8493 - 499ms/epoch - 2ms/step
Epoch 3/60
300/300 - 1s - loss: 1.7899 - 531ms/epoch - 2ms/step
Epoch 4/60
300/300 - 1s - loss: 1.8039 - 525ms/epoch - 2ms/step
Epoch 5/60
300/300 - 0s - loss: 1.8090 - 495ms/epoch - 2ms/step
Epoch 6/60
300/300 - 1s - loss: 1.8095 - 524ms/epoch - 2ms/step
Epoch 7/60
300/300 - 1s - loss: 1.7923 - 508ms/epoch - 2ms/step
Epoch 8/60
300/300 - 1s - loss: 1.8219 - 504ms/epoch - 2ms/step
Epoch 9/60
300/300 - 1s - loss: 1.7964 - 515ms/epoch - 2ms/step
Epoch 10/60
300/300 - 0s - loss: 1.8045 - 493ms/epoch - 2ms/step
Epoch 11/60
300/300 - 0s - loss: 1.8046 - 495ms/epoch - 2ms/step
Epoch 12/60
300/300 - 0s - loss: 1.7891 - 479ms/epoch - 2ms/step
Epoch 13/60
300/300 - 0s - loss: 1.7856 - 495ms/epoch - 2ms/step
Epoch 14/60
300/300 - 1s - loss: 1.7723 - 505ms/epoch - 2ms/step
Epoch 15/60
300/300 - 1s - loss: 1.7925 - 531ms/epoch - 2ms/step
Epoch 16/60
300/300 - 1s - loss: 1.7892 - 508ms/epoch - 2ms/step
Epoch 17/60
300/300 - 1s - loss: 1.7773 - 517ms/epoch - 2ms/step
Epoch 18/60
300/300 - 0s - loss: 1.7855 - 495ms/epoch - 2ms/step
Epoch 19/60
300/300 - 1s - loss: 1.7855 - 517ms/epoch - 2ms/step
Epoch 20/60
300/300 - 0s - loss: 1.7697 - 498ms/epoch - 2ms/step
Epoch 21/60
300/300 - 0s - loss: 1.8092 - 498ms/epoch - 2ms/step
Epoch 22/60
300/300 - 0s - loss: 1.7916 - 490ms/epoch - 2ms/step
Epoch 23/60
300/300 - 0s - loss: 1.7853 - 498ms/epoch - 2ms/step
Epoch 24/60
300/300 - 1s - loss: 1.7774 - 506ms/epoch - 2ms/step
Epoch 25/60
300/300 - 1s - loss: 1.7875 - 524ms/epoch - 2ms/step
Epoch 26/60
300/300 - 1s - loss: 1.7874 - 512ms/epoch - 2ms/step
Epoch 27/60
300/300 - 1s - loss: 1.7852 - 505ms/epoch - 2ms/step
Epoch 28/60
300/300 - 1s - loss: 1.7751 - 513ms/epoch - 2ms/step
Epoch 29/60
300/300 - 1s - loss: 1.8053 - 518ms/epoch - 2ms/step
Epoch 30/60
300/300 - 1s - loss: 1.7963 - 519ms/epoch - 2ms/step
Epoch 31/60
300/300 - 1s - loss: 1.7825 - 513ms/epoch - 2ms/step
Epoch 32/60
300/300 - 1s - loss: 1.7766 - 536ms/epoch - 2ms/step
Epoch 33/60
300/300 - 1s - loss: 1.7755 - 501ms/epoch - 2ms/step
Epoch 34/60
300/300 - 0s - loss: 1.7682 - 498ms/epoch - 2ms/step
Epoch 35/60
300/300 - 1s - loss: 1.7447 - 507ms/epoch - 2ms/step
Epoch 36/60
300/300 - 0s - loss: 1.7341 - 496ms/epoch - 2ms/step
Epoch 37/60
300/300 - 1s - loss: 1.7618 - 505ms/epoch - 2ms/step
Epoch 38/60
300/300 - 1s - loss: 1.7625 - 511ms/epoch - 2ms/step
Epoch 39/60
300/300 - 1s - loss: 1.7639 - 503ms/epoch - 2ms/step
Epoch 40/60
300/300 - 1s - loss: 1.7255 - 511ms/epoch - 2ms/step
Epoch 41/60
300/300 - 1s - loss: 1.7481 - 505ms/epoch - 2ms/step
Epoch 42/60
300/300 - 1s - loss: 1.7531 - 505ms/epoch - 2ms/step
Epoch 43/60
300/300 - 0s - loss: 1.7562 - 497ms/epoch - 2ms/step
Epoch 44/60
300/300 - 1s - loss: 1.7444 - 511ms/epoch - 2ms/step
Epoch 45/60
300/300 - 1s - loss: 1.7382 - 500ms/epoch - 2ms/step
Epoch 46/60
300/300 - 1s - loss: 1.7672 - 510ms/epoch - 2ms/step
Epoch 47/60
300/300 - 1s - loss: 1.7805 - 506ms/epoch - 2ms/step
Epoch 48/60
300/300 - 1s - loss: 1.7781 - 508ms/epoch - 2ms/step
Epoch 49/60
300/300 - 1s - loss: 1.7377 - 503ms/epoch - 2ms/step
Epoch 50/60
300/300 - 1s - loss: 1.7586 - 506ms/epoch - 2ms/step
Epoch 51/60
300/300 - 1s - loss: 1.7467 - 503ms/epoch - 2ms/step
Epoch 52/60
300/300 - 0s - loss: 1.7500 - 500ms/epoch - 2ms/step
Epoch 53/60
300/300 - 1s - loss: 1.7684 - 502ms/epoch - 2ms/step
Epoch 54/60
300/300 - 1s - loss: 1.7570 - 504ms/epoch - 2ms/step
Epoch 55/60
300/300 - 1s - loss: 1.7244 - 506ms/epoch - 2ms/step
Epoch 56/60
300/300 - 1s - loss: 1.7174 - 513ms/epoch - 2ms/step
Epoch 57/60
300/300 - 1s - loss: 1.7410 - 505ms/epoch - 2ms/step
Epoch 58/60
300/300 - 1s - loss: 1.7356 - 513ms/epoch - 2ms/step
Epoch 59/60
300/300 - 1s - loss: 1.7337 - 529ms/epoch - 2ms/step
Epoch 60/60
300/300 - 0s - loss: 1.7551 - 486ms/epoch - 2ms/step
training time: 31.645156383514404
(0.6505589802528472, 6209, 3327, 35, 1)
(0.6023193042087374, 6018, 3971, 14, 1)
(166, 861)
Epoch 1/60
300/300 - 1s - loss: 1.8100 - 1s/epoch - 4ms/step
Epoch 2/60
300/300 - 0s - loss: 1.7944 - 486ms/epoch - 2ms/step
Epoch 3/60
300/300 - 0s - loss: 1.8059 - 495ms/epoch - 2ms/step
Epoch 4/60
300/300 - 0s - loss: 1.7828 - 498ms/epoch - 2ms/step
Epoch 5/60
300/300 - 1s - loss: 1.7659 - 504ms/epoch - 2ms/step
Epoch 6/60
300/300 - 0s - loss: 1.7541 - 490ms/epoch - 2ms/step
Epoch 7/60
300/300 - 0s - loss: 1.7437 - 484ms/epoch - 2ms/step
Epoch 8/60
300/300 - 0s - loss: 1.7431 - 482ms/epoch - 2ms/step
Epoch 9/60
300/300 - 0s - loss: 1.7565 - 490ms/epoch - 2ms/step
Epoch 10/60
300/300 - 1s - loss: 1.7550 - 501ms/epoch - 2ms/step
Epoch 11/60
300/300 - 1s - loss: 1.7500 - 506ms/epoch - 2ms/step
Epoch 12/60
300/300 - 1s - loss: 1.7602 - 506ms/epoch - 2ms/step
Epoch 13/60
300/300 - 0s - loss: 1.7260 - 497ms/epoch - 2ms/step
Epoch 14/60
300/300 - 1s - loss: 1.7307 - 510ms/epoch - 2ms/step
Epoch 15/60
300/300 - 1s - loss: 1.7366 - 508ms/epoch - 2ms/step
Epoch 16/60
300/300 - 1s - loss: 1.7472 - 521ms/epoch - 2ms/step
Epoch 17/60
300/300 - 1s - loss: 1.7540 - 503ms/epoch - 2ms/step
Epoch 18/60
300/300 - 1s - loss: 1.7490 - 510ms/epoch - 2ms/step
Epoch 19/60
300/300 - 0s - loss: 1.7196 - 494ms/epoch - 2ms/step
Epoch 20/60
300/300 - 1s - loss: 1.7258 - 508ms/epoch - 2ms/step
Epoch 21/60
300/300 - 1s - loss: 1.7512 - 503ms/epoch - 2ms/step
Epoch 22/60
300/300 - 1s - loss: 1.7140 - 516ms/epoch - 2ms/step
Epoch 23/60
300/300 - 1s - loss: 1.7461 - 503ms/epoch - 2ms/step
Epoch 24/60
300/300 - 1s - loss: 1.7477 - 514ms/epoch - 2ms/step
Epoch 25/60
300/300 - 1s - loss: 1.7124 - 508ms/epoch - 2ms/step
Epoch 26/60
300/300 - 0s - loss: 1.7149 - 492ms/epoch - 2ms/step
Epoch 27/60
300/300 - 1s - loss: 1.7305 - 519ms/epoch - 2ms/step
Epoch 28/60
300/300 - 1s - loss: 1.6921 - 506ms/epoch - 2ms/step
Epoch 29/60
300/300 - 1s - loss: 1.7241 - 510ms/epoch - 2ms/step
Epoch 30/60
300/300 - 1s - loss: 1.6956 - 526ms/epoch - 2ms/step
Epoch 31/60
300/300 - 1s - loss: 1.6781 - 511ms/epoch - 2ms/step
Epoch 32/60
300/300 - 1s - loss: 1.7468 - 509ms/epoch - 2ms/step
Epoch 33/60
300/300 - 0s - loss: 1.7108 - 491ms/epoch - 2ms/step
Epoch 34/60
300/300 - 0s - loss: 1.7434 - 490ms/epoch - 2ms/step
Epoch 35/60
300/300 - 0s - loss: 1.7122 - 491ms/epoch - 2ms/step
Epoch 36/60
300/300 - 0s - loss: 1.7032 - 494ms/epoch - 2ms/step
Epoch 37/60
300/300 - 1s - loss: 1.6961 - 512ms/epoch - 2ms/step
Epoch 38/60
300/300 - 1s - loss: 1.6749 - 515ms/epoch - 2ms/step
Epoch 39/60
300/300 - 1s - loss: 1.6818 - 503ms/epoch - 2ms/step
Epoch 40/60
300/300 - 1s - loss: 1.6982 - 515ms/epoch - 2ms/step
Epoch 41/60
300/300 - 1s - loss: 1.7240 - 517ms/epoch - 2ms/step
Epoch 42/60
300/300 - 1s - loss: 1.7049 - 507ms/epoch - 2ms/step
Epoch 43/60
300/300 - 1s - loss: 1.7231 - 508ms/epoch - 2ms/step
Epoch 44/60
300/300 - 1s - loss: 1.7042 - 514ms/epoch - 2ms/step
Epoch 45/60
300/300 - 0s - loss: 1.6932 - 492ms/epoch - 2ms/step
Epoch 46/60
300/300 - 1s - loss: 1.7015 - 512ms/epoch - 2ms/step
Epoch 47/60
300/300 - 1s - loss: 1.6818 - 503ms/epoch - 2ms/step
Epoch 48/60
300/300 - 1s - loss: 1.6888 - 528ms/epoch - 2ms/step
Epoch 49/60
300/300 - 1s - loss: 1.7018 - 504ms/epoch - 2ms/step
Epoch 50/60
300/300 - 1s - loss: 1.7297 - 528ms/epoch - 2ms/step
Epoch 51/60
300/300 - 1s - loss: 1.7165 - 506ms/epoch - 2ms/step
Epoch 52/60
300/300 - 1s - loss: 1.7207 - 506ms/epoch - 2ms/step
Epoch 53/60
300/300 - 0s - loss: 1.6804 - 497ms/epoch - 2ms/step
Epoch 54/60
300/300 - 1s - loss: 1.7035 - 522ms/epoch - 2ms/step
Epoch 55/60
300/300 - 1s - loss: 1.6810 - 518ms/epoch - 2ms/step
Epoch 56/60
300/300 - 1s - loss: 1.7192 - 516ms/epoch - 2ms/step
Epoch 57/60
300/300 - 1s - loss: 1.7000 - 516ms/epoch - 2ms/step
Epoch 58/60
300/300 - 1s - loss: 1.7006 - 517ms/epoch - 2ms/step
Epoch 59/60
300/300 - 1s - loss: 1.6890 - 525ms/epoch - 2ms/step
Epoch 60/60
300/300 - 0s - loss: 1.6784 - 484ms/epoch - 2ms/step
training time: 31.596028566360474
(0.6774659955017671, 6297, 2983, 57, 2)
(0.5592092385985515, 5708, 4498, 12, 2)
(166, 861)
Epoch 1/60
300/300 - 1s - loss: 1.8214 - 1s/epoch - 4ms/step
Epoch 2/60
300/300 - 1s - loss: 1.8223 - 506ms/epoch - 2ms/step
Epoch 3/60
300/300 - 0s - loss: 1.7894 - 496ms/epoch - 2ms/step
Epoch 4/60
300/300 - 1s - loss: 1.7648 - 518ms/epoch - 2ms/step
Epoch 5/60
300/300 - 0s - loss: 1.7902 - 490ms/epoch - 2ms/step
Epoch 6/60
300/300 - 1s - loss: 1.7803 - 501ms/epoch - 2ms/step
Epoch 7/60
300/300 - 1s - loss: 1.7845 - 520ms/epoch - 2ms/step
Epoch 8/60
300/300 - 1s - loss: 1.7695 - 502ms/epoch - 2ms/step
Epoch 9/60
300/300 - 1s - loss: 1.7814 - 506ms/epoch - 2ms/step
Epoch 10/60
300/300 - 0s - loss: 1.7815 - 498ms/epoch - 2ms/step
Epoch 11/60
300/300 - 1s - loss: 1.7759 - 525ms/epoch - 2ms/step
Epoch 12/60
300/300 - 1s - loss: 1.7656 - 515ms/epoch - 2ms/step
Epoch 13/60
300/300 - 1s - loss: 1.7753 - 523ms/epoch - 2ms/step
Epoch 14/60
300/300 - 0s - loss: 1.7535 - 499ms/epoch - 2ms/step
Epoch 15/60
300/300 - 1s - loss: 1.7570 - 504ms/epoch - 2ms/step
Epoch 16/60
300/300 - 1s - loss: 1.7319 - 502ms/epoch - 2ms/step
Epoch 17/60
300/300 - 0s - loss: 1.7639 - 492ms/epoch - 2ms/step
Epoch 18/60
300/300 - 1s - loss: 1.7428 - 501ms/epoch - 2ms/step
Epoch 19/60
300/300 - 0s - loss: 1.7482 - 475ms/epoch - 2ms/step
Epoch 20/60
300/300 - 1s - loss: 1.7699 - 518ms/epoch - 2ms/step
Epoch 21/60
300/300 - 1s - loss: 1.8006 - 516ms/epoch - 2ms/step
Epoch 22/60
300/300 - 1s - loss: 1.7375 - 520ms/epoch - 2ms/step
Epoch 23/60
300/300 - 1s - loss: 1.7411 - 517ms/epoch - 2ms/step
Epoch 24/60
300/300 - 1s - loss: 1.7539 - 523ms/epoch - 2ms/step
Epoch 25/60
300/300 - 1s - loss: 1.7128 - 506ms/epoch - 2ms/step
Epoch 26/60
300/300 - 1s - loss: 1.7584 - 511ms/epoch - 2ms/step
Epoch 27/60
300/300 - 0s - loss: 1.7505 - 497ms/epoch - 2ms/step
Epoch 28/60
300/300 - 1s - loss: 1.7387 - 507ms/epoch - 2ms/step
Epoch 29/60
300/300 - 0s - loss: 1.7329 - 497ms/epoch - 2ms/step
Epoch 30/60
300/300 - 1s - loss: 1.7278 - 504ms/epoch - 2ms/step
Epoch 31/60
300/300 - 1s - loss: 1.7699 - 512ms/epoch - 2ms/step
Epoch 32/60
300/300 - 1s - loss: 1.7324 - 511ms/epoch - 2ms/step
Epoch 33/60
300/300 - 0s - loss: 1.7542 - 491ms/epoch - 2ms/step
Epoch 34/60
300/300 - 1s - loss: 1.7382 - 500ms/epoch - 2ms/step
Epoch 35/60
300/300 - 1s - loss: 1.7219 - 502ms/epoch - 2ms/step
Epoch 36/60
300/300 - 1s - loss: 1.7179 - 505ms/epoch - 2ms/step
Epoch 37/60
300/300 - 1s - loss: 1.7089 - 507ms/epoch - 2ms/step
Epoch 38/60
300/300 - 1s - loss: 1.7351 - 520ms/epoch - 2ms/step
Epoch 39/60
300/300 - 0s - loss: 1.6957 - 496ms/epoch - 2ms/step
Epoch 40/60
300/300 - 1s - loss: 1.7156 - 513ms/epoch - 2ms/step
Epoch 41/60
300/300 - 0s - loss: 1.6968 - 491ms/epoch - 2ms/step
Epoch 42/60
300/300 - 0s - loss: 1.6918 - 495ms/epoch - 2ms/step
Epoch 43/60
300/300 - 0s - loss: 1.7269 - 495ms/epoch - 2ms/step
Epoch 44/60
300/300 - 1s - loss: 1.7472 - 507ms/epoch - 2ms/step
Epoch 45/60
300/300 - 1s - loss: 1.7168 - 515ms/epoch - 2ms/step
Epoch 46/60
300/300 - 0s - loss: 1.7061 - 498ms/epoch - 2ms/step
Epoch 47/60
300/300 - 1s - loss: 1.7316 - 512ms/epoch - 2ms/step
Epoch 48/60
300/300 - 0s - loss: 1.6847 - 498ms/epoch - 2ms/step
Epoch 49/60
300/300 - 1s - loss: 1.6825 - 500ms/epoch - 2ms/step
Epoch 50/60
300/300 - 1s - loss: 1.7323 - 518ms/epoch - 2ms/step
Epoch 51/60
300/300 - 1s - loss: 1.6994 - 518ms/epoch - 2ms/step
Epoch 52/60
300/300 - 1s - loss: 1.6639 - 502ms/epoch - 2ms/step
Epoch 53/60
300/300 - 1s - loss: 1.6530 - 511ms/epoch - 2ms/step
Epoch 54/60
300/300 - 1s - loss: 1.6721 - 504ms/epoch - 2ms/step
Epoch 55/60
300/300 - 1s - loss: 1.6952 - 516ms/epoch - 2ms/step
Epoch 56/60
300/300 - 1s - loss: 1.6758 - 514ms/epoch - 2ms/step
Epoch 57/60
300/300 - 1s - loss: 1.6959 - 508ms/epoch - 2ms/step
Epoch 58/60
300/300 - 1s - loss: 1.6880 - 505ms/epoch - 2ms/step
Epoch 59/60
300/300 - 1s - loss: 1.7058 - 502ms/epoch - 2ms/step
Epoch 60/60
300/300 - 0s - loss: 1.6904 - 493ms/epoch - 2ms/step
training time: 31.58061909675598
(0.6952080042127435, 6597, 2890, 8, 3)
(0.5634032864779251, 5682, 4401, 19, 4)
0.660827628272359
0.023646976687212905
0.5969817556502139
0.03202875371032241
